[2025-05-22 06:52:40,817] INFO: Initialising IGInterface...
[2025-05-22 06:52:40,822] DEBUG: Starting new HTTPS connection (1): demo-api.ig.com:443
[2025-05-22 06:52:41,013] DEBUG: https://demo-api.ig.com:443 "POST /gateway/deal/session HTTP/1.1" 200 617
[2025-05-22 06:52:41,015] DEBUG: Starting new HTTPS connection (1): demo-api.ig.com:443
[2025-05-22 06:52:41,110] DEBUG: https://demo-api.ig.com:443 "PUT /gateway/deal/session HTTP/1.1" 412 56
[2025-05-22 06:52:41,111] INFO: Account is already set as default
[2025-05-22 06:52:41,111] INFO: Using stock interface: IGInterface
[2025-05-22 06:52:41,111] INFO: Advanced Momentum Strategy initialised
[2025-05-22 06:52:41,111] INFO: Advanced Momentum Strategy created
[2025-05-22 06:52:41,112] INFO: Performing a single iteration of the market source
[2025-05-22 06:52:44,137] DEBUG: Starting new HTTPS connection (1): demo-api.ig.com:443
[2025-05-22 06:52:44,229] DEBUG: https://demo-api.ig.com:443 "GET /gateway/deal/positions HTTP/1.1" 200 16
[2025-05-22 06:52:44,230] DEBUG: Raw positions response: {
  "positions": []
}
[2025-05-22 06:52:44,230] INFO: Starting to process market source
[2025-05-22 06:52:47,264] DEBUG: Starting new HTTPS connection (1): demo-api.ig.com:443
[2025-05-22 06:52:47,351] DEBUG: https://demo-api.ig.com:443 "GET /gateway/deal/markets/CS.D.USCGC.TODAY.IP HTTP/1.1" 200 2028
[2025-05-22 06:52:50,384] DEBUG: Starting new HTTPS connection (1): demo-api.ig.com:443
[2025-05-22 06:52:50,458] DEBUG: https://demo-api.ig.com:443 "GET /gateway/deal/positions HTTP/1.1" 200 16
[2025-05-22 06:52:50,459] DEBUG: Raw positions response: {
  "positions": []
}
[2025-05-22 06:52:53,485] DEBUG: Starting new HTTPS connection (1): demo-api.ig.com:443
[2025-05-22 06:52:53,589] DEBUG: https://demo-api.ig.com:443 "GET /gateway/deal/accounts HTTP/1.1" 200 550
[2025-05-22 06:52:53,611] INFO: Processing GC
[2025-05-22 06:52:53,611] CRITICAL: CRITICAL: get_prices method called
[2025-05-22 06:52:53,612] INFO: Fetching price data from URL: https://demo-api.ig.com/gateway/deal/prices/CS.D.USCGC.TODAY.IP/MINUTE_15/52
[2025-05-22 06:52:56,628] DEBUG: Starting new HTTPS connection (1): demo-api.ig.com:443
[2025-05-22 06:52:56,716] DEBUG: https://demo-api.ig.com:443 "GET /gateway/deal/prices/CS.D.USCGC.TODAY.IP/MINUTE_15/52 HTTP/1.1" 200 15866
[2025-05-22 06:52:56,717] DEBUG: Raw price data: {
  "prices": [
    {
      "snapshotTime": "2025:05:21-17:00:00",
      "openPrice": {
        "bid": 3311.9,
        "ask": 3312.2,
        "lastTraded": null
      },
      "closePrice": {
        "bid": 3312.48,
        "ask": 3312.78,
        "lastTraded": null
      },
      "highPrice": {
        "bid": 3314.58,
        "ask": 3314.93,
        "lastTraded": null
      },
      "lowPrice": {
        "bid": 3310.0,
        "ask": 3310.43,
        "lastTraded": null
      },
      "lastTradedVolume": 1322
    },
    {
      "snapshotTime": "2025:05:21-17:15:00",
      "openPrice": {
        "bid": 3312.58,
        "ask": 3312.88,
        "lastTraded": null
      },
      "closePrice": {
        "bid": 3309.78,
        "ask": 3310.08,
        "lastTraded": null
      },
      "highPrice": {
        "bid": 3313.58,
        "ask": 3313.88,
        "lastTraded": null
      },
      "lowPrice": {
        "bid": 3309.34,
        "ask": 3309.67,
        "lastTraded": null
      },
      "lastTradedVolume": 1283
    },
    {
      "snapshotTime": "2025:05:21-17:30:00",
      "openPrice": {
        "bid": 3309.79,
        "ask": 3310.09,
        "lastTraded": null
      },
      "closePrice": {
        "bid": 3305.71,
        "ask": 3306.01,
        "lastTraded": null
      },
      "highPrice": {
        "bid": 3310.6,
        "ask": 3310.9,
        "lastTraded": null
      },
      "lowPrice": {
        "bid": 3303.99,
        "ask": 3304.29,
        "lastTraded": null
      },
      "lastTradedVolume": 1789
    },
    {
      "snapshotTime": "2025:05:21-17:45:00",
      "openPrice": {
        "bid": 3305.88,
        "ask": 3306.18,
        "lastTraded": null
      },
      "closePrice": {
        "bid": 3303.02,
        "ask": 3303.32,
        "lastTraded": null
      },
      "highPrice": {
        "bid": 3307.67,
        "ask": 3308.17,
        "lastTraded": null
      },
      "lowPrice": {
        "bid": 3302.6,
        "ask": 3302.93,
        "lastTraded": null
      },
      "lastTradedVolume": 1515
    },
    {
      "snapshotTime": "2025:05:21-18:00:00",
      "openPrice": {
        "bid": 3302.98,
        "ask": 3303.28,
        "lastTraded": null
      },
      "closePrice": {
        "bid": 3311.05,
        "ask": 3311.55,
        "lastTraded": null
      },
      "highPrice": {
        "bid": 3311.23,
        "ask": 3311.63,
        "lastTraded": null
      },
      "lowPrice": {
        "bid": 3302.6,
        "ask": 3303.03,
        "lastTraded": null
      },
      "lastTradedVolume": 1171
    },
    {
      "snapshotTime": "2025:05:21-18:15:00",
      "openPrice": {
        "bid": 3311.15,
        "ask": 3311.65,
        "lastTraded": null
      },
      "closePrice": {
        "bid": 3310.78,
        "ask": 3311.08,
        "lastTraded": null
      },
      "highPrice": {
        "bid": 3315.48,
        "ask": 3315.78,
        "lastTraded": null
      },
      "lowPrice": {
        "bid": 3309.18,
        "ask": 3309.53,
        "lastTraded": null
      },
      "lastTradedVolume": 2395
    },
    {
      "snapshotTime": "2025:05:21-18:30:00",
      "openPrice": {
        "bid": 3310.81,
        "ask": 3311.11,
        "lastTraded": null
      },
      "closePrice": {
        "bid": 3313.15,
        "ask": 3313.65,
        "lastTraded": null
      },
      "highPrice": {
        "bid": 3314.23,
        "ask": 3314.53,
        "lastTraded": null
      },
      "lowPrice": {
        "bid": 3306.69,
        "ask": 3306.99,
        "lastTraded": null
      },
      "lastTradedVolume": 2623
    },
    {
      "snapshotTime": "2025:05:21-18:45:00",
      "openPrice": {
        "bid": 3313.19,
        "ask": 3313.69,
        "lastTraded": null
      },
      "closePrice": {
        "bid": 3316.28,
        "ask": 3316.58,
        "lastTraded": null
      },
      "highPrice": {
        "bid": 3316.31,
        "ask": 3316.68,
        "lastTraded": null
      },
      "lowPrice": {
        "bid": 3312.09,
        "ask": 3312.41,
        "lastTraded": null
      },
      "lastTradedVolume": 1748
    },
    {
      "snapshotTime": "2025:05:21-19:00:00",
      "openPrice": {
        "bid": 3316.33,
        "ask": 3316.63,
        "lastTraded": null
      },
      "closePrice": {
        "bid": 3312.93,
        "ask": 3313.43,
        "lastTraded": null
      },
      "highPrice": {
        "bid": 3316.38,
        "ask": 3316.8,
        "lastTraded": null
      },
      "lowPrice": {
        "bid": 3311.8,
        "ask": 3312.2,
        "lastTraded": null
      },
      "lastTradedVolume": 1255
    },
    {
      "snapshotTime": "2025:05:21-19:15:00",
      "openPrice": {
        "bid": 3313.03,
        "ask": 3313.33,
        "lastTraded": null
      },
      "closePrice": {
        "bid": 3313.8,
        "ask": 3314.3,
        "lastTraded": null
      },
      "highPrice": {
        "bid": 3314.88,
        "ask": 3315.18,
        "lastTraded": null
      },
      "lowPrice": {
        "bid": 3312.04,
        "ask": 3312.34,
        "lastTraded": null
      },
      "lastTradedVolume": 1070
    },
    {
      "snapshotTime": "2025:05:21-19:30:00",
      "openPrice": {
        "bid": 3313.92,
        "ask": 3314.22,
        "lastTraded": null
      },
      "closePrice": {
        "bid": 3315.23,
        "ask": 3315.53,
        "lastTraded": null
      },
      "highPrice": {
        "bid": 3316.14,
        "ask": 3316.49,
        "lastTraded": null
      },
      "lowPrice": {
        "bid": 3313.46,
        "ask": 3313.76,
        "lastTraded": null
      },
      "lastTradedVolume": 987
    },
    {
      "snapshotTime": "2025:05:21-19:45:00",
      "openPrice": {
        "bid": 3315.13,
        "ask": 3315.43,
        "lastTraded": null
      },
      "closePrice": {
        "bid": 3314.38,
        "ask": 3314.68,
        "lastTraded": null
      },
      "highPrice": {
        "bid": 3315.85,
        "ask": 3316.18,
        "lastTraded": null
      },
      "lowPrice": {
        "bid": 3312.1,
        "ask": 3312.5,
        "lastTraded": null
      },
      "lastTradedVolume": 974
    },
    {
      "snapshotTime": "2025:05:21-20:00:00",
      "openPrice": {
        "bid": 3314.3,
        "ask": 3314.6,
        "lastTraded": null
      },
      "closePrice": {
        "bid": 3322.68,
        "ask": 3323.18,
        "lastTraded": null
      },
      "highPrice": {
        "bid": 3324.21,
        "ask": 3324.51,
        "lastTraded": null
      },
      "lowPrice": {
        "bid": 3314.3,
        "ask": 3314.6,
        "lastTraded": null
      },
      "lastTradedVolume": 1890
    },
    {
      "snapshotTime": "2025:05:21-20:15:00",
      "openPrice": {
        "bid": 3322.88,
        "ask": 3323.08,
        "lastTraded": null
      },
      "closePrice": {
        "bid": 3324.65,
        "ask": 3324.95,
        "lastTraded": null
      },
      "highPrice": {
        "bid": 3324.93,
        "ask": 3325.23,
        "lastTraded": null
      },
      "lowPrice": {
        "bid": 3320.74,
        "ask": 3321.24,
        "lastTraded": null
      },
      "lastTradedVolume": 1428
    },
    {
      "snapshotTime": "2025:05:21-20:30:00",
      "openPrice": {
        "bid": 3324.64,
        "ask": 3324.94,
        "lastTraded": null
      },
      "closePrice": {
        "bid": 3322.32,
        "ask": 3322.62,
        "lastTraded": null
      },
      "highPrice": {
        "bid": 3324.77,
        "ask": 3325.2,
        "lastTraded": null
      },
      "lowPrice": {
        "bid": 3320.08,
        "ask": 3320.38,
        "lastTraded": null
      },
      "lastTradedVolume": 1277
    },
    {
      "snapshotTime": "2025:05:21-20:45:00",
      "openPrice": {
        "bid": 3322.43,
        "ask": 3322.73,
        "lastTraded": null
      },
      "closePrice": {
        "bid": 3318.23,
        "ask": 3318.53,
        "lastTraded": null
      },
      "highPrice": {
        "bid": 3323.78,
        "ask": 3324.08,
        "lastTraded": null
      },
      "lowPrice": {
        "bid": 3316.93,
        "ask": 3317.23,
        "lastTraded": null
      },
      "lastTradedVolume": 1551
    },
    {
      "snapshotTime": "2025:05:21-21:00:00",
      "openPrice": {
        "bid": 3318.38,
        "ask": 3318.68,
        "lastTraded": null
      },
      "closePrice": {
        "bid": 3316.09,
        "ask": 3316.39,
        "lastTraded": null
      },
      "highPrice": {
        "bid": 3319.67,
        "ask": 3320.08,
        "lastTraded": null
      },
      "lowPrice": {
        "bid": 3315.98,
        "ask": 3316.28,
        "lastTraded": null
      },
      "lastTradedVolume": 786
    },
    {
      "snapshotTime": "2025:05:21-21:15:00",
      "openPrice": {
        "bid": 3316.07,
        "ask": 3316.57,
        "lastTraded": null
      },
      "closePrice": {
        "bid": 3317.25,
        "ask": 3317.75,
        "lastTraded": null
      },
      "highPrice": {
        "bid": 3317.69,
        "ask": 3318.19,
        "lastTraded": null
      },
      "lowPrice": {
        "bid": 3313.08,
        "ask": 3313.45,
        "lastTraded": null
      },
      "lastTradedVolume": 746
    },
    {
      "snapshotTime": "2025:05:21-21:30:00",
      "openPrice": {
        "bid": 3317.3,
        "ask": 3317.8,
        "lastTraded": null
      },
      "closePrice": {
        "bid": 3315.73,
        "ask": 3316.03,
        "lastTraded": null
      },
      "highPrice": {
        "bid": 3317.75,
        "ask": 3318.25,
        "lastTraded": null
      },
      "lowPrice": {
        "bid": 3314.03,
        "ask": 3314.33,
        "lastTraded": null
      },
      "lastTradedVolume": 649
    },
    {
      "snapshotTime": "2025:05:21-21:45:00",
      "openPrice": {
        "bid": 3315.59,
        "ask": 3315.89,
        "lastTraded": null
      },
      "closePrice": {
        "bid": 3315.08,
        "ask": 3315.38,
        "lastTraded": null
      },
      "highPrice": {
        "bid": 3316.93,
        "ask": 3317.23,
        "lastTraded": null
      },
      "lowPrice": {
        "bid": 3313.7,
        "ask": 3314.11,
        "lastTraded": null
      },
      "lastTradedVolume": 560
    },
    {
      "snapshotTime": "2025:05:21-23:00:00",
      "openPrice": {
        "bid": 3319.58,
        "ask": 3320.08,
        "lastTraded": null
      },
      "closePrice": {
        "bid": 3317.25,
        "ask": 3317.75,
        "lastTraded": null
      },
      "highPrice": {
        "bid": 3320.35,
        "ask": 3322.58,
        "lastTraded": null
      },
      "lowPrice": {
        "bid": 3315.68,
        "ask": 3315.98,
        "lastTraded": null
      },
      "lastTradedVolume": 457
    },
    {
      "snapshotTime": "2025:05:21-23:15:00",
      "openPrice": {
        "bid": 3317.15,
        "ask": 3317.65,
        "lastTraded": null
      },
      "closePrice": {
        "bid": 3319.53,
        "ask": 3320.03,
        "lastTraded": null
      },
      "highPrice": {
        "bid": 3321.18,
        "ask": 3321.48,
        "lastTraded": null
      },
      "lowPrice": {
        "bid": 3315.58,
        "ask": 3316.08,
        "lastTraded": null
      },
      "lastTradedVolume": 573
    },
    {
      "snapshotTime": "2025:05:21-23:30:00",
      "openPrice": {
        "bid": 3319.23,
        "ask": 3319.73,
        "lastTraded": null
      },
      "closePrice": {
        "bid": 3318.0,
        "ask": 3318.5,
        "lastTraded": null
      },
      "highPrice": {
        "bid": 3319.86,
        "ask": 3320.16,
        "lastTraded": null
      },
      "lowPrice": {
        "bid": 3315.58,
        "ask": 3315.88,
        "lastTraded": null
      },
      "lastTradedVolume": 455
    },
    {
      "snapshotTime": "2025:05:21-23:45:00",
      "openPrice": {
        "bid": 3317.8,
        "ask": 3318.3,
        "lastTraded": null
      },
      "closePrice": {
        "bid": 3317.88,
        "ask": 3318.38,
        "lastTraded": null
      },
      "highPrice": {
        "bid": 3319.18,
        "ask": 3319.68,
        "lastTraded": null
      },
      "lowPrice": {
        "bid": 3316.58,
        "ask": 3317.02,
        "lastTraded": null
      },
      "lastTradedVolume": 440
    },
    {
      "snapshotTime": "2025:05:22-00:00:00",
      "openPrice": {
        "bid": 3317.93,
        "ask": 3318.43,
        "lastTraded": null
      },
      "closePrice": {
        "bid": 3320.78,
        "ask": 3321.28,
        "lastTraded": null
      },
      "highPrice": {
        "bid": 3321.33,
        "ask": 3321.82,
        "lastTraded": null
      },
      "lowPrice": {
        "bid": 3317.83,
        "ask": 3318.33,
        "lastTraded": null
      },
      "lastTradedVolume": 714
    },
    {
      "snapshotTime": "2025:05:22-00:15:00",
      "openPrice": {
        "bid": 3320.68,
        "ask": 3321.18,
        "lastTraded": null
      },
      "closePrice": {
        "bid": 3322.4,
        "ask": 3322.9,
        "lastTraded": null
      },
      "highPrice": {
        "bid": 3323.45,
        "ask": 3323.95,
        "lastTraded": null
      },
      "lowPrice": {
        "bid": 3319.57,
        "ask": 3320.07,
        "lastTraded": null
      },
      "lastTradedVolume": 550
    },
    {
      "snapshotTime": "2025:05:22-00:30:00",
      "openPrice": {
        "bid": 3322.35,
        "ask": 3322.85,
        "lastTraded": null
      },
      "closePrice": {
        "bid": 3322.18,
        "ask": 3322.68,
        "lastTraded": null
      },
      "highPrice": {
        "bid": 3324.2,
        "ask": 3324.5,
        "lastTraded": null
      },
      "lowPrice": {
        "bid": 3320.39,
        "ask": 3320.81,
        "lastTraded": null
      },
      "lastTradedVolume": 636
    },
    {
      "snapshotTime": "2025:05:22-00:45:00",
      "openPrice": {
        "bid": 3321.93,
        "ask": 3322.43,
        "lastTraded": null
      },
      "closePrice": {
        "bid": 3319.88,
        "ask": 3320.38,
        "lastTraded": null
      },
      "highPrice": {
        "bid": 3322.55,
        "ask": 3322.95,
        "lastTraded": null
      },
      "lowPrice": {
        "bid": 3317.15,
        "ask": 3317.51,
        "lastTraded": null
      },
      "lastTradedVolume": 774
    },
    {
      "snapshotTime": "2025:05:22-01:00:00",
      "openPrice": {
        "bid": 3320.19,
        "ask": 3320.69,
        "lastTraded": null
      },
      "closePrice": {
        "bid": 3323.57,
        "ask": 3324.07,
        "lastTraded": null
      },
      "highPrice": {
        "bid": 3325.95,
        "ask": 3326.35,
        "lastTraded": null
      },
      "lowPrice": {
        "bid": 3319.97,
        "ask": 3320.47,
        "lastTraded": null
      },
      "lastTradedVolume": 1516
    },
    {
      "snapshotTime": "2025:05:22-01:15:00",
      "openPrice": {
        "bid": 3323.5,
        "ask": 3324.0,
        "lastTraded": null
      },
      "closePrice": {
        "bid": 3320.18,
        "ask": 3320.68,
        "lastTraded": null
      },
      "highPrice": {
        "bid": 3323.98,
        "ask": 3324.48,
        "lastTraded": null
      },
      "lowPrice": {
        "bid": 3319.33,
        "ask": 3319.63,
        "lastTraded": null
      },
      "lastTradedVolume": 1117
    },
    {
      "snapshotTime": "2025:05:22-01:30:00",
      "openPrice": {
        "bid": 3320.43,
        "ask": 3320.93,
        "lastTraded": null
      },
      "closePrice": {
        "bid": 3323.45,
        "ask": 3323.95,
        "lastTraded": null
      },
      "highPrice": {
        "bid": 3323.58,
        "ask": 3324.08,
        "lastTraded": null
      },
      "lowPrice": {
        "bid": 3319.63,
        "ask": 3320.13,
        "lastTraded": null
      },
      "lastTradedVolume": 931
    },
    {
      "snapshotTime": "2025:05:22-01:45:00",
      "openPrice": {
        "bid": 3323.39,
        "ask": 3323.89,
        "lastTraded": null
      },
      "closePrice": {
        "bid": 3323.57,
        "ask": 3324.07,
        "lastTraded": null
      },
      "highPrice": {
        "bid": 3325.45,
        "ask": 3325.93,
        "lastTraded": null
      },
      "lowPrice": {
        "bid": 3320.9,
        "ask": 3321.25,
        "lastTraded": null
      },
      "lastTradedVolume": 1339
    },
    {
      "snapshotTime": "2025:05:22-02:00:00",
      "openPrice": {
        "bid": 3323.58,
        "ask": 3324.08,
        "lastTraded": null
      },
      "closePrice": {
        "bid": 3327.03,
        "ask": 3327.53,
        "lastTraded": null
      },
      "highPrice": {
        "bid": 3329.84,
        "ask": 3330.19,
        "lastTraded": null
      },
      "lowPrice": {
        "bid": 3320.33,
        "ask": 3320.69,
        "lastTraded": null
      },
      "lastTradedVolume": 2840
    },
    {
      "snapshotTime": "2025:05:22-02:15:00",
      "openPrice": {
        "bid": 3327.08,
        "ask": 3327.58,
        "lastTraded": null
      },
      "closePrice": {
        "bid": 3338.23,
        "ask": 3338.53,
        "lastTraded": null
      },
      "highPrice": {
        "bid": 3338.93,
        "ask": 3339.4,
        "lastTraded": null
      },
      "lowPrice": {
        "bid": 3325.58,
        "ask": 3325.88,
        "lastTraded": null
      },
      "lastTradedVolume": 2576
    },
    {
      "snapshotTime": "2025:05:22-02:30:00",
      "openPrice": {
        "bid": 3338.33,
        "ask": 3338.63,
        "lastTraded": null
      },
      "closePrice": {
        "bid": 3342.73,
        "ask": 3343.03,
        "lastTraded": null
      },
      "highPrice": {
        "bid": 3342.73,
        "ask": 3343.23,
        "lastTraded": null
      },
      "lowPrice": {
        "bid": 3336.18,
        "ask": 3336.48,
        "lastTraded": null
      },
      "lastTradedVolume": 2270
    },
    {
      "snapshotTime": "2025:05:22-02:45:00",
      "openPrice": {
        "bid": 3342.63,
        "ask": 3342.93,
        "lastTraded": null
      },
      "closePrice": {
        "bid": 3338.03,
        "ask": 3338.33,
        "lastTraded": null
      },
      "highPrice": {
        "bid": 3342.83,
        "ask": 3343.18,
        "lastTraded": null
      },
      "lowPrice": {
        "bid": 3337.27,
        "ask": 3337.63,
        "lastTraded": null
      },
      "lastTradedVolume": 2031
    },
    {
      "snapshotTime": "2025:05:22-03:00:00",
      "openPrice": {
        "bid": 3338.08,
        "ask": 3338.38,
        "lastTraded": null
      },
      "closePrice": {
        "bid": 3340.19,
        "ask": 3340.69,
        "lastTraded": null
      },
      "highPrice": {
        "bid": 3341.23,
        "ask": 3341.53,
        "lastTraded": null
      },
      "lowPrice": {
        "bid": 3336.43,
        "ask": 3336.78,
        "lastTraded": null
      },
      "lastTradedVolume": 1848
    },
    {
      "snapshotTime": "2025:05:22-03:15:00",
      "openPrice": {
        "bid": 3340.17,
        "ask": 3340.67,
        "lastTraded": null
      },
      "closePrice": {
        "bid": 3337.2,
        "ask": 3337.7,
        "lastTraded": null
      },
      "highPrice": {
        "bid": 3340.44,
        "ask": 3340.94,
        "lastTraded": null
      },
      "lowPrice": {
        "bid": 3336.53,
        "ask": 3336.83,
        "lastTraded": null
      },
      "lastTradedVolume": 1491
    },
    {
      "snapshotTime": "2025:05:22-03:30:00",
      "openPrice": {
        "bid": 3337.1,
        "ask": 3337.6,
        "lastTraded": null
      },
      "closePrice": {
        "bid": 3343.48,
        "ask": 3343.78,
        "lastTraded": null
      },
      "highPrice": {
        "bid": 3343.65,
        "ask": 3344.0,
        "lastTraded": null
      },
      "lowPrice": {
        "bid": 3336.98,
        "ask": 3337.48,
        "lastTraded": null
      },
      "lastTradedVolume": 1476
    },
    {
      "snapshotTime": "2025:05:22-03:45:00",
      "openPrice": {
        "bid": 3343.33,
        "ask": 3343.63,
        "lastTraded": null
      },
      "closePrice": {
        "bid": 3341.03,
        "ask": 3341.33,
        "lastTraded": null
      },
      "highPrice": {
        "bid": 3344.65,
        "ask": 3345.08,
        "lastTraded": null
      },
      "lowPrice": {
        "bid": 3339.37,
        "ask": 3339.75,
        "lastTraded": null
      },
      "lastTradedVolume": 1604
    },
    {
      "snapshotTime": "2025:05:22-04:00:00",
      "openPrice": {
        "bid": 3341.02,
        "ask": 3341.32,
        "lastTraded": null
      },
      "closePrice": {
        "bid": 3342.18,
        "ask": 3342.68,
        "lastTraded": null
      },
      "highPrice": {
        "bid": 3343.78,
        "ask": 3344.18,
        "lastTraded": null
      },
      "lowPrice": {
        "bid": 3338.4,
        "ask": 3338.7,
        "lastTraded": null
      },
      "lastTradedVolume": 1585
    },
    {
      "snapshotTime": "2025:05:22-04:15:00",
      "openPrice": {
        "bid": 3342.15,
        "ask": 3342.65,
        "lastTraded": null
      },
      "closePrice": {
        "bid": 3340.13,
        "ask": 3340.43,
        "lastTraded": null
      },
      "highPrice": {
        "bid": 3345.33,
        "ask": 3345.83,
        "lastTraded": null
      },
      "lowPrice": {
        "bid": 3340.03,
        "ask": 3340.43,
        "lastTraded": null
      },
      "lastTradedVolume": 1380
    },
    {
      "snapshotTime": "2025:05:22-04:30:00",
      "openPrice": {
        "bid": 3340.18,
        "ask": 3340.48,
        "lastTraded": null
      },
      "closePrice": {
        "bid": 3339.28,
        "ask": 3339.78,
        "lastTraded": null
      },
      "highPrice": {
        "bid": 3340.58,
        "ask": 3341.03,
        "lastTraded": null
      },
      "lowPrice": {
        "bid": 3337.71,
        "ask": 3338.01,
        "lastTraded": null
      },
      "lastTradedVolume": 904
    },
    {
      "snapshotTime": "2025:05:22-04:45:00",
      "openPrice": {
        "bid": 3339.38,
        "ask": 3339.88,
        "lastTraded": null
      },
      "closePrice": {
        "bid": 3335.25,
        "ask": 3335.75,
        "lastTraded": null
      },
      "highPrice": {
        "bid": 3339.38,
        "ask": 3339.88,
        "lastTraded": null
      },
      "lowPrice": {
        "bid": 3334.83,
        "ask": 3335.13,
        "lastTraded": null
      },
      "lastTradedVolume": 1029
    },
    {
      "snapshotTime": "2025:05:22-05:00:00",
      "openPrice": {
        "bid": 3335.28,
        "ask": 3335.78,
        "lastTraded": null
      },
      "closePrice": {
        "bid": 3335.13,
        "ask": 3335.43,
        "lastTraded": null
      },
      "highPrice": {
        "bid": 3336.4,
        "ask": 3336.7,
        "lastTraded": null
      },
      "lowPrice": {
        "bid": 3332.61,
        "ask": 3332.92,
        "lastTraded": null
      },
      "lastTradedVolume": 1092
    },
    {
      "snapshotTime": "2025:05:22-05:15:00",
      "openPrice": {
        "bid": 3335.08,
        "ask": 3335.58,
        "lastTraded": null
      },
      "closePrice": {
        "bid": 3336.69,
        "ask": 3337.19,
        "lastTraded": null
      },
      "highPrice": {
        "bid": 3337.18,
        "ask": 3337.48,
        "lastTraded": null
      },
      "lowPrice": {
        "bid": 3334.81,
        "ask": 3335.31,
        "lastTraded": null
      },
      "lastTradedVolume": 642
    },
    {
      "snapshotTime": "2025:05:22-05:30:00",
      "openPrice": {
        "bid": 3336.68,
        "ask": 3337.18,
        "lastTraded": null
      },
      "closePrice": {
        "bid": 3336.42,
        "ask": 3336.92,
        "lastTraded": null
      },
      "highPrice": {
        "bid": 3337.82,
        "ask": 3338.13,
        "lastTraded": null
      },
      "lowPrice": {
        "bid": 3334.93,
        "ask": 3335.33,
        "lastTraded": null
      },
      "lastTradedVolume": 1155
    },
    {
      "snapshotTime": "2025:05:22-05:45:00",
      "openPrice": {
        "bid": 3336.47,
        "ask": 3336.97,
        "lastTraded": null
      },
      "closePrice": {
        "bid": 3338.52,
        "ask": 3338.82,
        "lastTraded": null
      },
      "highPrice": {
        "bid": 3338.92,
        "ask": 3339.42,
        "lastTraded": null
      },
      "lowPrice": {
        "bid": 3336.16,
        "ask": 3336.61,
        "lastTraded": null
      },
      "lastTradedVolume": 906
    },
    {
      "snapshotTime": "2025:05:22-06:00:00",
      "openPrice": {
        "bid": 3338.61,
        "ask": 3338.91,
        "lastTraded": null
      },
      "closePrice": {
        "bid": 3336.53,
        "ask": 3336.83,
        "lastTraded": null
      },
      "highPrice": {
        "bid": 3339.29,
        "ask": 3339.79,
        "lastTraded": null
      },
      "lowPrice": {
        "bid": 3336.24,
        "ask": 3336.54,
        "lastTraded": null
      },
      "lastTradedVolume": 707
    },
    {
      "snapshotTime": "2025:05:22-06:15:00",
      "openPrice": {
        "bid": 3336.48,
        "ask": 3336.98,
        "lastTraded": null
      },
      "closePrice": {
        "bid": 3337.73,
        "ask": 3338.03,
        "lastTraded": null
      },
      "highPrice": {
        "bid": 3338.83,
        "ask": 3339.13,
        "lastTraded": null
      },
      "lowPrice": {
        "bid": 3336.04,
        "ask": 3336.34,
        "lastTraded": null
      },
      "lastTradedVolume": 627
    },
    {
      "snapshotTime": "2025:05:22-06:30:00",
      "openPrice": {
        "bid": 3337.68,
        "ask": 3337.98,
        "lastTraded": null
      },
      "closePrice": {
        "bid": 3335.83,
        "ask": 3336.33,
        "lastTraded": null
      },
      "highPrice": {
        "bid": 3339.28,
        "ask": 3339.58,
        "lastTraded": null
      },
      "lowPrice": {
        "bid": 3335.43,
        "ask": 3335.73,
        "lastTraded": null
      },
      "lastTradedVolume": 1285
    },
    {
      "snapshotTime": "2025:05:22-06:45:00",
      "openPrice": {
        "bid": 3335.88,
        "ask": 3336.18,
        "lastTraded": null
      },
      "closePrice": {
        "bid": 3327.38,
        "ask": 3327.88,
        "lastTraded": null
      },
      "highPrice": {
        "bid": 3335.88,
        "ask": 3336.23,
        "lastTraded": null
      },
      "lowPrice": {
        "bid": 3326.82,
        "ask": 3327.15,
        "lastTraded": null
      },
      "lastTradedVolume": 1417
    }
  ],
  "instrumentType": "CURRENCIES",
  "allowance": {
    "remainingAllowance": 8156,
    "totalAllowance": 10000,
    "allowanceExpiry": 101404
  }
}
[2025-05-22 06:52:56,718] INFO: Processing price data for GC
[2025-05-22 06:52:56,718] INFO: Processed 52 price points for GC
[2025-05-22 06:52:56,719] DEBUG: Strategy datapoints: <equitiestradingbot.interfaces.market_history.MarketHistory object at 0x118513770>
[2025-05-22 06:52:56,729] INFO: Trade Analysis for CS.D.USCGC.TODAY.IP:
[2025-05-22 06:52:56,729] INFO: Latest Price: 3327.38000
[2025-05-22 06:52:56,729] INFO: MACD: 2.35963 (Signal: 3.95033)
[2025-05-22 06:52:56,729] INFO: RSI: 35.73
[2025-05-22 06:52:56,729] INFO: ADX: 50.42
[2025-05-22 06:52:56,729] INFO: Volume: 1417 (MA: 1109)
[2025-05-22 06:52:56,729] INFO: Checking for LONG signal...
[2025-05-22 06:52:56,729] INFO:   - ADX condition met (above 20)
[2025-05-22 06:52:56,729] INFO:   - Conditions met: 1/5
[2025-05-22 06:52:56,729] INFO: Checking for SHORT signal...
[2025-05-22 06:52:56,729] INFO:   - RSI condition met
[2025-05-22 06:52:56,729] INFO:   - ADX condition met (above 20)
[2025-05-22 06:52:56,729] INFO:   - Squeeze momentum condition met
[2025-05-22 06:52:56,729] INFO:   - Conditions met: 3/5
[2025-05-22 06:52:56,729] INFO: SHORT Signal Generated:
[2025-05-22 06:52:56,729] INFO:   - Price below SMA
[2025-05-22 06:52:56,729] INFO:   - MACD crossed down
[2025-05-22 06:52:56,729] INFO:   - RSI below 50
[2025-05-22 06:52:56,729] INFO:   - Volume above EMA
[2025-05-22 06:52:56,729] INFO:   - ADX conditions met
[2025-05-22 06:52:56,729] INFO: Attempting to place trade with data: {
  "direction": "SELL",
  "epic": "CS.D.USCGC.TODAY.IP",
  "limitLevel": 3311.1451785714285,
  "orderType": "MARKET",
  "size": 10,
  "stopLevel": 3333.8739285714287,
  "forceOpen": true,
  "expiry": "DFB",
  "guaranteedStop": false,
  "currencyCode": "GBP"
}
[2025-05-22 06:52:56,730] DEBUG: Starting new HTTPS connection (1): demo-api.ig.com:443
[2025-05-22 06:52:56,791] DEBUG: https://demo-api.ig.com:443 "POST /gateway/deal/positions/otc HTTP/1.1" 200 35
[2025-05-22 06:52:59,821] DEBUG: Starting new HTTPS connection (1): demo-api.ig.com:443
[2025-05-22 06:52:59,893] DEBUG: https://demo-api.ig.com:443 "GET /gateway/deal/confirms/GY6TTKSPQWGTYPT HTTP/1.1" 200 475
[2025-05-22 06:52:59,895] INFO: Order confirmation response: {
  "date": "2025-05-22T05:52:56.811",
  "status": "OPEN",
  "reason": "SUCCESS",
  "dealStatus": "ACCEPTED",
  "epic": "CS.D.USCGC.TODAY.IP",
  "expiry": "DFB",
  "dealReference": "GY6TTKSPQWGTYPT",
  "dealId": "DIAAAATWN568DAN",
  "affectedDeals": [
    {
      "dealId": "DIAAAATWN568DAN",
      "status": "OPENED"
    }
  ],
  "level": 3327.43,
  "size": 10.0,
  "direction": "SELL",
  "stopLevel": 3333.874,
  "limitLevel": 3311.1453,
  "stopDistance": null,
  "limitDistance": null,
  "guaranteedStop": false,
  "trailingStop": false,
  "profit": null,
  "profitCurrency": null
}
[2025-05-22 06:52:59,895] INFO: Order SELL for CS.D.USCGC.TODAY.IP confirmed with limit=3311.1451785714285 and stop=3333.8739285714287
[2025-05-22 06:52:59,895] INFO: Starting to process market source
[2025-05-22 06:53:02,925] DEBUG: Starting new HTTPS connection (1): demo-api.ig.com:443
[2025-05-22 06:53:02,995] DEBUG: https://demo-api.ig.com:443 "GET /gateway/deal/markets/ HTTP/1.1" 500 77
[2025-05-22 06:53:02,996] ERROR: HTTP request returned 500
