[2025-05-06 13:35:12,366] INFO: Logging to file: /Users/e1/Documents/equitiestradingbot/log/trading_bot_2025-05-06T13_35_12_366186.log
[2025-05-06 13:35:12,366] INFO: Initialising IGInterface...
[2025-05-06 13:35:12,372] DEBUG: Starting new HTTPS connection (1): demo-api.ig.com:443
[2025-05-06 13:35:16,920] DEBUG: https://demo-api.ig.com:443 "POST /gateway/deal/session HTTP/1.1" 200 616
[2025-05-06 13:35:16,923] DEBUG: Starting new HTTPS connection (1): demo-api.ig.com:443
[2025-05-06 13:35:18,136] DEBUG: https://demo-api.ig.com:443 "PUT /gateway/deal/session HTTP/1.1" 412 56
[2025-05-06 13:35:18,136] INFO: Account is already set as default
[2025-05-06 13:35:18,136] INFO: Using stock interface: IGInterface
[2025-05-06 13:35:18,136] INFO: Simple MACD strategy initialised.
[2025-05-06 13:35:18,138] DEBUG: Starting new HTTPS connection (1): demo-api.ig.com:443
[2025-05-06 13:35:20,912] DEBUG: https://demo-api.ig.com:443 "GET /gateway/deal/positions HTTP/1.1" 200 772
[2025-05-06 13:35:20,913] ERROR: Generic exception caught: 'stoplevel'
[2025-05-06 13:35:20,916] ERROR: Traceback (most recent call last):
  File "/Users/e1/Documents/equitiestradingbot/equitiestradingbot/tradingbot.py", line 119, in start
    self.process_open_positions()
    ~~~~~~~~~~~~~~~~~~~~~~~~~~~^^
  File "/Users/e1/Documents/equitiestradingbot/equitiestradingbot/tradingbot.py", line 156, in process_open_positions
    positions = self.broker.get_open_positions()
  File "/Users/e1/Documents/equitiestradingbot/equitiestradingbot/components/broker/broker.py", line 26, in get_open_positions
    return self.account_ifc.get_open_positions()
           ~~~~~~~~~~~~~~~~~~~~~~~~~~~~~~~~~~~^^
  File "/Users/e1/Documents/equitiestradingbot/equitiestradingbot/components/broker/ig_interface.py", line 159, in get_open_positions
    stop=d["position"]["stoplevel"],
         ~~~~~~~~~~~~~^^^^^^^^^^^^^
KeyError: 'stoplevel'

[2025-05-06 13:35:21,423] DEBUG: Starting new HTTPS connection (1): demo-api.ig.com:443
[2025-05-06 13:35:26,316] DEBUG: https://demo-api.ig.com:443 "GET /gateway/deal/positions HTTP/1.1" 200 775
[2025-05-06 13:35:26,318] ERROR: Generic exception caught: 'stoplevel'
[2025-05-06 13:35:26,320] ERROR: Traceback (most recent call last):
  File "/Users/e1/Documents/equitiestradingbot/equitiestradingbot/tradingbot.py", line 119, in start
    self.process_open_positions()
    ~~~~~~~~~~~~~~~~~~~~~~~~~~~^^
  File "/Users/e1/Documents/equitiestradingbot/equitiestradingbot/tradingbot.py", line 156, in process_open_positions
    positions = self.broker.get_open_positions()
  File "/Users/e1/Documents/equitiestradingbot/equitiestradingbot/components/broker/broker.py", line 26, in get_open_positions
    return self.account_ifc.get_open_positions()
           ~~~~~~~~~~~~~~~~~~~~~~~~~~~~~~~~~~~^^
  File "/Users/e1/Documents/equitiestradingbot/equitiestradingbot/components/broker/ig_interface.py", line 159, in get_open_positions
    stop=d["position"]["stoplevel"],
         ~~~~~~~~~~~~~^^^^^^^^^^^^^
KeyError: 'stoplevel'

[2025-05-06 13:35:26,321] DEBUG: Starting new HTTPS connection (1): demo-api.ig.com:443
[2025-05-06 13:35:29,040] DEBUG: https://demo-api.ig.com:443 "GET /gateway/deal/positions HTTP/1.1" 200 775
[2025-05-06 13:35:29,042] ERROR: Generic exception caught: 'stoplevel'
[2025-05-06 13:35:29,044] ERROR: Traceback (most recent call last):
  File "/Users/e1/Documents/equitiestradingbot/equitiestradingbot/tradingbot.py", line 119, in start
    self.process_open_positions()
    ~~~~~~~~~~~~~~~~~~~~~~~~~~~^^
  File "/Users/e1/Documents/equitiestradingbot/equitiestradingbot/tradingbot.py", line 156, in process_open_positions
    positions = self.broker.get_open_positions()
  File "/Users/e1/Documents/equitiestradingbot/equitiestradingbot/components/broker/broker.py", line 26, in get_open_positions
    return self.account_ifc.get_open_positions()
           ~~~~~~~~~~~~~~~~~~~~~~~~~~~~~~~~~~~^^
  File "/Users/e1/Documents/equitiestradingbot/equitiestradingbot/components/broker/ig_interface.py", line 159, in get_open_positions
    stop=d["position"]["stoplevel"],
         ~~~~~~~~~~~~~^^^^^^^^^^^^^
KeyError: 'stoplevel'

[2025-05-06 13:35:29,550] DEBUG: Starting new HTTPS connection (1): demo-api.ig.com:443
[2025-05-06 13:35:29,924] DEBUG: https://demo-api.ig.com:443 "GET /gateway/deal/positions HTTP/1.1" 200 775
[2025-05-06 13:35:29,924] ERROR: Generic exception caught: 'stoplevel'
[2025-05-06 13:35:29,924] ERROR: Traceback (most recent call last):
  File "/Users/e1/Documents/equitiestradingbot/equitiestradingbot/tradingbot.py", line 119, in start
    self.process_open_positions()
    ~~~~~~~~~~~~~~~~~~~~~~~~~~~^^
  File "/Users/e1/Documents/equitiestradingbot/equitiestradingbot/tradingbot.py", line 156, in process_open_positions
    positions = self.broker.get_open_positions()
  File "/Users/e1/Documents/equitiestradingbot/equitiestradingbot/components/broker/broker.py", line 26, in get_open_positions
    return self.account_ifc.get_open_positions()
           ~~~~~~~~~~~~~~~~~~~~~~~~~~~~~~~~~~~^^
  File "/Users/e1/Documents/equitiestradingbot/equitiestradingbot/components/broker/ig_interface.py", line 159, in get_open_positions
    stop=d["position"]["stoplevel"],
         ~~~~~~~~~~~~~^^^^^^^^^^^^^
KeyError: 'stoplevel'

[2025-05-06 13:35:32,943] DEBUG: Starting new HTTPS connection (1): demo-api.ig.com:443
[2025-05-06 13:35:34,911] DEBUG: https://demo-api.ig.com:443 "GET /gateway/deal/positions HTTP/1.1" 200 773
[2025-05-06 13:35:34,913] ERROR: Generic exception caught: 'stoplevel'
[2025-05-06 13:35:34,914] ERROR: Traceback (most recent call last):
  File "/Users/e1/Documents/equitiestradingbot/equitiestradingbot/tradingbot.py", line 119, in start
    self.process_open_positions()
    ~~~~~~~~~~~~~~~~~~~~~~~~~~~^^
  File "/Users/e1/Documents/equitiestradingbot/equitiestradingbot/tradingbot.py", line 156, in process_open_positions
    positions = self.broker.get_open_positions()
  File "/Users/e1/Documents/equitiestradingbot/equitiestradingbot/components/broker/broker.py", line 26, in get_open_positions
    return self.account_ifc.get_open_positions()
           ~~~~~~~~~~~~~~~~~~~~~~~~~~~~~~~~~~~^^
  File "/Users/e1/Documents/equitiestradingbot/equitiestradingbot/components/broker/ig_interface.py", line 159, in get_open_positions
    stop=d["position"]["stoplevel"],
         ~~~~~~~~~~~~~^^^^^^^^^^^^^
KeyError: 'stoplevel'

