[2025-05-08 23:39:51,092] INFO: Logging to file: /Users/e1/Documents/equitiestradingbot/log/trading_bot_2025-05-08T23_39_51_091559.log
[2025-05-08 23:39:51,092] INFO: Initialising IGInterface...
[2025-05-08 23:39:51,112] DEBUG: Starting new HTTPS connection (1): demo-api.ig.com:443
[2025-05-08 23:39:51,316] DEBUG: https://demo-api.ig.com:443 "POST /gateway/deal/session HTTP/1.1" 200 611
[2025-05-08 23:39:51,318] DEBUG: Starting new HTTPS connection (1): demo-api.ig.com:443
[2025-05-08 23:39:51,405] DEBUG: https://demo-api.ig.com:443 "PUT /gateway/deal/session HTTP/1.1" 412 56
[2025-05-08 23:39:51,406] INFO: Account is already set as default
[2025-05-08 23:39:51,406] INFO: Using stock interface: IGInterface
[2025-05-08 23:39:51,406] INFO: Simple MACD strategy initialised.
[2025-05-08 23:39:51,406] INFO: Performing a single iteration of the market source
[2025-05-08 23:39:54,434] DEBUG: Starting new HTTPS connection (1): demo-api.ig.com:443
[2025-05-08 23:39:54,509] DEBUG: https://demo-api.ig.com:443 "GET /gateway/deal/positions HTTP/1.1" 200 16
[2025-05-08 23:39:54,510] DEBUG: Raw positions response: {
  "positions": []
}
[2025-05-08 23:39:54,510] INFO: Starting to process market source
[2025-05-08 23:39:57,532] DEBUG: Starting new HTTPS connection (1): demo-api.ig.com:443
[2025-05-08 23:39:57,621] DEBUG: https://demo-api.ig.com:443 "GET /gateway/deal/markets/CS.D.CFPGOLD.CFP.IP HTTP/1.1" 200 1562
[2025-05-08 23:40:00,649] DEBUG: Starting new HTTPS connection (1): demo-api.ig.com:443
[2025-05-08 23:40:00,721] DEBUG: https://demo-api.ig.com:443 "GET /gateway/deal/positions HTTP/1.1" 200 16
[2025-05-08 23:40:00,722] DEBUG: Raw positions response: {
  "positions": []
}
[2025-05-08 23:40:03,745] DEBUG: Starting new HTTPS connection (1): demo-api.ig.com:443
[2025-05-08 23:40:03,844] DEBUG: https://demo-api.ig.com:443 "GET /gateway/deal/accounts HTTP/1.1" 200 550
[2025-05-08 23:40:03,880] WARNING: Market is closed: stop processing
