[2025-07-06 23:01:13,298] INFO: Initialising IGInterface...
[2025-07-06 23:01:13,298] INFO: Attempting authentication to URL: https://demo-api.ig.com/gateway/deal/session
[2025-07-06 23:01:13,298] INFO: Using API Key: 43c58bfd6f5ead3ac4d803d18f883db5857c9631
[2025-07-06 23:01:13,298] INFO: Using Account ID: Z5YISO
[2025-07-06 23:01:13,303] DEBUG: Starting new HTTPS connection (1): demo-api.ig.com:443
[2025-07-06 23:01:13,455] DEBUG: https://demo-api.ig.com:443 "POST /gateway/deal/session HTTP/1.1" 200 619
[2025-07-06 23:01:13,455] INFO: Successfully obtained authentication tokens
[2025-07-06 23:01:13,457] DEBUG: Starting new HTTPS connection (1): demo-api.ig.com:443
[2025-07-06 23:01:13,542] DEBUG: https://demo-api.ig.com:443 "PUT /gateway/deal/session HTTP/1.1" 412 56
[2025-07-06 23:01:13,544] INFO: Account is already set as default
[2025-07-06 23:01:13,545] INFO: Using stock interface: IGInterface
[2025-07-06 23:01:13,545] INFO: Intraday Gold Strategy configuration loaded successfully
[2025-07-06 23:01:13,545] INFO: Intraday Gold Strategy initialised
[2025-07-06 23:01:13,546] INFO: Intraday Gold Strategy configuration loaded successfully
[2025-07-06 23:01:13,546] INFO: Performing a single iteration of the market source
[2025-07-06 23:01:16,575] DEBUG: Starting new HTTPS connection (1): demo-api.ig.com:443
[2025-07-06 23:01:16,658] DEBUG: https://demo-api.ig.com:443 "GET /gateway/deal/positions HTTP/1.1" 200 16
[2025-07-06 23:01:16,660] DEBUG: Raw positions response: {
  "positions": []
}
[2025-07-06 23:01:16,660] INFO: Starting to process market source
[2025-07-06 23:01:19,683] DEBUG: Starting new HTTPS connection (1): demo-api.ig.com:443
[2025-07-06 23:01:19,766] DEBUG: https://demo-api.ig.com:443 "GET /gateway/deal/positions HTTP/1.1" 200 16
[2025-07-06 23:01:19,768] DEBUG: Raw positions response: {
  "positions": []
}
[2025-07-06 23:01:22,790] DEBUG: Starting new HTTPS connection (1): demo-api.ig.com:443
[2025-07-06 23:01:22,899] DEBUG: https://demo-api.ig.com:443 "GET /gateway/deal/markets/CS.D.USCGC.TODAY.IP HTTP/1.1" 200 2025
[2025-07-06 23:01:25,932] DEBUG: Starting new HTTPS connection (1): demo-api.ig.com:443
[2025-07-06 23:01:26,103] DEBUG: https://demo-api.ig.com:443 "GET /gateway/deal/accounts HTTP/1.1" 200 552
[2025-07-06 23:01:26,144] WARNING: Market is closed: stop processing
