[2025-07-06 23:09:54,772] INFO: Initialising IGInterface...
[2025-07-06 23:09:54,772] INFO: Attempting authentication to URL: https://demo-api.ig.com/gateway/deal/session
[2025-07-06 23:09:54,772] INFO: Using API Key: 43c58bfd6f5ead3ac4d803d18f883db5857c9631
[2025-07-06 23:09:54,772] INFO: Using Account ID: Z5YISO
[2025-07-06 23:09:54,777] DEBUG: Starting new HTTPS connection (1): demo-api.ig.com:443
[2025-07-06 23:09:54,946] DEBUG: https://demo-api.ig.com:443 "POST /gateway/deal/session HTTP/1.1" 200 619
[2025-07-06 23:09:54,947] INFO: Successfully obtained authentication tokens
[2025-07-06 23:09:54,948] DEBUG: Starting new HTTPS connection (1): demo-api.ig.com:443
[2025-07-06 23:09:55,026] DEBUG: https://demo-api.ig.com:443 "PUT /gateway/deal/session HTTP/1.1" 412 56
[2025-07-06 23:09:55,029] INFO: Account is already set as default
[2025-07-06 23:09:55,029] INFO: Using stock interface: IGInterface
[2025-07-06 23:09:55,030] INFO: Intraday Gold Strategy configuration loaded successfully
[2025-07-06 23:09:55,030] INFO: Intraday Gold Strategy initialised
[2025-07-06 23:09:55,031] INFO: Intraday Gold Strategy configuration loaded successfully
[2025-07-06 23:09:55,031] INFO: Performing a single iteration of the market source
[2025-07-06 23:09:58,061] DEBUG: Starting new HTTPS connection (1): demo-api.ig.com:443
[2025-07-06 23:09:58,153] DEBUG: https://demo-api.ig.com:443 "GET /gateway/deal/positions HTTP/1.1" 200 16
[2025-07-06 23:09:58,155] DEBUG: Raw positions response: {
  "positions": []
}
[2025-07-06 23:09:58,156] INFO: Starting to process market source
[2025-07-06 23:10:01,181] DEBUG: Starting new HTTPS connection (1): demo-api.ig.com:443
[2025-07-06 23:10:01,276] DEBUG: https://demo-api.ig.com:443 "GET /gateway/deal/positions HTTP/1.1" 200 16
[2025-07-06 23:10:01,278] DEBUG: Raw positions response: {
  "positions": []
}
[2025-07-06 23:10:04,302] DEBUG: Starting new HTTPS connection (1): demo-api.ig.com:443
[2025-07-06 23:10:04,406] DEBUG: https://demo-api.ig.com:443 "GET /gateway/deal/markets/CS.D.USCGC.TODAY.IP HTTP/1.1" 200 2027
[2025-07-06 23:10:07,427] DEBUG: Starting new HTTPS connection (1): demo-api.ig.com:443
[2025-07-06 23:10:07,570] DEBUG: https://demo-api.ig.com:443 "GET /gateway/deal/accounts HTTP/1.1" 200 552
[2025-07-06 23:10:07,574] INFO: Processing GC
[2025-07-06 23:10:07,574] ERROR: Strategy exception caught: 'Broker' object has no attribute 'get_market_history'
[2025-07-06 23:10:07,578] DEBUG: Traceback (most recent call last):
  File "/Users/e1/Documents/equitiestradingbot/equitiestradingbot/tradingbot.py", line 186, in process_market
    trade, limit, stop = self.strategy.run(market)
                         ~~~~~~~~~~~~~~~~~^^^^^^^^
  File "/Users/e1/Documents/equitiestradingbot/equitiestradingbot/strategies/base.py", line 40, in run
    datapoints = self.fetch_datapoints(market)
  File "/Users/e1/Documents/equitiestradingbot/equitiestradingbot/strategies/intraday_gold_strategy.py", line 69, in fetch_datapoints
    return self.broker.get_market_history(market, 100)  # Get enough data for pattern detection
           ^^^^^^^^^^^^^^^^^^^^^^^^^^^^^^
AttributeError: 'Broker' object has no attribute 'get_market_history'. Did you mean: 'get_market_info'?

[2025-07-06 23:10:10,602] DEBUG: Starting new HTTPS connection (1): demo-api.ig.com:443
[2025-07-06 23:10:10,697] DEBUG: https://demo-api.ig.com:443 "GET /gateway/deal/markets/ HTTP/1.1" 500 77
[2025-07-06 23:10:10,698] ERROR: HTTP request returned 500
[2025-07-06 23:10:10,698] INFO: Finished processing all markets in the source
[2025-07-06 23:10:10,699] INFO: Resetting MarketProvider
[2025-07-06 23:10:10,700] INFO: Wait for 0.08 hours...
