[2025-05-08 18:48:18,935] INFO: Logging to file: /Users/e1/Documents/equitiestradingbot/log/trading_bot_2025-05-08T18_48_18_935415.log
[2025-05-08 18:48:18,935] INFO: Initialising IGInterface...
[2025-05-08 18:48:18,943] DEBUG: Starting new HTTPS connection (1): demo-api.ig.com:443
[2025-05-08 18:48:19,084] DEBUG: https://demo-api.ig.com:443 "POST /gateway/deal/session HTTP/1.1" 200 611
[2025-05-08 18:48:19,085] DEBUG: Starting new HTTPS connection (1): demo-api.ig.com:443
[2025-05-08 18:48:19,136] DEBUG: https://demo-api.ig.com:443 "PUT /gateway/deal/session HTTP/1.1" 412 56
[2025-05-08 18:48:19,137] INFO: Account is already set as default
[2025-05-08 18:48:19,138] INFO: Using stock interface: IGInterface
[2025-05-08 18:48:19,138] INFO: Simple MACD strategy initialised.
[2025-05-08 18:48:19,138] INFO: Performing a single iteration of the market source
[2025-05-08 18:48:22,165] DEBUG: Starting new HTTPS connection (1): demo-api.ig.com:443
[2025-05-08 18:48:22,223] DEBUG: https://demo-api.ig.com:443 "GET /gateway/deal/positions HTTP/1.1" 200 16
[2025-05-08 18:48:22,231] DEBUG: Raw positions response: {
  "positions": []
}
[2025-05-08 18:48:22,232] INFO: Starting to process market source
[2025-05-08 18:48:25,248] DEBUG: Starting new HTTPS connection (1): demo-api.ig.com:443
[2025-05-08 18:48:25,308] DEBUG: https://demo-api.ig.com:443 "GET /gateway/deal/markets/CS.D.CFPGOLD.CFP.IP HTTP/1.1" 200 1564
[2025-05-08 18:48:28,332] DEBUG: Starting new HTTPS connection (1): demo-api.ig.com:443
[2025-05-08 18:48:28,381] DEBUG: https://demo-api.ig.com:443 "GET /gateway/deal/positions HTTP/1.1" 200 16
[2025-05-08 18:48:28,382] DEBUG: Raw positions response: {
  "positions": []
}
[2025-05-08 18:48:31,407] DEBUG: Starting new HTTPS connection (1): demo-api.ig.com:443
[2025-05-08 18:48:31,474] DEBUG: https://demo-api.ig.com:443 "GET /gateway/deal/accounts HTTP/1.1" 200 550
[2025-05-08 18:48:31,513] INFO: Processing GC
[2025-05-08 18:48:31,514] CRITICAL: CRITICAL: get_prices method called
[2025-05-08 18:48:31,514] INFO: Fetching price data from URL: https://demo-api.ig.com/gateway/deal/prices/CS.D.CFPGOLD.CFP.IP/DAY/26
[2025-05-08 18:48:34,537] DEBUG: Starting new HTTPS connection (1): demo-api.ig.com:443
[2025-05-08 18:48:34,679] DEBUG: https://demo-api.ig.com:443 "GET /gateway/deal/prices/CS.D.CFPGOLD.CFP.IP/DAY/26 HTTP/1.1" 200 8052
[2025-05-08 18:48:34,680] INFO: Processing price data for GC
[2025-05-08 18:48:34,680] ERROR: Strategy exception caught: 'snapshotTimeUTC'
[2025-05-08 18:48:34,684] DEBUG: Traceback (most recent call last):
  File "/Users/e1/Documents/equitiestradingbot/equitiestradingbot/tradingbot.py", line 186, in process_market
    trade, limit, stop = self.strategy.run(market)
                         ~~~~~~~~~~~~~~~~~^^^^^^^^
  File "/Users/e1/Documents/equitiestradingbot/equitiestradingbot/strategies/base.py", line 40, in run
    datapoints = self.fetch_datapoints(market)
  File "/Users/e1/Documents/equitiestradingbot/equitiestradingbot/strategies/simple_macd.py", line 47, in fetch_datapoints
    return self.broker.get_macd(market, Interval.DAY, 30)
           ~~~~~~~~~~~~~~~~~~~~^^^^^^^^^^^^^^^^^^^^^^^^^^
  File "/Users/e1/Documents/equitiestradingbot/equitiestradingbot/components/broker/broker.py", line 84, in get_macd
    return self.stocks_ifc.get_macd(market, interval, datapoints_range)
           ~~~~~~~~~~~~~~~~~~~~~~~~^^^^^^^^^^^^^^^^^^^^^^^^^^^^^^^^^^^^
  File "/Users/e1/Documents/equitiestradingbot/equitiestradingbot/components/broker/ig_interface.py", line 491, in get_macd
    data = self._macd_dataframe(market, interval)
  File "/Users/e1/Documents/equitiestradingbot/equitiestradingbot/components/broker/ig_interface.py", line 501, in _macd_dataframe
    prices = self.get_prices(market, Interval.DAY, 26)
  File "/Users/e1/Documents/equitiestradingbot/equitiestradingbot/components/broker/ig_interface.py", line 256, in get_prices
    dates.append(price["snapshotTimeUTC"])
                 ~~~~~^^^^^^^^^^^^^^^^^^^
KeyError: 'snapshotTimeUTC'

[2025-05-08 18:48:34,684] INFO: Starting to process market source
