[2025-06-06 19:39:50,204] INFO: Initialising IGInterface...
[2025-06-06 19:39:50,205] INFO: Attempting authentication to URL: https://demo-api.ig.com/gateway/deal/session
[2025-06-06 19:39:50,205] INFO: Using API Key: 43c58bfd6f5ead3ac4d803d18f883db5857c9631
[2025-06-06 19:39:50,205] INFO: Using Account ID: Z5YISO
[2025-06-06 19:39:50,210] DEBUG: Starting new HTTPS connection (1): demo-api.ig.com:443
[2025-06-06 19:39:50,609] DEBUG: https://demo-api.ig.com:443 "POST /gateway/deal/session HTTP/1.1" 200 619
[2025-06-06 19:39:50,610] INFO: Successfully obtained authentication tokens
[2025-06-06 19:39:50,614] DEBUG: Starting new HTTPS connection (1): demo-api.ig.com:443
[2025-06-06 19:39:50,812] DEBUG: https://demo-api.ig.com:443 "PUT /gateway/deal/session HTTP/1.1" 412 56
[2025-06-06 19:39:50,812] INFO: Account is already set as default
[2025-06-06 19:39:50,812] INFO: Using stock interface: IGInterface
[2025-06-06 19:39:50,812] INFO: Advanced Momentum Strategy initialised
[2025-06-06 19:39:50,813] ERROR: Telegram bot token not found in configuration
[2025-06-06 19:39:50,813] ERROR: Telegram chat ID not found in configuration
[2025-06-06 19:39:50,813] INFO: Advanced Momentum Strategy created
[2025-06-06 19:39:50,814] INFO: Performing a single iteration of the market source
[2025-06-06 19:39:53,341] DEBUG: Starting new HTTPS connection (1): demo-api.ig.com:443
[2025-06-06 19:39:53,530] DEBUG: https://demo-api.ig.com:443 "GET /gateway/deal/positions HTTP/1.1" 200 16
[2025-06-06 19:39:53,532] DEBUG: Raw positions response: {
  "positions": []
}
[2025-06-06 19:39:53,533] INFO: Starting to process market source
[2025-06-06 19:39:56,556] DEBUG: Starting new HTTPS connection (1): demo-api.ig.com:443
[2025-06-06 19:39:56,771] DEBUG: https://demo-api.ig.com:443 "GET /gateway/deal/positions HTTP/1.1" 200 16
[2025-06-06 19:39:56,773] DEBUG: Raw positions response: {
  "positions": []
}
[2025-06-06 19:39:59,805] DEBUG: Starting new HTTPS connection (1): demo-api.ig.com:443
[2025-06-06 19:40:00,062] DEBUG: https://demo-api.ig.com:443 "GET /gateway/deal/markets/CS.D.USCGC.TODAY.IP HTTP/1.1" 200 2026
[2025-06-06 19:40:03,098] DEBUG: Starting new HTTPS connection (1): demo-api.ig.com:443
[2025-06-06 19:40:03,356] DEBUG: https://demo-api.ig.com:443 "GET /gateway/deal/accounts HTTP/1.1" 200 552
[2025-06-06 19:40:03,407] INFO: Processing GC
[2025-06-06 19:40:03,407] CRITICAL: CRITICAL: get_prices method called
[2025-06-06 19:40:03,407] INFO: Fetching price data from URL: https://demo-api.ig.com/gateway/deal/prices/CS.D.USCGC.TODAY.IP/MINUTE_15/52
[2025-06-06 19:40:06,433] DEBUG: Starting new HTTPS connection (1): demo-api.ig.com:443
[2025-06-06 19:40:06,641] DEBUG: https://demo-api.ig.com:443 "GET /gateway/deal/prices/CS.D.USCGC.TODAY.IP/MINUTE_15/52 HTTP/1.1" 200 15870
[2025-06-06 19:40:06,685] DEBUG: Raw price data: {
  "prices": [
    {
      "snapshotTime": "2025:06:06-06:45:00",
      "openPrice": {
        "bid": 3366.03,
        "ask": 3366.33,
        "lastTraded": null
      },
      "closePrice": {
        "bid": 3365.93,
        "ask": 3366.43,
        "lastTraded": null
      },
      "highPrice": {
        "bid": 3366.8,
        "ask": 3367.1,
        "lastTraded": null
      },
      "lowPrice": {
        "bid": 3362.03,
        "ask": 3362.42,
        "lastTraded": null
      },
      "lastTradedVolume": 1366
    },
    {
      "snapshotTime": "2025:06:06-07:00:00",
      "openPrice": {
        "bid": 3365.83,
        "ask": 3366.33,
        "lastTraded": null
      },
      "closePrice": {
        "bid": 3362.73,
        "ask": 3363.23,
        "lastTraded": null
      },
      "highPrice": {
        "bid": 3366.78,
        "ask": 3367.18,
        "lastTraded": null
      },
      "lowPrice": {
        "bid": 3361.38,
        "ask": 3361.83,
        "lastTraded": null
      },
      "lastTradedVolume": 1186
    },
    {
      "snapshotTime": "2025:06:06-07:15:00",
      "openPrice": {
        "bid": 3362.88,
        "ask": 3363.18,
        "lastTraded": null
      },
      "closePrice": {
        "bid": 3364.65,
        "ask": 3365.15,
        "lastTraded": null
      },
      "highPrice": {
        "bid": 3366.93,
        "ask": 3367.28,
        "lastTraded": null
      },
      "lowPrice": {
        "bid": 3361.75,
        "ask": 3362.13,
        "lastTraded": null
      },
      "lastTradedVolume": 1285
    },
    {
      "snapshotTime": "2025:06:06-07:30:00",
      "openPrice": {
        "bid": 3364.55,
        "ask": 3365.05,
        "lastTraded": null
      },
      "closePrice": {
        "bid": 3358.2,
        "ask": 3358.7,
        "lastTraded": null
      },
      "highPrice": {
        "bid": 3365.1,
        "ask": 3365.6,
        "lastTraded": null
      },
      "lowPrice": {
        "bid": 3358.2,
        "ask": 3358.7,
        "lastTraded": null
      },
      "lastTradedVolume": 1552
    },
    {
      "snapshotTime": "2025:06:06-07:45:00",
      "openPrice": {
        "bid": 3358.15,
        "ask": 3358.65,
        "lastTraded": null
      },
      "closePrice": {
        "bid": 3360.55,
        "ask": 3361.05,
        "lastTraded": null
      },
      "highPrice": {
        "bid": 3361.41,
        "ask": 3361.71,
        "lastTraded": null
      },
      "lowPrice": {
        "bid": 3355.91,
        "ask": 3356.28,
        "lastTraded": null
      },
      "lastTradedVolume": 1432
    },
    {
      "snapshotTime": "2025:06:06-08:00:00",
      "openPrice": {
        "bid": 3360.8,
        "ask": 3361.1,
        "lastTraded": null
      },
      "closePrice": {
        "bid": 3361.18,
        "ask": 3361.68,
        "lastTraded": null
      },
      "highPrice": {
        "bid": 3362.08,
        "ask": 3362.58,
        "lastTraded": null
      },
      "lowPrice": {
        "bid": 3356.53,
        "ask": 3356.93,
        "lastTraded": null
      },
      "lastTradedVolume": 1220
    },
    {
      "snapshotTime": "2025:06:06-08:15:00",
      "openPrice": {
        "bid": 3361.23,
        "ask": 3361.73,
        "lastTraded": null
      },
      "closePrice": {
        "bid": 3360.33,
        "ask": 3360.83,
        "lastTraded": null
      },
      "highPrice": {
        "bid": 3362.23,
        "ask": 3362.68,
        "lastTraded": null
      },
      "lowPrice": {
        "bid": 3358.53,
        "ask": 3359.03,
        "lastTraded": null
      },
      "lastTradedVolume": 1024
    },
    {
      "snapshotTime": "2025:06:06-08:30:00",
      "openPrice": {
        "bid": 3360.28,
        "ask": 3360.78,
        "lastTraded": null
      },
      "closePrice": {
        "bid": 3359.08,
        "ask": 3359.38,
        "lastTraded": null
      },
      "highPrice": {
        "bid": 3360.43,
        "ask": 3360.93,
        "lastTraded": null
      },
      "lowPrice": {
        "bid": 3357.25,
        "ask": 3357.63,
        "lastTraded": null
      },
      "lastTradedVolume": 818
    },
    {
      "snapshotTime": "2025:06:06-08:45:00",
      "openPrice": {
        "bid": 3358.93,
        "ask": 3359.23,
        "lastTraded": null
      },
      "closePrice": {
        "bid": 3359.38,
        "ask": 3359.68,
        "lastTraded": null
      },
      "highPrice": {
        "bid": 3359.7,
        "ask": 3360.05,
        "lastTraded": null
      },
      "lowPrice": {
        "bid": 3352.6,
        "ask": 3353.0,
        "lastTraded": null
      },
      "lastTradedVolume": 1212
    },
    {
      "snapshotTime": "2025:06:06-09:00:00",
      "openPrice": {
        "bid": 3359.43,
        "ask": 3359.93,
        "lastTraded": null
      },
      "closePrice": {
        "bid": 3358.53,
        "ask": 3358.83,
        "lastTraded": null
      },
      "highPrice": {
        "bid": 3362.2,
        "ask": 3362.53,
        "lastTraded": null
      },
      "lowPrice": {
        "bid": 3358.37,
        "ask": 3358.73,
        "lastTraded": null
      },
      "lastTradedVolume": 1170
    },
    {
      "snapshotTime": "2025:06:06-09:15:00",
      "openPrice": {
        "bid": 3358.33,
        "ask": 3358.93,
        "lastTraded": null
      },
      "closePrice": {
        "bid": 3363.83,
        "ask": 3364.33,
        "lastTraded": null
      },
      "highPrice": {
        "bid": 3364.89,
        "ask": 3365.19,
        "lastTraded": null
      },
      "lowPrice": {
        "bid": 3358.25,
        "ask": 3358.73,
        "lastTraded": null
      },
      "lastTradedVolume": 1033
    },
    {
      "snapshotTime": "2025:06:06-09:30:00",
      "openPrice": {
        "bid": 3363.98,
        "ask": 3364.28,
        "lastTraded": null
      },
      "closePrice": {
        "bid": 3367.03,
        "ask": 3367.33,
        "lastTraded": null
      },
      "highPrice": {
        "bid": 3367.58,
        "ask": 3367.98,
        "lastTraded": null
      },
      "lowPrice": {
        "bid": 3362.83,
        "ask": 3363.23,
        "lastTraded": null
      },
      "lastTradedVolume": 1015
    },
    {
      "snapshotTime": "2025:06:06-09:45:00",
      "openPrice": {
        "bid": 3366.98,
        "ask": 3367.28,
        "lastTraded": null
      },
      "closePrice": {
        "bid": 3365.23,
        "ask": 3365.53,
        "lastTraded": null
      },
      "highPrice": {
        "bid": 3367.68,
        "ask": 3367.98,
        "lastTraded": null
      },
      "lowPrice": {
        "bid": 3364.87,
        "ask": 3365.33,
        "lastTraded": null
      },
      "lastTradedVolume": 943
    },
    {
      "snapshotTime": "2025:06:06-10:00:00",
      "openPrice": {
        "bid": 3365.18,
        "ask": 3365.48,
        "lastTraded": null
      },
      "closePrice": {
        "bid": 3360.48,
        "ask": 3360.98,
        "lastTraded": null
      },
      "highPrice": {
        "bid": 3365.18,
        "ask": 3365.58,
        "lastTraded": null
      },
      "lowPrice": {
        "bid": 3359.28,
        "ask": 3359.73,
        "lastTraded": null
      },
      "lastTradedVolume": 1082
    },
    {
      "snapshotTime": "2025:06:06-10:15:00",
      "openPrice": {
        "bid": 3360.58,
        "ask": 3360.88,
        "lastTraded": null
      },
      "closePrice": {
        "bid": 3355.53,
        "ask": 3356.03,
        "lastTraded": null
      },
      "highPrice": {
        "bid": 3360.78,
        "ask": 3361.08,
        "lastTraded": null
      },
      "lowPrice": {
        "bid": 3355.3,
        "ask": 3355.68,
        "lastTraded": null
      },
      "lastTradedVolume": 983
    },
    {
      "snapshotTime": "2025:06:06-10:30:00",
      "openPrice": {
        "bid": 3355.48,
        "ask": 3355.98,
        "lastTraded": null
      },
      "closePrice": {
        "bid": 3357.16,
        "ask": 3357.46,
        "lastTraded": null
      },
      "highPrice": {
        "bid": 3359.38,
        "ask": 3359.68,
        "lastTraded": null
      },
      "lowPrice": {
        "bid": 3355.19,
        "ask": 3355.68,
        "lastTraded": null
      },
      "lastTradedVolume": 933
    },
    {
      "snapshotTime": "2025:06:06-10:45:00",
      "openPrice": {
        "bid": 3357.28,
        "ask": 3357.78,
        "lastTraded": null
      },
      "closePrice": {
        "bid": 3356.5,
        "ask": 3357.0,
        "lastTraded": null
      },
      "highPrice": {
        "bid": 3357.45,
        "ask": 3357.83,
        "lastTraded": null
      },
      "lowPrice": {
        "bid": 3352.77,
        "ask": 3353.07,
        "lastTraded": null
      },
      "lastTradedVolume": 1099
    },
    {
      "snapshotTime": "2025:06:06-11:00:00",
      "openPrice": {
        "bid": 3356.55,
        "ask": 3357.05,
        "lastTraded": null
      },
      "closePrice": {
        "bid": 3357.75,
        "ask": 3358.25,
        "lastTraded": null
      },
      "highPrice": {
        "bid": 3360.23,
        "ask": 3360.68,
        "lastTraded": null
      },
      "lowPrice": {
        "bid": 3356.48,
        "ask": 3356.98,
        "lastTraded": null
      },
      "lastTradedVolume": 864
    },
    {
      "snapshotTime": "2025:06:06-11:15:00",
      "openPrice": {
        "bid": 3358.0,
        "ask": 3358.5,
        "lastTraded": null
      },
      "closePrice": {
        "bid": 3356.43,
        "ask": 3356.93,
        "lastTraded": null
      },
      "highPrice": {
        "bid": 3358.68,
        "ask": 3359.08,
        "lastTraded": null
      },
      "lowPrice": {
        "bid": 3355.75,
        "ask": 3356.05,
        "lastTraded": null
      },
      "lastTradedVolume": 660
    },
    {
      "snapshotTime": "2025:06:06-11:30:00",
      "openPrice": {
        "bid": 3356.48,
        "ask": 3356.98,
        "lastTraded": null
      },
      "closePrice": {
        "bid": 3357.43,
        "ask": 3357.93,
        "lastTraded": null
      },
      "highPrice": {
        "bid": 3358.58,
        "ask": 3358.98,
        "lastTraded": null
      },
      "lowPrice": {
        "bid": 3356.43,
        "ask": 3356.83,
        "lastTraded": null
      },
      "lastTradedVolume": 520
    },
    {
      "snapshotTime": "2025:06:06-11:45:00",
      "openPrice": {
        "bid": 3357.48,
        "ask": 3357.78,
        "lastTraded": null
      },
      "closePrice": {
        "bid": 3360.33,
        "ask": 3360.83,
        "lastTraded": null
      },
      "highPrice": {
        "bid": 3360.8,
        "ask": 3361.1,
        "lastTraded": null
      },
      "lowPrice": {
        "bid": 3356.98,
        "ask": 3357.28,
        "lastTraded": null
      },
      "lastTradedVolume": 668
    },
    {
      "snapshotTime": "2025:06:06-12:00:00",
      "openPrice": {
        "bid": 3360.43,
        "ask": 3360.93,
        "lastTraded": null
      },
      "closePrice": {
        "bid": 3361.58,
        "ask": 3362.08,
        "lastTraded": null
      },
      "highPrice": {
        "bid": 3364.32,
        "ask": 3364.62,
        "lastTraded": null
      },
      "lowPrice": {
        "bid": 3360.43,
        "ask": 3360.88,
        "lastTraded": null
      },
      "lastTradedVolume": 1069
    },
    {
      "snapshotTime": "2025:06:06-12:15:00",
      "openPrice": {
        "bid": 3361.48,
        "ask": 3361.78,
        "lastTraded": null
      },
      "closePrice": {
        "bid": 3360.73,
        "ask": 3361.23,
        "lastTraded": null
      },
      "highPrice": {
        "bid": 3362.63,
        "ask": 3362.94,
        "lastTraded": null
      },
      "lowPrice": {
        "bid": 3360.18,
        "ask": 3360.58,
        "lastTraded": null
      },
      "lastTradedVolume": 731
    },
    {
      "snapshotTime": "2025:06:06-12:30:00",
      "openPrice": {
        "bid": 3360.88,
        "ask": 3361.18,
        "lastTraded": null
      },
      "closePrice": {
        "bid": 3362.63,
        "ask": 3362.93,
        "lastTraded": null
      },
      "highPrice": {
        "bid": 3364.28,
        "ask": 3364.58,
        "lastTraded": null
      },
      "lowPrice": {
        "bid": 3359.88,
        "ask": 3360.38,
        "lastTraded": null
      },
      "lastTradedVolume": 875
    },
    {
      "snapshotTime": "2025:06:06-12:45:00",
      "openPrice": {
        "bid": 3362.68,
        "ask": 3362.98,
        "lastTraded": null
      },
      "closePrice": {
        "bid": 3358.21,
        "ask": 3358.51,
        "lastTraded": null
      },
      "highPrice": {
        "bid": 3362.83,
        "ask": 3363.28,
        "lastTraded": null
      },
      "lowPrice": {
        "bid": 3358.03,
        "ask": 3358.33,
        "lastTraded": null
      },
      "lastTradedVolume": 964
    },
    {
      "snapshotTime": "2025:06:06-13:00:00",
      "openPrice": {
        "bid": 3358.33,
        "ask": 3358.63,
        "lastTraded": null
      },
      "closePrice": {
        "bid": 3356.33,
        "ask": 3356.83,
        "lastTraded": null
      },
      "highPrice": {
        "bid": 3360.2,
        "ask": 3360.55,
        "lastTraded": null
      },
      "lowPrice": {
        "bid": 3355.74,
        "ask": 3356.04,
        "lastTraded": null
      },
      "lastTradedVolume": 1116
    },
    {
      "snapshotTime": "2025:06:06-13:15:00",
      "openPrice": {
        "bid": 3356.28,
        "ask": 3356.78,
        "lastTraded": null
      },
      "closePrice": {
        "bid": 3356.87,
        "ask": 3361.23,
        "lastTraded": null
      },
      "highPrice": {
        "bid": 3359.46,
        "ask": 3361.23,
        "lastTraded": null
      },
      "lowPrice": {
        "bid": 3353.73,
        "ask": 3354.08,
        "lastTraded": null
      },
      "lastTradedVolume": 1224
    },
    {
      "snapshotTime": "2025:06:06-13:30:00",
      "openPrice": {
        "bid": 3356.32,
        "ask": 3361.28,
        "lastTraded": null
      },
      "closePrice": {
        "bid": 3353.03,
        "ask": 3353.53,
        "lastTraded": null
      },
      "highPrice": {
        "bid": 3363.98,
        "ask": 3364.48,
        "lastTraded": null
      },
      "lowPrice": {
        "bid": 3343.35,
        "ask": 3343.85,
        "lastTraded": null
      },
      "lastTradedVolume": 2128
    },
    {
      "snapshotTime": "2025:06:06-13:45:00",
      "openPrice": {
        "bid": 3353.65,
        "ask": 3354.15,
        "lastTraded": null
      },
      "closePrice": {
        "bid": 3353.23,
        "ask": 3353.73,
        "lastTraded": null
      },
      "highPrice": {
        "bid": 3359.43,
        "ask": 3359.93,
        "lastTraded": null
      },
      "lowPrice": {
        "bid": 3351.59,
        "ask": 3352.09,
        "lastTraded": null
      },
      "lastTradedVolume": 1969
    },
    {
      "snapshotTime": "2025:06:06-14:00:00",
      "openPrice": {
        "bid": 3353.13,
        "ask": 3353.63,
        "lastTraded": null
      },
      "closePrice": {
        "bid": 3355.78,
        "ask": 3356.28,
        "lastTraded": null
      },
      "highPrice": {
        "bid": 3358.28,
        "ask": 3358.78,
        "lastTraded": null
      },
      "lowPrice": {
        "bid": 3346.45,
        "ask": 3346.95,
        "lastTraded": null
      },
      "lastTradedVolume": 2019
    },
    {
      "snapshotTime": "2025:06:06-14:15:00",
      "openPrice": {
        "bid": 3355.83,
        "ask": 3356.33,
        "lastTraded": null
      },
      "closePrice": {
        "bid": 3353.7,
        "ask": 3354.0,
        "lastTraded": null
      },
      "highPrice": {
        "bid": 3360.91,
        "ask": 3361.21,
        "lastTraded": null
      },
      "lowPrice": {
        "bid": 3348.58,
        "ask": 3349.08,
        "lastTraded": null
      },
      "lastTradedVolume": 2006
    },
    {
      "snapshotTime": "2025:06:06-14:30:00",
      "openPrice": {
        "bid": 3354.05,
        "ask": 3354.35,
        "lastTraded": null
      },
      "closePrice": {
        "bid": 3346.7,
        "ask": 3347.2,
        "lastTraded": null
      },
      "highPrice": {
        "bid": 3355.38,
        "ask": 3355.7,
        "lastTraded": null
      },
      "lowPrice": {
        "bid": 3345.35,
        "ask": 3345.73,
        "lastTraded": null
      },
      "lastTradedVolume": 2262
    },
    {
      "snapshotTime": "2025:06:06-14:45:00",
      "openPrice": {
        "bid": 3346.65,
        "ask": 3347.15,
        "lastTraded": null
      },
      "closePrice": {
        "bid": 3343.0,
        "ask": 3343.5,
        "lastTraded": null
      },
      "highPrice": {
        "bid": 3351.9,
        "ask": 3352.4,
        "lastTraded": null
      },
      "lowPrice": {
        "bid": 3342.57,
        "ask": 3342.87,
        "lastTraded": null
      },
      "lastTradedVolume": 2286
    },
    {
      "snapshotTime": "2025:06:06-15:00:00",
      "openPrice": {
        "bid": 3343.05,
        "ask": 3343.55,
        "lastTraded": null
      },
      "closePrice": {
        "bid": 3333.73,
        "ask": 3334.23,
        "lastTraded": null
      },
      "highPrice": {
        "bid": 3344.78,
        "ask": 3345.28,
        "lastTraded": null
      },
      "lowPrice": {
        "bid": 3333.65,
        "ask": 3334.15,
        "lastTraded": null
      },
      "lastTradedVolume": 2331
    },
    {
      "snapshotTime": "2025:06:06-15:15:00",
      "openPrice": {
        "bid": 3333.91,
        "ask": 3334.41,
        "lastTraded": null
      },
      "closePrice": {
        "bid": 3324.0,
        "ask": 3324.5,
        "lastTraded": null
      },
      "highPrice": {
        "bid": 3335.58,
        "ask": 3336.08,
        "lastTraded": null
      },
      "lowPrice": {
        "bid": 3316.68,
        "ask": 3316.98,
        "lastTraded": null
      },
      "lastTradedVolume": 2725
    },
    {
      "snapshotTime": "2025:06:06-15:30:00",
      "openPrice": {
        "bid": 3323.85,
        "ask": 3324.35,
        "lastTraded": null
      },
      "closePrice": {
        "bid": 3333.65,
        "ask": 3334.15,
        "lastTraded": null
      },
      "highPrice": {
        "bid": 3334.05,
        "ask": 3334.55,
        "lastTraded": null
      },
      "lowPrice": {
        "bid": 3322.35,
        "ask": 3322.85,
        "lastTraded": null
      },
      "lastTradedVolume": 2198
    },
    {
      "snapshotTime": "2025:06:06-15:45:00",
      "openPrice": {
        "bid": 3333.7,
        "ask": 3334.2,
        "lastTraded": null
      },
      "closePrice": {
        "bid": 3326.05,
        "ask": 3326.35,
        "lastTraded": null
      },
      "highPrice": {
        "bid": 3333.7,
        "ask": 3334.2,
        "lastTraded": null
      },
      "lowPrice": {
        "bid": 3322.33,
        "ask": 3322.69,
        "lastTraded": null
      },
      "lastTradedVolume": 2124
    },
    {
      "snapshotTime": "2025:06:06-16:00:00",
      "openPrice": {
        "bid": 3326.15,
        "ask": 3326.45,
        "lastTraded": null
      },
      "closePrice": {
        "bid": 3323.83,
        "ask": 3324.33,
        "lastTraded": null
      },
      "highPrice": {
        "bid": 3329.76,
        "ask": 3330.06,
        "lastTraded": null
      },
      "lowPrice": {
        "bid": 3323.33,
        "ask": 3323.63,
        "lastTraded": null
      },
      "lastTradedVolume": 1842
    },
    {
      "snapshotTime": "2025:06:06-16:15:00",
      "openPrice": {
        "bid": 3323.78,
        "ask": 3324.28,
        "lastTraded": null
      },
      "closePrice": {
        "bid": 3330.75,
        "ask": 3331.25,
        "lastTraded": null
      },
      "highPrice": {
        "bid": 3331.69,
        "ask": 3331.99,
        "lastTraded": null
      },
      "lowPrice": {
        "bid": 3323.58,
        "ask": 3324.03,
        "lastTraded": null
      },
      "lastTradedVolume": 1968
    },
    {
      "snapshotTime": "2025:06:06-16:30:00",
      "openPrice": {
        "bid": 3330.76,
        "ask": 3331.26,
        "lastTraded": null
      },
      "closePrice": {
        "bid": 3333.65,
        "ask": 3334.15,
        "lastTraded": null
      },
      "highPrice": {
        "bid": 3336.76,
        "ask": 3337.11,
        "lastTraded": null
      },
      "lowPrice": {
        "bid": 3328.33,
        "ask": 3328.83,
        "lastTraded": null
      },
      "lastTradedVolume": 1611
    },
    {
      "snapshotTime": "2025:06:06-16:45:00",
      "openPrice": {
        "bid": 3333.75,
        "ask": 3334.25,
        "lastTraded": null
      },
      "closePrice": {
        "bid": 3332.0,
        "ask": 3332.5,
        "lastTraded": null
      },
      "highPrice": {
        "bid": 3334.88,
        "ask": 3335.23,
        "lastTraded": null
      },
      "lowPrice": {
        "bid": 3331.42,
        "ask": 3331.78,
        "lastTraded": null
      },
      "lastTradedVolume": 1191
    },
    {
      "snapshotTime": "2025:06:06-17:00:00",
      "openPrice": {
        "bid": 3331.8,
        "ask": 3332.3,
        "lastTraded": null
      },
      "closePrice": {
        "bid": 3329.23,
        "ask": 3329.53,
        "lastTraded": null
      },
      "highPrice": {
        "bid": 3332.6,
        "ask": 3333.0,
        "lastTraded": null
      },
      "lowPrice": {
        "bid": 3328.93,
        "ask": 3329.33,
        "lastTraded": null
      },
      "lastTradedVolume": 1175
    },
    {
      "snapshotTime": "2025:06:06-17:15:00",
      "openPrice": {
        "bid": 3329.28,
        "ask": 3329.58,
        "lastTraded": null
      },
      "closePrice": {
        "bid": 3323.73,
        "ask": 3324.23,
        "lastTraded": null
      },
      "highPrice": {
        "bid": 3331.87,
        "ask": 3332.37,
        "lastTraded": null
      },
      "lowPrice": {
        "bid": 3323.64,
        "ask": 3324.14,
        "lastTraded": null
      },
      "lastTradedVolume": 1330
    },
    {
      "snapshotTime": "2025:06:06-17:30:00",
      "openPrice": {
        "bid": 3323.74,
        "ask": 3324.24,
        "lastTraded": null
      },
      "closePrice": {
        "bid": 3324.68,
        "ask": 3325.18,
        "lastTraded": null
      },
      "highPrice": {
        "bid": 3325.64,
        "ask": 3325.98,
        "lastTraded": null
      },
      "lowPrice": {
        "bid": 3321.28,
        "ask": 3321.63,
        "lastTraded": null
      },
      "lastTradedVolume": 1548
    },
    {
      "snapshotTime": "2025:06:06-17:45:00",
      "openPrice": {
        "bid": 3324.73,
        "ask": 3325.03,
        "lastTraded": null
      },
      "closePrice": {
        "bid": 3322.63,
        "ask": 3323.13,
        "lastTraded": null
      },
      "highPrice": {
        "bid": 3325.63,
        "ask": 3326.08,
        "lastTraded": null
      },
      "lowPrice": {
        "bid": 3320.8,
        "ask": 3321.3,
        "lastTraded": null
      },
      "lastTradedVolume": 1323
    },
    {
      "snapshotTime": "2025:06:06-18:00:00",
      "openPrice": {
        "bid": 3322.87,
        "ask": 3323.37,
        "lastTraded": null
      },
      "closePrice": {
        "bid": 3325.48,
        "ask": 3325.78,
        "lastTraded": null
      },
      "highPrice": {
        "bid": 3326.73,
        "ask": 3327.03,
        "lastTraded": null
      },
      "lowPrice": {
        "bid": 3322.58,
        "ask": 3323.01,
        "lastTraded": null
      },
      "lastTradedVolume": 1227
    },
    {
      "snapshotTime": "2025:06:06-18:15:00",
      "openPrice": {
        "bid": 3325.93,
        "ask": 3326.23,
        "lastTraded": null
      },
      "closePrice": {
        "bid": 3323.88,
        "ask": 3324.38,
        "lastTraded": null
      },
      "highPrice": {
        "bid": 3326.33,
        "ask": 3326.63,
        "lastTraded": null
      },
      "lowPrice": {
        "bid": 3323.05,
        "ask": 3323.38,
        "lastTraded": null
      },
      "lastTradedVolume": 963
    },
    {
      "snapshotTime": "2025:06:06-18:30:00",
      "openPrice": {
        "bid": 3323.83,
        "ask": 3324.33,
        "lastTraded": null
      },
      "closePrice": {
        "bid": 3322.13,
        "ask": 3322.63,
        "lastTraded": null
      },
      "highPrice": {
        "bid": 3323.98,
        "ask": 3324.48,
        "lastTraded": null
      },
      "lowPrice": {
        "bid": 3321.58,
        "ask": 3321.88,
        "lastTraded": null
      },
      "lastTradedVolume": 890
    },
    {
      "snapshotTime": "2025:06:06-18:45:00",
      "openPrice": {
        "bid": 3322.08,
        "ask": 3322.58,
        "lastTraded": null
      },
      "closePrice": {
        "bid": 3323.47,
        "ask": 3323.97,
        "lastTraded": null
      },
      "highPrice": {
        "bid": 3324.38,
        "ask": 3324.74,
        "lastTraded": null
      },
      "lowPrice": {
        "bid": 3321.28,
        "ask": 3321.58,
        "lastTraded": null
      },
      "lastTradedVolume": 724
    },
    {
      "snapshotTime": "2025:06:06-19:00:00",
      "openPrice": {
        "bid": 3323.48,
        "ask": 3323.98,
        "lastTraded": null
      },
      "closePrice": {
        "bid": 3315.2,
        "ask": 3315.7,
        "lastTraded": null
      },
      "highPrice": {
        "bid": 3323.93,
        "ask": 3324.26,
        "lastTraded": null
      },
      "lowPrice": {
        "bid": 3313.65,
        "ask": 3313.96,
        "lastTraded": null
      },
      "lastTradedVolume": 1253
    },
    {
      "snapshotTime": "2025:06:06-19:15:00",
      "openPrice": {
        "bid": 3315.1,
        "ask": 3315.6,
        "lastTraded": null
      },
      "closePrice": {
        "bid": 3315.76,
        "ask": 3316.06,
        "lastTraded": null
      },
      "highPrice": {
        "bid": 3317.3,
        "ask": 3317.7,
        "lastTraded": null
      },
      "lowPrice": {
        "bid": 3314.18,
        "ask": 3314.54,
        "lastTraded": null
      },
      "lastTradedVolume": 977
    },
    {
      "snapshotTime": "2025:06:06-19:30:00",
      "openPrice": {
        "bid": 3315.65,
        "ask": 3316.15,
        "lastTraded": null
      },
      "closePrice": {
        "bid": 3319.38,
        "ask": 3319.68,
        "lastTraded": null
      },
      "highPrice": {
        "bid": 3319.93,
        "ask": 3320.35,
        "lastTraded": null
      },
      "lowPrice": {
        "bid": 3314.55,
        "ask": 3315.05,
        "lastTraded": null
      },
      "lastTradedVolume": 620
    }
  ],
  "instrumentType": "CURRENCIES",
  "allowance": {
    "remainingAllowance": 9792,
    "totalAllowance": 10000,
    "allowanceExpiry": 394991
  }
}
[2025-06-06 19:40:06,685] INFO: Processing price data for GC
[2025-06-06 19:40:06,685] INFO: Processed 52 price points for GC
[2025-06-06 19:40:06,687] DEBUG: Strategy datapoints: <equitiestradingbot.interfaces.market_history.MarketHistory object at 0x10d73b8c0>
[2025-06-06 19:40:06,690] INFO: MACD Calculation Details:
[2025-06-06 19:40:06,690] INFO:   Fast EMA (12): 3323.16502
[2025-06-06 19:40:06,690] INFO:   Slow EMA (26): 3331.31240
[2025-06-06 19:40:06,690] INFO:   MACD Line: -8.14738
[2025-06-06 19:40:06,690] INFO:   Signal Line: -8.13209
[2025-06-06 19:40:06,690] INFO:   Histogram: -0.01529
[2025-06-06 19:40:06,690] INFO:   Previous MACD: -8.41379
[2025-06-06 19:40:06,690] INFO:   Previous Signal: -8.12827
[2025-06-06 19:40:06,690] INFO:   MACD Cross Status: No Cross
[2025-06-06 19:40:06,690] INFO:   MACD Zero Line Status: Below Zero
[2025-06-06 19:40:06,697] INFO: Trade Analysis for CS.D.USCGC.TODAY.IP:
[2025-06-06 19:40:06,698] INFO: Latest Price: 3319.38000
[2025-06-06 19:40:06,698] INFO: 50 EMA: 3340.86226
[2025-06-06 19:40:06,698] INFO: 200 EMA: 3357.07581
[2025-06-06 19:40:06,698] INFO: MACD: -8.14738 (Signal: -8.13209)
[2025-06-06 19:40:06,698] INFO: RSI: 44.79
[2025-06-06 19:40:06,698] INFO: ADX: 58.98
[2025-06-06 19:40:06,698] INFO: Volume: 620 (MA: 1070)
[2025-06-06 19:40:06,698] INFO: Checking for LONG signal...
[2025-06-06 19:40:06,698] INFO:   - EMA trend structure not met
[2025-06-06 19:40:06,698] INFO: Checking for SHORT signal...
[2025-06-06 19:40:06,698] INFO:   - EMA trend structure met (price < 50 EMA < 200 EMA)
[2025-06-06 19:40:06,698] INFO:   - MACD conditions met (below signal line and below zero)
[2025-06-06 19:40:06,698] INFO:   - ADX condition met (above 25)
[2025-06-06 19:40:06,698] INFO:   - Squeeze momentum condition met
[2025-06-06 19:40:06,698] INFO:   - Additional conditions met: 2/3
[2025-06-06 19:40:06,698] ERROR: Cannot send Telegram message: Missing token or chat_id
[2025-06-06 19:40:06,698] INFO: Attempting to place trade with data: {
  "direction": "SELL",
  "epic": "CS.D.USCGC.TODAY.IP",
  "limitLevel": 3299.88,
  "orderType": "MARKET",
  "size": 10,
  "stopLevel": 3327.1800000000003,
  "forceOpen": true,
  "expiry": "DFB",
  "guaranteedStop": false,
  "currencyCode": "GBP"
}
[2025-06-06 19:40:06,699] DEBUG: Starting new HTTPS connection (1): demo-api.ig.com:443
[2025-06-06 19:40:06,998] DEBUG: https://demo-api.ig.com:443 "POST /gateway/deal/positions/otc HTTP/1.1" 200 35
[2025-06-06 19:40:09,516] DEBUG: Starting new HTTPS connection (1): demo-api.ig.com:443
[2025-06-06 19:40:20,890] DEBUG: https://demo-api.ig.com:443 "GET /gateway/deal/confirms/GUNENVVLDUYTYN7 HTTP/1.1" 200 472
[2025-06-06 19:40:20,891] INFO: Order confirmation response: {
  "date": "2025-06-06T18:40:07.104",
  "status": "OPEN",
  "reason": "SUCCESS",
  "dealStatus": "ACCEPTED",
  "epic": "CS.D.USCGC.TODAY.IP",
  "expiry": "DFB",
  "dealReference": "GUNENVVLDUYTYN7",
  "dealId": "DIAAAAT2KLLSWAK",
  "affectedDeals": [
    {
      "dealId": "DIAAAAT2KLLSWAK",
      "status": "OPENED"
    }
  ],
  "level": 3319.28,
  "size": 10.0,
  "direction": "SELL",
  "stopLevel": 3327.18,
  "limitLevel": 3299.88,
  "stopDistance": null,
  "limitDistance": null,
  "guaranteedStop": false,
  "trailingStop": false,
  "profit": null,
  "profitCurrency": null
}
[2025-06-06 19:40:20,891] INFO: Order SELL for CS.D.USCGC.TODAY.IP confirmed with limit=3299.88 and stop=3327.1800000000003
[2025-06-06 19:40:20,892] DEBUG: Starting new HTTPS connection (1): demo-api.ig.com:443
[2025-06-06 19:40:21,096] DEBUG: https://demo-api.ig.com:443 "GET /gateway/deal/markets/ HTTP/1.1" 500 77
[2025-06-06 19:40:21,096] ERROR: HTTP request returned 500
[2025-06-06 19:40:21,096] INFO: Finished processing all markets in the source
[2025-06-06 19:40:21,096] INFO: Resetting MarketProvider
[2025-06-06 19:40:21,097] INFO: Wait for 0.08 hours...
