[2025-05-08 18:38:51,643] INFO: Logging to file: /Users/e1/Documents/equitiestradingbot/log/trading_bot_2025-05-08T18_38_51_643209.log
[2025-05-08 18:38:51,643] INFO: Initialising IGInterface...
[2025-05-08 18:38:51,648] DEBUG: Starting new HTTPS connection (1): demo-api.ig.com:443
[2025-05-08 18:38:51,847] DEBUG: https://demo-api.ig.com:443 "POST /gateway/deal/session HTTP/1.1" 200 611
[2025-05-08 18:38:51,849] DEBUG: Starting new HTTPS connection (1): demo-api.ig.com:443
[2025-05-08 18:38:51,917] DEBUG: https://demo-api.ig.com:443 "PUT /gateway/deal/session HTTP/1.1" 412 56
[2025-05-08 18:38:51,918] INFO: Account is already set as default
[2025-05-08 18:38:51,918] INFO: Using stock interface: IGInterface
[2025-05-08 18:38:51,918] INFO: Simple MACD strategy initialised.
[2025-05-08 18:38:51,919] INFO: Performing a single iteration of the market source
[2025-05-08 18:38:54,946] DEBUG: Starting new HTTPS connection (1): demo-api.ig.com:443
[2025-05-08 18:38:54,991] DEBUG: https://demo-api.ig.com:443 "GET /gateway/deal/positions HTTP/1.1" 200 16
[2025-05-08 18:38:54,992] DEBUG: Raw positions response: {
  "positions": []
}
[2025-05-08 18:38:54,993] INFO: Starting to process market source
[2025-05-08 18:38:58,013] DEBUG: Starting new HTTPS connection (1): demo-api.ig.com:443
[2025-05-08 18:38:58,092] DEBUG: https://demo-api.ig.com:443 "GET /gateway/deal/markets/CS.D.CFPGOLD.CFP.IP HTTP/1.1" 200 1564
[2025-05-08 18:39:01,119] DEBUG: Starting new HTTPS connection (1): demo-api.ig.com:443
[2025-05-08 18:39:01,160] DEBUG: https://demo-api.ig.com:443 "GET /gateway/deal/positions HTTP/1.1" 200 16
[2025-05-08 18:39:01,161] DEBUG: Raw positions response: {
  "positions": []
}
[2025-05-08 18:39:04,182] DEBUG: Starting new HTTPS connection (1): demo-api.ig.com:443
[2025-05-08 18:39:04,252] DEBUG: https://demo-api.ig.com:443 "GET /gateway/deal/accounts HTTP/1.1" 200 550
[2025-05-08 18:39:04,294] INFO: Processing GC
[2025-05-08 18:39:04,295] CRITICAL: CRITICAL: get_prices method called
[2025-05-08 18:39:04,295] INFO: Fetching price data from URL: https://demo-api.ig.com/gateway/deal/prices/CS.D.CFPGOLD.CFP.IP/DAY/26
[2025-05-08 18:39:07,312] DEBUG: Starting new HTTPS connection (1): demo-api.ig.com:443
[2025-05-08 18:39:07,371] DEBUG: https://demo-api.ig.com:443 "GET /gateway/deal/prices/CS.D.CFPGOLD.CFP.IP/DAY/26 HTTP/1.1" 200 8052
[2025-05-08 18:39:07,373] ERROR: Strategy exception caught: cannot access local variable 'secs' where it is not associated with a value
[2025-05-08 18:39:07,377] DEBUG: Traceback (most recent call last):
  File "/Users/e1/Documents/equitiestradingbot/equitiestradingbot/tradingbot.py", line 186, in process_market
    trade, limit, stop = self.strategy.run(market)
                         ~~~~~~~~~~~~~~~~~^^^^^^^^
  File "/Users/e1/Documents/equitiestradingbot/equitiestradingbot/strategies/base.py", line 40, in run
    datapoints = self.fetch_datapoints(market)
  File "/Users/e1/Documents/equitiestradingbot/equitiestradingbot/strategies/simple_macd.py", line 47, in fetch_datapoints
    return self.broker.get_macd(market, Interval.DAY, 30)
           ~~~~~~~~~~~~~~~~~~~~^^^^^^^^^^^^^^^^^^^^^^^^^^
  File "/Users/e1/Documents/equitiestradingbot/equitiestradingbot/components/broker/broker.py", line 84, in get_macd
    return self.stocks_ifc.get_macd(market, interval, datapoints_range)
           ~~~~~~~~~~~~~~~~~~~~~~~~^^^^^^^^^^^^^^^^^^^^^^^^^^^^^^^^^^^^
  File "/Users/e1/Documents/equitiestradingbot/equitiestradingbot/components/broker/ig_interface.py", line 491, in get_macd
    data = self._macd_dataframe(market, interval)
  File "/Users/e1/Documents/equitiestradingbot/equitiestradingbot/components/broker/ig_interface.py", line 501, in _macd_dataframe
    prices = self.get_prices(market, Interval.DAY, 26)
  File "/Users/e1/Documents/equitiestradingbot/equitiestradingbot/components/broker/ig_interface.py", line 242, in get_prices
    reset_time = Utils.humanize_time(int(data["allowance"]["allowanceExpiry"]))
  File "/Users/e1/Documents/equitiestradingbot/equitiestradingbot/components/utils.py", line 132, in humanize_time
    mins, secs = divmod(secs, 60)
                        ^^^^
UnboundLocalError: cannot access local variable 'secs' where it is not associated with a value

[2025-05-08 18:39:07,378] INFO: Starting to process market source
