[2025-05-08 13:51:49,900] INFO: Logging to file: /Users/e1/Documents/equitiestradingbot/log/trading_bot_2025-05-08T13_51_49_899923.log
[2025-05-08 13:51:49,900] INFO: Initialising IGInterface...
[2025-05-08 13:51:49,906] DEBUG: Starting new HTTPS connection (1): demo-api.ig.com:443
[2025-05-08 13:51:51,722] DEBUG: https://demo-api.ig.com:443 "POST /gateway/deal/session HTTP/1.1" 200 619
[2025-05-08 13:51:51,724] DEBUG: Starting new HTTPS connection (1): demo-api.ig.com:443
[2025-05-08 13:51:52,377] DEBUG: https://demo-api.ig.com:443 "PUT /gateway/deal/session HTTP/1.1" 412 56
[2025-05-08 13:51:52,378] INFO: Account is already set as default
[2025-05-08 13:51:52,378] INFO: Using stock interface: IGInterface
[2025-05-08 13:51:52,379] INFO: Simple MACD strategy initialised.
[2025-05-08 13:51:53,387] DEBUG: Starting new HTTPS connection (1): demo-api.ig.com:443
[2025-05-08 13:51:53,809] DEBUG: https://demo-api.ig.com:443 "GET /gateway/deal/positions HTTP/1.1" 200 683
[2025-05-08 13:51:53,810] DEBUG: Raw positions response: {
  "positions": [
    {
      "position": {
        "contractSize": 1.0,
        "createdDate": "2025/05/06 18:22:20:000",
        "dealId": "DIAAAATP62AT7AQ",
        "dealSize": 10.0,
        "direction": "BUY",
        "limitLevel": 4216.05,
        "openLevel": 3416.05,
        "currency": "GBP",
        "controlledRisk": false,
        "stopLevel": 3316.05,
        "trailingStep": null,
        "trailingStopDistance": null,
        "limitedRiskPremium": null
      },
      "market": {
        "instrumentName": "Spot Gold (\u00a31 Contract)",
        "expiry": "-",
        "epic": "CS.D.CFPGOLD.CFP.IP",
        "instrumentType": "CURRENCIES",
        "lotSize": 1.0,
        "high": 3415.05,
        "low": 3319.96,
        "percentageChange": -0.46,
        "netChange": -15.6,
        "bid": 3349.05,
        "offer": 3349.35,
        "updateTime": "13:51:53",
        "delayTime": 0,
        "streamingPricesAvailable": true,
        "marketStatus": "TRADEABLE",
        "scalingFactor": 1
      }
    }
  ]
}
[2025-05-08 13:51:56,834] DEBUG: Starting new HTTPS connection (1): demo-api.ig.com:443
[2025-05-08 13:51:57,356] DEBUG: https://demo-api.ig.com:443 "GET /gateway/deal/markets/CS.D.CFPGOLD.CFP.IP HTTP/1.1" 200 1564
[2025-05-08 13:51:59,903] DEBUG: Starting new HTTPS connection (1): demo-api.ig.com:443
[2025-05-08 13:52:00,740] DEBUG: https://demo-api.ig.com:443 "GET /gateway/deal/accounts HTTP/1.1" 200 558
[2025-05-08 13:52:00,794] INFO: Processing GC
[2025-05-08 13:52:00,795] INFO: Strategy run starting for market: GC (Spot Gold (£1 Contract))
[2025-05-08 13:52:00,795] CRITICAL: CRITICAL: get_prices method called
[2025-05-08 13:52:00,795] INFO: Fetching price data from URL: https://demo-api.ig.com/gateway/deal/prices/CS.D.CFPGOLD.CFP.IP/Interval.DAY/26
[2025-05-08 13:52:03,311] DEBUG: Starting new HTTPS connection (1): demo-api.ig.com:443
[2025-05-08 13:52:03,719] DEBUG: https://demo-api.ig.com:443 "GET /gateway/deal/prices/CS.D.CFPGOLD.CFP.IP/Interval.DAY/26 HTTP/1.1" 400 46
[2025-05-08 13:52:03,719] ERROR: HTTP request returned 400
[2025-05-08 13:52:03,719] ERROR: Strategy exception caught: HTTP request returned 400
[2025-05-08 13:52:03,724] DEBUG: Traceback (most recent call last):
  File "/Users/e1/Documents/equitiestradingbot/equitiestradingbot/tradingbot.py", line 186, in process_market
    trade, limit, stop = self.strategy.run(market)
                         ~~~~~~~~~~~~~~~~~^^^^^^^^
  File "/Users/e1/Documents/equitiestradingbot/equitiestradingbot/strategies/base.py", line 41, in run
    datapoints = self.fetch_datapoints(market)
  File "/Users/e1/Documents/equitiestradingbot/equitiestradingbot/strategies/simple_macd.py", line 47, in fetch_datapoints
    return self.broker.get_macd(market, Interval.DAY, 30)
           ~~~~~~~~~~~~~~~~~~~~^^^^^^^^^^^^^^^^^^^^^^^^^^
  File "/Users/e1/Documents/equitiestradingbot/equitiestradingbot/components/broker/broker.py", line 84, in get_macd
    return self.stocks_ifc.get_macd(market, interval, datapoints_range)
           ~~~~~~~~~~~~~~~~~~~~~~~~^^^^^^^^^^^^^^^^^^^^^^^^^^^^^^^^^^^^
  File "/Users/e1/Documents/equitiestradingbot/equitiestradingbot/components/broker/ig_interface.py", line 498, in get_macd
    data = self._macd_dataframe(market, interval)
  File "/Users/e1/Documents/equitiestradingbot/equitiestradingbot/components/broker/ig_interface.py", line 508, in _macd_dataframe
    prices = self.get_prices(market, Interval.DAY, 26)
  File "/Users/e1/Documents/equitiestradingbot/equitiestradingbot/components/broker/ig_interface.py", line 239, in get_prices
    data = self._http_get(url)
  File "/Users/e1/Documents/equitiestradingbot/equitiestradingbot/components/broker/ig_interface.py", line 488, in _http_get
    raise RuntimeError("HTTP request returned {}".format(response.status_code))
RuntimeError: HTTP request returned 400

[2025-05-08 13:52:03,725] INFO: Starting to process market source
[2025-05-08 13:52:06,740] DEBUG: Starting new HTTPS connection (1): demo-api.ig.com:443
[2025-05-08 13:52:07,027] DEBUG: https://demo-api.ig.com:443 "GET /gateway/deal/markets/CS.D.CFPGOLD.CFP.I HTTP/1.1" 404 68
[2025-05-08 13:52:07,027] ERROR: HTTP request returned 404
[2025-05-08 13:52:07,028] INFO: Wait for 0.00 hours...
[2025-05-08 13:52:10,044] DEBUG: Starting new HTTPS connection (1): demo-api.ig.com:443
[2025-05-08 13:52:10,877] DEBUG: https://demo-api.ig.com:443 "GET /gateway/deal/positions HTTP/1.1" 200 683
[2025-05-08 13:52:10,878] DEBUG: Raw positions response: {
  "positions": [
    {
      "position": {
        "contractSize": 1.0,
        "createdDate": "2025/05/06 18:22:20:000",
        "dealId": "DIAAAATP62AT7AQ",
        "dealSize": 10.0,
        "direction": "BUY",
        "limitLevel": 4216.05,
        "openLevel": 3416.05,
        "currency": "GBP",
        "controlledRisk": false,
        "stopLevel": 3316.05,
        "trailingStep": null,
        "trailingStopDistance": null,
        "limitedRiskPremium": null
      },
      "market": {
        "instrumentName": "Spot Gold (\u00a31 Contract)",
        "expiry": "-",
        "epic": "CS.D.CFPGOLD.CFP.IP",
        "instrumentType": "CURRENCIES",
        "lotSize": 1.0,
        "high": 3415.05,
        "low": 3319.96,
        "percentageChange": -0.51,
        "netChange": -17.2,
        "bid": 3347.35,
        "offer": 3347.85,
        "updateTime": "13:52:09",
        "delayTime": 0,
        "streamingPricesAvailable": true,
        "marketStatus": "TRADEABLE",
        "scalingFactor": 1
      }
    }
  ]
}
[2025-05-08 13:52:13,405] DEBUG: Starting new HTTPS connection (1): demo-api.ig.com:443
[2025-05-08 13:52:14,154] DEBUG: https://demo-api.ig.com:443 "GET /gateway/deal/markets/CS.D.CFPGOLD.CFP.IP HTTP/1.1" 200 1563
[2025-05-08 13:52:16,672] DEBUG: Starting new HTTPS connection (1): demo-api.ig.com:443
[2025-05-08 13:52:16,942] DEBUG: https://demo-api.ig.com:443 "GET /gateway/deal/accounts HTTP/1.1" 200 558
[2025-05-08 13:52:16,968] INFO: Processing GC
[2025-05-08 13:52:16,969] INFO: Strategy run starting for market: GC (Spot Gold (£1 Contract))
[2025-05-08 13:52:16,969] CRITICAL: CRITICAL: get_prices method called
[2025-05-08 13:52:16,969] INFO: Fetching price data from URL: https://demo-api.ig.com/gateway/deal/prices/CS.D.CFPGOLD.CFP.IP/Interval.DAY/26
[2025-05-08 13:52:19,991] DEBUG: Starting new HTTPS connection (1): demo-api.ig.com:443
[2025-05-08 13:52:20,553] DEBUG: https://demo-api.ig.com:443 "GET /gateway/deal/prices/CS.D.CFPGOLD.CFP.IP/Interval.DAY/26 HTTP/1.1" 400 46
[2025-05-08 13:52:20,554] ERROR: HTTP request returned 400
[2025-05-08 13:52:20,554] ERROR: Strategy exception caught: HTTP request returned 400
[2025-05-08 13:52:20,555] DEBUG: Traceback (most recent call last):
  File "/Users/e1/Documents/equitiestradingbot/equitiestradingbot/tradingbot.py", line 186, in process_market
    trade, limit, stop = self.strategy.run(market)
                         ~~~~~~~~~~~~~~~~~^^^^^^^^
  File "/Users/e1/Documents/equitiestradingbot/equitiestradingbot/strategies/base.py", line 41, in run
    datapoints = self.fetch_datapoints(market)
  File "/Users/e1/Documents/equitiestradingbot/equitiestradingbot/strategies/simple_macd.py", line 47, in fetch_datapoints
    return self.broker.get_macd(market, Interval.DAY, 30)
           ~~~~~~~~~~~~~~~~~~~~^^^^^^^^^^^^^^^^^^^^^^^^^^
  File "/Users/e1/Documents/equitiestradingbot/equitiestradingbot/components/broker/broker.py", line 84, in get_macd
    return self.stocks_ifc.get_macd(market, interval, datapoints_range)
           ~~~~~~~~~~~~~~~~~~~~~~~~^^^^^^^^^^^^^^^^^^^^^^^^^^^^^^^^^^^^
  File "/Users/e1/Documents/equitiestradingbot/equitiestradingbot/components/broker/ig_interface.py", line 498, in get_macd
    data = self._macd_dataframe(market, interval)
  File "/Users/e1/Documents/equitiestradingbot/equitiestradingbot/components/broker/ig_interface.py", line 508, in _macd_dataframe
    prices = self.get_prices(market, Interval.DAY, 26)
  File "/Users/e1/Documents/equitiestradingbot/equitiestradingbot/components/broker/ig_interface.py", line 239, in get_prices
    data = self._http_get(url)
  File "/Users/e1/Documents/equitiestradingbot/equitiestradingbot/components/broker/ig_interface.py", line 488, in _http_get
    raise RuntimeError("HTTP request returned {}".format(response.status_code))
RuntimeError: HTTP request returned 400

[2025-05-08 13:52:20,555] INFO: Starting to process market source
[2025-05-08 13:52:20,555] INFO: Wait for 0.00 hours...
[2025-05-08 13:52:23,058] DEBUG: Starting new HTTPS connection (1): demo-api.ig.com:443
[2025-05-08 13:52:23,298] DEBUG: https://demo-api.ig.com:443 "GET /gateway/deal/positions HTTP/1.1" 200 683
[2025-05-08 13:52:23,299] DEBUG: Raw positions response: {
  "positions": [
    {
      "position": {
        "contractSize": 1.0,
        "createdDate": "2025/05/06 18:22:20:000",
        "dealId": "DIAAAATP62AT7AQ",
        "dealSize": 10.0,
        "direction": "BUY",
        "limitLevel": 4216.05,
        "openLevel": 3416.05,
        "currency": "GBP",
        "controlledRisk": false,
        "stopLevel": 3316.05,
        "trailingStep": null,
        "trailingStopDistance": null,
        "limitedRiskPremium": null
      },
      "market": {
        "instrumentName": "Spot Gold (\u00a31 Contract)",
        "expiry": "-",
        "epic": "CS.D.CFPGOLD.CFP.IP",
        "instrumentType": "CURRENCIES",
        "lotSize": 1.0,
        "high": 3415.05,
        "low": 3319.96,
        "percentageChange": -0.48,
        "netChange": -16.3,
        "bid": 3348.35,
        "offer": 3348.65,
        "updateTime": "13:52:22",
        "delayTime": 0,
        "streamingPricesAvailable": true,
        "marketStatus": "TRADEABLE",
        "scalingFactor": 1
      }
    }
  ]
}
