[2025-05-05 15:43:34,191] INFO: Logging to file: /Users/e1/Documents/equitiestradingbot/log/trading_bot_2025-05-05T15_43_34_190851.log
[2025-05-05 15:43:34,191] INFO: Initialising IGInterface...
[2025-05-05 15:43:34,201] DEBUG: Starting new HTTPS connection (1): demo-api.ig.com:443
[2025-05-05 15:43:34,395] DEBUG: https://demo-api.ig.com:443 "POST /gateway/deal/session HTTP/1.1" 200 616
[2025-05-05 15:43:34,397] DEBUG: Starting new HTTPS connection (1): demo-api.ig.com:443
[2025-05-05 15:43:34,470] DEBUG: https://demo-api.ig.com:443 "PUT /gateway/deal/session HTTP/1.1" 412 56
[2025-05-05 15:43:34,486] INFO: Account is already set as default
[2025-05-05 15:43:34,487] INFO: Using stock interface: IGInterface
[2025-05-05 15:43:34,487] INFO: Simple MACD strategy initialised.
[2025-05-05 15:43:37,520] DEBUG: Starting new HTTPS connection (1): demo-api.ig.com:443
[2025-05-05 15:43:37,648] DEBUG: https://demo-api.ig.com:443 "GET /gateway/deal/positions HTTP/1.1" 200 679
[2025-05-05 15:43:40,665] DEBUG: Starting new HTTPS connection (1): demo-api.ig.com:443
[2025-05-05 15:43:40,764] DEBUG: https://demo-api.ig.com:443 "GET /gateway/deal/markets/None HTTP/1.1" 400 47
[2025-05-05 15:43:40,765] ERROR: HTTP request returned 400
[2025-05-05 15:43:40,765] ERROR: Generic exception caught: HTTP request returned 400
[2025-05-05 15:43:40,768] ERROR: Traceback (most recent call last):
  File "/Users/e1/Documents/equitiestradingbot/equitiestradingbot/tradingbot.py", line 119, in start
    self.process_open_positions()
    ~~~~~~~~~~~~~~~~~~~~~~~~~~~^^
  File "/Users/e1/Documents/equitiestradingbot/equitiestradingbot/tradingbot.py", line 162, in process_open_positions
    market = self.market_provider.get_market_from_epic(epic)
  File "/Users/e1/Documents/equitiestradingbot/equitiestradingbot/components/market_provider.py", line 65, in get_market_from_epic
    return self._create_market(epic)
           ~~~~~~~~~~~~~~~~~~~^^^^^^
  File "/Users/e1/Documents/equitiestradingbot/equitiestradingbot/components/market_provider.py", line 217, in _create_market
    market = self.broker.get_market_info(epic_id)
  File "/Users/e1/Documents/equitiestradingbot/equitiestradingbot/components/broker/broker.py", line 70, in get_market_info
    return self.account_ifc.get_market_info(market_id)
           ~~~~~~~~~~~~~~~~~~~~~~~~~~~~~~~~^^^^^^^^^^^
  File "/Users/e1/Documents/equitiestradingbot/equitiestradingbot/components/broker/ig_interface.py", line 198, in get_market_info
    info = self._http_get(url)
  File "/Users/e1/Documents/equitiestradingbot/equitiestradingbot/components/broker/ig_interface.py", line 504, in _http_get
    raise RuntimeError("HTTP request returned {}".format(response.status_code))
RuntimeError: HTTP request returned 400

[2025-05-05 15:43:43,797] DEBUG: Starting new HTTPS connection (1): demo-api.ig.com:443
[2025-05-05 15:43:43,883] DEBUG: https://demo-api.ig.com:443 "GET /gateway/deal/positions HTTP/1.1" 200 681
[2025-05-05 15:43:46,907] DEBUG: Starting new HTTPS connection (1): demo-api.ig.com:443
[2025-05-05 15:43:47,005] DEBUG: https://demo-api.ig.com:443 "GET /gateway/deal/markets/None HTTP/1.1" 400 47
[2025-05-05 15:43:47,006] ERROR: HTTP request returned 400
[2025-05-05 15:43:47,006] ERROR: Generic exception caught: HTTP request returned 400
[2025-05-05 15:43:47,007] ERROR: Traceback (most recent call last):
  File "/Users/e1/Documents/equitiestradingbot/equitiestradingbot/tradingbot.py", line 119, in start
    self.process_open_positions()
    ~~~~~~~~~~~~~~~~~~~~~~~~~~~^^
  File "/Users/e1/Documents/equitiestradingbot/equitiestradingbot/tradingbot.py", line 162, in process_open_positions
    market = self.market_provider.get_market_from_epic(epic)
  File "/Users/e1/Documents/equitiestradingbot/equitiestradingbot/components/market_provider.py", line 65, in get_market_from_epic
    return self._create_market(epic)
           ~~~~~~~~~~~~~~~~~~~^^^^^^
  File "/Users/e1/Documents/equitiestradingbot/equitiestradingbot/components/market_provider.py", line 217, in _create_market
    market = self.broker.get_market_info(epic_id)
  File "/Users/e1/Documents/equitiestradingbot/equitiestradingbot/components/broker/broker.py", line 70, in get_market_info
    return self.account_ifc.get_market_info(market_id)
           ~~~~~~~~~~~~~~~~~~~~~~~~~~~~~~~~^^^^^^^^^^^
  File "/Users/e1/Documents/equitiestradingbot/equitiestradingbot/components/broker/ig_interface.py", line 198, in get_market_info
    info = self._http_get(url)
  File "/Users/e1/Documents/equitiestradingbot/equitiestradingbot/components/broker/ig_interface.py", line 504, in _http_get
    raise RuntimeError("HTTP request returned {}".format(response.status_code))
RuntimeError: HTTP request returned 400

[2025-05-05 15:43:50,042] DEBUG: Starting new HTTPS connection (1): demo-api.ig.com:443
[2025-05-05 15:43:50,161] DEBUG: https://demo-api.ig.com:443 "GET /gateway/deal/positions HTTP/1.1" 200 679
[2025-05-05 15:43:53,182] DEBUG: Starting new HTTPS connection (1): demo-api.ig.com:443
[2025-05-05 15:43:53,294] DEBUG: https://demo-api.ig.com:443 "GET /gateway/deal/markets/None HTTP/1.1" 400 47
[2025-05-05 15:43:53,295] ERROR: HTTP request returned 400
[2025-05-05 15:43:53,295] ERROR: Generic exception caught: HTTP request returned 400
[2025-05-05 15:43:53,296] ERROR: Traceback (most recent call last):
  File "/Users/e1/Documents/equitiestradingbot/equitiestradingbot/tradingbot.py", line 119, in start
    self.process_open_positions()
    ~~~~~~~~~~~~~~~~~~~~~~~~~~~^^
  File "/Users/e1/Documents/equitiestradingbot/equitiestradingbot/tradingbot.py", line 162, in process_open_positions
    market = self.market_provider.get_market_from_epic(epic)
  File "/Users/e1/Documents/equitiestradingbot/equitiestradingbot/components/market_provider.py", line 65, in get_market_from_epic
    return self._create_market(epic)
           ~~~~~~~~~~~~~~~~~~~^^^^^^
  File "/Users/e1/Documents/equitiestradingbot/equitiestradingbot/components/market_provider.py", line 217, in _create_market
    market = self.broker.get_market_info(epic_id)
  File "/Users/e1/Documents/equitiestradingbot/equitiestradingbot/components/broker/broker.py", line 70, in get_market_info
    return self.account_ifc.get_market_info(market_id)
           ~~~~~~~~~~~~~~~~~~~~~~~~~~~~~~~~^^^^^^^^^^^
  File "/Users/e1/Documents/equitiestradingbot/equitiestradingbot/components/broker/ig_interface.py", line 198, in get_market_info
    info = self._http_get(url)
  File "/Users/e1/Documents/equitiestradingbot/equitiestradingbot/components/broker/ig_interface.py", line 504, in _http_get
    raise RuntimeError("HTTP request returned {}".format(response.status_code))
RuntimeError: HTTP request returned 400

[2025-05-05 15:43:56,331] DEBUG: Starting new HTTPS connection (1): demo-api.ig.com:443
[2025-05-05 15:43:56,447] DEBUG: https://demo-api.ig.com:443 "GET /gateway/deal/positions HTTP/1.1" 200 681
[2025-05-05 15:43:59,475] DEBUG: Starting new HTTPS connection (1): demo-api.ig.com:443
[2025-05-05 15:43:59,559] DEBUG: https://demo-api.ig.com:443 "GET /gateway/deal/markets/None HTTP/1.1" 400 47
[2025-05-05 15:43:59,560] ERROR: HTTP request returned 400
[2025-05-05 15:43:59,560] ERROR: Generic exception caught: HTTP request returned 400
[2025-05-05 15:43:59,562] ERROR: Traceback (most recent call last):
  File "/Users/e1/Documents/equitiestradingbot/equitiestradingbot/tradingbot.py", line 119, in start
    self.process_open_positions()
    ~~~~~~~~~~~~~~~~~~~~~~~~~~~^^
  File "/Users/e1/Documents/equitiestradingbot/equitiestradingbot/tradingbot.py", line 162, in process_open_positions
    market = self.market_provider.get_market_from_epic(epic)
  File "/Users/e1/Documents/equitiestradingbot/equitiestradingbot/components/market_provider.py", line 65, in get_market_from_epic
    return self._create_market(epic)
           ~~~~~~~~~~~~~~~~~~~^^^^^^
  File "/Users/e1/Documents/equitiestradingbot/equitiestradingbot/components/market_provider.py", line 217, in _create_market
    market = self.broker.get_market_info(epic_id)
  File "/Users/e1/Documents/equitiestradingbot/equitiestradingbot/components/broker/broker.py", line 70, in get_market_info
    return self.account_ifc.get_market_info(market_id)
           ~~~~~~~~~~~~~~~~~~~~~~~~~~~~~~~~^^^^^^^^^^^
  File "/Users/e1/Documents/equitiestradingbot/equitiestradingbot/components/broker/ig_interface.py", line 198, in get_market_info
    info = self._http_get(url)
  File "/Users/e1/Documents/equitiestradingbot/equitiestradingbot/components/broker/ig_interface.py", line 504, in _http_get
    raise RuntimeError("HTTP request returned {}".format(response.status_code))
RuntimeError: HTTP request returned 400

[2025-05-05 15:44:02,602] DEBUG: Starting new HTTPS connection (1): demo-api.ig.com:443
[2025-05-05 15:44:02,686] DEBUG: https://demo-api.ig.com:443 "GET /gateway/deal/positions HTTP/1.1" 200 681
[2025-05-05 15:44:05,717] DEBUG: Starting new HTTPS connection (1): demo-api.ig.com:443
[2025-05-05 15:44:05,817] DEBUG: https://demo-api.ig.com:443 "GET /gateway/deal/markets/None HTTP/1.1" 400 47
[2025-05-05 15:44:05,818] ERROR: HTTP request returned 400
[2025-05-05 15:44:05,818] ERROR: Generic exception caught: HTTP request returned 400
[2025-05-05 15:44:05,820] ERROR: Traceback (most recent call last):
  File "/Users/e1/Documents/equitiestradingbot/equitiestradingbot/tradingbot.py", line 119, in start
    self.process_open_positions()
    ~~~~~~~~~~~~~~~~~~~~~~~~~~~^^
  File "/Users/e1/Documents/equitiestradingbot/equitiestradingbot/tradingbot.py", line 162, in process_open_positions
    market = self.market_provider.get_market_from_epic(epic)
  File "/Users/e1/Documents/equitiestradingbot/equitiestradingbot/components/market_provider.py", line 65, in get_market_from_epic
    return self._create_market(epic)
           ~~~~~~~~~~~~~~~~~~~^^^^^^
  File "/Users/e1/Documents/equitiestradingbot/equitiestradingbot/components/market_provider.py", line 217, in _create_market
    market = self.broker.get_market_info(epic_id)
  File "/Users/e1/Documents/equitiestradingbot/equitiestradingbot/components/broker/broker.py", line 70, in get_market_info
    return self.account_ifc.get_market_info(market_id)
           ~~~~~~~~~~~~~~~~~~~~~~~~~~~~~~~~^^^^^^^^^^^
  File "/Users/e1/Documents/equitiestradingbot/equitiestradingbot/components/broker/ig_interface.py", line 198, in get_market_info
    info = self._http_get(url)
  File "/Users/e1/Documents/equitiestradingbot/equitiestradingbot/components/broker/ig_interface.py", line 504, in _http_get
    raise RuntimeError("HTTP request returned {}".format(response.status_code))
RuntimeError: HTTP request returned 400

[2025-05-05 15:44:08,857] DEBUG: Starting new HTTPS connection (1): demo-api.ig.com:443
[2025-05-05 15:44:08,945] DEBUG: https://demo-api.ig.com:443 "GET /gateway/deal/positions HTTP/1.1" 200 679
[2025-05-05 15:44:11,984] DEBUG: Starting new HTTPS connection (1): demo-api.ig.com:443
[2025-05-05 15:44:12,062] DEBUG: https://demo-api.ig.com:443 "GET /gateway/deal/markets/None HTTP/1.1" 400 47
[2025-05-05 15:44:12,063] ERROR: HTTP request returned 400
[2025-05-05 15:44:12,063] ERROR: Generic exception caught: HTTP request returned 400
[2025-05-05 15:44:12,065] ERROR: Traceback (most recent call last):
  File "/Users/e1/Documents/equitiestradingbot/equitiestradingbot/tradingbot.py", line 119, in start
    self.process_open_positions()
    ~~~~~~~~~~~~~~~~~~~~~~~~~~~^^
  File "/Users/e1/Documents/equitiestradingbot/equitiestradingbot/tradingbot.py", line 162, in process_open_positions
    market = self.market_provider.get_market_from_epic(epic)
  File "/Users/e1/Documents/equitiestradingbot/equitiestradingbot/components/market_provider.py", line 65, in get_market_from_epic
    return self._create_market(epic)
           ~~~~~~~~~~~~~~~~~~~^^^^^^
  File "/Users/e1/Documents/equitiestradingbot/equitiestradingbot/components/market_provider.py", line 217, in _create_market
    market = self.broker.get_market_info(epic_id)
  File "/Users/e1/Documents/equitiestradingbot/equitiestradingbot/components/broker/broker.py", line 70, in get_market_info
    return self.account_ifc.get_market_info(market_id)
           ~~~~~~~~~~~~~~~~~~~~~~~~~~~~~~~~^^^^^^^^^^^
  File "/Users/e1/Documents/equitiestradingbot/equitiestradingbot/components/broker/ig_interface.py", line 198, in get_market_info
    info = self._http_get(url)
  File "/Users/e1/Documents/equitiestradingbot/equitiestradingbot/components/broker/ig_interface.py", line 504, in _http_get
    raise RuntimeError("HTTP request returned {}".format(response.status_code))
RuntimeError: HTTP request returned 400

[2025-05-05 15:44:15,095] DEBUG: Starting new HTTPS connection (1): demo-api.ig.com:443
[2025-05-05 15:44:15,177] DEBUG: https://demo-api.ig.com:443 "GET /gateway/deal/positions HTTP/1.1" 200 681
[2025-05-05 15:44:18,217] DEBUG: Starting new HTTPS connection (1): demo-api.ig.com:443
[2025-05-05 15:44:18,298] DEBUG: https://demo-api.ig.com:443 "GET /gateway/deal/markets/None HTTP/1.1" 400 47
[2025-05-05 15:44:18,299] ERROR: HTTP request returned 400
[2025-05-05 15:44:18,299] ERROR: Generic exception caught: HTTP request returned 400
[2025-05-05 15:44:18,300] ERROR: Traceback (most recent call last):
  File "/Users/e1/Documents/equitiestradingbot/equitiestradingbot/tradingbot.py", line 119, in start
    self.process_open_positions()
    ~~~~~~~~~~~~~~~~~~~~~~~~~~~^^
  File "/Users/e1/Documents/equitiestradingbot/equitiestradingbot/tradingbot.py", line 162, in process_open_positions
    market = self.market_provider.get_market_from_epic(epic)
  File "/Users/e1/Documents/equitiestradingbot/equitiestradingbot/components/market_provider.py", line 65, in get_market_from_epic
    return self._create_market(epic)
           ~~~~~~~~~~~~~~~~~~~^^^^^^
  File "/Users/e1/Documents/equitiestradingbot/equitiestradingbot/components/market_provider.py", line 217, in _create_market
    market = self.broker.get_market_info(epic_id)
  File "/Users/e1/Documents/equitiestradingbot/equitiestradingbot/components/broker/broker.py", line 70, in get_market_info
    return self.account_ifc.get_market_info(market_id)
           ~~~~~~~~~~~~~~~~~~~~~~~~~~~~~~~~^^^^^^^^^^^
  File "/Users/e1/Documents/equitiestradingbot/equitiestradingbot/components/broker/ig_interface.py", line 198, in get_market_info
    info = self._http_get(url)
  File "/Users/e1/Documents/equitiestradingbot/equitiestradingbot/components/broker/ig_interface.py", line 504, in _http_get
    raise RuntimeError("HTTP request returned {}".format(response.status_code))
RuntimeError: HTTP request returned 400

