[2025-05-07 23:18:30,220] INFO: Logging to file: /Users/e1/Documents/equitiestradingbot/log/trading_bot_2025-05-07T23_18_30_219753.log
[2025-05-07 23:18:30,220] INFO: Initialising IGInterface...
[2025-05-07 23:18:30,225] DEBUG: Starting new HTTPS connection (1): demo-api.ig.com:443
[2025-05-07 23:18:30,413] DEBUG: https://demo-api.ig.com:443 "POST /gateway/deal/session HTTP/1.1" 200 619
[2025-05-07 23:18:30,415] DEBUG: Starting new HTTPS connection (1): demo-api.ig.com:443
[2025-05-07 23:18:30,505] DEBUG: https://demo-api.ig.com:443 "PUT /gateway/deal/session HTTP/1.1" 412 56
[2025-05-07 23:18:30,506] INFO: Account is already set as default
[2025-05-07 23:18:30,506] INFO: Using stock interface: IGInterface
[2025-05-07 23:18:30,506] INFO: Simple MACD strategy initialised.
[2025-05-07 23:18:30,507] INFO: Performing a single iteration of the market source
[2025-05-07 23:18:33,544] DEBUG: Starting new HTTPS connection (1): demo-api.ig.com:443
[2025-05-07 23:18:33,649] DEBUG: https://demo-api.ig.com:443 "GET /gateway/deal/positions HTTP/1.1" 200 680
[2025-05-07 23:18:33,650] DEBUG: Raw positions response: {
  "positions": [
    {
      "position": {
        "contractSize": 1.0,
        "createdDate": "2025/05/06 18:22:20:000",
        "dealId": "DIAAAATP62AT7AQ",
        "dealSize": 10.0,
        "direction": "BUY",
        "limitLevel": 4216.05,
        "openLevel": 3416.05,
        "currency": "GBP",
        "controlledRisk": false,
        "stopLevel": 3316.05,
        "trailingStep": null,
        "trailingStopDistance": null,
        "limitedRiskPremium": null
      },
      "market": {
        "instrumentName": "Spot Gold (\u00a31 Contract)",
        "expiry": "-",
        "epic": "CS.D.CFPGOLD.CFP.IP",
        "instrumentType": "CURRENCIES",
        "lotSize": 1.0,
        "high": 3374.1,
        "low": 3363.54,
        "percentageChange": 0.12,
        "netChange": 3.97,
        "bid": 3368.52,
        "offer": 3369.02,
        "updateTime": "23:18:33",
        "delayTime": 0,
        "streamingPricesAvailable": true,
        "marketStatus": "TRADEABLE",
        "scalingFactor": 1
      }
    }
  ]
}
[2025-05-07 23:18:36,665] DEBUG: Starting new HTTPS connection (1): demo-api.ig.com:443
[2025-05-07 23:18:36,762] DEBUG: https://demo-api.ig.com:443 "GET /gateway/deal/markets/CS.D.CFPGOLD.CFP.IP HTTP/1.1" 200 1561
[2025-05-07 23:18:39,787] DEBUG: Starting new HTTPS connection (1): demo-api.ig.com:443
[2025-05-07 23:18:39,890] DEBUG: https://demo-api.ig.com:443 "GET /gateway/deal/accounts HTTP/1.1" 200 558
[2025-05-07 23:18:39,924] WARNING: Market is closed: stop processing
