[2025-05-23 10:02:02,733] INFO: Initialising IGInterface...
[2025-05-23 10:02:02,741] DEBUG: Starting new HTTPS connection (1): demo-api.ig.com:443
[2025-05-23 10:02:02,931] DEBUG: https://demo-api.ig.com:443 "POST /gateway/deal/session HTTP/1.1" 200 619
[2025-05-23 10:02:02,932] DEBUG: Starting new HTTPS connection (1): demo-api.ig.com:443
[2025-05-23 10:02:03,232] DEBUG: https://demo-api.ig.com:443 "PUT /gateway/deal/session HTTP/1.1" 412 56
[2025-05-23 10:02:03,233] INFO: Account is already set as default
[2025-05-23 10:02:03,233] INFO: Using stock interface: IGInterface
[2025-05-23 10:02:03,233] INFO: Advanced Momentum Strategy initialised
[2025-05-23 10:02:03,233] INFO: Advanced Momentum Strategy created
[2025-05-23 10:02:03,234] INFO: Performing a single iteration of the market source
[2025-05-23 10:02:05,753] DEBUG: Starting new HTTPS connection (1): demo-api.ig.com:443
[2025-05-23 10:02:05,914] DEBUG: https://demo-api.ig.com:443 "GET /gateway/deal/positions HTTP/1.1" 200 16
[2025-05-23 10:02:05,915] DEBUG: Raw positions response: {
  "positions": []
}
[2025-05-23 10:02:05,916] INFO: Starting to process market source
[2025-05-23 10:02:08,941] DEBUG: Starting new HTTPS connection (1): demo-api.ig.com:443
[2025-05-23 10:02:09,029] DEBUG: https://demo-api.ig.com:443 "GET /gateway/deal/markets/CS.D.USCGC.TODAY.IP HTTP/1.1" 200 2026
[2025-05-23 10:02:12,061] DEBUG: Starting new HTTPS connection (1): demo-api.ig.com:443
[2025-05-23 10:02:12,177] DEBUG: https://demo-api.ig.com:443 "GET /gateway/deal/positions HTTP/1.1" 200 16
[2025-05-23 10:02:12,179] DEBUG: Raw positions response: {
  "positions": []
}
[2025-05-23 10:02:15,210] DEBUG: Starting new HTTPS connection (1): demo-api.ig.com:443
[2025-05-23 10:02:15,348] DEBUG: https://demo-api.ig.com:443 "GET /gateway/deal/accounts HTTP/1.1" 200 552
[2025-05-23 10:02:15,412] INFO: Processing GC
[2025-05-23 10:02:15,412] CRITICAL: CRITICAL: get_prices method called
[2025-05-23 10:02:15,412] INFO: Fetching price data from URL: https://demo-api.ig.com/gateway/deal/prices/CS.D.USCGC.TODAY.IP/MINUTE_15/52
[2025-05-23 10:02:18,433] DEBUG: Starting new HTTPS connection (1): demo-api.ig.com:443
[2025-05-23 10:02:18,576] DEBUG: https://demo-api.ig.com:443 "GET /gateway/deal/prices/CS.D.USCGC.TODAY.IP/MINUTE_15/52 HTTP/1.1" 200 15859
[2025-05-23 10:02:18,578] DEBUG: Raw price data: {
  "prices": [
    {
      "snapshotTime": "2025:05:22-20:15:00",
      "openPrice": {
        "bid": 3295.5,
        "ask": 3296.0,
        "lastTraded": null
      },
      "closePrice": {
        "bid": 3290.13,
        "ask": 3290.43,
        "lastTraded": null
      },
      "highPrice": {
        "bid": 3296.33,
        "ask": 3296.68,
        "lastTraded": null
      },
      "lowPrice": {
        "bid": 3288.96,
        "ask": 3289.26,
        "lastTraded": null
      },
      "lastTradedVolume": 1281
    },
    {
      "snapshotTime": "2025:05:22-20:30:00",
      "openPrice": {
        "bid": 3289.93,
        "ask": 3290.23,
        "lastTraded": null
      },
      "closePrice": {
        "bid": 3293.16,
        "ask": 3293.46,
        "lastTraded": null
      },
      "highPrice": {
        "bid": 3294.12,
        "ask": 3294.42,
        "lastTraded": null
      },
      "lowPrice": {
        "bid": 3289.39,
        "ask": 3289.69,
        "lastTraded": null
      },
      "lastTradedVolume": 1231
    },
    {
      "snapshotTime": "2025:05:22-20:45:00",
      "openPrice": {
        "bid": 3293.08,
        "ask": 3293.38,
        "lastTraded": null
      },
      "closePrice": {
        "bid": 3290.1,
        "ask": 3290.4,
        "lastTraded": null
      },
      "highPrice": {
        "bid": 3293.39,
        "ask": 3293.78,
        "lastTraded": null
      },
      "lowPrice": {
        "bid": 3289.99,
        "ask": 3290.29,
        "lastTraded": null
      },
      "lastTradedVolume": 1847
    },
    {
      "snapshotTime": "2025:05:22-21:00:00",
      "openPrice": {
        "bid": 3290.17,
        "ask": 3290.47,
        "lastTraded": null
      },
      "closePrice": {
        "bid": 3290.91,
        "ask": 3291.21,
        "lastTraded": null
      },
      "highPrice": {
        "bid": 3291.87,
        "ask": 3292.18,
        "lastTraded": null
      },
      "lowPrice": {
        "bid": 3289.47,
        "ask": 3289.77,
        "lastTraded": null
      },
      "lastTradedVolume": 806
    },
    {
      "snapshotTime": "2025:05:22-21:15:00",
      "openPrice": {
        "bid": 3290.94,
        "ask": 3291.24,
        "lastTraded": null
      },
      "closePrice": {
        "bid": 3292.84,
        "ask": 3293.34,
        "lastTraded": null
      },
      "highPrice": {
        "bid": 3293.39,
        "ask": 3293.83,
        "lastTraded": null
      },
      "lowPrice": {
        "bid": 3290.67,
        "ask": 3291.08,
        "lastTraded": null
      },
      "lastTradedVolume": 612
    },
    {
      "snapshotTime": "2025:05:22-21:30:00",
      "openPrice": {
        "bid": 3292.85,
        "ask": 3293.35,
        "lastTraded": null
      },
      "closePrice": {
        "bid": 3293.21,
        "ask": 3293.51,
        "lastTraded": null
      },
      "highPrice": {
        "bid": 3294.73,
        "ask": 3295.1,
        "lastTraded": null
      },
      "lowPrice": {
        "bid": 3292.43,
        "ask": 3292.73,
        "lastTraded": null
      },
      "lastTradedVolume": 778
    },
    {
      "snapshotTime": "2025:05:22-21:45:00",
      "openPrice": {
        "bid": 3293.29,
        "ask": 3293.59,
        "lastTraded": null
      },
      "closePrice": {
        "bid": 3294.94,
        "ask": 3295.24,
        "lastTraded": null
      },
      "highPrice": {
        "bid": 3295.5,
        "ask": 3295.8,
        "lastTraded": null
      },
      "lowPrice": {
        "bid": 3293.04,
        "ask": 3293.4,
        "lastTraded": null
      },
      "lastTradedVolume": 518
    },
    {
      "snapshotTime": "2025:05:22-23:00:00",
      "openPrice": {
        "bid": 3295.45,
        "ask": 3295.95,
        "lastTraded": null
      },
      "closePrice": {
        "bid": 3296.5,
        "ask": 3297.0,
        "lastTraded": null
      },
      "highPrice": {
        "bid": 3298.2,
        "ask": 3298.7,
        "lastTraded": null
      },
      "lowPrice": {
        "bid": 3295.4,
        "ask": 3295.9,
        "lastTraded": null
      },
      "lastTradedVolume": 389
    },
    {
      "snapshotTime": "2025:05:22-23:15:00",
      "openPrice": {
        "bid": 3296.73,
        "ask": 3297.23,
        "lastTraded": null
      },
      "closePrice": {
        "bid": 3298.38,
        "ask": 3298.68,
        "lastTraded": null
      },
      "highPrice": {
        "bid": 3298.54,
        "ask": 3298.89,
        "lastTraded": null
      },
      "lowPrice": {
        "bid": 3295.0,
        "ask": 3295.5,
        "lastTraded": null
      },
      "lastTradedVolume": 307
    },
    {
      "snapshotTime": "2025:05:22-23:30:00",
      "openPrice": {
        "bid": 3298.48,
        "ask": 3298.78,
        "lastTraded": null
      },
      "closePrice": {
        "bid": 3297.7,
        "ask": 3298.2,
        "lastTraded": null
      },
      "highPrice": {
        "bid": 3298.49,
        "ask": 3298.83,
        "lastTraded": null
      },
      "lowPrice": {
        "bid": 3295.0,
        "ask": 3295.5,
        "lastTraded": null
      },
      "lastTradedVolume": 313
    },
    {
      "snapshotTime": "2025:05:22-23:45:00",
      "openPrice": {
        "bid": 3297.6,
        "ask": 3298.1,
        "lastTraded": null
      },
      "closePrice": {
        "bid": 3297.5,
        "ask": 3298.0,
        "lastTraded": null
      },
      "highPrice": {
        "bid": 3299.15,
        "ask": 3299.65,
        "lastTraded": null
      },
      "lowPrice": {
        "bid": 3296.05,
        "ask": 3296.55,
        "lastTraded": null
      },
      "lastTradedVolume": 308
    },
    {
      "snapshotTime": "2025:05:23-00:00:00",
      "openPrice": {
        "bid": 3297.6,
        "ask": 3298.1,
        "lastTraded": null
      },
      "closePrice": {
        "bid": 3299.08,
        "ask": 3299.58,
        "lastTraded": null
      },
      "highPrice": {
        "bid": 3301.68,
        "ask": 3302.08,
        "lastTraded": null
      },
      "lowPrice": {
        "bid": 3297.4,
        "ask": 3297.9,
        "lastTraded": null
      },
      "lastTradedVolume": 498
    },
    {
      "snapshotTime": "2025:05:23-00:15:00",
      "openPrice": {
        "bid": 3298.83,
        "ask": 3299.13,
        "lastTraded": null
      },
      "closePrice": {
        "bid": 3299.13,
        "ask": 3299.43,
        "lastTraded": null
      },
      "highPrice": {
        "bid": 3299.33,
        "ask": 3299.68,
        "lastTraded": null
      },
      "lowPrice": {
        "bid": 3297.23,
        "ask": 3297.73,
        "lastTraded": null
      },
      "lastTradedVolume": 375
    },
    {
      "snapshotTime": "2025:05:23-00:30:00",
      "openPrice": {
        "bid": 3299.07,
        "ask": 3299.37,
        "lastTraded": null
      },
      "closePrice": {
        "bid": 3298.63,
        "ask": 3298.93,
        "lastTraded": null
      },
      "highPrice": {
        "bid": 3300.08,
        "ask": 3300.38,
        "lastTraded": null
      },
      "lowPrice": {
        "bid": 3297.88,
        "ask": 3298.28,
        "lastTraded": null
      },
      "lastTradedVolume": 374
    },
    {
      "snapshotTime": "2025:05:23-00:45:00",
      "openPrice": {
        "bid": 3298.73,
        "ask": 3299.03,
        "lastTraded": null
      },
      "closePrice": {
        "bid": 3299.88,
        "ask": 3300.38,
        "lastTraded": null
      },
      "highPrice": {
        "bid": 3301.85,
        "ask": 3302.35,
        "lastTraded": null
      },
      "lowPrice": {
        "bid": 3298.68,
        "ask": 3299.03,
        "lastTraded": null
      },
      "lastTradedVolume": 489
    },
    {
      "snapshotTime": "2025:05:23-01:00:00",
      "openPrice": {
        "bid": 3299.98,
        "ask": 3300.28,
        "lastTraded": null
      },
      "closePrice": {
        "bid": 3299.85,
        "ask": 3300.35,
        "lastTraded": null
      },
      "highPrice": {
        "bid": 3300.88,
        "ask": 3301.18,
        "lastTraded": null
      },
      "lowPrice": {
        "bid": 3293.25,
        "ask": 3293.75,
        "lastTraded": null
      },
      "lastTradedVolume": 1339
    },
    {
      "snapshotTime": "2025:05:23-01:15:00",
      "openPrice": {
        "bid": 3300.05,
        "ask": 3300.55,
        "lastTraded": null
      },
      "closePrice": {
        "bid": 3303.15,
        "ask": 3303.45,
        "lastTraded": null
      },
      "highPrice": {
        "bid": 3305.73,
        "ask": 3306.03,
        "lastTraded": null
      },
      "lowPrice": {
        "bid": 3299.9,
        "ask": 3300.4,
        "lastTraded": null
      },
      "lastTradedVolume": 1003
    },
    {
      "snapshotTime": "2025:05:23-01:30:00",
      "openPrice": {
        "bid": 3303.28,
        "ask": 3303.58,
        "lastTraded": null
      },
      "closePrice": {
        "bid": 3302.78,
        "ask": 3303.08,
        "lastTraded": null
      },
      "highPrice": {
        "bid": 3308.88,
        "ask": 3309.28,
        "lastTraded": null
      },
      "lowPrice": {
        "bid": 3302.63,
        "ask": 3303.03,
        "lastTraded": null
      },
      "lastTradedVolume": 1271
    },
    {
      "snapshotTime": "2025:05:23-01:45:00",
      "openPrice": {
        "bid": 3302.95,
        "ask": 3303.25,
        "lastTraded": null
      },
      "closePrice": {
        "bid": 3300.93,
        "ask": 3301.23,
        "lastTraded": null
      },
      "highPrice": {
        "bid": 3303.8,
        "ask": 3304.2,
        "lastTraded": null
      },
      "lowPrice": {
        "bid": 3286.98,
        "ask": 3287.28,
        "lastTraded": null
      },
      "lastTradedVolume": 2294
    },
    {
      "snapshotTime": "2025:05:23-02:00:00",
      "openPrice": {
        "bid": 3301.01,
        "ask": 3301.31,
        "lastTraded": null
      },
      "closePrice": {
        "bid": 3303.13,
        "ask": 3303.63,
        "lastTraded": null
      },
      "highPrice": {
        "bid": 3306.33,
        "ask": 3306.83,
        "lastTraded": null
      },
      "lowPrice": {
        "bid": 3297.77,
        "ask": 3298.13,
        "lastTraded": null
      },
      "lastTradedVolume": 2246
    },
    {
      "snapshotTime": "2025:05:23-02:15:00",
      "openPrice": {
        "bid": 3303.03,
        "ask": 3303.53,
        "lastTraded": null
      },
      "closePrice": {
        "bid": 3303.75,
        "ask": 3304.25,
        "lastTraded": null
      },
      "highPrice": {
        "bid": 3305.13,
        "ask": 3305.58,
        "lastTraded": null
      },
      "lowPrice": {
        "bid": 3299.38,
        "ask": 3299.68,
        "lastTraded": null
      },
      "lastTradedVolume": 1361
    },
    {
      "snapshotTime": "2025:05:23-02:30:00",
      "openPrice": {
        "bid": 3303.95,
        "ask": 3304.45,
        "lastTraded": null
      },
      "closePrice": {
        "bid": 3304.18,
        "ask": 3304.68,
        "lastTraded": null
      },
      "highPrice": {
        "bid": 3305.0,
        "ask": 3305.3,
        "lastTraded": null
      },
      "lowPrice": {
        "bid": 3295.75,
        "ask": 3296.25,
        "lastTraded": null
      },
      "lastTradedVolume": 1751
    },
    {
      "snapshotTime": "2025:05:23-02:45:00",
      "openPrice": {
        "bid": 3304.83,
        "ask": 3305.33,
        "lastTraded": null
      },
      "closePrice": {
        "bid": 3304.98,
        "ask": 3305.48,
        "lastTraded": null
      },
      "highPrice": {
        "bid": 3305.5,
        "ask": 3306.0,
        "lastTraded": null
      },
      "lowPrice": {
        "bid": 3301.05,
        "ask": 3301.55,
        "lastTraded": null
      },
      "lastTradedVolume": 1248
    },
    {
      "snapshotTime": "2025:05:23-03:00:00",
      "openPrice": {
        "bid": 3305.18,
        "ask": 3305.68,
        "lastTraded": null
      },
      "closePrice": {
        "bid": 3299.23,
        "ask": 3299.53,
        "lastTraded": null
      },
      "highPrice": {
        "bid": 3305.23,
        "ask": 3305.73,
        "lastTraded": null
      },
      "lowPrice": {
        "bid": 3297.05,
        "ask": 3297.45,
        "lastTraded": null
      },
      "lastTradedVolume": 1189
    },
    {
      "snapshotTime": "2025:05:23-03:15:00",
      "openPrice": {
        "bid": 3299.18,
        "ask": 3299.48,
        "lastTraded": null
      },
      "closePrice": {
        "bid": 3294.13,
        "ask": 3294.43,
        "lastTraded": null
      },
      "highPrice": {
        "bid": 3300.3,
        "ask": 3300.7,
        "lastTraded": null
      },
      "lowPrice": {
        "bid": 3293.78,
        "ask": 3294.13,
        "lastTraded": null
      },
      "lastTradedVolume": 769
    },
    {
      "snapshotTime": "2025:05:23-03:30:00",
      "openPrice": {
        "bid": 3293.93,
        "ask": 3294.58,
        "lastTraded": null
      },
      "closePrice": {
        "bid": 3293.88,
        "ask": 3294.38,
        "lastTraded": null
      },
      "highPrice": {
        "bid": 3297.85,
        "ask": 3298.35,
        "lastTraded": null
      },
      "lowPrice": {
        "bid": 3291.1,
        "ask": 3291.4,
        "lastTraded": null
      },
      "lastTradedVolume": 1486
    },
    {
      "snapshotTime": "2025:05:23-03:45:00",
      "openPrice": {
        "bid": 3293.78,
        "ask": 3294.28,
        "lastTraded": null
      },
      "closePrice": {
        "bid": 3296.75,
        "ask": 3297.25,
        "lastTraded": null
      },
      "highPrice": {
        "bid": 3298.18,
        "ask": 3298.5,
        "lastTraded": null
      },
      "lowPrice": {
        "bid": 3290.75,
        "ask": 3291.25,
        "lastTraded": null
      },
      "lastTradedVolume": 932
    },
    {
      "snapshotTime": "2025:05:23-04:00:00",
      "openPrice": {
        "bid": 3296.65,
        "ask": 3297.15,
        "lastTraded": null
      },
      "closePrice": {
        "bid": 3298.7,
        "ask": 3299.2,
        "lastTraded": null
      },
      "highPrice": {
        "bid": 3300.18,
        "ask": 3300.48,
        "lastTraded": null
      },
      "lowPrice": {
        "bid": 3296.35,
        "ask": 3296.85,
        "lastTraded": null
      },
      "lastTradedVolume": 910
    },
    {
      "snapshotTime": "2025:05:23-04:15:00",
      "openPrice": {
        "bid": 3298.75,
        "ask": 3299.05,
        "lastTraded": null
      },
      "closePrice": {
        "bid": 3298.13,
        "ask": 3298.63,
        "lastTraded": null
      },
      "highPrice": {
        "bid": 3300.13,
        "ask": 3300.48,
        "lastTraded": null
      },
      "lowPrice": {
        "bid": 3296.93,
        "ask": 3297.23,
        "lastTraded": null
      },
      "lastTradedVolume": 737
    },
    {
      "snapshotTime": "2025:05:23-04:30:00",
      "openPrice": {
        "bid": 3298.23,
        "ask": 3298.73,
        "lastTraded": null
      },
      "closePrice": {
        "bid": 3301.08,
        "ask": 3301.58,
        "lastTraded": null
      },
      "highPrice": {
        "bid": 3301.55,
        "ask": 3302.05,
        "lastTraded": null
      },
      "lowPrice": {
        "bid": 3297.67,
        "ask": 3298.13,
        "lastTraded": null
      },
      "lastTradedVolume": 577
    },
    {
      "snapshotTime": "2025:05:23-04:45:00",
      "openPrice": {
        "bid": 3301.46,
        "ask": 3301.96,
        "lastTraded": null
      },
      "closePrice": {
        "bid": 3301.93,
        "ask": 3302.43,
        "lastTraded": null
      },
      "highPrice": {
        "bid": 3303.33,
        "ask": 3303.7,
        "lastTraded": null
      },
      "lowPrice": {
        "bid": 3299.26,
        "ask": 3299.76,
        "lastTraded": null
      },
      "lastTradedVolume": 610
    },
    {
      "snapshotTime": "2025:05:23-05:00:00",
      "openPrice": {
        "bid": 3301.88,
        "ask": 3302.38,
        "lastTraded": null
      },
      "closePrice": {
        "bid": 3305.9,
        "ask": 3306.4,
        "lastTraded": null
      },
      "highPrice": {
        "bid": 3306.3,
        "ask": 3306.78,
        "lastTraded": null
      },
      "lowPrice": {
        "bid": 3301.83,
        "ask": 3302.18,
        "lastTraded": null
      },
      "lastTradedVolume": 690
    },
    {
      "snapshotTime": "2025:05:23-05:15:00",
      "openPrice": {
        "bid": 3306.1,
        "ask": 3306.6,
        "lastTraded": null
      },
      "closePrice": {
        "bid": 3311.7,
        "ask": 3312.2,
        "lastTraded": null
      },
      "highPrice": {
        "bid": 3313.45,
        "ask": 3313.95,
        "lastTraded": null
      },
      "lowPrice": {
        "bid": 3305.9,
        "ask": 3306.4,
        "lastTraded": null
      },
      "lastTradedVolume": 1053
    },
    {
      "snapshotTime": "2025:05:23-05:30:00",
      "openPrice": {
        "bid": 3311.95,
        "ask": 3312.45,
        "lastTraded": null
      },
      "closePrice": {
        "bid": 3313.63,
        "ask": 3314.13,
        "lastTraded": null
      },
      "highPrice": {
        "bid": 3314.49,
        "ask": 3314.95,
        "lastTraded": null
      },
      "lowPrice": {
        "bid": 3311.95,
        "ask": 3312.45,
        "lastTraded": null
      },
      "lastTradedVolume": 878
    },
    {
      "snapshotTime": "2025:05:23-05:45:00",
      "openPrice": {
        "bid": 3313.48,
        "ask": 3313.98,
        "lastTraded": null
      },
      "closePrice": {
        "bid": 3313.58,
        "ask": 3313.88,
        "lastTraded": null
      },
      "highPrice": {
        "bid": 3315.98,
        "ask": 3316.28,
        "lastTraded": null
      },
      "lowPrice": {
        "bid": 3312.83,
        "ask": 3313.13,
        "lastTraded": null
      },
      "lastTradedVolume": 911
    },
    {
      "snapshotTime": "2025:05:23-06:00:00",
      "openPrice": {
        "bid": 3313.53,
        "ask": 3313.83,
        "lastTraded": null
      },
      "closePrice": {
        "bid": 3317.8,
        "ask": 3318.1,
        "lastTraded": null
      },
      "highPrice": {
        "bid": 3317.93,
        "ask": 3318.4,
        "lastTraded": null
      },
      "lowPrice": {
        "bid": 3312.43,
        "ask": 3312.78,
        "lastTraded": null
      },
      "lastTradedVolume": 777
    },
    {
      "snapshotTime": "2025:05:23-06:15:00",
      "openPrice": {
        "bid": 3317.85,
        "ask": 3318.15,
        "lastTraded": null
      },
      "closePrice": {
        "bid": 3320.08,
        "ask": 3320.58,
        "lastTraded": null
      },
      "highPrice": {
        "bid": 3321.78,
        "ask": 3322.28,
        "lastTraded": null
      },
      "lowPrice": {
        "bid": 3316.35,
        "ask": 3316.85,
        "lastTraded": null
      },
      "lastTradedVolume": 1515
    },
    {
      "snapshotTime": "2025:05:23-06:30:00",
      "openPrice": {
        "bid": 3319.73,
        "ask": 3320.23,
        "lastTraded": null
      },
      "closePrice": {
        "bid": 3317.25,
        "ask": 3317.75,
        "lastTraded": null
      },
      "highPrice": {
        "bid": 3321.08,
        "ask": 3321.43,
        "lastTraded": null
      },
      "lowPrice": {
        "bid": 3316.33,
        "ask": 3316.83,
        "lastTraded": null
      },
      "lastTradedVolume": 1498
    },
    {
      "snapshotTime": "2025:05:23-06:45:00",
      "openPrice": {
        "bid": 3317.77,
        "ask": 3318.27,
        "lastTraded": null
      },
      "closePrice": {
        "bid": 3323.73,
        "ask": 3324.03,
        "lastTraded": null
      },
      "highPrice": {
        "bid": 3325.5,
        "ask": 3326.0,
        "lastTraded": null
      },
      "lowPrice": {
        "bid": 3317.77,
        "ask": 3318.27,
        "lastTraded": null
      },
      "lastTradedVolume": 1656
    },
    {
      "snapshotTime": "2025:05:23-07:00:00",
      "openPrice": {
        "bid": 3323.61,
        "ask": 3323.91,
        "lastTraded": null
      },
      "closePrice": {
        "bid": 3328.33,
        "ask": 3328.63,
        "lastTraded": null
      },
      "highPrice": {
        "bid": 3329.99,
        "ask": 3330.49,
        "lastTraded": null
      },
      "lowPrice": {
        "bid": 3322.88,
        "ask": 3323.18,
        "lastTraded": null
      },
      "lastTradedVolume": 2088
    },
    {
      "snapshotTime": "2025:05:23-07:15:00",
      "openPrice": {
        "bid": 3328.08,
        "ask": 3328.58,
        "lastTraded": null
      },
      "closePrice": {
        "bid": 3325.65,
        "ask": 3326.15,
        "lastTraded": null
      },
      "highPrice": {
        "bid": 3330.1,
        "ask": 3330.5,
        "lastTraded": null
      },
      "lowPrice": {
        "bid": 3324.33,
        "ask": 3324.68,
        "lastTraded": null
      },
      "lastTradedVolume": 1517
    },
    {
      "snapshotTime": "2025:05:23-07:30:00",
      "openPrice": {
        "bid": 3325.72,
        "ask": 3326.22,
        "lastTraded": null
      },
      "closePrice": {
        "bid": 3328.35,
        "ask": 3328.85,
        "lastTraded": null
      },
      "highPrice": {
        "bid": 3328.57,
        "ask": 3328.98,
        "lastTraded": null
      },
      "lowPrice": {
        "bid": 3325.11,
        "ask": 3325.53,
        "lastTraded": null
      },
      "lastTradedVolume": 1235
    },
    {
      "snapshotTime": "2025:05:23-07:45:00",
      "openPrice": {
        "bid": 3328.3,
        "ask": 3328.8,
        "lastTraded": null
      },
      "closePrice": {
        "bid": 3331.05,
        "ask": 3331.35,
        "lastTraded": null
      },
      "highPrice": {
        "bid": 3331.88,
        "ask": 3332.18,
        "lastTraded": null
      },
      "lowPrice": {
        "bid": 3328.25,
        "ask": 3328.75,
        "lastTraded": null
      },
      "lastTradedVolume": 1509
    },
    {
      "snapshotTime": "2025:05:23-08:00:00",
      "openPrice": {
        "bid": 3331.02,
        "ask": 3331.32,
        "lastTraded": null
      },
      "closePrice": {
        "bid": 3329.88,
        "ask": 3330.38,
        "lastTraded": null
      },
      "highPrice": {
        "bid": 3332.83,
        "ask": 3333.16,
        "lastTraded": null
      },
      "lowPrice": {
        "bid": 3326.55,
        "ask": 3326.95,
        "lastTraded": null
      },
      "lastTradedVolume": 1487
    },
    {
      "snapshotTime": "2025:05:23-08:15:00",
      "openPrice": {
        "bid": 3329.62,
        "ask": 3330.12,
        "lastTraded": null
      },
      "closePrice": {
        "bid": 3330.85,
        "ask": 3331.35,
        "lastTraded": null
      },
      "highPrice": {
        "bid": 3332.27,
        "ask": 3332.61,
        "lastTraded": null
      },
      "lowPrice": {
        "bid": 3328.95,
        "ask": 3329.35,
        "lastTraded": null
      },
      "lastTradedVolume": 1122
    },
    {
      "snapshotTime": "2025:05:23-08:30:00",
      "openPrice": {
        "bid": 3331.0,
        "ask": 3331.3,
        "lastTraded": null
      },
      "closePrice": {
        "bid": 3331.08,
        "ask": 3331.58,
        "lastTraded": null
      },
      "highPrice": {
        "bid": 3331.67,
        "ask": 3331.97,
        "lastTraded": null
      },
      "lowPrice": {
        "bid": 3328.69,
        "ask": 3328.99,
        "lastTraded": null
      },
      "lastTradedVolume": 841
    },
    {
      "snapshotTime": "2025:05:23-08:45:00",
      "openPrice": {
        "bid": 3331.03,
        "ask": 3331.53,
        "lastTraded": null
      },
      "closePrice": {
        "bid": 3329.15,
        "ask": 3329.45,
        "lastTraded": null
      },
      "highPrice": {
        "bid": 3334.18,
        "ask": 3334.65,
        "lastTraded": null
      },
      "lowPrice": {
        "bid": 3329.11,
        "ask": 3329.41,
        "lastTraded": null
      },
      "lastTradedVolume": 1386
    },
    {
      "snapshotTime": "2025:05:23-09:00:00",
      "openPrice": {
        "bid": 3329.05,
        "ask": 3329.35,
        "lastTraded": null
      },
      "closePrice": {
        "bid": 3328.93,
        "ask": 3329.43,
        "lastTraded": null
      },
      "highPrice": {
        "bid": 3329.38,
        "ask": 3329.75,
        "lastTraded": null
      },
      "lowPrice": {
        "bid": 3325.39,
        "ask": 3325.83,
        "lastTraded": null
      },
      "lastTradedVolume": 1337
    },
    {
      "snapshotTime": "2025:05:23-09:15:00",
      "openPrice": {
        "bid": 3329.27,
        "ask": 3329.77,
        "lastTraded": null
      },
      "closePrice": {
        "bid": 3322.79,
        "ask": 3323.09,
        "lastTraded": null
      },
      "highPrice": {
        "bid": 3329.33,
        "ask": 3329.77,
        "lastTraded": null
      },
      "lowPrice": {
        "bid": 3322.43,
        "ask": 3322.73,
        "lastTraded": null
      },
      "lastTradedVolume": 1198
    },
    {
      "snapshotTime": "2025:05:23-09:30:00",
      "openPrice": {
        "bid": 3322.78,
        "ask": 3323.08,
        "lastTraded": null
      },
      "closePrice": {
        "bid": 3325.65,
        "ask": 3326.15,
        "lastTraded": null
      },
      "highPrice": {
        "bid": 3327.58,
        "ask": 3327.88,
        "lastTraded": null
      },
      "lowPrice": {
        "bid": 3322.58,
        "ask": 3322.88,
        "lastTraded": null
      },
      "lastTradedVolume": 1040
    },
    {
      "snapshotTime": "2025:05:23-09:45:00",
      "openPrice": {
        "bid": 3325.5,
        "ask": 3325.8,
        "lastTraded": null
      },
      "closePrice": {
        "bid": 3326.18,
        "ask": 3326.68,
        "lastTraded": null
      },
      "highPrice": {
        "bid": 3327.43,
        "ask": 3327.73,
        "lastTraded": null
      },
      "lowPrice": {
        "bid": 3323.57,
        "ask": 3324.07,
        "lastTraded": null
      },
      "lastTradedVolume": 992
    },
    {
      "snapshotTime": "2025:05:23-10:00:00",
      "openPrice": {
        "bid": 3326.33,
        "ask": 3326.83,
        "lastTraded": null
      },
      "closePrice": {
        "bid": 3325.12,
        "ask": 3325.62,
        "lastTraded": null
      },
      "highPrice": {
        "bid": 3326.8,
        "ask": 3327.3,
        "lastTraded": null
      },
      "lowPrice": {
        "bid": 3324.68,
        "ask": 3325.15,
        "lastTraded": null
      },
      "lastTradedVolume": 222
    }
  ],
  "instrumentType": "CURRENCIES",
  "allowance": {
    "remainingAllowance": 7688,
    "totalAllowance": 10000,
    "allowanceExpiry": 3642
  }
}
[2025-05-23 10:02:18,578] INFO: Processing price data for GC
[2025-05-23 10:02:18,578] INFO: Processed 52 price points for GC
[2025-05-23 10:02:18,581] DEBUG: Strategy datapoints: <equitiestradingbot.interfaces.market_history.MarketHistory object at 0x11a807770>
[2025-05-23 10:02:18,601] INFO: Trade Analysis for CS.D.USCGC.TODAY.IP:
[2025-05-23 10:02:18,601] INFO: Latest Price: 3325.12000
[2025-05-23 10:02:18,601] INFO: MACD: 5.56160 (Signal: 6.63968)
[2025-05-23 10:02:18,601] INFO: RSI: 61.48
[2025-05-23 10:02:18,601] INFO: ADX: 52.68
[2025-05-23 10:02:18,601] INFO: Volume: 222 (MA: 1013)
[2025-05-23 10:02:18,601] INFO: Checking for LONG signal...
[2025-05-23 10:02:18,601] INFO:   - RSI condition met
[2025-05-23 10:02:18,601] INFO:   - ADX condition met (above 20)
[2025-05-23 10:02:18,601] INFO:   - Squeeze momentum condition met
[2025-05-23 10:02:18,601] INFO:   - Conditions met: 3/5
[2025-05-23 10:02:18,601] INFO: LONG Signal Generated:
[2025-05-23 10:02:18,601] INFO:   - Price above SMA
[2025-05-23 10:02:18,601] INFO:   - MACD crossed up
[2025-05-23 10:02:18,601] INFO:   - RSI above 50
[2025-05-23 10:02:18,601] INFO:   - Volume above EMA
[2025-05-23 10:02:18,601] INFO:   - ADX conditions met
[2025-05-23 10:02:18,601] INFO: Attempting to place trade with data: {
  "direction": "BUY",
  "epic": "CS.D.USCGC.TODAY.IP",
  "limitLevel": 3343.2646428571425,
  "orderType": "MARKET",
  "size": 10,
  "stopLevel": 3317.8621428571428,
  "forceOpen": true,
  "expiry": "DFB",
  "guaranteedStop": false,
  "currencyCode": "GBP"
}
[2025-05-23 10:02:18,602] DEBUG: Starting new HTTPS connection (1): demo-api.ig.com:443
[2025-05-23 10:02:18,700] DEBUG: https://demo-api.ig.com:443 "POST /gateway/deal/positions/otc HTTP/1.1" 200 35
[2025-05-23 10:02:21,721] DEBUG: Starting new HTTPS connection (1): demo-api.ig.com:443
[2025-05-23 10:02:21,802] DEBUG: https://demo-api.ig.com:443 "GET /gateway/deal/confirms/PLDV4AA2DE8TYPT HTTP/1.1" 200 473
[2025-05-23 10:02:21,803] INFO: Order confirmation response: {
  "date": "2025-05-23T09:02:18.755",
  "status": "OPEN",
  "reason": "SUCCESS",
  "dealStatus": "ACCEPTED",
  "epic": "CS.D.USCGC.TODAY.IP",
  "expiry": "DFB",
  "dealReference": "PLDV4AA2DE8TYPT",
  "dealId": "DIAAAATWZNXTJAP",
  "affectedDeals": [
    {
      "dealId": "DIAAAATWZNXTJAP",
      "status": "OPENED"
    }
  ],
  "level": 3325.6,
  "size": 10.0,
  "direction": "BUY",
  "stopLevel": 3317.862,
  "limitLevel": 3343.2646,
  "stopDistance": null,
  "limitDistance": null,
  "guaranteedStop": false,
  "trailingStop": false,
  "profit": null,
  "profitCurrency": null
}
[2025-05-23 10:02:21,803] INFO: Order BUY for CS.D.USCGC.TODAY.IP confirmed with limit=3343.2646428571425 and stop=3317.8621428571428
[2025-05-23 10:02:21,804] INFO: Starting to process market source
[2025-05-23 10:02:24,828] DEBUG: Starting new HTTPS connection (1): demo-api.ig.com:443
[2025-05-23 10:02:25,286] DEBUG: https://demo-api.ig.com:443 "GET /gateway/deal/markets/ HTTP/1.1" 500 77
[2025-05-23 10:02:25,287] ERROR: HTTP request returned 500
