[2025-05-23 14:53:35,524] INFO: Initialising IGInterface...
[2025-05-23 14:53:35,530] DEBUG: Starting new HTTPS connection (1): demo-api.ig.com:443
[2025-05-23 14:53:35,706] DEBUG: https://demo-api.ig.com:443 "POST /gateway/deal/session HTTP/1.1" 200 619
[2025-05-23 14:53:35,707] DEBUG: Starting new HTTPS connection (1): demo-api.ig.com:443
[2025-05-23 14:53:35,791] DEBUG: https://demo-api.ig.com:443 "PUT /gateway/deal/session HTTP/1.1" 412 56
[2025-05-23 14:53:35,801] INFO: Account is already set as default
[2025-05-23 14:53:35,801] INFO: Using stock interface: IGInterface
[2025-05-23 14:53:35,802] INFO: Advanced Momentum Strategy initialised
[2025-05-23 14:53:35,802] INFO: Advanced Momentum Strategy created
[2025-05-23 14:53:35,802] INFO: Performing a single iteration of the market source
[2025-05-23 14:53:38,829] DEBUG: Starting new HTTPS connection (1): demo-api.ig.com:443
[2025-05-23 14:53:38,914] DEBUG: https://demo-api.ig.com:443 "GET /gateway/deal/positions HTTP/1.1" 200 16
[2025-05-23 14:53:38,916] DEBUG: Raw positions response: {
  "positions": []
}
[2025-05-23 14:53:38,917] INFO: Starting to process market source
[2025-05-23 14:53:41,935] DEBUG: Starting new HTTPS connection (1): demo-api.ig.com:443
[2025-05-23 14:53:42,074] DEBUG: https://demo-api.ig.com:443 "GET /gateway/deal/markets/CS.D.USCGC.TODAY.IP HTTP/1.1" 200 2029
[2025-05-23 14:53:45,099] DEBUG: Starting new HTTPS connection (1): demo-api.ig.com:443
[2025-05-23 14:53:45,200] DEBUG: https://demo-api.ig.com:443 "GET /gateway/deal/positions HTTP/1.1" 200 16
[2025-05-23 14:53:45,201] DEBUG: Raw positions response: {
  "positions": []
}
[2025-05-23 14:53:48,234] DEBUG: Starting new HTTPS connection (1): demo-api.ig.com:443
[2025-05-23 14:53:48,356] DEBUG: https://demo-api.ig.com:443 "GET /gateway/deal/accounts HTTP/1.1" 200 552
[2025-05-23 14:53:48,413] INFO: Processing GC
[2025-05-23 14:53:48,413] CRITICAL: CRITICAL: get_prices method called
[2025-05-23 14:53:48,413] INFO: Fetching price data from URL: https://demo-api.ig.com/gateway/deal/prices/CS.D.USCGC.TODAY.IP/MINUTE_15/52
[2025-05-23 14:53:51,439] DEBUG: Starting new HTTPS connection (1): demo-api.ig.com:443
[2025-05-23 14:53:51,560] DEBUG: https://demo-api.ig.com:443 "GET /gateway/deal/prices/CS.D.USCGC.TODAY.IP/MINUTE_15/52 HTTP/1.1" 200 15871
[2025-05-23 14:53:51,561] DEBUG: Raw price data: {
  "prices": [
    {
      "snapshotTime": "2025:05:23-02:00:00",
      "openPrice": {
        "bid": 3301.01,
        "ask": 3301.31,
        "lastTraded": null
      },
      "closePrice": {
        "bid": 3303.13,
        "ask": 3303.63,
        "lastTraded": null
      },
      "highPrice": {
        "bid": 3306.33,
        "ask": 3306.83,
        "lastTraded": null
      },
      "lowPrice": {
        "bid": 3297.77,
        "ask": 3298.13,
        "lastTraded": null
      },
      "lastTradedVolume": 2246
    },
    {
      "snapshotTime": "2025:05:23-02:15:00",
      "openPrice": {
        "bid": 3303.03,
        "ask": 3303.53,
        "lastTraded": null
      },
      "closePrice": {
        "bid": 3303.75,
        "ask": 3304.25,
        "lastTraded": null
      },
      "highPrice": {
        "bid": 3305.13,
        "ask": 3305.58,
        "lastTraded": null
      },
      "lowPrice": {
        "bid": 3299.38,
        "ask": 3299.68,
        "lastTraded": null
      },
      "lastTradedVolume": 1361
    },
    {
      "snapshotTime": "2025:05:23-02:30:00",
      "openPrice": {
        "bid": 3303.95,
        "ask": 3304.45,
        "lastTraded": null
      },
      "closePrice": {
        "bid": 3304.18,
        "ask": 3304.68,
        "lastTraded": null
      },
      "highPrice": {
        "bid": 3305.0,
        "ask": 3305.3,
        "lastTraded": null
      },
      "lowPrice": {
        "bid": 3295.75,
        "ask": 3296.25,
        "lastTraded": null
      },
      "lastTradedVolume": 1751
    },
    {
      "snapshotTime": "2025:05:23-02:45:00",
      "openPrice": {
        "bid": 3304.83,
        "ask": 3305.33,
        "lastTraded": null
      },
      "closePrice": {
        "bid": 3304.98,
        "ask": 3305.48,
        "lastTraded": null
      },
      "highPrice": {
        "bid": 3305.5,
        "ask": 3306.0,
        "lastTraded": null
      },
      "lowPrice": {
        "bid": 3301.05,
        "ask": 3301.55,
        "lastTraded": null
      },
      "lastTradedVolume": 1248
    },
    {
      "snapshotTime": "2025:05:23-03:00:00",
      "openPrice": {
        "bid": 3305.18,
        "ask": 3305.68,
        "lastTraded": null
      },
      "closePrice": {
        "bid": 3299.23,
        "ask": 3299.53,
        "lastTraded": null
      },
      "highPrice": {
        "bid": 3305.23,
        "ask": 3305.73,
        "lastTraded": null
      },
      "lowPrice": {
        "bid": 3297.05,
        "ask": 3297.45,
        "lastTraded": null
      },
      "lastTradedVolume": 1189
    },
    {
      "snapshotTime": "2025:05:23-03:15:00",
      "openPrice": {
        "bid": 3299.18,
        "ask": 3299.48,
        "lastTraded": null
      },
      "closePrice": {
        "bid": 3294.13,
        "ask": 3294.43,
        "lastTraded": null
      },
      "highPrice": {
        "bid": 3300.3,
        "ask": 3300.7,
        "lastTraded": null
      },
      "lowPrice": {
        "bid": 3293.78,
        "ask": 3294.13,
        "lastTraded": null
      },
      "lastTradedVolume": 769
    },
    {
      "snapshotTime": "2025:05:23-03:30:00",
      "openPrice": {
        "bid": 3293.93,
        "ask": 3294.58,
        "lastTraded": null
      },
      "closePrice": {
        "bid": 3293.88,
        "ask": 3294.38,
        "lastTraded": null
      },
      "highPrice": {
        "bid": 3297.85,
        "ask": 3298.35,
        "lastTraded": null
      },
      "lowPrice": {
        "bid": 3291.1,
        "ask": 3291.4,
        "lastTraded": null
      },
      "lastTradedVolume": 1486
    },
    {
      "snapshotTime": "2025:05:23-03:45:00",
      "openPrice": {
        "bid": 3293.78,
        "ask": 3294.28,
        "lastTraded": null
      },
      "closePrice": {
        "bid": 3296.75,
        "ask": 3297.25,
        "lastTraded": null
      },
      "highPrice": {
        "bid": 3298.18,
        "ask": 3298.5,
        "lastTraded": null
      },
      "lowPrice": {
        "bid": 3290.75,
        "ask": 3291.25,
        "lastTraded": null
      },
      "lastTradedVolume": 932
    },
    {
      "snapshotTime": "2025:05:23-04:00:00",
      "openPrice": {
        "bid": 3296.65,
        "ask": 3297.15,
        "lastTraded": null
      },
      "closePrice": {
        "bid": 3298.7,
        "ask": 3299.2,
        "lastTraded": null
      },
      "highPrice": {
        "bid": 3300.18,
        "ask": 3300.48,
        "lastTraded": null
      },
      "lowPrice": {
        "bid": 3296.35,
        "ask": 3296.85,
        "lastTraded": null
      },
      "lastTradedVolume": 910
    },
    {
      "snapshotTime": "2025:05:23-04:15:00",
      "openPrice": {
        "bid": 3298.75,
        "ask": 3299.05,
        "lastTraded": null
      },
      "closePrice": {
        "bid": 3298.13,
        "ask": 3298.63,
        "lastTraded": null
      },
      "highPrice": {
        "bid": 3300.13,
        "ask": 3300.48,
        "lastTraded": null
      },
      "lowPrice": {
        "bid": 3296.93,
        "ask": 3297.23,
        "lastTraded": null
      },
      "lastTradedVolume": 737
    },
    {
      "snapshotTime": "2025:05:23-04:30:00",
      "openPrice": {
        "bid": 3298.23,
        "ask": 3298.73,
        "lastTraded": null
      },
      "closePrice": {
        "bid": 3301.08,
        "ask": 3301.58,
        "lastTraded": null
      },
      "highPrice": {
        "bid": 3301.55,
        "ask": 3302.05,
        "lastTraded": null
      },
      "lowPrice": {
        "bid": 3297.67,
        "ask": 3298.13,
        "lastTraded": null
      },
      "lastTradedVolume": 577
    },
    {
      "snapshotTime": "2025:05:23-04:45:00",
      "openPrice": {
        "bid": 3301.46,
        "ask": 3301.96,
        "lastTraded": null
      },
      "closePrice": {
        "bid": 3301.93,
        "ask": 3302.43,
        "lastTraded": null
      },
      "highPrice": {
        "bid": 3303.33,
        "ask": 3303.7,
        "lastTraded": null
      },
      "lowPrice": {
        "bid": 3299.26,
        "ask": 3299.76,
        "lastTraded": null
      },
      "lastTradedVolume": 610
    },
    {
      "snapshotTime": "2025:05:23-05:00:00",
      "openPrice": {
        "bid": 3301.88,
        "ask": 3302.38,
        "lastTraded": null
      },
      "closePrice": {
        "bid": 3305.9,
        "ask": 3306.4,
        "lastTraded": null
      },
      "highPrice": {
        "bid": 3306.3,
        "ask": 3306.78,
        "lastTraded": null
      },
      "lowPrice": {
        "bid": 3301.83,
        "ask": 3302.18,
        "lastTraded": null
      },
      "lastTradedVolume": 690
    },
    {
      "snapshotTime": "2025:05:23-05:15:00",
      "openPrice": {
        "bid": 3306.1,
        "ask": 3306.6,
        "lastTraded": null
      },
      "closePrice": {
        "bid": 3311.7,
        "ask": 3312.2,
        "lastTraded": null
      },
      "highPrice": {
        "bid": 3313.45,
        "ask": 3313.95,
        "lastTraded": null
      },
      "lowPrice": {
        "bid": 3305.9,
        "ask": 3306.4,
        "lastTraded": null
      },
      "lastTradedVolume": 1053
    },
    {
      "snapshotTime": "2025:05:23-05:30:00",
      "openPrice": {
        "bid": 3311.95,
        "ask": 3312.45,
        "lastTraded": null
      },
      "closePrice": {
        "bid": 3313.63,
        "ask": 3314.13,
        "lastTraded": null
      },
      "highPrice": {
        "bid": 3314.49,
        "ask": 3314.95,
        "lastTraded": null
      },
      "lowPrice": {
        "bid": 3311.95,
        "ask": 3312.45,
        "lastTraded": null
      },
      "lastTradedVolume": 878
    },
    {
      "snapshotTime": "2025:05:23-05:45:00",
      "openPrice": {
        "bid": 3313.48,
        "ask": 3313.98,
        "lastTraded": null
      },
      "closePrice": {
        "bid": 3313.58,
        "ask": 3313.88,
        "lastTraded": null
      },
      "highPrice": {
        "bid": 3315.98,
        "ask": 3316.28,
        "lastTraded": null
      },
      "lowPrice": {
        "bid": 3312.83,
        "ask": 3313.13,
        "lastTraded": null
      },
      "lastTradedVolume": 911
    },
    {
      "snapshotTime": "2025:05:23-06:00:00",
      "openPrice": {
        "bid": 3313.53,
        "ask": 3313.83,
        "lastTraded": null
      },
      "closePrice": {
        "bid": 3317.8,
        "ask": 3318.1,
        "lastTraded": null
      },
      "highPrice": {
        "bid": 3317.93,
        "ask": 3318.4,
        "lastTraded": null
      },
      "lowPrice": {
        "bid": 3312.43,
        "ask": 3312.78,
        "lastTraded": null
      },
      "lastTradedVolume": 777
    },
    {
      "snapshotTime": "2025:05:23-06:15:00",
      "openPrice": {
        "bid": 3317.85,
        "ask": 3318.15,
        "lastTraded": null
      },
      "closePrice": {
        "bid": 3320.08,
        "ask": 3320.58,
        "lastTraded": null
      },
      "highPrice": {
        "bid": 3321.78,
        "ask": 3322.28,
        "lastTraded": null
      },
      "lowPrice": {
        "bid": 3316.35,
        "ask": 3316.85,
        "lastTraded": null
      },
      "lastTradedVolume": 1515
    },
    {
      "snapshotTime": "2025:05:23-06:30:00",
      "openPrice": {
        "bid": 3319.73,
        "ask": 3320.23,
        "lastTraded": null
      },
      "closePrice": {
        "bid": 3317.25,
        "ask": 3317.75,
        "lastTraded": null
      },
      "highPrice": {
        "bid": 3321.08,
        "ask": 3321.43,
        "lastTraded": null
      },
      "lowPrice": {
        "bid": 3316.33,
        "ask": 3316.83,
        "lastTraded": null
      },
      "lastTradedVolume": 1498
    },
    {
      "snapshotTime": "2025:05:23-06:45:00",
      "openPrice": {
        "bid": 3317.77,
        "ask": 3318.27,
        "lastTraded": null
      },
      "closePrice": {
        "bid": 3323.73,
        "ask": 3324.03,
        "lastTraded": null
      },
      "highPrice": {
        "bid": 3325.5,
        "ask": 3326.0,
        "lastTraded": null
      },
      "lowPrice": {
        "bid": 3317.77,
        "ask": 3318.27,
        "lastTraded": null
      },
      "lastTradedVolume": 1656
    },
    {
      "snapshotTime": "2025:05:23-07:00:00",
      "openPrice": {
        "bid": 3323.61,
        "ask": 3323.91,
        "lastTraded": null
      },
      "closePrice": {
        "bid": 3328.33,
        "ask": 3328.63,
        "lastTraded": null
      },
      "highPrice": {
        "bid": 3329.99,
        "ask": 3330.49,
        "lastTraded": null
      },
      "lowPrice": {
        "bid": 3322.88,
        "ask": 3323.18,
        "lastTraded": null
      },
      "lastTradedVolume": 2088
    },
    {
      "snapshotTime": "2025:05:23-07:15:00",
      "openPrice": {
        "bid": 3328.08,
        "ask": 3328.58,
        "lastTraded": null
      },
      "closePrice": {
        "bid": 3325.65,
        "ask": 3326.15,
        "lastTraded": null
      },
      "highPrice": {
        "bid": 3330.1,
        "ask": 3330.5,
        "lastTraded": null
      },
      "lowPrice": {
        "bid": 3324.33,
        "ask": 3324.68,
        "lastTraded": null
      },
      "lastTradedVolume": 1517
    },
    {
      "snapshotTime": "2025:05:23-07:30:00",
      "openPrice": {
        "bid": 3325.72,
        "ask": 3326.22,
        "lastTraded": null
      },
      "closePrice": {
        "bid": 3328.35,
        "ask": 3328.85,
        "lastTraded": null
      },
      "highPrice": {
        "bid": 3328.57,
        "ask": 3328.98,
        "lastTraded": null
      },
      "lowPrice": {
        "bid": 3325.11,
        "ask": 3325.53,
        "lastTraded": null
      },
      "lastTradedVolume": 1235
    },
    {
      "snapshotTime": "2025:05:23-07:45:00",
      "openPrice": {
        "bid": 3328.3,
        "ask": 3328.8,
        "lastTraded": null
      },
      "closePrice": {
        "bid": 3331.05,
        "ask": 3331.35,
        "lastTraded": null
      },
      "highPrice": {
        "bid": 3331.88,
        "ask": 3332.18,
        "lastTraded": null
      },
      "lowPrice": {
        "bid": 3328.25,
        "ask": 3328.75,
        "lastTraded": null
      },
      "lastTradedVolume": 1509
    },
    {
      "snapshotTime": "2025:05:23-08:00:00",
      "openPrice": {
        "bid": 3331.02,
        "ask": 3331.32,
        "lastTraded": null
      },
      "closePrice": {
        "bid": 3329.88,
        "ask": 3330.38,
        "lastTraded": null
      },
      "highPrice": {
        "bid": 3332.83,
        "ask": 3333.16,
        "lastTraded": null
      },
      "lowPrice": {
        "bid": 3326.55,
        "ask": 3326.95,
        "lastTraded": null
      },
      "lastTradedVolume": 1487
    },
    {
      "snapshotTime": "2025:05:23-08:15:00",
      "openPrice": {
        "bid": 3329.62,
        "ask": 3330.12,
        "lastTraded": null
      },
      "closePrice": {
        "bid": 3330.85,
        "ask": 3331.35,
        "lastTraded": null
      },
      "highPrice": {
        "bid": 3332.27,
        "ask": 3332.61,
        "lastTraded": null
      },
      "lowPrice": {
        "bid": 3328.95,
        "ask": 3329.35,
        "lastTraded": null
      },
      "lastTradedVolume": 1122
    },
    {
      "snapshotTime": "2025:05:23-08:30:00",
      "openPrice": {
        "bid": 3331.0,
        "ask": 3331.3,
        "lastTraded": null
      },
      "closePrice": {
        "bid": 3331.08,
        "ask": 3331.58,
        "lastTraded": null
      },
      "highPrice": {
        "bid": 3331.67,
        "ask": 3331.97,
        "lastTraded": null
      },
      "lowPrice": {
        "bid": 3328.69,
        "ask": 3328.99,
        "lastTraded": null
      },
      "lastTradedVolume": 841
    },
    {
      "snapshotTime": "2025:05:23-08:45:00",
      "openPrice": {
        "bid": 3331.03,
        "ask": 3331.53,
        "lastTraded": null
      },
      "closePrice": {
        "bid": 3329.15,
        "ask": 3329.45,
        "lastTraded": null
      },
      "highPrice": {
        "bid": 3334.18,
        "ask": 3334.65,
        "lastTraded": null
      },
      "lowPrice": {
        "bid": 3329.11,
        "ask": 3329.41,
        "lastTraded": null
      },
      "lastTradedVolume": 1386
    },
    {
      "snapshotTime": "2025:05:23-09:00:00",
      "openPrice": {
        "bid": 3329.05,
        "ask": 3329.35,
        "lastTraded": null
      },
      "closePrice": {
        "bid": 3328.93,
        "ask": 3329.43,
        "lastTraded": null
      },
      "highPrice": {
        "bid": 3329.38,
        "ask": 3329.75,
        "lastTraded": null
      },
      "lowPrice": {
        "bid": 3325.39,
        "ask": 3325.83,
        "lastTraded": null
      },
      "lastTradedVolume": 1337
    },
    {
      "snapshotTime": "2025:05:23-09:15:00",
      "openPrice": {
        "bid": 3329.27,
        "ask": 3329.77,
        "lastTraded": null
      },
      "closePrice": {
        "bid": 3322.79,
        "ask": 3323.09,
        "lastTraded": null
      },
      "highPrice": {
        "bid": 3329.33,
        "ask": 3329.77,
        "lastTraded": null
      },
      "lowPrice": {
        "bid": 3322.43,
        "ask": 3322.73,
        "lastTraded": null
      },
      "lastTradedVolume": 1198
    },
    {
      "snapshotTime": "2025:05:23-09:30:00",
      "openPrice": {
        "bid": 3322.78,
        "ask": 3323.08,
        "lastTraded": null
      },
      "closePrice": {
        "bid": 3325.65,
        "ask": 3326.15,
        "lastTraded": null
      },
      "highPrice": {
        "bid": 3327.58,
        "ask": 3327.88,
        "lastTraded": null
      },
      "lowPrice": {
        "bid": 3322.58,
        "ask": 3322.88,
        "lastTraded": null
      },
      "lastTradedVolume": 1040
    },
    {
      "snapshotTime": "2025:05:23-09:45:00",
      "openPrice": {
        "bid": 3325.5,
        "ask": 3325.8,
        "lastTraded": null
      },
      "closePrice": {
        "bid": 3326.18,
        "ask": 3326.68,
        "lastTraded": null
      },
      "highPrice": {
        "bid": 3327.43,
        "ask": 3327.73,
        "lastTraded": null
      },
      "lowPrice": {
        "bid": 3323.57,
        "ask": 3324.07,
        "lastTraded": null
      },
      "lastTradedVolume": 992
    },
    {
      "snapshotTime": "2025:05:23-10:00:00",
      "openPrice": {
        "bid": 3326.33,
        "ask": 3326.83,
        "lastTraded": null
      },
      "closePrice": {
        "bid": 3327.98,
        "ask": 3328.48,
        "lastTraded": null
      },
      "highPrice": {
        "bid": 3329.23,
        "ask": 3329.58,
        "lastTraded": null
      },
      "lowPrice": {
        "bid": 3324.68,
        "ask": 3325.15,
        "lastTraded": null
      },
      "lastTradedVolume": 1108
    },
    {
      "snapshotTime": "2025:05:23-10:15:00",
      "openPrice": {
        "bid": 3327.88,
        "ask": 3328.38,
        "lastTraded": null
      },
      "closePrice": {
        "bid": 3332.13,
        "ask": 3332.43,
        "lastTraded": null
      },
      "highPrice": {
        "bid": 3333.97,
        "ask": 3334.33,
        "lastTraded": null
      },
      "lowPrice": {
        "bid": 3327.39,
        "ask": 3327.89,
        "lastTraded": null
      },
      "lastTradedVolume": 1253
    },
    {
      "snapshotTime": "2025:05:23-10:30:00",
      "openPrice": {
        "bid": 3332.03,
        "ask": 3332.33,
        "lastTraded": null
      },
      "closePrice": {
        "bid": 3329.48,
        "ask": 3329.98,
        "lastTraded": null
      },
      "highPrice": {
        "bid": 3333.86,
        "ask": 3334.16,
        "lastTraded": null
      },
      "lowPrice": {
        "bid": 3329.05,
        "ask": 3329.43,
        "lastTraded": null
      },
      "lastTradedVolume": 1364
    },
    {
      "snapshotTime": "2025:05:23-10:45:00",
      "openPrice": {
        "bid": 3329.58,
        "ask": 3329.88,
        "lastTraded": null
      },
      "closePrice": {
        "bid": 3328.63,
        "ask": 3328.93,
        "lastTraded": null
      },
      "highPrice": {
        "bid": 3331.02,
        "ask": 3331.32,
        "lastTraded": null
      },
      "lowPrice": {
        "bid": 3327.45,
        "ask": 3327.83,
        "lastTraded": null
      },
      "lastTradedVolume": 1183
    },
    {
      "snapshotTime": "2025:05:23-11:00:00",
      "openPrice": {
        "bid": 3328.73,
        "ask": 3329.03,
        "lastTraded": null
      },
      "closePrice": {
        "bid": 3326.3,
        "ask": 3326.8,
        "lastTraded": null
      },
      "highPrice": {
        "bid": 3329.23,
        "ask": 3329.53,
        "lastTraded": null
      },
      "lowPrice": {
        "bid": 3323.25,
        "ask": 3323.62,
        "lastTraded": null
      },
      "lastTradedVolume": 1379
    },
    {
      "snapshotTime": "2025:05:23-11:15:00",
      "openPrice": {
        "bid": 3326.24,
        "ask": 3326.74,
        "lastTraded": null
      },
      "closePrice": {
        "bid": 3327.83,
        "ask": 3328.33,
        "lastTraded": null
      },
      "highPrice": {
        "bid": 3328.5,
        "ask": 3328.85,
        "lastTraded": null
      },
      "lowPrice": {
        "bid": 3325.73,
        "ask": 3326.23,
        "lastTraded": null
      },
      "lastTradedVolume": 805
    },
    {
      "snapshotTime": "2025:05:23-11:30:00",
      "openPrice": {
        "bid": 3328.13,
        "ask": 3328.43,
        "lastTraded": null
      },
      "closePrice": {
        "bid": 3331.21,
        "ask": 3331.51,
        "lastTraded": null
      },
      "highPrice": {
        "bid": 3331.41,
        "ask": 3331.8,
        "lastTraded": null
      },
      "lowPrice": {
        "bid": 3326.08,
        "ask": 3326.43,
        "lastTraded": null
      },
      "lastTradedVolume": 986
    },
    {
      "snapshotTime": "2025:05:23-11:45:00",
      "openPrice": {
        "bid": 3331.23,
        "ask": 3331.53,
        "lastTraded": null
      },
      "closePrice": {
        "bid": 3328.43,
        "ask": 3328.93,
        "lastTraded": null
      },
      "highPrice": {
        "bid": 3331.83,
        "ask": 3332.15,
        "lastTraded": null
      },
      "lowPrice": {
        "bid": 3328.1,
        "ask": 3328.5,
        "lastTraded": null
      },
      "lastTradedVolume": 1034
    },
    {
      "snapshotTime": "2025:05:23-12:00:00",
      "openPrice": {
        "bid": 3328.63,
        "ask": 3328.73,
        "lastTraded": null
      },
      "closePrice": {
        "bid": 3326.73,
        "ask": 3327.03,
        "lastTraded": null
      },
      "highPrice": {
        "bid": 3329.83,
        "ask": 3330.28,
        "lastTraded": null
      },
      "lowPrice": {
        "bid": 3326.43,
        "ask": 3326.83,
        "lastTraded": null
      },
      "lastTradedVolume": 911
    },
    {
      "snapshotTime": "2025:05:23-12:15:00",
      "openPrice": {
        "bid": 3326.63,
        "ask": 3326.93,
        "lastTraded": null
      },
      "closePrice": {
        "bid": 3331.23,
        "ask": 3331.73,
        "lastTraded": null
      },
      "highPrice": {
        "bid": 3333.55,
        "ask": 3333.85,
        "lastTraded": null
      },
      "lowPrice": {
        "bid": 3325.31,
        "ask": 3325.63,
        "lastTraded": null
      },
      "lastTradedVolume": 2244
    },
    {
      "snapshotTime": "2025:05:23-12:30:00",
      "openPrice": {
        "bid": 3331.38,
        "ask": 3331.68,
        "lastTraded": null
      },
      "closePrice": {
        "bid": 3334.4,
        "ask": 3334.9,
        "lastTraded": null
      },
      "highPrice": {
        "bid": 3335.65,
        "ask": 3335.95,
        "lastTraded": null
      },
      "lowPrice": {
        "bid": 3324.28,
        "ask": 3324.66,
        "lastTraded": null
      },
      "lastTradedVolume": 2303
    },
    {
      "snapshotTime": "2025:05:23-12:45:00",
      "openPrice": {
        "bid": 3331.82,
        "ask": 3334.98,
        "lastTraded": null
      },
      "closePrice": {
        "bid": 3347.9,
        "ask": 3348.4,
        "lastTraded": null
      },
      "highPrice": {
        "bid": 3349.6,
        "ask": 3350.97,
        "lastTraded": null
      },
      "lowPrice": {
        "bid": 3328.65,
        "ask": 3330.36,
        "lastTraded": null
      },
      "lastTradedVolume": 4479
    },
    {
      "snapshotTime": "2025:05:23-13:00:00",
      "openPrice": {
        "bid": 3347.98,
        "ask": 3348.48,
        "lastTraded": null
      },
      "closePrice": {
        "bid": 3349.91,
        "ask": 3350.21,
        "lastTraded": null
      },
      "highPrice": {
        "bid": 3355.31,
        "ask": 3355.71,
        "lastTraded": null
      },
      "lowPrice": {
        "bid": 3344.79,
        "ask": 3345.09,
        "lastTraded": null
      },
      "lastTradedVolume": 3987
    },
    {
      "snapshotTime": "2025:05:23-13:15:00",
      "openPrice": {
        "bid": 3350.05,
        "ask": 3350.35,
        "lastTraded": null
      },
      "closePrice": {
        "bid": 3347.48,
        "ask": 3347.98,
        "lastTraded": null
      },
      "highPrice": {
        "bid": 3352.93,
        "ask": 3353.35,
        "lastTraded": null
      },
      "lowPrice": {
        "bid": 3345.78,
        "ask": 3346.19,
        "lastTraded": null
      },
      "lastTradedVolume": 3347
    },
    {
      "snapshotTime": "2025:05:23-13:30:00",
      "openPrice": {
        "bid": 3347.63,
        "ask": 3347.93,
        "lastTraded": null
      },
      "closePrice": {
        "bid": 3357.94,
        "ask": 3358.44,
        "lastTraded": null
      },
      "highPrice": {
        "bid": 3360.41,
        "ask": 3360.72,
        "lastTraded": null
      },
      "lowPrice": {
        "bid": 3345.88,
        "ask": 3346.34,
        "lastTraded": null
      },
      "lastTradedVolume": 3199
    },
    {
      "snapshotTime": "2025:05:23-13:45:00",
      "openPrice": {
        "bid": 3358.03,
        "ask": 3358.53,
        "lastTraded": null
      },
      "closePrice": {
        "bid": 3356.78,
        "ask": 3357.28,
        "lastTraded": null
      },
      "highPrice": {
        "bid": 3360.25,
        "ask": 3360.64,
        "lastTraded": null
      },
      "lowPrice": {
        "bid": 3350.03,
        "ask": 3350.35,
        "lastTraded": null
      },
      "lastTradedVolume": 3149
    },
    {
      "snapshotTime": "2025:05:23-14:00:00",
      "openPrice": {
        "bid": 3356.75,
        "ask": 3357.25,
        "lastTraded": null
      },
      "closePrice": {
        "bid": 3355.15,
        "ask": 3355.65,
        "lastTraded": null
      },
      "highPrice": {
        "bid": 3364.4,
        "ask": 3364.9,
        "lastTraded": null
      },
      "lowPrice": {
        "bid": 3353.7,
        "ask": 3354.0,
        "lastTraded": null
      },
      "lastTradedVolume": 3369
    },
    {
      "snapshotTime": "2025:05:23-14:15:00",
      "openPrice": {
        "bid": 3355.25,
        "ask": 3355.75,
        "lastTraded": null
      },
      "closePrice": {
        "bid": 3350.88,
        "ask": 3351.38,
        "lastTraded": null
      },
      "highPrice": {
        "bid": 3358.08,
        "ask": 3358.38,
        "lastTraded": null
      },
      "lowPrice": {
        "bid": 3345.58,
        "ask": 3346.08,
        "lastTraded": null
      },
      "lastTradedVolume": 3036
    },
    {
      "snapshotTime": "2025:05:23-14:30:00",
      "openPrice": {
        "bid": 3351.12,
        "ask": 3351.62,
        "lastTraded": null
      },
      "closePrice": {
        "bid": 3345.28,
        "ask": 3345.58,
        "lastTraded": null
      },
      "highPrice": {
        "bid": 3352.47,
        "ask": 3352.77,
        "lastTraded": null
      },
      "lowPrice": {
        "bid": 3337.05,
        "ask": 3337.43,
        "lastTraded": null
      },
      "lastTradedVolume": 4517
    },
    {
      "snapshotTime": "2025:05:23-14:45:00",
      "openPrice": {
        "bid": 3345.43,
        "ask": 3345.73,
        "lastTraded": null
      },
      "closePrice": {
        "bid": 3346.03,
        "ask": 3346.53,
        "lastTraded": null
      },
      "highPrice": {
        "bid": 3348.78,
        "ask": 3349.08,
        "lastTraded": null
      },
      "lowPrice": {
        "bid": 3341.83,
        "ask": 3342.17,
        "lastTraded": null
      },
      "lastTradedVolume": 2137
    }
  ],
  "instrumentType": "CURRENCIES",
  "allowance": {
    "remainingAllowance": 9948,
    "totalAllowance": 10000,
    "allowanceExpiry": 604799
  }
}
[2025-05-23 14:53:51,562] INFO: Processing price data for GC
[2025-05-23 14:53:51,562] INFO: Processed 52 price points for GC
[2025-05-23 14:53:51,568] DEBUG: Strategy datapoints: <equitiestradingbot.interfaces.market_history.MarketHistory object at 0x10d743770>
[2025-05-23 14:53:51,577] INFO: Trade Analysis for CS.D.USCGC.TODAY.IP:
[2025-05-23 14:53:51,577] INFO: Latest Price: 3346.03000
[2025-05-23 14:53:51,577] INFO: MACD: 7.51053 (Signal: 7.34953)
[2025-05-23 14:53:51,577] INFO: RSI: 65.87
[2025-05-23 14:53:51,577] INFO: ADX: 59.12
[2025-05-23 14:53:51,577] INFO: Volume: 2137 (MA: 3001)
[2025-05-23 14:53:51,577] INFO: Checking for LONG signal...
[2025-05-23 14:53:51,577] INFO:   - RSI condition met
[2025-05-23 14:53:51,577] INFO:   - ADX condition met (above 20)
[2025-05-23 14:53:51,577] INFO:   - Squeeze momentum condition met
[2025-05-23 14:53:51,577] INFO:   - Conditions met: 3/5
[2025-05-23 14:53:51,577] INFO: LONG Signal Generated:
[2025-05-23 14:53:51,577] INFO:   - Price above SMA
[2025-05-23 14:53:51,577] INFO:   - MACD crossed up
[2025-05-23 14:53:51,577] INFO:   - RSI above 50
[2025-05-23 14:53:51,577] INFO:   - Volume above EMA
[2025-05-23 14:53:51,577] INFO:   - ADX conditions met
[2025-05-23 14:53:51,577] INFO: Attempting to place trade with data: {
  "direction": "BUY",
  "epic": "CS.D.USCGC.TODAY.IP",
  "limitLevel": 3383.8005357142856,
  "orderType": "MARKET",
  "size": 10,
  "stopLevel": 3330.9217857142858,
  "forceOpen": true,
  "expiry": "DFB",
  "guaranteedStop": false,
  "currencyCode": "GBP"
}
[2025-05-23 14:53:51,578] DEBUG: Starting new HTTPS connection (1): demo-api.ig.com:443
[2025-05-23 14:53:52,651] DEBUG: https://demo-api.ig.com:443 "POST /gateway/deal/positions/otc HTTP/1.1" 200 35
[2025-05-23 14:53:54,673] DEBUG: Starting new HTTPS connection (1): demo-api.ig.com:443
[2025-05-23 14:53:54,757] DEBUG: https://demo-api.ig.com:443 "GET /gateway/deal/confirms/9YLCH6FNLCQTYPT HTTP/1.1" 200 475
[2025-05-23 14:53:54,758] INFO: Order confirmation response: {
  "date": "2025-05-23T13:53:52.679",
  "status": "OPEN",
  "reason": "SUCCESS",
  "dealStatus": "ACCEPTED",
  "epic": "CS.D.USCGC.TODAY.IP",
  "expiry": "DFB",
  "dealReference": "9YLCH6FNLCQTYPT",
  "dealId": "DIAAAATW2ZTKXAN",
  "affectedDeals": [
    {
      "dealId": "DIAAAATW2ZTKXAN",
      "status": "OPENED"
    }
  ],
  "level": 3346.33,
  "size": 10.0,
  "direction": "BUY",
  "stopLevel": 3330.9219,
  "limitLevel": 3383.8005,
  "stopDistance": null,
  "limitDistance": null,
  "guaranteedStop": false,
  "trailingStop": false,
  "profit": null,
  "profitCurrency": null
}
[2025-05-23 14:53:54,758] INFO: Order BUY for CS.D.USCGC.TODAY.IP confirmed with limit=3383.8005357142856 and stop=3330.9217857142858
[2025-05-23 14:53:54,758] INFO: Starting to process market source
[2025-05-23 14:53:57,781] DEBUG: Starting new HTTPS connection (1): demo-api.ig.com:443
[2025-05-23 14:53:57,849] DEBUG: https://demo-api.ig.com:443 "GET /gateway/deal/markets/ HTTP/1.1" 500 77
[2025-05-23 14:53:57,850] ERROR: HTTP request returned 500
