[2025-05-06 13:37:58,091] INFO: Logging to file: /Users/e1/Documents/equitiestradingbot/log/trading_bot_2025-05-06T13_37_58_091398.log
[2025-05-06 13:37:58,091] INFO: Initialising IGInterface...
[2025-05-06 13:37:58,097] DEBUG: Starting new HTTPS connection (1): demo-api.ig.com:443
[2025-05-06 13:37:58,375] DEBUG: https://demo-api.ig.com:443 "POST /gateway/deal/session HTTP/1.1" 200 616
[2025-05-06 13:37:58,377] DEBUG: Starting new HTTPS connection (1): demo-api.ig.com:443
[2025-05-06 13:37:58,601] DEBUG: https://demo-api.ig.com:443 "PUT /gateway/deal/session HTTP/1.1" 412 56
[2025-05-06 13:37:58,601] INFO: Account is already set as default
[2025-05-06 13:37:58,602] INFO: Using stock interface: IGInterface
[2025-05-06 13:37:58,602] INFO: Simple MACD strategy initialised.
[2025-05-06 13:38:01,126] DEBUG: Starting new HTTPS connection (1): demo-api.ig.com:443
[2025-05-06 13:38:01,373] DEBUG: https://demo-api.ig.com:443 "GET /gateway/deal/positions HTTP/1.1" 200 775
[2025-05-06 13:38:01,374] ERROR: Generic exception caught: 'epic'
[2025-05-06 13:38:01,377] ERROR: Traceback (most recent call last):
  File "/Users/e1/Documents/equitiestradingbot/equitiestradingbot/tradingbot.py", line 119, in start
    self.process_open_positions()
    ~~~~~~~~~~~~~~~~~~~~~~~~~~~^^
  File "/Users/e1/Documents/equitiestradingbot/equitiestradingbot/tradingbot.py", line 156, in process_open_positions
    positions = self.broker.get_open_positions()
  File "/Users/e1/Documents/equitiestradingbot/equitiestradingbot/components/broker/broker.py", line 26, in get_open_positions
    return self.account_ifc.get_open_positions()
           ~~~~~~~~~~~~~~~~~~~~~~~~~~~~~~~~~~~^^
  File "/Users/e1/Documents/equitiestradingbot/equitiestradingbot/components/broker/ig_interface.py", line 161, in get_open_positions
    epic=d["position"]["epic"],
         ~~~~~~~~~~~~~^^^^^^^^
KeyError: 'epic'

[2025-05-06 13:38:04,402] DEBUG: Starting new HTTPS connection (1): demo-api.ig.com:443
[2025-05-06 13:38:05,758] DEBUG: https://demo-api.ig.com:443 "GET /gateway/deal/positions HTTP/1.1" 200 775
[2025-05-06 13:38:05,760] ERROR: Generic exception caught: 'epic'
[2025-05-06 13:38:05,761] ERROR: Traceback (most recent call last):
  File "/Users/e1/Documents/equitiestradingbot/equitiestradingbot/tradingbot.py", line 119, in start
    self.process_open_positions()
    ~~~~~~~~~~~~~~~~~~~~~~~~~~~^^
  File "/Users/e1/Documents/equitiestradingbot/equitiestradingbot/tradingbot.py", line 156, in process_open_positions
    positions = self.broker.get_open_positions()
  File "/Users/e1/Documents/equitiestradingbot/equitiestradingbot/components/broker/broker.py", line 26, in get_open_positions
    return self.account_ifc.get_open_positions()
           ~~~~~~~~~~~~~~~~~~~~~~~~~~~~~~~~~~~^^
  File "/Users/e1/Documents/equitiestradingbot/equitiestradingbot/components/broker/ig_interface.py", line 161, in get_open_positions
    epic=d["position"]["epic"],
         ~~~~~~~~~~~~~^^^^^^^^
KeyError: 'epic'

[2025-05-06 13:38:07,779] DEBUG: Starting new HTTPS connection (1): demo-api.ig.com:443
