[2025-07-15 07:27:56,152] INFO: Initialising IGInterface...
[2025-07-15 07:27:56,152] INFO: Attempting authentication to URL: https://demo-api.ig.com/gateway/deal/session
[2025-07-15 07:27:56,152] INFO: Using API Key: 43c58bfd6f5ead3ac4d803d18f883db5857c9631
[2025-07-15 07:27:56,152] INFO: Using Account ID: Z5YISO
[2025-07-15 07:27:56,176] DEBUG: Starting new HTTPS connection (1): demo-api.ig.com:443
[2025-07-15 07:27:56,404] DEBUG: https://demo-api.ig.com:443 "POST /gateway/deal/session HTTP/1.1" 200 619
[2025-07-15 07:27:56,405] INFO: Successfully obtained authentication tokens
[2025-07-15 07:27:56,408] DEBUG: Starting new HTTPS connection (1): demo-api.ig.com:443
[2025-07-15 07:27:56,500] DEBUG: https://demo-api.ig.com:443 "PUT /gateway/deal/session HTTP/1.1" 412 56
[2025-07-15 07:27:56,501] INFO: Account is already set as default
[2025-07-15 07:27:56,501] INFO: Using stock interface: IGInterface
[2025-07-15 07:27:56,501] INFO: Intraday Gold Strategy configuration loaded successfully
[2025-07-15 07:27:56,501] INFO: Intraday Gold Strategy initialised
[2025-07-15 07:27:56,503] INFO: Intraday Gold Strategy configuration loaded successfully
[2025-07-15 07:27:56,504] INFO: Performing a single iteration of the market source
[2025-07-15 07:27:59,543] DEBUG: Starting new HTTPS connection (1): demo-api.ig.com:443
[2025-07-15 07:27:59,652] DEBUG: https://demo-api.ig.com:443 "GET /gateway/deal/positions HTTP/1.1" 200 16
[2025-07-15 07:27:59,654] DEBUG: Raw positions response: {
  "positions": []
}
[2025-07-15 07:27:59,654] INFO: Starting to process market source
[2025-07-15 07:28:02,682] DEBUG: Starting new HTTPS connection (1): demo-api.ig.com:443
[2025-07-15 07:28:02,784] DEBUG: https://demo-api.ig.com:443 "GET /gateway/deal/positions HTTP/1.1" 200 16
[2025-07-15 07:28:02,785] DEBUG: Raw positions response: {
  "positions": []
}
[2025-07-15 07:28:05,814] DEBUG: Starting new HTTPS connection (1): demo-api.ig.com:443
[2025-07-15 07:28:05,908] DEBUG: https://demo-api.ig.com:443 "GET /gateway/deal/markets/CS.D.USCGC.TODAY.IP HTTP/1.1" 200 2027
[2025-07-15 07:28:08,939] DEBUG: Starting new HTTPS connection (1): demo-api.ig.com:443
[2025-07-15 07:28:09,053] DEBUG: https://demo-api.ig.com:443 "GET /gateway/deal/accounts HTTP/1.1" 200 552
[2025-07-15 07:28:09,058] INFO: Processing GC
[2025-07-15 07:28:09,059] CRITICAL: CRITICAL: get_prices method called
[2025-07-15 07:28:09,059] INFO: Fetching price data from URL: https://demo-api.ig.com/gateway/deal/prices/CS.D.USCGC.TODAY.IP/MINUTE_15/100
[2025-07-15 07:28:12,085] DEBUG: Starting new HTTPS connection (1): demo-api.ig.com:443
[2025-07-15 07:28:12,182] DEBUG: https://demo-api.ig.com:443 "GET /gateway/deal/prices/CS.D.USCGC.TODAY.IP/MINUTE_15/100 HTTP/1.1" 200 30394
[2025-07-15 07:28:12,197] DEBUG: Raw price data: {
  "prices": [
    {
      "snapshotTime": "2025:07:14-05:30:00",
      "openPrice": {
        "bid": 3355.72,
        "ask": 3356.22,
        "lastTraded": null
      },
      "closePrice": {
        "bid": 3359.45,
        "ask": 3359.95,
        "lastTraded": null
      },
      "highPrice": {
        "bid": 3361.53,
        "ask": 3362.03,
        "lastTraded": null
      },
      "lowPrice": {
        "bid": 3355.57,
        "ask": 3355.87,
        "lastTraded": null
      },
      "lastTradedVolume": 1230
    },
    {
      "snapshotTime": "2025:07:14-05:45:00",
      "openPrice": {
        "bid": 3359.39,
        "ask": 3359.89,
        "lastTraded": null
      },
      "closePrice": {
        "bid": 3359.5,
        "ask": 3360.0,
        "lastTraded": null
      },
      "highPrice": {
        "bid": 3360.71,
        "ask": 3361.21,
        "lastTraded": null
      },
      "lowPrice": {
        "bid": 3358.63,
        "ask": 3359.13,
        "lastTraded": null
      },
      "lastTradedVolume": 1512
    },
    {
      "snapshotTime": "2025:07:14-06:00:00",
      "openPrice": {
        "bid": 3359.48,
        "ask": 3359.98,
        "lastTraded": null
      },
      "closePrice": {
        "bid": 3358.43,
        "ask": 3358.93,
        "lastTraded": null
      },
      "highPrice": {
        "bid": 3359.83,
        "ask": 3360.33,
        "lastTraded": null
      },
      "lowPrice": {
        "bid": 3357.48,
        "ask": 3357.98,
        "lastTraded": null
      },
      "lastTradedVolume": 1451
    },
    {
      "snapshotTime": "2025:07:14-06:15:00",
      "openPrice": {
        "bid": 3358.35,
        "ask": 3358.85,
        "lastTraded": null
      },
      "closePrice": {
        "bid": 3355.65,
        "ask": 3356.15,
        "lastTraded": null
      },
      "highPrice": {
        "bid": 3360.25,
        "ask": 3360.75,
        "lastTraded": null
      },
      "lowPrice": {
        "bid": 3353.69,
        "ask": 3353.99,
        "lastTraded": null
      },
      "lastTradedVolume": 1214
    },
    {
      "snapshotTime": "2025:07:14-06:30:00",
      "openPrice": {
        "bid": 3355.85,
        "ask": 3356.35,
        "lastTraded": null
      },
      "closePrice": {
        "bid": 3357.61,
        "ask": 3358.11,
        "lastTraded": null
      },
      "highPrice": {
        "bid": 3358.79,
        "ask": 3359.29,
        "lastTraded": null
      },
      "lowPrice": {
        "bid": 3355.65,
        "ask": 3356.15,
        "lastTraded": null
      },
      "lastTradedVolume": 1792
    },
    {
      "snapshotTime": "2025:07:14-06:45:00",
      "openPrice": {
        "bid": 3357.45,
        "ask": 3357.95,
        "lastTraded": null
      },
      "closePrice": {
        "bid": 3357.47,
        "ask": 3357.97,
        "lastTraded": null
      },
      "highPrice": {
        "bid": 3358.09,
        "ask": 3358.59,
        "lastTraded": null
      },
      "lowPrice": {
        "bid": 3355.93,
        "ask": 3356.43,
        "lastTraded": null
      },
      "lastTradedVolume": 1514
    },
    {
      "snapshotTime": "2025:07:14-07:00:00",
      "openPrice": {
        "bid": 3357.55,
        "ask": 3358.05,
        "lastTraded": null
      },
      "closePrice": {
        "bid": 3359.6,
        "ask": 3360.1,
        "lastTraded": null
      },
      "highPrice": {
        "bid": 3360.07,
        "ask": 3360.46,
        "lastTraded": null
      },
      "lowPrice": {
        "bid": 3356.45,
        "ask": 3356.95,
        "lastTraded": null
      },
      "lastTradedVolume": 1883
    },
    {
      "snapshotTime": "2025:07:14-07:15:00",
      "openPrice": {
        "bid": 3359.66,
        "ask": 3360.16,
        "lastTraded": null
      },
      "closePrice": {
        "bid": 3360.28,
        "ask": 3360.78,
        "lastTraded": null
      },
      "highPrice": {
        "bid": 3361.35,
        "ask": 3361.79,
        "lastTraded": null
      },
      "lowPrice": {
        "bid": 3357.97,
        "ask": 3358.47,
        "lastTraded": null
      },
      "lastTradedVolume": 1694
    },
    {
      "snapshotTime": "2025:07:14-07:30:00",
      "openPrice": {
        "bid": 3360.32,
        "ask": 3360.82,
        "lastTraded": null
      },
      "closePrice": {
        "bid": 3362.55,
        "ask": 3363.05,
        "lastTraded": null
      },
      "highPrice": {
        "bid": 3362.62,
        "ask": 3363.12,
        "lastTraded": null
      },
      "lowPrice": {
        "bid": 3358.05,
        "ask": 3358.55,
        "lastTraded": null
      },
      "lastTradedVolume": 2055
    },
    {
      "snapshotTime": "2025:07:14-07:45:00",
      "openPrice": {
        "bid": 3362.32,
        "ask": 3362.82,
        "lastTraded": null
      },
      "closePrice": {
        "bid": 3368.73,
        "ask": 3369.23,
        "lastTraded": null
      },
      "highPrice": {
        "bid": 3369.51,
        "ask": 3370.01,
        "lastTraded": null
      },
      "lowPrice": {
        "bid": 3362.15,
        "ask": 3362.65,
        "lastTraded": null
      },
      "lastTradedVolume": 2205
    },
    {
      "snapshotTime": "2025:07:14-08:00:00",
      "openPrice": {
        "bid": 3368.77,
        "ask": 3369.27,
        "lastTraded": null
      },
      "closePrice": {
        "bid": 3367.45,
        "ask": 3367.95,
        "lastTraded": null
      },
      "highPrice": {
        "bid": 3372.23,
        "ask": 3372.73,
        "lastTraded": null
      },
      "lowPrice": {
        "bid": 3366.46,
        "ask": 3366.82,
        "lastTraded": null
      },
      "lastTradedVolume": 2126
    },
    {
      "snapshotTime": "2025:07:14-08:15:00",
      "openPrice": {
        "bid": 3367.41,
        "ask": 3367.91,
        "lastTraded": null
      },
      "closePrice": {
        "bid": 3374.37,
        "ask": 3374.87,
        "lastTraded": null
      },
      "highPrice": {
        "bid": 3374.37,
        "ask": 3374.87,
        "lastTraded": null
      },
      "lowPrice": {
        "bid": 3366.55,
        "ask": 3367.05,
        "lastTraded": null
      },
      "lastTradedVolume": 1836
    },
    {
      "snapshotTime": "2025:07:14-08:30:00",
      "openPrice": {
        "bid": 3374.42,
        "ask": 3374.92,
        "lastTraded": null
      },
      "closePrice": {
        "bid": 3371.49,
        "ask": 3371.99,
        "lastTraded": null
      },
      "highPrice": {
        "bid": 3374.85,
        "ask": 3375.15,
        "lastTraded": null
      },
      "lowPrice": {
        "bid": 3369.69,
        "ask": 3370.19,
        "lastTraded": null
      },
      "lastTradedVolume": 1646
    },
    {
      "snapshotTime": "2025:07:14-08:45:00",
      "openPrice": {
        "bid": 3371.46,
        "ask": 3371.96,
        "lastTraded": null
      },
      "closePrice": {
        "bid": 3371.71,
        "ask": 3372.21,
        "lastTraded": null
      },
      "highPrice": {
        "bid": 3372.02,
        "ask": 3372.52,
        "lastTraded": null
      },
      "lowPrice": {
        "bid": 3369.14,
        "ask": 3369.48,
        "lastTraded": null
      },
      "lastTradedVolume": 1429
    },
    {
      "snapshotTime": "2025:07:14-09:00:00",
      "openPrice": {
        "bid": 3371.56,
        "ask": 3372.06,
        "lastTraded": null
      },
      "closePrice": {
        "bid": 3372.15,
        "ask": 3372.65,
        "lastTraded": null
      },
      "highPrice": {
        "bid": 3372.34,
        "ask": 3372.84,
        "lastTraded": null
      },
      "lowPrice": {
        "bid": 3369.28,
        "ask": 3369.78,
        "lastTraded": null
      },
      "lastTradedVolume": 1587
    },
    {
      "snapshotTime": "2025:07:14-09:15:00",
      "openPrice": {
        "bid": 3372.11,
        "ask": 3372.61,
        "lastTraded": null
      },
      "closePrice": {
        "bid": 3367.32,
        "ask": 3367.82,
        "lastTraded": null
      },
      "highPrice": {
        "bid": 3372.35,
        "ask": 3372.85,
        "lastTraded": null
      },
      "lowPrice": {
        "bid": 3366.51,
        "ask": 3367.01,
        "lastTraded": null
      },
      "lastTradedVolume": 1565
    },
    {
      "snapshotTime": "2025:07:14-09:30:00",
      "openPrice": {
        "bid": 3367.27,
        "ask": 3367.77,
        "lastTraded": null
      },
      "closePrice": {
        "bid": 3367.83,
        "ask": 3368.33,
        "lastTraded": null
      },
      "highPrice": {
        "bid": 3367.89,
        "ask": 3368.39,
        "lastTraded": null
      },
      "lowPrice": {
        "bid": 3365.24,
        "ask": 3365.74,
        "lastTraded": null
      },
      "lastTradedVolume": 1695
    },
    {
      "snapshotTime": "2025:07:14-09:45:00",
      "openPrice": {
        "bid": 3367.81,
        "ask": 3368.31,
        "lastTraded": null
      },
      "closePrice": {
        "bid": 3365.76,
        "ask": 3366.26,
        "lastTraded": null
      },
      "highPrice": {
        "bid": 3368.45,
        "ask": 3368.95,
        "lastTraded": null
      },
      "lowPrice": {
        "bid": 3365.76,
        "ask": 3366.26,
        "lastTraded": null
      },
      "lastTradedVolume": 966
    },
    {
      "snapshotTime": "2025:07:14-10:00:00",
      "openPrice": {
        "bid": 3365.81,
        "ask": 3366.31,
        "lastTraded": null
      },
      "closePrice": {
        "bid": 3366.49,
        "ask": 3366.99,
        "lastTraded": null
      },
      "highPrice": {
        "bid": 3367.3,
        "ask": 3367.8,
        "lastTraded": null
      },
      "lowPrice": {
        "bid": 3364.41,
        "ask": 3364.91,
        "lastTraded": null
      },
      "lastTradedVolume": 854
    },
    {
      "snapshotTime": "2025:07:14-10:15:00",
      "openPrice": {
        "bid": 3366.45,
        "ask": 3366.95,
        "lastTraded": null
      },
      "closePrice": {
        "bid": 3366.86,
        "ask": 3367.36,
        "lastTraded": null
      },
      "highPrice": {
        "bid": 3368.97,
        "ask": 3369.47,
        "lastTraded": null
      },
      "lowPrice": {
        "bid": 3366.43,
        "ask": 3366.93,
        "lastTraded": null
      },
      "lastTradedVolume": 1045
    },
    {
      "snapshotTime": "2025:07:14-10:30:00",
      "openPrice": {
        "bid": 3366.77,
        "ask": 3367.27,
        "lastTraded": null
      },
      "closePrice": {
        "bid": 3365.27,
        "ask": 3365.77,
        "lastTraded": null
      },
      "highPrice": {
        "bid": 3366.95,
        "ask": 3367.45,
        "lastTraded": null
      },
      "lowPrice": {
        "bid": 3363.93,
        "ask": 3364.43,
        "lastTraded": null
      },
      "lastTradedVolume": 1592
    },
    {
      "snapshotTime": "2025:07:14-10:45:00",
      "openPrice": {
        "bid": 3365.3,
        "ask": 3365.8,
        "lastTraded": null
      },
      "closePrice": {
        "bid": 3369.98,
        "ask": 3370.48,
        "lastTraded": null
      },
      "highPrice": {
        "bid": 3370.18,
        "ask": 3370.68,
        "lastTraded": null
      },
      "lowPrice": {
        "bid": 3364.59,
        "ask": 3365.09,
        "lastTraded": null
      },
      "lastTradedVolume": 1322
    },
    {
      "snapshotTime": "2025:07:14-11:00:00",
      "openPrice": {
        "bid": 3370.0,
        "ask": 3370.5,
        "lastTraded": null
      },
      "closePrice": {
        "bid": 3373.65,
        "ask": 3374.15,
        "lastTraded": null
      },
      "highPrice": {
        "bid": 3374.5,
        "ask": 3374.92,
        "lastTraded": null
      },
      "lowPrice": {
        "bid": 3370.0,
        "ask": 3370.5,
        "lastTraded": null
      },
      "lastTradedVolume": 2005
    },
    {
      "snapshotTime": "2025:07:14-11:15:00",
      "openPrice": {
        "bid": 3373.66,
        "ask": 3374.16,
        "lastTraded": null
      },
      "closePrice": {
        "bid": 3370.44,
        "ask": 3370.94,
        "lastTraded": null
      },
      "highPrice": {
        "bid": 3373.72,
        "ask": 3374.22,
        "lastTraded": null
      },
      "lowPrice": {
        "bid": 3370.0,
        "ask": 3370.5,
        "lastTraded": null
      },
      "lastTradedVolume": 2007
    },
    {
      "snapshotTime": "2025:07:14-11:30:00",
      "openPrice": {
        "bid": 3370.42,
        "ask": 3370.92,
        "lastTraded": null
      },
      "closePrice": {
        "bid": 3371.13,
        "ask": 3371.63,
        "lastTraded": null
      },
      "highPrice": {
        "bid": 3372.49,
        "ask": 3372.99,
        "lastTraded": null
      },
      "lowPrice": {
        "bid": 3369.4,
        "ask": 3369.9,
        "lastTraded": null
      },
      "lastTradedVolume": 1456
    },
    {
      "snapshotTime": "2025:07:14-11:45:00",
      "openPrice": {
        "bid": 3371.12,
        "ask": 3371.62,
        "lastTraded": null
      },
      "closePrice": {
        "bid": 3372.01,
        "ask": 3372.31,
        "lastTraded": null
      },
      "highPrice": {
        "bid": 3372.42,
        "ask": 3372.92,
        "lastTraded": null
      },
      "lowPrice": {
        "bid": 3370.24,
        "ask": 3370.74,
        "lastTraded": null
      },
      "lastTradedVolume": 965
    },
    {
      "snapshotTime": "2025:07:14-12:00:00",
      "openPrice": {
        "bid": 3372.32,
        "ask": 3372.62,
        "lastTraded": null
      },
      "closePrice": {
        "bid": 3371.18,
        "ask": 3371.68,
        "lastTraded": null
      },
      "highPrice": {
        "bid": 3372.84,
        "ask": 3373.34,
        "lastTraded": null
      },
      "lowPrice": {
        "bid": 3370.27,
        "ask": 3370.57,
        "lastTraded": null
      },
      "lastTradedVolume": 1145
    },
    {
      "snapshotTime": "2025:07:14-12:15:00",
      "openPrice": {
        "bid": 3371.27,
        "ask": 3371.77,
        "lastTraded": null
      },
      "closePrice": {
        "bid": 3369.35,
        "ask": 3369.85,
        "lastTraded": null
      },
      "highPrice": {
        "bid": 3373.11,
        "ask": 3373.57,
        "lastTraded": null
      },
      "lowPrice": {
        "bid": 3369.21,
        "ask": 3369.71,
        "lastTraded": null
      },
      "lastTradedVolume": 1434
    },
    {
      "snapshotTime": "2025:07:14-12:30:00",
      "openPrice": {
        "bid": 3369.23,
        "ask": 3369.73,
        "lastTraded": null
      },
      "closePrice": {
        "bid": 3370.78,
        "ask": 3371.28,
        "lastTraded": null
      },
      "highPrice": {
        "bid": 3371.71,
        "ask": 3372.17,
        "lastTraded": null
      },
      "lowPrice": {
        "bid": 3368.54,
        "ask": 3369.04,
        "lastTraded": null
      },
      "lastTradedVolume": 1616
    },
    {
      "snapshotTime": "2025:07:14-12:45:00",
      "openPrice": {
        "bid": 3370.73,
        "ask": 3371.23,
        "lastTraded": null
      },
      "closePrice": {
        "bid": 3364.37,
        "ask": 3364.87,
        "lastTraded": null
      },
      "highPrice": {
        "bid": 3371.19,
        "ask": 3371.69,
        "lastTraded": null
      },
      "lowPrice": {
        "bid": 3363.7,
        "ask": 3364.2,
        "lastTraded": null
      },
      "lastTradedVolume": 2091
    },
    {
      "snapshotTime": "2025:07:14-13:00:00",
      "openPrice": {
        "bid": 3364.31,
        "ask": 3364.81,
        "lastTraded": null
      },
      "closePrice": {
        "bid": 3362.26,
        "ask": 3362.76,
        "lastTraded": null
      },
      "highPrice": {
        "bid": 3366.71,
        "ask": 3367.21,
        "lastTraded": null
      },
      "lowPrice": {
        "bid": 3360.79,
        "ask": 3361.29,
        "lastTraded": null
      },
      "lastTradedVolume": 2064
    },
    {
      "snapshotTime": "2025:07:14-13:15:00",
      "openPrice": {
        "bid": 3362.27,
        "ask": 3362.77,
        "lastTraded": null
      },
      "closePrice": {
        "bid": 3358.27,
        "ask": 3358.77,
        "lastTraded": null
      },
      "highPrice": {
        "bid": 3363.12,
        "ask": 3363.62,
        "lastTraded": null
      },
      "lowPrice": {
        "bid": 3357.26,
        "ask": 3357.76,
        "lastTraded": null
      },
      "lastTradedVolume": 2789
    },
    {
      "snapshotTime": "2025:07:14-13:30:00",
      "openPrice": {
        "bid": 3358.18,
        "ask": 3358.68,
        "lastTraded": null
      },
      "closePrice": {
        "bid": 3351.65,
        "ask": 3352.15,
        "lastTraded": null
      },
      "highPrice": {
        "bid": 3358.76,
        "ask": 3359.18,
        "lastTraded": null
      },
      "lowPrice": {
        "bid": 3350.54,
        "ask": 3351.03,
        "lastTraded": null
      },
      "lastTradedVolume": 2496
    },
    {
      "snapshotTime": "2025:07:14-13:45:00",
      "openPrice": {
        "bid": 3351.8,
        "ask": 3352.3,
        "lastTraded": null
      },
      "closePrice": {
        "bid": 3350.19,
        "ask": 3350.49,
        "lastTraded": null
      },
      "highPrice": {
        "bid": 3353.27,
        "ask": 3353.77,
        "lastTraded": null
      },
      "lowPrice": {
        "bid": 3349.33,
        "ask": 3349.83,
        "lastTraded": null
      },
      "lastTradedVolume": 1937
    },
    {
      "snapshotTime": "2025:07:14-14:00:00",
      "openPrice": {
        "bid": 3350.38,
        "ask": 3350.68,
        "lastTraded": null
      },
      "closePrice": {
        "bid": 3353.14,
        "ask": 3353.64,
        "lastTraded": null
      },
      "highPrice": {
        "bid": 3353.41,
        "ask": 3353.91,
        "lastTraded": null
      },
      "lowPrice": {
        "bid": 3346.89,
        "ask": 3347.39,
        "lastTraded": null
      },
      "lastTradedVolume": 2499
    },
    {
      "snapshotTime": "2025:07:14-14:15:00",
      "openPrice": {
        "bid": 3353.07,
        "ask": 3353.37,
        "lastTraded": null
      },
      "closePrice": {
        "bid": 3355.62,
        "ask": 3356.12,
        "lastTraded": null
      },
      "highPrice": {
        "bid": 3355.85,
        "ask": 3356.3,
        "lastTraded": null
      },
      "lowPrice": {
        "bid": 3350.92,
        "ask": 3351.22,
        "lastTraded": null
      },
      "lastTradedVolume": 1750
    },
    {
      "snapshotTime": "2025:07:14-14:30:00",
      "openPrice": {
        "bid": 3355.71,
        "ask": 3356.21,
        "lastTraded": null
      },
      "closePrice": {
        "bid": 3357.33,
        "ask": 3357.83,
        "lastTraded": null
      },
      "highPrice": {
        "bid": 3358.13,
        "ask": 3358.49,
        "lastTraded": null
      },
      "lowPrice": {
        "bid": 3354.51,
        "ask": 3354.81,
        "lastTraded": null
      },
      "lastTradedVolume": 2500
    },
    {
      "snapshotTime": "2025:07:14-14:45:00",
      "openPrice": {
        "bid": 3357.35,
        "ask": 3357.85,
        "lastTraded": null
      },
      "closePrice": {
        "bid": 3355.31,
        "ask": 3355.61,
        "lastTraded": null
      },
      "highPrice": {
        "bid": 3358.98,
        "ask": 3359.41,
        "lastTraded": null
      },
      "lowPrice": {
        "bid": 3354.68,
        "ask": 3355.03,
        "lastTraded": null
      },
      "lastTradedVolume": 2041
    },
    {
      "snapshotTime": "2025:07:14-15:00:00",
      "openPrice": {
        "bid": 3355.12,
        "ask": 3355.42,
        "lastTraded": null
      },
      "closePrice": {
        "bid": 3351.42,
        "ask": 3351.92,
        "lastTraded": null
      },
      "highPrice": {
        "bid": 3356.07,
        "ask": 3356.5,
        "lastTraded": null
      },
      "lowPrice": {
        "bid": 3351.19,
        "ask": 3351.67,
        "lastTraded": null
      },
      "lastTradedVolume": 3125
    },
    {
      "snapshotTime": "2025:07:14-15:15:00",
      "openPrice": {
        "bid": 3351.44,
        "ask": 3351.72,
        "lastTraded": null
      },
      "closePrice": {
        "bid": 3351.77,
        "ask": 3352.27,
        "lastTraded": null
      },
      "highPrice": {
        "bid": 3352.72,
        "ask": 3353.22,
        "lastTraded": null
      },
      "lowPrice": {
        "bid": 3344.95,
        "ask": 3345.25,
        "lastTraded": null
      },
      "lastTradedVolume": 3069
    },
    {
      "snapshotTime": "2025:07:14-15:30:00",
      "openPrice": {
        "bid": 3351.83,
        "ask": 3352.33,
        "lastTraded": null
      },
      "closePrice": {
        "bid": 3342.12,
        "ask": 3342.42,
        "lastTraded": null
      },
      "highPrice": {
        "bid": 3352.35,
        "ask": 3352.76,
        "lastTraded": null
      },
      "lowPrice": {
        "bid": 3340.96,
        "ask": 3341.26,
        "lastTraded": null
      },
      "lastTradedVolume": 3088
    },
    {
      "snapshotTime": "2025:07:14-15:45:00",
      "openPrice": {
        "bid": 3341.91,
        "ask": 3342.21,
        "lastTraded": null
      },
      "closePrice": {
        "bid": 3342.92,
        "ask": 3343.22,
        "lastTraded": null
      },
      "highPrice": {
        "bid": 3345.07,
        "ask": 3345.37,
        "lastTraded": null
      },
      "lowPrice": {
        "bid": 3340.98,
        "ask": 3341.44,
        "lastTraded": null
      },
      "lastTradedVolume": 2429
    },
    {
      "snapshotTime": "2025:07:14-16:00:00",
      "openPrice": {
        "bid": 3343.21,
        "ask": 3343.51,
        "lastTraded": null
      },
      "closePrice": {
        "bid": 3348.25,
        "ask": 3348.75,
        "lastTraded": null
      },
      "highPrice": {
        "bid": 3349.33,
        "ask": 3349.73,
        "lastTraded": null
      },
      "lowPrice": {
        "bid": 3342.06,
        "ask": 3342.56,
        "lastTraded": null
      },
      "lastTradedVolume": 2734
    },
    {
      "snapshotTime": "2025:07:14-16:15:00",
      "openPrice": {
        "bid": 3348.24,
        "ask": 3348.74,
        "lastTraded": null
      },
      "closePrice": {
        "bid": 3346.95,
        "ask": 3347.25,
        "lastTraded": null
      },
      "highPrice": {
        "bid": 3348.87,
        "ask": 3349.3,
        "lastTraded": null
      },
      "lowPrice": {
        "bid": 3345.39,
        "ask": 3345.81,
        "lastTraded": null
      },
      "lastTradedVolume": 1756
    },
    {
      "snapshotTime": "2025:07:14-16:30:00",
      "openPrice": {
        "bid": 3346.83,
        "ask": 3347.13,
        "lastTraded": null
      },
      "closePrice": {
        "bid": 3348.22,
        "ask": 3348.52,
        "lastTraded": null
      },
      "highPrice": {
        "bid": 3349.67,
        "ask": 3350.14,
        "lastTraded": null
      },
      "lowPrice": {
        "bid": 3346.46,
        "ask": 3346.93,
        "lastTraded": null
      },
      "lastTradedVolume": 1679
    },
    {
      "snapshotTime": "2025:07:14-16:45:00",
      "openPrice": {
        "bid": 3348.31,
        "ask": 3348.61,
        "lastTraded": null
      },
      "closePrice": {
        "bid": 3344.83,
        "ask": 3345.13,
        "lastTraded": null
      },
      "highPrice": {
        "bid": 3348.44,
        "ask": 3348.89,
        "lastTraded": null
      },
      "lowPrice": {
        "bid": 3344.27,
        "ask": 3344.57,
        "lastTraded": null
      },
      "lastTradedVolume": 1866
    },
    {
      "snapshotTime": "2025:07:14-17:00:00",
      "openPrice": {
        "bid": 3344.72,
        "ask": 3345.22,
        "lastTraded": null
      },
      "closePrice": {
        "bid": 3345.71,
        "ask": 3346.21,
        "lastTraded": null
      },
      "highPrice": {
        "bid": 3346.83,
        "ask": 3347.31,
        "lastTraded": null
      },
      "lowPrice": {
        "bid": 3343.04,
        "ask": 3343.34,
        "lastTraded": null
      },
      "lastTradedVolume": 1891
    },
    {
      "snapshotTime": "2025:07:14-17:15:00",
      "openPrice": {
        "bid": 3345.67,
        "ask": 3346.17,
        "lastTraded": null
      },
      "closePrice": {
        "bid": 3348.11,
        "ask": 3348.41,
        "lastTraded": null
      },
      "highPrice": {
        "bid": 3348.48,
        "ask": 3348.88,
        "lastTraded": null
      },
      "lowPrice": {
        "bid": 3345.55,
        "ask": 3346.0,
        "lastTraded": null
      },
      "lastTradedVolume": 1602
    },
    {
      "snapshotTime": "2025:07:14-17:30:00",
      "openPrice": {
        "bid": 3347.84,
        "ask": 3348.34,
        "lastTraded": null
      },
      "closePrice": {
        "bid": 3348.28,
        "ask": 3348.58,
        "lastTraded": null
      },
      "highPrice": {
        "bid": 3349.16,
        "ask": 3349.54,
        "lastTraded": null
      },
      "lowPrice": {
        "bid": 3347.52,
        "ask": 3347.87,
        "lastTraded": null
      },
      "lastTradedVolume": 1513
    },
    {
      "snapshotTime": "2025:07:14-17:45:00",
      "openPrice": {
        "bid": 3348.29,
        "ask": 3348.59,
        "lastTraded": null
      },
      "closePrice": {
        "bid": 3347.71,
        "ask": 3348.01,
        "lastTraded": null
      },
      "highPrice": {
        "bid": 3348.62,
        "ask": 3349.03,
        "lastTraded": null
      },
      "lowPrice": {
        "bid": 3345.91,
        "ask": 3346.21,
        "lastTraded": null
      },
      "lastTradedVolume": 1540
    },
    {
      "snapshotTime": "2025:07:14-18:00:00",
      "openPrice": {
        "bid": 3347.78,
        "ask": 3348.28,
        "lastTraded": null
      },
      "closePrice": {
        "bid": 3348.01,
        "ask": 3348.31,
        "lastTraded": null
      },
      "highPrice": {
        "bid": 3349.39,
        "ask": 3349.79,
        "lastTraded": null
      },
      "lowPrice": {
        "bid": 3347.34,
        "ask": 3347.64,
        "lastTraded": null
      },
      "lastTradedVolume": 1429
    },
    {
      "snapshotTime": "2025:07:14-18:15:00",
      "openPrice": {
        "bid": 3348.05,
        "ask": 3348.35,
        "lastTraded": null
      },
      "closePrice": {
        "bid": 3350.29,
        "ask": 3350.59,
        "lastTraded": null
      },
      "highPrice": {
        "bid": 3351.14,
        "ask": 3351.61,
        "lastTraded": null
      },
      "lowPrice": {
        "bid": 3347.81,
        "ask": 3348.14,
        "lastTraded": null
      },
      "lastTradedVolume": 1395
    },
    {
      "snapshotTime": "2025:07:14-18:30:00",
      "openPrice": {
        "bid": 3350.26,
        "ask": 3350.56,
        "lastTraded": null
      },
      "closePrice": {
        "bid": 3350.67,
        "ask": 3351.17,
        "lastTraded": null
      },
      "highPrice": {
        "bid": 3351.63,
        "ask": 3352.1,
        "lastTraded": null
      },
      "lowPrice": {
        "bid": 3349.45,
        "ask": 3349.86,
        "lastTraded": null
      },
      "lastTradedVolume": 1610
    },
    {
      "snapshotTime": "2025:07:14-18:45:00",
      "openPrice": {
        "bid": 3350.75,
        "ask": 3351.25,
        "lastTraded": null
      },
      "closePrice": {
        "bid": 3351.01,
        "ask": 3351.31,
        "lastTraded": null
      },
      "highPrice": {
        "bid": 3351.77,
        "ask": 3352.2,
        "lastTraded": null
      },
      "lowPrice": {
        "bid": 3350.01,
        "ask": 3350.31,
        "lastTraded": null
      },
      "lastTradedVolume": 1034
    },
    {
      "snapshotTime": "2025:07:14-19:00:00",
      "openPrice": {
        "bid": 3351.06,
        "ask": 3351.36,
        "lastTraded": null
      },
      "closePrice": {
        "bid": 3349.26,
        "ask": 3349.56,
        "lastTraded": null
      },
      "highPrice": {
        "bid": 3351.2,
        "ask": 3351.5,
        "lastTraded": null
      },
      "lowPrice": {
        "bid": 3347.71,
        "ask": 3348.12,
        "lastTraded": null
      },
      "lastTradedVolume": 1183
    },
    {
      "snapshotTime": "2025:07:14-19:15:00",
      "openPrice": {
        "bid": 3349.11,
        "ask": 3349.41,
        "lastTraded": null
      },
      "closePrice": {
        "bid": 3349.27,
        "ask": 3349.57,
        "lastTraded": null
      },
      "highPrice": {
        "bid": 3351.08,
        "ask": 3351.57,
        "lastTraded": null
      },
      "lowPrice": {
        "bid": 3348.31,
        "ask": 3348.7,
        "lastTraded": null
      },
      "lastTradedVolume": 942
    },
    {
      "snapshotTime": "2025:07:14-19:30:00",
      "openPrice": {
        "bid": 3349.28,
        "ask": 3349.58,
        "lastTraded": null
      },
      "closePrice": {
        "bid": 3350.56,
        "ask": 3350.86,
        "lastTraded": null
      },
      "highPrice": {
        "bid": 3351.1,
        "ask": 3351.4,
        "lastTraded": null
      },
      "lowPrice": {
        "bid": 3348.88,
        "ask": 3349.18,
        "lastTraded": null
      },
      "lastTradedVolume": 986
    },
    {
      "snapshotTime": "2025:07:14-19:45:00",
      "openPrice": {
        "bid": 3350.54,
        "ask": 3350.84,
        "lastTraded": null
      },
      "closePrice": {
        "bid": 3348.97,
        "ask": 3349.27,
        "lastTraded": null
      },
      "highPrice": {
        "bid": 3350.96,
        "ask": 3351.4,
        "lastTraded": null
      },
      "lowPrice": {
        "bid": 3348.02,
        "ask": 3348.51,
        "lastTraded": null
      },
      "lastTradedVolume": 905
    },
    {
      "snapshotTime": "2025:07:14-20:00:00",
      "openPrice": {
        "bid": 3348.85,
        "ask": 3349.15,
        "lastTraded": null
      },
      "closePrice": {
        "bid": 3349.81,
        "ask": 3350.11,
        "lastTraded": null
      },
      "highPrice": {
        "bid": 3350.16,
        "ask": 3350.5,
        "lastTraded": null
      },
      "lowPrice": {
        "bid": 3348.42,
        "ask": 3348.87,
        "lastTraded": null
      },
      "lastTradedVolume": 1275
    },
    {
      "snapshotTime": "2025:07:14-20:15:00",
      "openPrice": {
        "bid": 3349.76,
        "ask": 3350.06,
        "lastTraded": null
      },
      "closePrice": {
        "bid": 3348.29,
        "ask": 3348.59,
        "lastTraded": null
      },
      "highPrice": {
        "bid": 3350.39,
        "ask": 3350.77,
        "lastTraded": null
      },
      "lowPrice": {
        "bid": 3347.71,
        "ask": 3348.14,
        "lastTraded": null
      },
      "lastTradedVolume": 1393
    },
    {
      "snapshotTime": "2025:07:14-20:30:00",
      "openPrice": {
        "bid": 3348.3,
        "ask": 3348.6,
        "lastTraded": null
      },
      "closePrice": {
        "bid": 3346.04,
        "ask": 3346.54,
        "lastTraded": null
      },
      "highPrice": {
        "bid": 3348.53,
        "ask": 3348.83,
        "lastTraded": null
      },
      "lowPrice": {
        "bid": 3345.62,
        "ask": 3345.92,
        "lastTraded": null
      },
      "lastTradedVolume": 1960
    },
    {
      "snapshotTime": "2025:07:14-20:45:00",
      "openPrice": {
        "bid": 3346.33,
        "ask": 3346.63,
        "lastTraded": null
      },
      "closePrice": {
        "bid": 3344.11,
        "ask": 3344.41,
        "lastTraded": null
      },
      "highPrice": {
        "bid": 3346.72,
        "ask": 3347.02,
        "lastTraded": null
      },
      "lowPrice": {
        "bid": 3343.22,
        "ask": 3343.52,
        "lastTraded": null
      },
      "lastTradedVolume": 1890
    },
    {
      "snapshotTime": "2025:07:14-21:00:00",
      "openPrice": {
        "bid": 3344.18,
        "ask": 3344.48,
        "lastTraded": null
      },
      "closePrice": {
        "bid": 3345.28,
        "ask": 3345.78,
        "lastTraded": null
      },
      "highPrice": {
        "bid": 3345.43,
        "ask": 3345.89,
        "lastTraded": null
      },
      "lowPrice": {
        "bid": 3343.28,
        "ask": 3343.78,
        "lastTraded": null
      },
      "lastTradedVolume": 505
    },
    {
      "snapshotTime": "2025:07:14-21:15:00",
      "openPrice": {
        "bid": 3345.26,
        "ask": 3345.76,
        "lastTraded": null
      },
      "closePrice": {
        "bid": 3344.83,
        "ask": 3345.13,
        "lastTraded": null
      },
      "highPrice": {
        "bid": 3345.66,
        "ask": 3345.96,
        "lastTraded": null
      },
      "lowPrice": {
        "bid": 3344.08,
        "ask": 3344.38,
        "lastTraded": null
      },
      "lastTradedVolume": 588
    },
    {
      "snapshotTime": "2025:07:14-21:30:00",
      "openPrice": {
        "bid": 3344.79,
        "ask": 3345.29,
        "lastTraded": null
      },
      "closePrice": {
        "bid": 3342.11,
        "ask": 3342.41,
        "lastTraded": null
      },
      "highPrice": {
        "bid": 3345.34,
        "ask": 3345.8,
        "lastTraded": null
      },
      "lowPrice": {
        "bid": 3342.05,
        "ask": 3342.41,
        "lastTraded": null
      },
      "lastTradedVolume": 595
    },
    {
      "snapshotTime": "2025:07:14-21:45:00",
      "openPrice": {
        "bid": 3342.2,
        "ask": 3342.5,
        "lastTraded": null
      },
      "closePrice": {
        "bid": 3343.29,
        "ask": 3343.79,
        "lastTraded": null
      },
      "highPrice": {
        "bid": 3343.59,
        "ask": 3344.09,
        "lastTraded": null
      },
      "lowPrice": {
        "bid": 3341.18,
        "ask": 3341.65,
        "lastTraded": null
      },
      "lastTradedVolume": 540
    },
    {
      "snapshotTime": "2025:07:14-23:00:00",
      "openPrice": {
        "bid": 3343.19,
        "ask": 3343.69,
        "lastTraded": null
      },
      "closePrice": {
        "bid": 3341.86,
        "ask": 3342.36,
        "lastTraded": null
      },
      "highPrice": {
        "bid": 3343.7,
        "ask": 3344.2,
        "lastTraded": null
      },
      "lowPrice": {
        "bid": 3341.14,
        "ask": 3341.51,
        "lastTraded": null
      },
      "lastTradedVolume": 334
    },
    {
      "snapshotTime": "2025:07:14-23:15:00",
      "openPrice": {
        "bid": 3341.91,
        "ask": 3342.41,
        "lastTraded": null
      },
      "closePrice": {
        "bid": 3344.07,
        "ask": 3344.57,
        "lastTraded": null
      },
      "highPrice": {
        "bid": 3344.24,
        "ask": 3344.74,
        "lastTraded": null
      },
      "lowPrice": {
        "bid": 3341.91,
        "ask": 3342.41,
        "lastTraded": null
      },
      "lastTradedVolume": 384
    },
    {
      "snapshotTime": "2025:07:14-23:30:00",
      "openPrice": {
        "bid": 3344.12,
        "ask": 3344.62,
        "lastTraded": null
      },
      "closePrice": {
        "bid": 3344.48,
        "ask": 3344.98,
        "lastTraded": null
      },
      "highPrice": {
        "bid": 3344.53,
        "ask": 3345.03,
        "lastTraded": null
      },
      "lowPrice": {
        "bid": 3342.92,
        "ask": 3343.42,
        "lastTraded": null
      },
      "lastTradedVolume": 353
    },
    {
      "snapshotTime": "2025:07:14-23:45:00",
      "openPrice": {
        "bid": 3344.43,
        "ask": 3344.93,
        "lastTraded": null
      },
      "closePrice": {
        "bid": 3345.33,
        "ask": 3345.83,
        "lastTraded": null
      },
      "highPrice": {
        "bid": 3345.75,
        "ask": 3346.25,
        "lastTraded": null
      },
      "lowPrice": {
        "bid": 3343.64,
        "ask": 3344.14,
        "lastTraded": null
      },
      "lastTradedVolume": 336
    },
    {
      "snapshotTime": "2025:07:15-00:00:00",
      "openPrice": {
        "bid": 3345.08,
        "ask": 3345.58,
        "lastTraded": null
      },
      "closePrice": {
        "bid": 3343.99,
        "ask": 3344.49,
        "lastTraded": null
      },
      "highPrice": {
        "bid": 3346.5,
        "ask": 3347.0,
        "lastTraded": null
      },
      "lowPrice": {
        "bid": 3343.67,
        "ask": 3344.17,
        "lastTraded": null
      },
      "lastTradedVolume": 359
    },
    {
      "snapshotTime": "2025:07:15-00:15:00",
      "openPrice": {
        "bid": 3344.06,
        "ask": 3344.56,
        "lastTraded": null
      },
      "closePrice": {
        "bid": 3344.62,
        "ask": 3344.92,
        "lastTraded": null
      },
      "highPrice": {
        "bid": 3344.75,
        "ask": 3345.23,
        "lastTraded": null
      },
      "lowPrice": {
        "bid": 3343.7,
        "ask": 3344.2,
        "lastTraded": null
      },
      "lastTradedVolume": 304
    },
    {
      "snapshotTime": "2025:07:15-00:30:00",
      "openPrice": {
        "bid": 3344.64,
        "ask": 3344.94,
        "lastTraded": null
      },
      "closePrice": {
        "bid": 3346.0,
        "ask": 3346.3,
        "lastTraded": null
      },
      "highPrice": {
        "bid": 3346.09,
        "ask": 3346.53,
        "lastTraded": null
      },
      "lowPrice": {
        "bid": 3343.77,
        "ask": 3344.27,
        "lastTraded": null
      },
      "lastTradedVolume": 465
    },
    {
      "snapshotTime": "2025:07:15-00:45:00",
      "openPrice": {
        "bid": 3346.05,
        "ask": 3346.35,
        "lastTraded": null
      },
      "closePrice": {
        "bid": 3345.42,
        "ask": 3345.92,
        "lastTraded": null
      },
      "highPrice": {
        "bid": 3346.55,
        "ask": 3347.05,
        "lastTraded": null
      },
      "lowPrice": {
        "bid": 3344.32,
        "ask": 3344.73,
        "lastTraded": null
      },
      "lastTradedVolume": 376
    },
    {
      "snapshotTime": "2025:07:15-01:00:00",
      "openPrice": {
        "bid": 3345.57,
        "ask": 3345.87,
        "lastTraded": null
      },
      "closePrice": {
        "bid": 3346.41,
        "ask": 3346.91,
        "lastTraded": null
      },
      "highPrice": {
        "bid": 3347.05,
        "ask": 3347.38,
        "lastTraded": null
      },
      "lowPrice": {
        "bid": 3344.72,
        "ask": 3345.07,
        "lastTraded": null
      },
      "lastTradedVolume": 648
    },
    {
      "snapshotTime": "2025:07:15-01:15:00",
      "openPrice": {
        "bid": 3346.35,
        "ask": 3346.85,
        "lastTraded": null
      },
      "closePrice": {
        "bid": 3347.31,
        "ask": 3347.81,
        "lastTraded": null
      },
      "highPrice": {
        "bid": 3347.95,
        "ask": 3348.43,
        "lastTraded": null
      },
      "lowPrice": {
        "bid": 3346.35,
        "ask": 3346.82,
        "lastTraded": null
      },
      "lastTradedVolume": 493
    },
    {
      "snapshotTime": "2025:07:15-01:30:00",
      "openPrice": {
        "bid": 3347.28,
        "ask": 3347.78,
        "lastTraded": null
      },
      "closePrice": {
        "bid": 3346.92,
        "ask": 3347.42,
        "lastTraded": null
      },
      "highPrice": {
        "bid": 3348.06,
        "ask": 3348.56,
        "lastTraded": null
      },
      "lowPrice": {
        "bid": 3345.63,
        "ask": 3346.13,
        "lastTraded": null
      },
      "lastTradedVolume": 485
    },
    {
      "snapshotTime": "2025:07:15-01:45:00",
      "openPrice": {
        "bid": 3346.86,
        "ask": 3347.36,
        "lastTraded": null
      },
      "closePrice": {
        "bid": 3347.7,
        "ask": 3348.2,
        "lastTraded": null
      },
      "highPrice": {
        "bid": 3349.37,
        "ask": 3349.85,
        "lastTraded": null
      },
      "lowPrice": {
        "bid": 3345.56,
        "ask": 3346.06,
        "lastTraded": null
      },
      "lastTradedVolume": 795
    },
    {
      "snapshotTime": "2025:07:15-02:00:00",
      "openPrice": {
        "bid": 3347.44,
        "ask": 3347.94,
        "lastTraded": null
      },
      "closePrice": {
        "bid": 3348.7,
        "ask": 3349.2,
        "lastTraded": null
      },
      "highPrice": {
        "bid": 3349.76,
        "ask": 3350.26,
        "lastTraded": null
      },
      "lowPrice": {
        "bid": 3346.95,
        "ask": 3347.41,
        "lastTraded": null
      },
      "lastTradedVolume": 1034
    },
    {
      "snapshotTime": "2025:07:15-02:15:00",
      "openPrice": {
        "bid": 3348.75,
        "ask": 3349.25,
        "lastTraded": null
      },
      "closePrice": {
        "bid": 3348.48,
        "ask": 3348.78,
        "lastTraded": null
      },
      "highPrice": {
        "bid": 3349.9,
        "ask": 3350.37,
        "lastTraded": null
      },
      "lowPrice": {
        "bid": 3347.49,
        "ask": 3347.89,
        "lastTraded": null
      },
      "lastTradedVolume": 863
    },
    {
      "snapshotTime": "2025:07:15-02:30:00",
      "openPrice": {
        "bid": 3348.47,
        "ask": 3348.97,
        "lastTraded": null
      },
      "closePrice": {
        "bid": 3346.81,
        "ask": 3347.31,
        "lastTraded": null
      },
      "highPrice": {
        "bid": 3350.45,
        "ask": 3350.81,
        "lastTraded": null
      },
      "lowPrice": {
        "bid": 3345.97,
        "ask": 3346.47,
        "lastTraded": null
      },
      "lastTradedVolume": 923
    },
    {
      "snapshotTime": "2025:07:15-02:45:00",
      "openPrice": {
        "bid": 3346.77,
        "ask": 3347.27,
        "lastTraded": null
      },
      "closePrice": {
        "bid": 3346.57,
        "ask": 3346.87,
        "lastTraded": null
      },
      "highPrice": {
        "bid": 3348.4,
        "ask": 3348.77,
        "lastTraded": null
      },
      "lowPrice": {
        "bid": 3345.86,
        "ask": 3346.16,
        "lastTraded": null
      },
      "lastTradedVolume": 1055
    },
    {
      "snapshotTime": "2025:07:15-03:00:00",
      "openPrice": {
        "bid": 3346.62,
        "ask": 3347.12,
        "lastTraded": null
      },
      "closePrice": {
        "bid": 3349.66,
        "ask": 3350.16,
        "lastTraded": null
      },
      "highPrice": {
        "bid": 3350.0,
        "ask": 3350.43,
        "lastTraded": null
      },
      "lowPrice": {
        "bid": 3345.69,
        "ask": 3346.19,
        "lastTraded": null
      },
      "lastTradedVolume": 1161
    },
    {
      "snapshotTime": "2025:07:15-03:15:00",
      "openPrice": {
        "bid": 3349.83,
        "ask": 3350.33,
        "lastTraded": null
      },
      "closePrice": {
        "bid": 3350.08,
        "ask": 3350.38,
        "lastTraded": null
      },
      "highPrice": {
        "bid": 3351.82,
        "ask": 3352.3,
        "lastTraded": null
      },
      "lowPrice": {
        "bid": 3349.04,
        "ask": 3349.54,
        "lastTraded": null
      },
      "lastTradedVolume": 860
    },
    {
      "snapshotTime": "2025:07:15-03:30:00",
      "openPrice": {
        "bid": 3350.13,
        "ask": 3350.43,
        "lastTraded": null
      },
      "closePrice": {
        "bid": 3349.16,
        "ask": 3349.66,
        "lastTraded": null
      },
      "highPrice": {
        "bid": 3350.5,
        "ask": 3350.91,
        "lastTraded": null
      },
      "lowPrice": {
        "bid": 3347.65,
        "ask": 3348.1,
        "lastTraded": null
      },
      "lastTradedVolume": 820
    },
    {
      "snapshotTime": "2025:07:15-03:45:00",
      "openPrice": {
        "bid": 3349.13,
        "ask": 3349.63,
        "lastTraded": null
      },
      "closePrice": {
        "bid": 3351.0,
        "ask": 3351.5,
        "lastTraded": null
      },
      "highPrice": {
        "bid": 3351.25,
        "ask": 3351.65,
        "lastTraded": null
      },
      "lowPrice": {
        "bid": 3347.43,
        "ask": 3347.93,
        "lastTraded": null
      },
      "lastTradedVolume": 735
    },
    {
      "snapshotTime": "2025:07:15-04:00:00",
      "openPrice": {
        "bid": 3350.95,
        "ask": 3351.45,
        "lastTraded": null
      },
      "closePrice": {
        "bid": 3354.16,
        "ask": 3354.66,
        "lastTraded": null
      },
      "highPrice": {
        "bid": 3354.65,
        "ask": 3355.15,
        "lastTraded": null
      },
      "lowPrice": {
        "bid": 3350.84,
        "ask": 3351.34,
        "lastTraded": null
      },
      "lastTradedVolume": 928
    },
    {
      "snapshotTime": "2025:07:15-04:15:00",
      "openPrice": {
        "bid": 3354.24,
        "ask": 3354.54,
        "lastTraded": null
      },
      "closePrice": {
        "bid": 3354.48,
        "ask": 3354.98,
        "lastTraded": null
      },
      "highPrice": {
        "bid": 3356.12,
        "ask": 3356.52,
        "lastTraded": null
      },
      "lowPrice": {
        "bid": 3352.31,
        "ask": 3352.61,
        "lastTraded": null
      },
      "lastTradedVolume": 1072
    },
    {
      "snapshotTime": "2025:07:15-04:30:00",
      "openPrice": {
        "bid": 3354.43,
        "ask": 3354.93,
        "lastTraded": null
      },
      "closePrice": {
        "bid": 3357.38,
        "ask": 3357.88,
        "lastTraded": null
      },
      "highPrice": {
        "bid": 3357.38,
        "ask": 3357.88,
        "lastTraded": null
      },
      "lowPrice": {
        "bid": 3354.23,
        "ask": 3354.73,
        "lastTraded": null
      },
      "lastTradedVolume": 509
    },
    {
      "snapshotTime": "2025:07:15-04:45:00",
      "openPrice": {
        "bid": 3357.36,
        "ask": 3357.86,
        "lastTraded": null
      },
      "closePrice": {
        "bid": 3357.92,
        "ask": 3358.42,
        "lastTraded": null
      },
      "highPrice": {
        "bid": 3358.32,
        "ask": 3358.72,
        "lastTraded": null
      },
      "lowPrice": {
        "bid": 3356.33,
        "ask": 3356.83,
        "lastTraded": null
      },
      "lastTradedVolume": 657
    },
    {
      "snapshotTime": "2025:07:15-05:00:00",
      "openPrice": {
        "bid": 3357.77,
        "ask": 3358.27,
        "lastTraded": null
      },
      "closePrice": {
        "bid": 3361.0,
        "ask": 3361.5,
        "lastTraded": null
      },
      "highPrice": {
        "bid": 3361.09,
        "ask": 3361.55,
        "lastTraded": null
      },
      "lowPrice": {
        "bid": 3357.34,
        "ask": 3357.73,
        "lastTraded": null
      },
      "lastTradedVolume": 950
    },
    {
      "snapshotTime": "2025:07:15-05:15:00",
      "openPrice": {
        "bid": 3361.05,
        "ask": 3361.55,
        "lastTraded": null
      },
      "closePrice": {
        "bid": 3360.28,
        "ask": 3360.78,
        "lastTraded": null
      },
      "highPrice": {
        "bid": 3361.05,
        "ask": 3361.55,
        "lastTraded": null
      },
      "lowPrice": {
        "bid": 3359.09,
        "ask": 3359.46,
        "lastTraded": null
      },
      "lastTradedVolume": 579
    },
    {
      "snapshotTime": "2025:07:15-05:30:00",
      "openPrice": {
        "bid": 3360.24,
        "ask": 3360.74,
        "lastTraded": null
      },
      "closePrice": {
        "bid": 3360.2,
        "ask": 3360.7,
        "lastTraded": null
      },
      "highPrice": {
        "bid": 3361.15,
        "ask": 3361.65,
        "lastTraded": null
      },
      "lowPrice": {
        "bid": 3359.47,
        "ask": 3359.88,
        "lastTraded": null
      },
      "lastTradedVolume": 520
    },
    {
      "snapshotTime": "2025:07:15-05:45:00",
      "openPrice": {
        "bid": 3360.35,
        "ask": 3360.65,
        "lastTraded": null
      },
      "closePrice": {
        "bid": 3359.8,
        "ask": 3360.3,
        "lastTraded": null
      },
      "highPrice": {
        "bid": 3361.45,
        "ask": 3361.75,
        "lastTraded": null
      },
      "lowPrice": {
        "bid": 3359.23,
        "ask": 3359.67,
        "lastTraded": null
      },
      "lastTradedVolume": 544
    },
    {
      "snapshotTime": "2025:07:15-06:00:00",
      "openPrice": {
        "bid": 3359.85,
        "ask": 3360.35,
        "lastTraded": null
      },
      "closePrice": {
        "bid": 3362.73,
        "ask": 3363.23,
        "lastTraded": null
      },
      "highPrice": {
        "bid": 3363.24,
        "ask": 3363.55,
        "lastTraded": null
      },
      "lowPrice": {
        "bid": 3359.85,
        "ask": 3360.35,
        "lastTraded": null
      },
      "lastTradedVolume": 613
    },
    {
      "snapshotTime": "2025:07:15-06:15:00",
      "openPrice": {
        "bid": 3362.74,
        "ask": 3363.24,
        "lastTraded": null
      },
      "closePrice": {
        "bid": 3363.43,
        "ask": 3363.73,
        "lastTraded": null
      },
      "highPrice": {
        "bid": 3364.47,
        "ask": 3364.92,
        "lastTraded": null
      },
      "lowPrice": {
        "bid": 3362.0,
        "ask": 3362.43,
        "lastTraded": null
      },
      "lastTradedVolume": 1610
    },
    {
      "snapshotTime": "2025:07:15-06:30:00",
      "openPrice": {
        "bid": 3363.11,
        "ask": 3363.61,
        "lastTraded": null
      },
      "closePrice": {
        "bid": 3363.85,
        "ask": 3364.35,
        "lastTraded": null
      },
      "highPrice": {
        "bid": 3365.01,
        "ask": 3365.48,
        "lastTraded": null
      },
      "lowPrice": {
        "bid": 3362.29,
        "ask": 3362.65,
        "lastTraded": null
      },
      "lastTradedVolume": 2260
    },
    {
      "snapshotTime": "2025:07:15-06:45:00",
      "openPrice": {
        "bid": 3363.83,
        "ask": 3364.13,
        "lastTraded": null
      },
      "closePrice": {
        "bid": 3362.0,
        "ask": 3362.3,
        "lastTraded": null
      },
      "highPrice": {
        "bid": 3365.17,
        "ask": 3365.57,
        "lastTraded": null
      },
      "lowPrice": {
        "bid": 3361.52,
        "ask": 3361.89,
        "lastTraded": null
      },
      "lastTradedVolume": 990
    },
    {
      "snapshotTime": "2025:07:15-07:00:00",
      "openPrice": {
        "bid": 3361.72,
        "ask": 3362.22,
        "lastTraded": null
      },
      "closePrice": {
        "bid": 3362.77,
        "ask": 3363.27,
        "lastTraded": null
      },
      "highPrice": {
        "bid": 3364.09,
        "ask": 3364.39,
        "lastTraded": null
      },
      "lowPrice": {
        "bid": 3359.42,
        "ask": 3359.77,
        "lastTraded": null
      },
      "lastTradedVolume": 1354
    },
    {
      "snapshotTime": "2025:07:15-07:15:00",
      "openPrice": {
        "bid": 3362.71,
        "ask": 3363.21,
        "lastTraded": null
      },
      "closePrice": {
        "bid": 3360.61,
        "ask": 3361.11,
        "lastTraded": null
      },
      "highPrice": {
        "bid": 3363.04,
        "ask": 3363.47,
        "lastTraded": null
      },
      "lowPrice": {
        "bid": 3358.97,
        "ask": 3359.27,
        "lastTraded": null
      },
      "lastTradedVolume": 1138
    }
  ],
  "instrumentType": "CURRENCIES",
  "allowance": {
    "remainingAllowance": 8900,
    "totalAllowance": 10000,
    "allowanceExpiry": 528380
  }
}
[2025-07-15 07:28:12,197] INFO: Processing price data for GC
[2025-07-15 07:28:12,198] INFO: Processed 100 price points for GC
[2025-07-15 07:28:12,218] DEBUG: Strategy datapoints: <equitiestradingbot.interfaces.market_history.MarketHistory object at 0x10d3c3230>
[2025-07-15 07:28:15,280] DEBUG: Starting new HTTPS connection (1): demo-api.ig.com:443
[2025-07-15 07:28:15,371] DEBUG: https://demo-api.ig.com:443 "GET /gateway/deal/markets/ HTTP/1.1" 500 77
[2025-07-15 07:28:15,372] ERROR: HTTP request returned 500
[2025-07-15 07:28:15,372] INFO: Finished processing all markets in the source
[2025-07-15 07:28:15,372] INFO: Resetting MarketProvider
[2025-07-15 07:28:15,373] INFO: Wait for 0.08 hours...
