[2025-06-23 15:16:01,754] INFO: Initialising IGInterface...
[2025-06-23 15:16:01,755] INFO: Attempting authentication to URL: https://demo-api.ig.com/gateway/deal/session
[2025-06-23 15:16:01,755] INFO: Using API Key: 43c58bfd6f5ead3ac4d803d18f883db5857c9631
[2025-06-23 15:16:01,755] INFO: Using Account ID: Z5YISO
[2025-06-23 15:16:01,760] DEBUG: Starting new HTTPS connection (1): demo-api.ig.com:443
[2025-06-23 15:16:01,968] DEBUG: https://demo-api.ig.com:443 "POST /gateway/deal/session HTTP/1.1" 200 619
[2025-06-23 15:16:01,969] INFO: Successfully obtained authentication tokens
[2025-06-23 15:16:01,971] DEBUG: Starting new HTTPS connection (1): demo-api.ig.com:443
[2025-06-23 15:16:02,090] DEBUG: https://demo-api.ig.com:443 "PUT /gateway/deal/session HTTP/1.1" 412 56
[2025-06-23 15:16:02,091] INFO: Account is already set as default
[2025-06-23 15:16:02,092] INFO: Using stock interface: IGInterface
[2025-06-23 15:16:02,092] INFO: Strategy Manager initialised
[2025-06-23 15:16:02,093] INFO: Advanced Momentum Strategy initialised
[2025-06-23 15:16:02,094] INFO: Advanced Momentum Strategy created
[2025-06-23 15:16:02,094] INFO: Simplicity Strategy initialised
[2025-06-23 15:16:02,094] INFO: Simplicity Strategy created
[2025-06-23 15:16:02,094] INFO: Strategy Manager initialized
[2025-06-23 15:16:05,122] DEBUG: Starting new HTTPS connection (1): demo-api.ig.com:443
[2025-06-23 15:16:05,202] DEBUG: https://demo-api.ig.com:443 "GET /gateway/deal/positions HTTP/1.1" 200 16
[2025-06-23 15:16:05,204] DEBUG: Raw positions response: {
  "positions": []
}
[2025-06-23 15:16:05,205] INFO: Starting to process market source
[2025-06-23 15:16:08,234] DEBUG: Starting new HTTPS connection (1): demo-api.ig.com:443
[2025-06-23 15:16:08,346] DEBUG: https://demo-api.ig.com:443 "GET /gateway/deal/positions HTTP/1.1" 200 16
[2025-06-23 15:16:08,347] DEBUG: Raw positions response: {
  "positions": []
}
[2025-06-23 15:16:11,373] DEBUG: Starting new HTTPS connection (1): demo-api.ig.com:443
[2025-06-23 15:16:11,462] DEBUG: https://demo-api.ig.com:443 "GET /gateway/deal/markets/CS.D.USCGC.TODAY.IP HTTP/1.1" 200 2024
[2025-06-23 15:16:14,488] DEBUG: Starting new HTTPS connection (1): demo-api.ig.com:443
[2025-06-23 15:16:14,614] DEBUG: https://demo-api.ig.com:443 "GET /gateway/deal/accounts HTTP/1.1" 200 552
[2025-06-23 15:16:14,675] INFO: Processing GC
[2025-06-23 15:16:14,675] CRITICAL: CRITICAL: get_prices method called
[2025-06-23 15:16:14,675] INFO: Fetching price data from URL: https://demo-api.ig.com/gateway/deal/prices/CS.D.USCGC.TODAY.IP/MINUTE_15/52
[2025-06-23 15:16:17,692] DEBUG: Starting new HTTPS connection (1): demo-api.ig.com:443
[2025-06-23 15:16:17,805] DEBUG: https://demo-api.ig.com:443 "GET /gateway/deal/prices/CS.D.USCGC.TODAY.IP/MINUTE_15/52 HTTP/1.1" 200 15863
[2025-06-23 15:16:17,806] DEBUG: Raw price data: {
  "prices": [
    {
      "snapshotTime": "2025:06:23-02:30:00",
      "openPrice": {
        "bid": 3353.05,
        "ask": 3353.55,
        "lastTraded": null
      },
      "closePrice": {
        "bid": 3358.0,
        "ask": 3358.3,
        "lastTraded": null
      },
      "highPrice": {
        "bid": 3359.03,
        "ask": 3359.43,
        "lastTraded": null
      },
      "lowPrice": {
        "bid": 3352.7,
        "ask": 3353.0,
        "lastTraded": null
      },
      "lastTradedVolume": 1373
    },
    {
      "snapshotTime": "2025:06:23-02:45:00",
      "openPrice": {
        "bid": 3357.93,
        "ask": 3358.43,
        "lastTraded": null
      },
      "closePrice": {
        "bid": 3355.05,
        "ask": 3355.55,
        "lastTraded": null
      },
      "highPrice": {
        "bid": 3358.0,
        "ask": 3358.5,
        "lastTraded": null
      },
      "lowPrice": {
        "bid": 3354.25,
        "ask": 3354.67,
        "lastTraded": null
      },
      "lastTradedVolume": 1046
    },
    {
      "snapshotTime": "2025:06:23-03:00:00",
      "openPrice": {
        "bid": 3355.1,
        "ask": 3355.6,
        "lastTraded": null
      },
      "closePrice": {
        "bid": 3362.98,
        "ask": 3363.28,
        "lastTraded": null
      },
      "highPrice": {
        "bid": 3363.68,
        "ask": 3363.98,
        "lastTraded": null
      },
      "lowPrice": {
        "bid": 3354.75,
        "ask": 3355.05,
        "lastTraded": null
      },
      "lastTradedVolume": 1211
    },
    {
      "snapshotTime": "2025:06:23-03:15:00",
      "openPrice": {
        "bid": 3362.93,
        "ask": 3363.23,
        "lastTraded": null
      },
      "closePrice": {
        "bid": 3363.23,
        "ask": 3363.53,
        "lastTraded": null
      },
      "highPrice": {
        "bid": 3364.83,
        "ask": 3365.13,
        "lastTraded": null
      },
      "lowPrice": {
        "bid": 3362.2,
        "ask": 3362.5,
        "lastTraded": null
      },
      "lastTradedVolume": 814
    },
    {
      "snapshotTime": "2025:06:23-03:30:00",
      "openPrice": {
        "bid": 3363.28,
        "ask": 3363.78,
        "lastTraded": null
      },
      "closePrice": {
        "bid": 3362.62,
        "ask": 3363.12,
        "lastTraded": null
      },
      "highPrice": {
        "bid": 3364.23,
        "ask": 3364.58,
        "lastTraded": null
      },
      "lowPrice": {
        "bid": 3361.08,
        "ask": 3361.58,
        "lastTraded": null
      },
      "lastTradedVolume": 897
    },
    {
      "snapshotTime": "2025:06:23-03:45:00",
      "openPrice": {
        "bid": 3362.53,
        "ask": 3363.03,
        "lastTraded": null
      },
      "closePrice": {
        "bid": 3361.45,
        "ask": 3361.75,
        "lastTraded": null
      },
      "highPrice": {
        "bid": 3362.92,
        "ask": 3363.23,
        "lastTraded": null
      },
      "lowPrice": {
        "bid": 3360.48,
        "ask": 3360.93,
        "lastTraded": null
      },
      "lastTradedVolume": 938
    },
    {
      "snapshotTime": "2025:06:23-04:00:00",
      "openPrice": {
        "bid": 3361.43,
        "ask": 3361.73,
        "lastTraded": null
      },
      "closePrice": {
        "bid": 3363.48,
        "ask": 3363.78,
        "lastTraded": null
      },
      "highPrice": {
        "bid": 3366.33,
        "ask": 3366.63,
        "lastTraded": null
      },
      "lowPrice": {
        "bid": 3360.2,
        "ask": 3360.63,
        "lastTraded": null
      },
      "lastTradedVolume": 983
    },
    {
      "snapshotTime": "2025:06:23-04:15:00",
      "openPrice": {
        "bid": 3363.37,
        "ask": 3363.87,
        "lastTraded": null
      },
      "closePrice": {
        "bid": 3361.75,
        "ask": 3362.05,
        "lastTraded": null
      },
      "highPrice": {
        "bid": 3365.98,
        "ask": 3366.43,
        "lastTraded": null
      },
      "lowPrice": {
        "bid": 3361.33,
        "ask": 3361.68,
        "lastTraded": null
      },
      "lastTradedVolume": 843
    },
    {
      "snapshotTime": "2025:06:23-04:30:00",
      "openPrice": {
        "bid": 3361.7,
        "ask": 3362.0,
        "lastTraded": null
      },
      "closePrice": {
        "bid": 3362.35,
        "ask": 3362.65,
        "lastTraded": null
      },
      "highPrice": {
        "bid": 3364.73,
        "ask": 3365.08,
        "lastTraded": null
      },
      "lowPrice": {
        "bid": 3361.08,
        "ask": 3361.38,
        "lastTraded": null
      },
      "lastTradedVolume": 851
    },
    {
      "snapshotTime": "2025:06:23-04:45:00",
      "openPrice": {
        "bid": 3362.41,
        "ask": 3362.71,
        "lastTraded": null
      },
      "closePrice": {
        "bid": 3363.18,
        "ask": 3363.68,
        "lastTraded": null
      },
      "highPrice": {
        "bid": 3364.38,
        "ask": 3364.73,
        "lastTraded": null
      },
      "lowPrice": {
        "bid": 3362.25,
        "ask": 3362.55,
        "lastTraded": null
      },
      "lastTradedVolume": 526
    },
    {
      "snapshotTime": "2025:06:23-05:00:00",
      "openPrice": {
        "bid": 3363.33,
        "ask": 3363.63,
        "lastTraded": null
      },
      "closePrice": {
        "bid": 3361.76,
        "ask": 3362.06,
        "lastTraded": null
      },
      "highPrice": {
        "bid": 3364.87,
        "ask": 3365.32,
        "lastTraded": null
      },
      "lowPrice": {
        "bid": 3361.25,
        "ask": 3361.58,
        "lastTraded": null
      },
      "lastTradedVolume": 536
    },
    {
      "snapshotTime": "2025:06:23-05:15:00",
      "openPrice": {
        "bid": 3361.71,
        "ask": 3362.01,
        "lastTraded": null
      },
      "closePrice": {
        "bid": 3359.68,
        "ask": 3360.18,
        "lastTraded": null
      },
      "highPrice": {
        "bid": 3362.13,
        "ask": 3362.58,
        "lastTraded": null
      },
      "lowPrice": {
        "bid": 3358.41,
        "ask": 3358.71,
        "lastTraded": null
      },
      "lastTradedVolume": 472
    },
    {
      "snapshotTime": "2025:06:23-05:30:00",
      "openPrice": {
        "bid": 3359.83,
        "ask": 3360.33,
        "lastTraded": null
      },
      "closePrice": {
        "bid": 3357.53,
        "ask": 3358.03,
        "lastTraded": null
      },
      "highPrice": {
        "bid": 3360.98,
        "ask": 3361.38,
        "lastTraded": null
      },
      "lowPrice": {
        "bid": 3356.73,
        "ask": 3357.03,
        "lastTraded": null
      },
      "lastTradedVolume": 532
    },
    {
      "snapshotTime": "2025:06:23-05:45:00",
      "openPrice": {
        "bid": 3357.58,
        "ask": 3358.08,
        "lastTraded": null
      },
      "closePrice": {
        "bid": 3358.33,
        "ask": 3358.83,
        "lastTraded": null
      },
      "highPrice": {
        "bid": 3359.08,
        "ask": 3359.43,
        "lastTraded": null
      },
      "lowPrice": {
        "bid": 3357.33,
        "ask": 3357.63,
        "lastTraded": null
      },
      "lastTradedVolume": 389
    },
    {
      "snapshotTime": "2025:06:23-06:00:00",
      "openPrice": {
        "bid": 3358.88,
        "ask": 3359.38,
        "lastTraded": null
      },
      "closePrice": {
        "bid": 3358.53,
        "ask": 3359.03,
        "lastTraded": null
      },
      "highPrice": {
        "bid": 3360.48,
        "ask": 3360.98,
        "lastTraded": null
      },
      "lowPrice": {
        "bid": 3357.73,
        "ask": 3358.08,
        "lastTraded": null
      },
      "lastTradedVolume": 587
    },
    {
      "snapshotTime": "2025:06:23-06:15:00",
      "openPrice": {
        "bid": 3358.63,
        "ask": 3359.13,
        "lastTraded": null
      },
      "closePrice": {
        "bid": 3354.85,
        "ask": 3355.35,
        "lastTraded": null
      },
      "highPrice": {
        "bid": 3359.43,
        "ask": 3359.73,
        "lastTraded": null
      },
      "lowPrice": {
        "bid": 3354.3,
        "ask": 3354.63,
        "lastTraded": null
      },
      "lastTradedVolume": 853
    },
    {
      "snapshotTime": "2025:06:23-06:30:00",
      "openPrice": {
        "bid": 3354.65,
        "ask": 3355.15,
        "lastTraded": null
      },
      "closePrice": {
        "bid": 3353.18,
        "ask": 3353.48,
        "lastTraded": null
      },
      "highPrice": {
        "bid": 3356.0,
        "ask": 3356.3,
        "lastTraded": null
      },
      "lowPrice": {
        "bid": 3346.85,
        "ask": 3347.25,
        "lastTraded": null
      },
      "lastTradedVolume": 1555
    },
    {
      "snapshotTime": "2025:06:23-06:45:00",
      "openPrice": {
        "bid": 3353.28,
        "ask": 3353.58,
        "lastTraded": null
      },
      "closePrice": {
        "bid": 3356.65,
        "ask": 3357.15,
        "lastTraded": null
      },
      "highPrice": {
        "bid": 3357.38,
        "ask": 3357.68,
        "lastTraded": null
      },
      "lowPrice": {
        "bid": 3353.23,
        "ask": 3353.53,
        "lastTraded": null
      },
      "lastTradedVolume": 1213
    },
    {
      "snapshotTime": "2025:06:23-07:00:00",
      "openPrice": {
        "bid": 3356.82,
        "ask": 3357.32,
        "lastTraded": null
      },
      "closePrice": {
        "bid": 3356.33,
        "ask": 3356.83,
        "lastTraded": null
      },
      "highPrice": {
        "bid": 3359.7,
        "ask": 3360.2,
        "lastTraded": null
      },
      "lowPrice": {
        "bid": 3354.68,
        "ask": 3355.08,
        "lastTraded": null
      },
      "lastTradedVolume": 1174
    },
    {
      "snapshotTime": "2025:06:23-07:15:00",
      "openPrice": {
        "bid": 3356.38,
        "ask": 3356.68,
        "lastTraded": null
      },
      "closePrice": {
        "bid": 3354.83,
        "ask": 3355.33,
        "lastTraded": null
      },
      "highPrice": {
        "bid": 3357.85,
        "ask": 3358.35,
        "lastTraded": null
      },
      "lowPrice": {
        "bid": 3353.85,
        "ask": 3354.15,
        "lastTraded": null
      },
      "lastTradedVolume": 1128
    },
    {
      "snapshotTime": "2025:06:23-07:30:00",
      "openPrice": {
        "bid": 3354.73,
        "ask": 3355.23,
        "lastTraded": null
      },
      "closePrice": {
        "bid": 3353.13,
        "ask": 3353.63,
        "lastTraded": null
      },
      "highPrice": {
        "bid": 3356.98,
        "ask": 3357.43,
        "lastTraded": null
      },
      "lowPrice": {
        "bid": 3352.58,
        "ask": 3352.88,
        "lastTraded": null
      },
      "lastTradedVolume": 1013
    },
    {
      "snapshotTime": "2025:06:23-07:45:00",
      "openPrice": {
        "bid": 3353.18,
        "ask": 3353.68,
        "lastTraded": null
      },
      "closePrice": {
        "bid": 3357.58,
        "ask": 3357.88,
        "lastTraded": null
      },
      "highPrice": {
        "bid": 3358.58,
        "ask": 3358.88,
        "lastTraded": null
      },
      "lowPrice": {
        "bid": 3352.93,
        "ask": 3353.33,
        "lastTraded": null
      },
      "lastTradedVolume": 1012
    },
    {
      "snapshotTime": "2025:06:23-08:00:00",
      "openPrice": {
        "bid": 3357.48,
        "ask": 3357.78,
        "lastTraded": null
      },
      "closePrice": {
        "bid": 3352.48,
        "ask": 3352.78,
        "lastTraded": null
      },
      "highPrice": {
        "bid": 3357.88,
        "ask": 3358.18,
        "lastTraded": null
      },
      "lowPrice": {
        "bid": 3351.48,
        "ask": 3351.83,
        "lastTraded": null
      },
      "lastTradedVolume": 1173
    },
    {
      "snapshotTime": "2025:06:23-08:15:00",
      "openPrice": {
        "bid": 3352.51,
        "ask": 3353.01,
        "lastTraded": null
      },
      "closePrice": {
        "bid": 3356.38,
        "ask": 3356.68,
        "lastTraded": null
      },
      "highPrice": {
        "bid": 3356.53,
        "ask": 3356.86,
        "lastTraded": null
      },
      "lowPrice": {
        "bid": 3352.13,
        "ask": 3352.63,
        "lastTraded": null
      },
      "lastTradedVolume": 999
    },
    {
      "snapshotTime": "2025:06:23-08:30:00",
      "openPrice": {
        "bid": 3356.72,
        "ask": 3357.22,
        "lastTraded": null
      },
      "closePrice": {
        "bid": 3355.85,
        "ask": 3356.35,
        "lastTraded": null
      },
      "highPrice": {
        "bid": 3358.63,
        "ask": 3359.03,
        "lastTraded": null
      },
      "lowPrice": {
        "bid": 3354.2,
        "ask": 3354.5,
        "lastTraded": null
      },
      "lastTradedVolume": 931
    },
    {
      "snapshotTime": "2025:06:23-08:45:00",
      "openPrice": {
        "bid": 3355.9,
        "ask": 3356.4,
        "lastTraded": null
      },
      "closePrice": {
        "bid": 3357.53,
        "ask": 3357.83,
        "lastTraded": null
      },
      "highPrice": {
        "bid": 3358.73,
        "ask": 3359.08,
        "lastTraded": null
      },
      "lowPrice": {
        "bid": 3354.88,
        "ask": 3355.28,
        "lastTraded": null
      },
      "lastTradedVolume": 824
    },
    {
      "snapshotTime": "2025:06:23-09:00:00",
      "openPrice": {
        "bid": 3357.83,
        "ask": 3358.13,
        "lastTraded": null
      },
      "closePrice": {
        "bid": 3359.68,
        "ask": 3359.98,
        "lastTraded": null
      },
      "highPrice": {
        "bid": 3362.23,
        "ask": 3362.58,
        "lastTraded": null
      },
      "lowPrice": {
        "bid": 3357.83,
        "ask": 3358.13,
        "lastTraded": null
      },
      "lastTradedVolume": 1373
    },
    {
      "snapshotTime": "2025:06:23-09:15:00",
      "openPrice": {
        "bid": 3359.58,
        "ask": 3360.08,
        "lastTraded": null
      },
      "closePrice": {
        "bid": 3361.25,
        "ask": 3361.55,
        "lastTraded": null
      },
      "highPrice": {
        "bid": 3361.98,
        "ask": 3362.38,
        "lastTraded": null
      },
      "lowPrice": {
        "bid": 3359.28,
        "ask": 3359.68,
        "lastTraded": null
      },
      "lastTradedVolume": 773
    },
    {
      "snapshotTime": "2025:06:23-09:30:00",
      "openPrice": {
        "bid": 3361.24,
        "ask": 3361.54,
        "lastTraded": null
      },
      "closePrice": {
        "bid": 3360.23,
        "ask": 3360.73,
        "lastTraded": null
      },
      "highPrice": {
        "bid": 3362.19,
        "ask": 3362.65,
        "lastTraded": null
      },
      "lowPrice": {
        "bid": 3359.18,
        "ask": 3359.58,
        "lastTraded": null
      },
      "lastTradedVolume": 804
    },
    {
      "snapshotTime": "2025:06:23-09:45:00",
      "openPrice": {
        "bid": 3360.33,
        "ask": 3360.83,
        "lastTraded": null
      },
      "closePrice": {
        "bid": 3361.82,
        "ask": 3362.12,
        "lastTraded": null
      },
      "highPrice": {
        "bid": 3361.98,
        "ask": 3362.28,
        "lastTraded": null
      },
      "lowPrice": {
        "bid": 3358.9,
        "ask": 3359.2,
        "lastTraded": null
      },
      "lastTradedVolume": 1003
    },
    {
      "snapshotTime": "2025:06:23-10:00:00",
      "openPrice": {
        "bid": 3361.73,
        "ask": 3362.23,
        "lastTraded": null
      },
      "closePrice": {
        "bid": 3368.03,
        "ask": 3368.33,
        "lastTraded": null
      },
      "highPrice": {
        "bid": 3368.08,
        "ask": 3368.43,
        "lastTraded": null
      },
      "lowPrice": {
        "bid": 3361.52,
        "ask": 3361.88,
        "lastTraded": null
      },
      "lastTradedVolume": 1443
    },
    {
      "snapshotTime": "2025:06:23-10:15:00",
      "openPrice": {
        "bid": 3367.99,
        "ask": 3368.29,
        "lastTraded": null
      },
      "closePrice": {
        "bid": 3364.83,
        "ask": 3365.33,
        "lastTraded": null
      },
      "highPrice": {
        "bid": 3368.88,
        "ask": 3369.33,
        "lastTraded": null
      },
      "lowPrice": {
        "bid": 3364.68,
        "ask": 3365.04,
        "lastTraded": null
      },
      "lastTradedVolume": 1307
    },
    {
      "snapshotTime": "2025:06:23-10:30:00",
      "openPrice": {
        "bid": 3364.82,
        "ask": 3365.32,
        "lastTraded": null
      },
      "closePrice": {
        "bid": 3364.45,
        "ask": 3364.75,
        "lastTraded": null
      },
      "highPrice": {
        "bid": 3365.73,
        "ask": 3366.03,
        "lastTraded": null
      },
      "lowPrice": {
        "bid": 3361.68,
        "ask": 3362.05,
        "lastTraded": null
      },
      "lastTradedVolume": 1153
    },
    {
      "snapshotTime": "2025:06:23-10:45:00",
      "openPrice": {
        "bid": 3364.4,
        "ask": 3364.7,
        "lastTraded": null
      },
      "closePrice": {
        "bid": 3366.5,
        "ask": 3366.8,
        "lastTraded": null
      },
      "highPrice": {
        "bid": 3367.43,
        "ask": 3367.78,
        "lastTraded": null
      },
      "lowPrice": {
        "bid": 3364.35,
        "ask": 3364.7,
        "lastTraded": null
      },
      "lastTradedVolume": 733
    },
    {
      "snapshotTime": "2025:06:23-11:00:00",
      "openPrice": {
        "bid": 3366.55,
        "ask": 3366.85,
        "lastTraded": null
      },
      "closePrice": {
        "bid": 3365.35,
        "ask": 3365.85,
        "lastTraded": null
      },
      "highPrice": {
        "bid": 3368.2,
        "ask": 3368.54,
        "lastTraded": null
      },
      "lowPrice": {
        "bid": 3363.82,
        "ask": 3364.25,
        "lastTraded": null
      },
      "lastTradedVolume": 1041
    },
    {
      "snapshotTime": "2025:06:23-11:15:00",
      "openPrice": {
        "bid": 3365.5,
        "ask": 3365.8,
        "lastTraded": null
      },
      "closePrice": {
        "bid": 3366.85,
        "ask": 3367.35,
        "lastTraded": null
      },
      "highPrice": {
        "bid": 3367.44,
        "ask": 3367.86,
        "lastTraded": null
      },
      "lowPrice": {
        "bid": 3365.35,
        "ask": 3365.65,
        "lastTraded": null
      },
      "lastTradedVolume": 676
    },
    {
      "snapshotTime": "2025:06:23-11:30:00",
      "openPrice": {
        "bid": 3367.0,
        "ask": 3367.3,
        "lastTraded": null
      },
      "closePrice": {
        "bid": 3365.95,
        "ask": 3366.45,
        "lastTraded": null
      },
      "highPrice": {
        "bid": 3368.0,
        "ask": 3368.35,
        "lastTraded": null
      },
      "lowPrice": {
        "bid": 3365.85,
        "ask": 3366.25,
        "lastTraded": null
      },
      "lastTradedVolume": 569
    },
    {
      "snapshotTime": "2025:06:23-11:45:00",
      "openPrice": {
        "bid": 3366.0,
        "ask": 3366.3,
        "lastTraded": null
      },
      "closePrice": {
        "bid": 3367.7,
        "ask": 3368.0,
        "lastTraded": null
      },
      "highPrice": {
        "bid": 3367.9,
        "ask": 3368.2,
        "lastTraded": null
      },
      "lowPrice": {
        "bid": 3364.65,
        "ask": 3365.0,
        "lastTraded": null
      },
      "lastTradedVolume": 694
    },
    {
      "snapshotTime": "2025:06:23-12:00:00",
      "openPrice": {
        "bid": 3367.85,
        "ask": 3368.15,
        "lastTraded": null
      },
      "closePrice": {
        "bid": 3374.45,
        "ask": 3374.95,
        "lastTraded": null
      },
      "highPrice": {
        "bid": 3374.76,
        "ask": 3375.14,
        "lastTraded": null
      },
      "lowPrice": {
        "bid": 3367.85,
        "ask": 3368.15,
        "lastTraded": null
      },
      "lastTradedVolume": 1556
    },
    {
      "snapshotTime": "2025:06:23-12:15:00",
      "openPrice": {
        "bid": 3374.5,
        "ask": 3374.8,
        "lastTraded": null
      },
      "closePrice": {
        "bid": 3377.93,
        "ask": 3378.23,
        "lastTraded": null
      },
      "highPrice": {
        "bid": 3381.95,
        "ask": 3382.3,
        "lastTraded": null
      },
      "lowPrice": {
        "bid": 3374.5,
        "ask": 3374.8,
        "lastTraded": null
      },
      "lastTradedVolume": 2065
    },
    {
      "snapshotTime": "2025:06:23-12:30:00",
      "openPrice": {
        "bid": 3377.98,
        "ask": 3378.28,
        "lastTraded": null
      },
      "closePrice": {
        "bid": 3379.03,
        "ask": 3379.33,
        "lastTraded": null
      },
      "highPrice": {
        "bid": 3379.98,
        "ask": 3380.28,
        "lastTraded": null
      },
      "lowPrice": {
        "bid": 3375.78,
        "ask": 3376.08,
        "lastTraded": null
      },
      "lastTradedVolume": 1237
    },
    {
      "snapshotTime": "2025:06:23-12:45:00",
      "openPrice": {
        "bid": 3378.93,
        "ask": 3379.43,
        "lastTraded": null
      },
      "closePrice": {
        "bid": 3380.61,
        "ask": 3381.11,
        "lastTraded": null
      },
      "highPrice": {
        "bid": 3381.24,
        "ask": 3381.61,
        "lastTraded": null
      },
      "lowPrice": {
        "bid": 3376.43,
        "ask": 3376.78,
        "lastTraded": null
      },
      "lastTradedVolume": 1085
    },
    {
      "snapshotTime": "2025:06:23-13:00:00",
      "openPrice": {
        "bid": 3380.68,
        "ask": 3381.18,
        "lastTraded": null
      },
      "closePrice": {
        "bid": 3369.03,
        "ask": 3369.33,
        "lastTraded": null
      },
      "highPrice": {
        "bid": 3381.03,
        "ask": 3381.33,
        "lastTraded": null
      },
      "lowPrice": {
        "bid": 3368.55,
        "ask": 3368.9,
        "lastTraded": null
      },
      "lastTradedVolume": 1509
    },
    {
      "snapshotTime": "2025:06:23-13:15:00",
      "openPrice": {
        "bid": 3368.98,
        "ask": 3369.28,
        "lastTraded": null
      },
      "closePrice": {
        "bid": 3362.26,
        "ask": 3362.76,
        "lastTraded": null
      },
      "highPrice": {
        "bid": 3369.08,
        "ask": 3369.43,
        "lastTraded": null
      },
      "lowPrice": {
        "bid": 3359.82,
        "ask": 3360.13,
        "lastTraded": null
      },
      "lastTradedVolume": 2170
    },
    {
      "snapshotTime": "2025:06:23-13:30:00",
      "openPrice": {
        "bid": 3362.6,
        "ask": 3362.9,
        "lastTraded": null
      },
      "closePrice": {
        "bid": 3359.78,
        "ask": 3360.28,
        "lastTraded": null
      },
      "highPrice": {
        "bid": 3363.16,
        "ask": 3363.47,
        "lastTraded": null
      },
      "lowPrice": {
        "bid": 3355.75,
        "ask": 3356.18,
        "lastTraded": null
      },
      "lastTradedVolume": 1650
    },
    {
      "snapshotTime": "2025:06:23-13:45:00",
      "openPrice": {
        "bid": 3359.85,
        "ask": 3360.35,
        "lastTraded": null
      },
      "closePrice": {
        "bid": 3360.33,
        "ask": 3360.63,
        "lastTraded": null
      },
      "highPrice": {
        "bid": 3363.87,
        "ask": 3364.17,
        "lastTraded": null
      },
      "lowPrice": {
        "bid": 3359.13,
        "ask": 3359.43,
        "lastTraded": null
      },
      "lastTradedVolume": 1323
    },
    {
      "snapshotTime": "2025:06:23-14:00:00",
      "openPrice": {
        "bid": 3359.99,
        "ask": 3360.49,
        "lastTraded": null
      },
      "closePrice": {
        "bid": 3367.23,
        "ask": 3367.73,
        "lastTraded": null
      },
      "highPrice": {
        "bid": 3368.23,
        "ask": 3368.53,
        "lastTraded": null
      },
      "lowPrice": {
        "bid": 3359.74,
        "ask": 3360.04,
        "lastTraded": null
      },
      "lastTradedVolume": 1950
    },
    {
      "snapshotTime": "2025:06:23-14:15:00",
      "openPrice": {
        "bid": 3367.38,
        "ask": 3367.68,
        "lastTraded": null
      },
      "closePrice": {
        "bid": 3368.35,
        "ask": 3368.85,
        "lastTraded": null
      },
      "highPrice": {
        "bid": 3369.13,
        "ask": 3369.56,
        "lastTraded": null
      },
      "lowPrice": {
        "bid": 3366.18,
        "ask": 3366.58,
        "lastTraded": null
      },
      "lastTradedVolume": 1482
    },
    {
      "snapshotTime": "2025:06:23-14:30:00",
      "openPrice": {
        "bid": 3368.41,
        "ask": 3368.91,
        "lastTraded": null
      },
      "closePrice": {
        "bid": 3380.78,
        "ask": 3383.39,
        "lastTraded": null
      },
      "highPrice": {
        "bid": 3384.56,
        "ask": 3384.86,
        "lastTraded": null
      },
      "lowPrice": {
        "bid": 3368.25,
        "ask": 3368.55,
        "lastTraded": null
      },
      "lastTradedVolume": 2787
    },
    {
      "snapshotTime": "2025:06:23-14:45:00",
      "openPrice": {
        "bid": 3380.69,
        "ask": 3383.48,
        "lastTraded": null
      },
      "closePrice": {
        "bid": 3380.49,
        "ask": 3380.99,
        "lastTraded": null
      },
      "highPrice": {
        "bid": 3387.71,
        "ask": 3388.01,
        "lastTraded": null
      },
      "lowPrice": {
        "bid": 3378.83,
        "ask": 3379.13,
        "lastTraded": null
      },
      "lastTradedVolume": 3412
    },
    {
      "snapshotTime": "2025:06:23-15:00:00",
      "openPrice": {
        "bid": 3380.53,
        "ask": 3381.03,
        "lastTraded": null
      },
      "closePrice": {
        "bid": 3374.93,
        "ask": 3375.23,
        "lastTraded": null
      },
      "highPrice": {
        "bid": 3384.66,
        "ask": 3384.96,
        "lastTraded": null
      },
      "lowPrice": {
        "bid": 3369.93,
        "ask": 3370.43,
        "lastTraded": null
      },
      "lastTradedVolume": 3340
    },
    {
      "snapshotTime": "2025:06:23-15:15:00",
      "openPrice": {
        "bid": 3375.23,
        "ask": 3375.53,
        "lastTraded": null
      },
      "closePrice": {
        "bid": 3377.83,
        "ask": 3378.13,
        "lastTraded": null
      },
      "highPrice": {
        "bid": 3377.93,
        "ask": 3378.23,
        "lastTraded": null
      },
      "lowPrice": {
        "bid": 3374.98,
        "ask": 3375.33,
        "lastTraded": null
      },
      "lastTradedVolume": 337
    }
  ],
  "instrumentType": "CURRENCIES",
  "allowance": {
    "remainingAllowance": 7302,
    "totalAllowance": 10000,
    "allowanceExpiry": 587023
  }
}
[2025-06-23 15:16:17,806] INFO: Processing price data for GC
[2025-06-23 15:16:17,806] INFO: Processed 52 price points for GC
[2025-06-23 15:16:17,809] DEBUG: Strategy datapoints: <equitiestradingbot.interfaces.market_history.MarketHistory object at 0x11c0ce120>
[2025-06-23 15:16:17,813] INFO: MACD Calculation Details:
[2025-06-23 15:16:17,813] INFO:   Fast EMA (12): 3372.53162
[2025-06-23 15:16:17,813] INFO:   Slow EMA (26): 3369.00327
[2025-06-23 15:16:17,813] INFO:   MACD Line: 3.52835
[2025-06-23 15:16:17,813] INFO:   Signal Line: 2.86229
[2025-06-23 15:16:17,813] INFO:   Histogram: 0.66606
[2025-06-23 15:16:17,813] INFO:   Previous MACD: 3.27115
[2025-06-23 15:16:17,813] INFO:   Previous Signal: 2.69578
[2025-06-23 15:16:17,813] INFO:   MACD Cross Status: No Cross
[2025-06-23 15:16:17,813] INFO:   MACD Zero Line Status: Above Zero
[2025-06-23 15:16:17,820] INFO: Trade Analysis for CS.D.USCGC.TODAY.IP:
[2025-06-23 15:16:17,820] INFO: Latest Price: 3377.83000
[2025-06-23 15:16:17,820] INFO: 50 EMA: 3365.60277
[2025-06-23 15:16:17,820] INFO: 200 EMA: 3360.55652
[2025-06-23 15:16:17,820] INFO: MACD: 3.52835 (Signal: 2.86229)
[2025-06-23 15:16:17,820] INFO: RSI: 57.98
[2025-06-23 15:16:17,820] INFO: ADX: 57.47
[2025-06-23 15:16:17,820] INFO: Volume: 337 (MA: 1930)
[2025-06-23 15:16:17,820] INFO: Checking for LONG signal...
[2025-06-23 15:16:17,820] INFO:   - EMA trend structure met
[2025-06-23 15:16:17,820] INFO:   - MACD conditions not met (required: above signal line by 60%, current diff: 23.27%)
[2025-06-23 15:16:17,820] INFO: Checking for SHORT signal...
[2025-06-23 15:16:17,820] INFO:   - EMA trend structure not met
[2025-06-23 15:16:17,820] INFO: No trade signal generated. Conditions not met:
[2025-06-23 15:16:17,820] INFO:   - EMA trend structure not met (required for short)
[2025-06-23 15:16:20,844] DEBUG: Starting new HTTPS connection (1): demo-api.ig.com:443
[2025-06-23 15:16:20,991] DEBUG: https://demo-api.ig.com:443 "GET /gateway/deal/markets/ HTTP/1.1" 500 77
[2025-06-23 15:16:20,992] ERROR: HTTP request returned 500
[2025-06-23 15:16:20,992] INFO: Finished processing all markets in the source
[2025-06-23 15:16:20,992] INFO: Resetting MarketProvider
[2025-06-23 15:16:20,992] INFO: Wait for 0.08 hours...
