[2025-07-16 11:30:06,895] INFO: Initialising IGInterface...
[2025-07-16 11:30:06,896] INFO: Attempting authentication to URL: https://demo-api.ig.com/gateway/deal/session
[2025-07-16 11:30:06,896] INFO: Using API Key: 43c58bfd6f5ead3ac4d803d18f883db5857c9631
[2025-07-16 11:30:06,896] INFO: Using Account ID: Z5YISO
[2025-07-16 11:30:06,900] DEBUG: Starting new HTTPS connection (1): demo-api.ig.com:443
[2025-07-16 11:30:07,068] DEBUG: https://demo-api.ig.com:443 "POST /gateway/deal/session HTTP/1.1" 200 619
[2025-07-16 11:30:07,069] INFO: Successfully obtained authentication tokens
[2025-07-16 11:30:07,071] DEBUG: Starting new HTTPS connection (1): demo-api.ig.com:443
[2025-07-16 11:30:07,154] DEBUG: https://demo-api.ig.com:443 "PUT /gateway/deal/session HTTP/1.1" 412 56
[2025-07-16 11:30:07,156] INFO: Account is already set as default
[2025-07-16 11:30:07,157] INFO: Using stock interface: IGInterface
[2025-07-16 11:30:07,157] INFO: Intraday Gold Strategy configuration loaded successfully
[2025-07-16 11:30:07,157] INFO: Intraday Gold Strategy initialised
[2025-07-16 11:30:07,160] INFO: Intraday Gold Strategy configuration loaded successfully
[2025-07-16 11:30:10,186] DEBUG: Starting new HTTPS connection (1): demo-api.ig.com:443
[2025-07-16 11:30:10,257] DEBUG: https://demo-api.ig.com:443 "GET /gateway/deal/positions HTTP/1.1" 200 16
[2025-07-16 11:30:10,258] DEBUG: Raw positions response: {
  "positions": []
}
[2025-07-16 11:30:10,258] INFO: Starting to process market source
[2025-07-16 11:30:13,285] DEBUG: Starting new HTTPS connection (1): demo-api.ig.com:443
[2025-07-16 11:30:13,360] DEBUG: https://demo-api.ig.com:443 "GET /gateway/deal/positions HTTP/1.1" 200 16
[2025-07-16 11:30:13,362] DEBUG: Raw positions response: {
  "positions": []
}
[2025-07-16 11:30:16,387] DEBUG: Starting new HTTPS connection (1): demo-api.ig.com:443
[2025-07-16 11:30:16,475] DEBUG: https://demo-api.ig.com:443 "GET /gateway/deal/markets/CS.D.USCGC.TODAY.IP HTTP/1.1" 200 2028
[2025-07-16 11:30:19,507] DEBUG: Starting new HTTPS connection (1): demo-api.ig.com:443
[2025-07-16 11:30:19,618] DEBUG: https://demo-api.ig.com:443 "GET /gateway/deal/accounts HTTP/1.1" 200 552
[2025-07-16 11:30:19,624] INFO: Processing GC
[2025-07-16 11:30:19,625] CRITICAL: CRITICAL: get_prices method called
[2025-07-16 11:30:19,625] INFO: Fetching price data from URL: https://demo-api.ig.com/gateway/deal/prices/CS.D.USCGC.TODAY.IP/MINUTE_15/100
[2025-07-16 11:30:22,645] DEBUG: Starting new HTTPS connection (1): demo-api.ig.com:443
[2025-07-16 11:30:22,738] DEBUG: https://demo-api.ig.com:443 "GET /gateway/deal/prices/CS.D.USCGC.TODAY.IP/MINUTE_15/100 HTTP/1.1" 200 30387
[2025-07-16 11:30:22,752] DEBUG: Raw price data: {
  "prices": [
    {
      "snapshotTime": "2025:07:15-09:45:00",
      "openPrice": {
        "bid": 3362.11,
        "ask": 3362.42,
        "lastTraded": null
      },
      "closePrice": {
        "bid": 3360.89,
        "ask": 3361.19,
        "lastTraded": null
      },
      "highPrice": {
        "bid": 3363.83,
        "ask": 3364.19,
        "lastTraded": null
      },
      "lowPrice": {
        "bid": 3360.09,
        "ask": 3360.56,
        "lastTraded": null
      },
      "lastTradedVolume": 1194
    },
    {
      "snapshotTime": "2025:07:15-10:00:00",
      "openPrice": {
        "bid": 3360.75,
        "ask": 3361.25,
        "lastTraded": null
      },
      "closePrice": {
        "bid": 3363.18,
        "ask": 3363.48,
        "lastTraded": null
      },
      "highPrice": {
        "bid": 3364.69,
        "ask": 3365.19,
        "lastTraded": null
      },
      "lowPrice": {
        "bid": 3360.75,
        "ask": 3361.14,
        "lastTraded": null
      },
      "lastTradedVolume": 1099
    },
    {
      "snapshotTime": "2025:07:15-10:15:00",
      "openPrice": {
        "bid": 3363.12,
        "ask": 3363.42,
        "lastTraded": null
      },
      "closePrice": {
        "bid": 3361.42,
        "ask": 3361.72,
        "lastTraded": null
      },
      "highPrice": {
        "bid": 3363.51,
        "ask": 3364.0,
        "lastTraded": null
      },
      "lowPrice": {
        "bid": 3359.1,
        "ask": 3359.4,
        "lastTraded": null
      },
      "lastTradedVolume": 1437
    },
    {
      "snapshotTime": "2025:07:15-10:30:00",
      "openPrice": {
        "bid": 3361.21,
        "ask": 3361.71,
        "lastTraded": null
      },
      "closePrice": {
        "bid": 3361.9,
        "ask": 3362.2,
        "lastTraded": null
      },
      "highPrice": {
        "bid": 3363.05,
        "ask": 3363.52,
        "lastTraded": null
      },
      "lowPrice": {
        "bid": 3358.69,
        "ask": 3359.19,
        "lastTraded": null
      },
      "lastTradedVolume": 1564
    },
    {
      "snapshotTime": "2025:07:15-10:45:00",
      "openPrice": {
        "bid": 3361.95,
        "ask": 3362.25,
        "lastTraded": null
      },
      "closePrice": {
        "bid": 3363.41,
        "ask": 3363.71,
        "lastTraded": null
      },
      "highPrice": {
        "bid": 3363.65,
        "ask": 3364.07,
        "lastTraded": null
      },
      "lowPrice": {
        "bid": 3360.73,
        "ask": 3361.11,
        "lastTraded": null
      },
      "lastTradedVolume": 959
    },
    {
      "snapshotTime": "2025:07:15-11:00:00",
      "openPrice": {
        "bid": 3363.46,
        "ask": 3363.76,
        "lastTraded": null
      },
      "closePrice": {
        "bid": 3364.37,
        "ask": 3364.87,
        "lastTraded": null
      },
      "highPrice": {
        "bid": 3365.78,
        "ask": 3366.08,
        "lastTraded": null
      },
      "lowPrice": {
        "bid": 3362.39,
        "ask": 3362.75,
        "lastTraded": null
      },
      "lastTradedVolume": 1266
    },
    {
      "snapshotTime": "2025:07:15-11:15:00",
      "openPrice": {
        "bid": 3364.25,
        "ask": 3364.75,
        "lastTraded": null
      },
      "closePrice": {
        "bid": 3362.84,
        "ask": 3363.34,
        "lastTraded": null
      },
      "highPrice": {
        "bid": 3366.47,
        "ask": 3366.97,
        "lastTraded": null
      },
      "lowPrice": {
        "bid": 3362.83,
        "ask": 3363.33,
        "lastTraded": null
      },
      "lastTradedVolume": 1313
    },
    {
      "snapshotTime": "2025:07:15-11:30:00",
      "openPrice": {
        "bid": 3362.88,
        "ask": 3363.38,
        "lastTraded": null
      },
      "closePrice": {
        "bid": 3362.89,
        "ask": 3363.39,
        "lastTraded": null
      },
      "highPrice": {
        "bid": 3364.53,
        "ask": 3365.03,
        "lastTraded": null
      },
      "lowPrice": {
        "bid": 3362.01,
        "ask": 3362.51,
        "lastTraded": null
      },
      "lastTradedVolume": 1109
    },
    {
      "snapshotTime": "2025:07:15-11:45:00",
      "openPrice": {
        "bid": 3362.91,
        "ask": 3363.41,
        "lastTraded": null
      },
      "closePrice": {
        "bid": 3361.39,
        "ask": 3361.69,
        "lastTraded": null
      },
      "highPrice": {
        "bid": 3363.09,
        "ask": 3363.52,
        "lastTraded": null
      },
      "lowPrice": {
        "bid": 3360.91,
        "ask": 3361.32,
        "lastTraded": null
      },
      "lastTradedVolume": 1201
    },
    {
      "snapshotTime": "2025:07:15-12:00:00",
      "openPrice": {
        "bid": 3361.47,
        "ask": 3361.77,
        "lastTraded": null
      },
      "closePrice": {
        "bid": 3360.72,
        "ask": 3361.02,
        "lastTraded": null
      },
      "highPrice": {
        "bid": 3361.98,
        "ask": 3362.48,
        "lastTraded": null
      },
      "lowPrice": {
        "bid": 3358.44,
        "ask": 3358.94,
        "lastTraded": null
      },
      "lastTradedVolume": 1341
    },
    {
      "snapshotTime": "2025:07:15-12:15:00",
      "openPrice": {
        "bid": 3360.77,
        "ask": 3361.07,
        "lastTraded": null
      },
      "closePrice": {
        "bid": 3358.19,
        "ask": 3358.69,
        "lastTraded": null
      },
      "highPrice": {
        "bid": 3361.11,
        "ask": 3361.5,
        "lastTraded": null
      },
      "lowPrice": {
        "bid": 3357.53,
        "ask": 3358.03,
        "lastTraded": null
      },
      "lastTradedVolume": 1009
    },
    {
      "snapshotTime": "2025:07:15-12:30:00",
      "openPrice": {
        "bid": 3358.16,
        "ask": 3358.66,
        "lastTraded": null
      },
      "closePrice": {
        "bid": 3356.92,
        "ask": 3357.22,
        "lastTraded": null
      },
      "highPrice": {
        "bid": 3359.41,
        "ask": 3359.86,
        "lastTraded": null
      },
      "lowPrice": {
        "bid": 3356.16,
        "ask": 3356.46,
        "lastTraded": null
      },
      "lastTradedVolume": 1163
    },
    {
      "snapshotTime": "2025:07:15-12:45:00",
      "openPrice": {
        "bid": 3356.85,
        "ask": 3357.15,
        "lastTraded": null
      },
      "closePrice": {
        "bid": 3354.98,
        "ask": 3355.28,
        "lastTraded": null
      },
      "highPrice": {
        "bid": 3357.92,
        "ask": 3358.42,
        "lastTraded": null
      },
      "lowPrice": {
        "bid": 3354.03,
        "ask": 3354.33,
        "lastTraded": null
      },
      "lastTradedVolume": 1690
    },
    {
      "snapshotTime": "2025:07:15-13:00:00",
      "openPrice": {
        "bid": 3354.92,
        "ask": 3355.22,
        "lastTraded": null
      },
      "closePrice": {
        "bid": 3352.76,
        "ask": 3353.26,
        "lastTraded": null
      },
      "highPrice": {
        "bid": 3355.41,
        "ask": 3355.71,
        "lastTraded": null
      },
      "lowPrice": {
        "bid": 3352.4,
        "ask": 3352.7,
        "lastTraded": null
      },
      "lastTradedVolume": 1490
    },
    {
      "snapshotTime": "2025:07:15-13:15:00",
      "openPrice": {
        "bid": 3352.74,
        "ask": 3353.04,
        "lastTraded": null
      },
      "closePrice": {
        "bid": 3352.75,
        "ask": 3356.27,
        "lastTraded": null
      },
      "highPrice": {
        "bid": 3355.44,
        "ask": 3356.27,
        "lastTraded": null
      },
      "lowPrice": {
        "bid": 3349.26,
        "ask": 3349.63,
        "lastTraded": null
      },
      "lastTradedVolume": 2026
    },
    {
      "snapshotTime": "2025:07:15-13:30:00",
      "openPrice": {
        "bid": 3352.86,
        "ask": 3356.38,
        "lastTraded": null
      },
      "closePrice": {
        "bid": 3351.39,
        "ask": 3351.89,
        "lastTraded": null
      },
      "highPrice": {
        "bid": 3360.22,
        "ask": 3363.11,
        "lastTraded": null
      },
      "lowPrice": {
        "bid": 3346.03,
        "ask": 3346.53,
        "lastTraded": null
      },
      "lastTradedVolume": 3231
    },
    {
      "snapshotTime": "2025:07:15-13:45:00",
      "openPrice": {
        "bid": 3351.13,
        "ask": 3351.63,
        "lastTraded": null
      },
      "closePrice": {
        "bid": 3348.92,
        "ask": 3349.42,
        "lastTraded": null
      },
      "highPrice": {
        "bid": 3354.92,
        "ask": 3355.37,
        "lastTraded": null
      },
      "lowPrice": {
        "bid": 3348.25,
        "ask": 3348.7,
        "lastTraded": null
      },
      "lastTradedVolume": 2009
    },
    {
      "snapshotTime": "2025:07:15-14:00:00",
      "openPrice": {
        "bid": 3349.12,
        "ask": 3349.52,
        "lastTraded": null
      },
      "closePrice": {
        "bid": 3346.73,
        "ask": 3347.03,
        "lastTraded": null
      },
      "highPrice": {
        "bid": 3352.44,
        "ask": 3352.83,
        "lastTraded": null
      },
      "lowPrice": {
        "bid": 3345.61,
        "ask": 3345.91,
        "lastTraded": null
      },
      "lastTradedVolume": 2657
    },
    {
      "snapshotTime": "2025:07:15-14:15:00",
      "openPrice": {
        "bid": 3346.61,
        "ask": 3347.11,
        "lastTraded": null
      },
      "closePrice": {
        "bid": 3340.65,
        "ask": 3340.95,
        "lastTraded": null
      },
      "highPrice": {
        "bid": 3346.98,
        "ask": 3347.43,
        "lastTraded": null
      },
      "lowPrice": {
        "bid": 3338.23,
        "ask": 3338.7,
        "lastTraded": null
      },
      "lastTradedVolume": 2492
    },
    {
      "snapshotTime": "2025:07:15-14:30:00",
      "openPrice": {
        "bid": 3340.45,
        "ask": 3340.75,
        "lastTraded": null
      },
      "closePrice": {
        "bid": 3338.44,
        "ask": 3338.94,
        "lastTraded": null
      },
      "highPrice": {
        "bid": 3342.15,
        "ask": 3342.47,
        "lastTraded": null
      },
      "lowPrice": {
        "bid": 3334.28,
        "ask": 3334.72,
        "lastTraded": null
      },
      "lastTradedVolume": 3620
    },
    {
      "snapshotTime": "2025:07:15-14:45:00",
      "openPrice": {
        "bid": 3338.35,
        "ask": 3338.65,
        "lastTraded": null
      },
      "closePrice": {
        "bid": 3346.54,
        "ask": 3346.84,
        "lastTraded": null
      },
      "highPrice": {
        "bid": 3347.79,
        "ask": 3348.15,
        "lastTraded": null
      },
      "lowPrice": {
        "bid": 3334.8,
        "ask": 3335.25,
        "lastTraded": null
      },
      "lastTradedVolume": 3881
    },
    {
      "snapshotTime": "2025:07:15-15:00:00",
      "openPrice": {
        "bid": 3346.81,
        "ask": 3347.11,
        "lastTraded": null
      },
      "closePrice": {
        "bid": 3346.63,
        "ask": 3347.13,
        "lastTraded": null
      },
      "highPrice": {
        "bid": 3348.14,
        "ask": 3348.44,
        "lastTraded": null
      },
      "lowPrice": {
        "bid": 3342.27,
        "ask": 3342.57,
        "lastTraded": null
      },
      "lastTradedVolume": 3079
    },
    {
      "snapshotTime": "2025:07:15-15:15:00",
      "openPrice": {
        "bid": 3346.99,
        "ask": 3347.29,
        "lastTraded": null
      },
      "closePrice": {
        "bid": 3346.84,
        "ask": 3347.14,
        "lastTraded": null
      },
      "highPrice": {
        "bid": 3349.2,
        "ask": 3349.5,
        "lastTraded": null
      },
      "lowPrice": {
        "bid": 3343.36,
        "ask": 3343.77,
        "lastTraded": null
      },
      "lastTradedVolume": 2321
    },
    {
      "snapshotTime": "2025:07:15-15:30:00",
      "openPrice": {
        "bid": 3346.81,
        "ask": 3347.11,
        "lastTraded": null
      },
      "closePrice": {
        "bid": 3350.05,
        "ask": 3350.35,
        "lastTraded": null
      },
      "highPrice": {
        "bid": 3352.05,
        "ask": 3352.35,
        "lastTraded": null
      },
      "lowPrice": {
        "bid": 3346.63,
        "ask": 3347.11,
        "lastTraded": null
      },
      "lastTradedVolume": 2208
    },
    {
      "snapshotTime": "2025:07:15-15:45:00",
      "openPrice": {
        "bid": 3350.02,
        "ask": 3350.32,
        "lastTraded": null
      },
      "closePrice": {
        "bid": 3347.7,
        "ask": 3348.0,
        "lastTraded": null
      },
      "highPrice": {
        "bid": 3350.64,
        "ask": 3351.14,
        "lastTraded": null
      },
      "lowPrice": {
        "bid": 3345.43,
        "ask": 3345.73,
        "lastTraded": null
      },
      "lastTradedVolume": 1779
    },
    {
      "snapshotTime": "2025:07:15-16:00:00",
      "openPrice": {
        "bid": 3347.75,
        "ask": 3348.05,
        "lastTraded": null
      },
      "closePrice": {
        "bid": 3345.27,
        "ask": 3345.57,
        "lastTraded": null
      },
      "highPrice": {
        "bid": 3350.1,
        "ask": 3350.55,
        "lastTraded": null
      },
      "lowPrice": {
        "bid": 3344.75,
        "ask": 3345.25,
        "lastTraded": null
      },
      "lastTradedVolume": 1923
    },
    {
      "snapshotTime": "2025:07:15-16:15:00",
      "openPrice": {
        "bid": 3345.2,
        "ask": 3345.5,
        "lastTraded": null
      },
      "closePrice": {
        "bid": 3333.81,
        "ask": 3334.31,
        "lastTraded": null
      },
      "highPrice": {
        "bid": 3345.34,
        "ask": 3345.64,
        "lastTraded": null
      },
      "lowPrice": {
        "bid": 3332.59,
        "ask": 3332.89,
        "lastTraded": null
      },
      "lastTradedVolume": 2742
    },
    {
      "snapshotTime": "2025:07:15-16:30:00",
      "openPrice": {
        "bid": 3333.61,
        "ask": 3334.11,
        "lastTraded": null
      },
      "closePrice": {
        "bid": 3331.5,
        "ask": 3331.8,
        "lastTraded": null
      },
      "highPrice": {
        "bid": 3333.97,
        "ask": 3334.47,
        "lastTraded": null
      },
      "lowPrice": {
        "bid": 3325.27,
        "ask": 3325.57,
        "lastTraded": null
      },
      "lastTradedVolume": 3688
    },
    {
      "snapshotTime": "2025:07:15-16:45:00",
      "openPrice": {
        "bid": 3331.45,
        "ask": 3331.75,
        "lastTraded": null
      },
      "closePrice": {
        "bid": 3328.95,
        "ask": 3329.45,
        "lastTraded": null
      },
      "highPrice": {
        "bid": 3331.8,
        "ask": 3332.1,
        "lastTraded": null
      },
      "lowPrice": {
        "bid": 3327.4,
        "ask": 3327.85,
        "lastTraded": null
      },
      "lastTradedVolume": 1938
    },
    {
      "snapshotTime": "2025:07:15-17:00:00",
      "openPrice": {
        "bid": 3328.93,
        "ask": 3329.43,
        "lastTraded": null
      },
      "closePrice": {
        "bid": 3322.69,
        "ask": 3322.99,
        "lastTraded": null
      },
      "highPrice": {
        "bid": 3329.07,
        "ask": 3329.49,
        "lastTraded": null
      },
      "lowPrice": {
        "bid": 3321.57,
        "ask": 3321.87,
        "lastTraded": null
      },
      "lastTradedVolume": 2251
    },
    {
      "snapshotTime": "2025:07:15-17:15:00",
      "openPrice": {
        "bid": 3322.68,
        "ask": 3322.98,
        "lastTraded": null
      },
      "closePrice": {
        "bid": 3325.8,
        "ask": 3326.1,
        "lastTraded": null
      },
      "highPrice": {
        "bid": 3325.83,
        "ask": 3326.3,
        "lastTraded": null
      },
      "lowPrice": {
        "bid": 3319.85,
        "ask": 3320.35,
        "lastTraded": null
      },
      "lastTradedVolume": 2030
    },
    {
      "snapshotTime": "2025:07:15-17:30:00",
      "openPrice": {
        "bid": 3325.77,
        "ask": 3326.07,
        "lastTraded": null
      },
      "closePrice": {
        "bid": 3326.21,
        "ask": 3326.51,
        "lastTraded": null
      },
      "highPrice": {
        "bid": 3326.7,
        "ask": 3327.2,
        "lastTraded": null
      },
      "lowPrice": {
        "bid": 3323.6,
        "ask": 3324.1,
        "lastTraded": null
      },
      "lastTradedVolume": 1475
    },
    {
      "snapshotTime": "2025:07:15-17:45:00",
      "openPrice": {
        "bid": 3326.18,
        "ask": 3326.48,
        "lastTraded": null
      },
      "closePrice": {
        "bid": 3329.42,
        "ask": 3329.72,
        "lastTraded": null
      },
      "highPrice": {
        "bid": 3330.22,
        "ask": 3330.54,
        "lastTraded": null
      },
      "lowPrice": {
        "bid": 3325.88,
        "ask": 3326.2,
        "lastTraded": null
      },
      "lastTradedVolume": 1596
    },
    {
      "snapshotTime": "2025:07:15-18:00:00",
      "openPrice": {
        "bid": 3329.44,
        "ask": 3329.94,
        "lastTraded": null
      },
      "closePrice": {
        "bid": 3330.98,
        "ask": 3331.28,
        "lastTraded": null
      },
      "highPrice": {
        "bid": 3331.07,
        "ask": 3331.39,
        "lastTraded": null
      },
      "lowPrice": {
        "bid": 3327.7,
        "ask": 3328.0,
        "lastTraded": null
      },
      "lastTradedVolume": 1606
    },
    {
      "snapshotTime": "2025:07:15-18:15:00",
      "openPrice": {
        "bid": 3331.01,
        "ask": 3331.31,
        "lastTraded": null
      },
      "closePrice": {
        "bid": 3329.11,
        "ask": 3329.41,
        "lastTraded": null
      },
      "highPrice": {
        "bid": 3331.4,
        "ask": 3331.85,
        "lastTraded": null
      },
      "lowPrice": {
        "bid": 3328.5,
        "ask": 3328.9,
        "lastTraded": null
      },
      "lastTradedVolume": 1425
    },
    {
      "snapshotTime": "2025:07:15-18:30:00",
      "openPrice": {
        "bid": 3329.21,
        "ask": 3329.51,
        "lastTraded": null
      },
      "closePrice": {
        "bid": 3327.95,
        "ask": 3328.25,
        "lastTraded": null
      },
      "highPrice": {
        "bid": 3330.35,
        "ask": 3330.65,
        "lastTraded": null
      },
      "lowPrice": {
        "bid": 3327.14,
        "ask": 3327.44,
        "lastTraded": null
      },
      "lastTradedVolume": 1242
    },
    {
      "snapshotTime": "2025:07:15-18:45:00",
      "openPrice": {
        "bid": 3327.99,
        "ask": 3328.29,
        "lastTraded": null
      },
      "closePrice": {
        "bid": 3328.2,
        "ask": 3328.5,
        "lastTraded": null
      },
      "highPrice": {
        "bid": 3328.81,
        "ask": 3329.11,
        "lastTraded": null
      },
      "lowPrice": {
        "bid": 3325.67,
        "ask": 3326.01,
        "lastTraded": null
      },
      "lastTradedVolume": 1205
    },
    {
      "snapshotTime": "2025:07:15-19:00:00",
      "openPrice": {
        "bid": 3328.09,
        "ask": 3328.39,
        "lastTraded": null
      },
      "closePrice": {
        "bid": 3328.52,
        "ask": 3328.82,
        "lastTraded": null
      },
      "highPrice": {
        "bid": 3329.46,
        "ask": 3329.92,
        "lastTraded": null
      },
      "lowPrice": {
        "bid": 3327.57,
        "ask": 3328.0,
        "lastTraded": null
      },
      "lastTradedVolume": 1250
    },
    {
      "snapshotTime": "2025:07:15-19:15:00",
      "openPrice": {
        "bid": 3328.53,
        "ask": 3328.83,
        "lastTraded": null
      },
      "closePrice": {
        "bid": 3326.42,
        "ask": 3326.72,
        "lastTraded": null
      },
      "highPrice": {
        "bid": 3328.97,
        "ask": 3329.43,
        "lastTraded": null
      },
      "lowPrice": {
        "bid": 3325.47,
        "ask": 3325.96,
        "lastTraded": null
      },
      "lastTradedVolume": 1273
    },
    {
      "snapshotTime": "2025:07:15-19:30:00",
      "openPrice": {
        "bid": 3326.46,
        "ask": 3326.76,
        "lastTraded": null
      },
      "closePrice": {
        "bid": 3330.02,
        "ask": 3330.32,
        "lastTraded": null
      },
      "highPrice": {
        "bid": 3330.22,
        "ask": 3330.6,
        "lastTraded": null
      },
      "lowPrice": {
        "bid": 3326.05,
        "ask": 3326.45,
        "lastTraded": null
      },
      "lastTradedVolume": 1325
    },
    {
      "snapshotTime": "2025:07:15-19:45:00",
      "openPrice": {
        "bid": 3329.93,
        "ask": 3330.23,
        "lastTraded": null
      },
      "closePrice": {
        "bid": 3328.7,
        "ask": 3329.0,
        "lastTraded": null
      },
      "highPrice": {
        "bid": 3332.07,
        "ask": 3332.37,
        "lastTraded": null
      },
      "lowPrice": {
        "bid": 3328.51,
        "ask": 3328.88,
        "lastTraded": null
      },
      "lastTradedVolume": 1548
    },
    {
      "snapshotTime": "2025:07:15-20:00:00",
      "openPrice": {
        "bid": 3328.74,
        "ask": 3329.04,
        "lastTraded": null
      },
      "closePrice": {
        "bid": 3327.41,
        "ask": 3327.71,
        "lastTraded": null
      },
      "highPrice": {
        "bid": 3330.2,
        "ask": 3330.5,
        "lastTraded": null
      },
      "lowPrice": {
        "bid": 3327.24,
        "ask": 3327.54,
        "lastTraded": null
      },
      "lastTradedVolume": 1234
    },
    {
      "snapshotTime": "2025:07:15-20:15:00",
      "openPrice": {
        "bid": 3327.42,
        "ask": 3327.72,
        "lastTraded": null
      },
      "closePrice": {
        "bid": 3326.92,
        "ask": 3327.22,
        "lastTraded": null
      },
      "highPrice": {
        "bid": 3328.1,
        "ask": 3328.4,
        "lastTraded": null
      },
      "lowPrice": {
        "bid": 3326.53,
        "ask": 3326.83,
        "lastTraded": null
      },
      "lastTradedVolume": 1115
    },
    {
      "snapshotTime": "2025:07:15-20:30:00",
      "openPrice": {
        "bid": 3327.01,
        "ask": 3327.31,
        "lastTraded": null
      },
      "closePrice": {
        "bid": 3329.42,
        "ask": 3329.72,
        "lastTraded": null
      },
      "highPrice": {
        "bid": 3329.69,
        "ask": 3330.01,
        "lastTraded": null
      },
      "lowPrice": {
        "bid": 3326.87,
        "ask": 3327.17,
        "lastTraded": null
      },
      "lastTradedVolume": 1130
    },
    {
      "snapshotTime": "2025:07:15-20:45:00",
      "openPrice": {
        "bid": 3329.45,
        "ask": 3329.75,
        "lastTraded": null
      },
      "closePrice": {
        "bid": 3330.51,
        "ask": 3330.81,
        "lastTraded": null
      },
      "highPrice": {
        "bid": 3331.34,
        "ask": 3331.64,
        "lastTraded": null
      },
      "lowPrice": {
        "bid": 3328.59,
        "ask": 3328.89,
        "lastTraded": null
      },
      "lastTradedVolume": 1591
    },
    {
      "snapshotTime": "2025:07:15-21:00:00",
      "openPrice": {
        "bid": 3330.59,
        "ask": 3330.89,
        "lastTraded": null
      },
      "closePrice": {
        "bid": 3330.29,
        "ask": 3330.79,
        "lastTraded": null
      },
      "highPrice": {
        "bid": 3331.02,
        "ask": 3331.32,
        "lastTraded": null
      },
      "lowPrice": {
        "bid": 3329.24,
        "ask": 3329.74,
        "lastTraded": null
      },
      "lastTradedVolume": 532
    },
    {
      "snapshotTime": "2025:07:15-21:15:00",
      "openPrice": {
        "bid": 3330.35,
        "ask": 3330.65,
        "lastTraded": null
      },
      "closePrice": {
        "bid": 3328.14,
        "ask": 3328.44,
        "lastTraded": null
      },
      "highPrice": {
        "bid": 3330.63,
        "ask": 3330.93,
        "lastTraded": null
      },
      "lowPrice": {
        "bid": 3327.57,
        "ask": 3327.87,
        "lastTraded": null
      },
      "lastTradedVolume": 721
    },
    {
      "snapshotTime": "2025:07:15-21:30:00",
      "openPrice": {
        "bid": 3328.16,
        "ask": 3328.46,
        "lastTraded": null
      },
      "closePrice": {
        "bid": 3326.68,
        "ask": 3326.98,
        "lastTraded": null
      },
      "highPrice": {
        "bid": 3328.95,
        "ask": 3329.25,
        "lastTraded": null
      },
      "lowPrice": {
        "bid": 3326.66,
        "ask": 3326.96,
        "lastTraded": null
      },
      "lastTradedVolume": 412
    },
    {
      "snapshotTime": "2025:07:15-21:45:00",
      "openPrice": {
        "bid": 3326.7,
        "ask": 3327.0,
        "lastTraded": null
      },
      "closePrice": {
        "bid": 3323.98,
        "ask": 3324.28,
        "lastTraded": null
      },
      "highPrice": {
        "bid": 3326.81,
        "ask": 3327.14,
        "lastTraded": null
      },
      "lowPrice": {
        "bid": 3323.92,
        "ask": 3324.23,
        "lastTraded": null
      },
      "lastTradedVolume": 628
    },
    {
      "snapshotTime": "2025:07:15-23:00:00",
      "openPrice": {
        "bid": 3324.02,
        "ask": 3324.52,
        "lastTraded": null
      },
      "closePrice": {
        "bid": 3327.18,
        "ask": 3327.68,
        "lastTraded": null
      },
      "highPrice": {
        "bid": 3327.74,
        "ask": 3328.24,
        "lastTraded": null
      },
      "lowPrice": {
        "bid": 3323.45,
        "ask": 3323.95,
        "lastTraded": null
      },
      "lastTradedVolume": 359
    },
    {
      "snapshotTime": "2025:07:15-23:15:00",
      "openPrice": {
        "bid": 3327.16,
        "ask": 3327.66,
        "lastTraded": null
      },
      "closePrice": {
        "bid": 3326.43,
        "ask": 3326.93,
        "lastTraded": null
      },
      "highPrice": {
        "bid": 3327.37,
        "ask": 3327.87,
        "lastTraded": null
      },
      "lowPrice": {
        "bid": 3325.79,
        "ask": 3326.29,
        "lastTraded": null
      },
      "lastTradedVolume": 397
    },
    {
      "snapshotTime": "2025:07:15-23:30:00",
      "openPrice": {
        "bid": 3326.33,
        "ask": 3326.83,
        "lastTraded": null
      },
      "closePrice": {
        "bid": 3326.3,
        "ask": 3326.6,
        "lastTraded": null
      },
      "highPrice": {
        "bid": 3327.03,
        "ask": 3327.49,
        "lastTraded": null
      },
      "lowPrice": {
        "bid": 3325.84,
        "ask": 3326.32,
        "lastTraded": null
      },
      "lastTradedVolume": 315
    },
    {
      "snapshotTime": "2025:07:15-23:45:00",
      "openPrice": {
        "bid": 3326.08,
        "ask": 3326.58,
        "lastTraded": null
      },
      "closePrice": {
        "bid": 3326.25,
        "ask": 3326.75,
        "lastTraded": null
      },
      "highPrice": {
        "bid": 3326.7,
        "ask": 3327.2,
        "lastTraded": null
      },
      "lowPrice": {
        "bid": 3325.2,
        "ask": 3325.7,
        "lastTraded": null
      },
      "lastTradedVolume": 229
    },
    {
      "snapshotTime": "2025:07:16-00:00:00",
      "openPrice": {
        "bid": 3326.43,
        "ask": 3326.93,
        "lastTraded": null
      },
      "closePrice": {
        "bid": 3328.12,
        "ask": 3328.62,
        "lastTraded": null
      },
      "highPrice": {
        "bid": 3328.6,
        "ask": 3329.05,
        "lastTraded": null
      },
      "lowPrice": {
        "bid": 3326.25,
        "ask": 3326.55,
        "lastTraded": null
      },
      "lastTradedVolume": 309
    },
    {
      "snapshotTime": "2025:07:16-00:15:00",
      "openPrice": {
        "bid": 3328.17,
        "ask": 3328.67,
        "lastTraded": null
      },
      "closePrice": {
        "bid": 3328.58,
        "ask": 3329.08,
        "lastTraded": null
      },
      "highPrice": {
        "bid": 3330.3,
        "ask": 3330.8,
        "lastTraded": null
      },
      "lowPrice": {
        "bid": 3328.06,
        "ask": 3328.52,
        "lastTraded": null
      },
      "lastTradedVolume": 416
    },
    {
      "snapshotTime": "2025:07:16-00:30:00",
      "openPrice": {
        "bid": 3328.53,
        "ask": 3329.03,
        "lastTraded": null
      },
      "closePrice": {
        "bid": 3329.9,
        "ask": 3330.4,
        "lastTraded": null
      },
      "highPrice": {
        "bid": 3331.18,
        "ask": 3331.68,
        "lastTraded": null
      },
      "lowPrice": {
        "bid": 3328.43,
        "ask": 3328.93,
        "lastTraded": null
      },
      "lastTradedVolume": 414
    },
    {
      "snapshotTime": "2025:07:16-00:45:00",
      "openPrice": {
        "bid": 3329.8,
        "ask": 3330.3,
        "lastTraded": null
      },
      "closePrice": {
        "bid": 3330.65,
        "ask": 3331.15,
        "lastTraded": null
      },
      "highPrice": {
        "bid": 3331.85,
        "ask": 3332.35,
        "lastTraded": null
      },
      "lowPrice": {
        "bid": 3329.79,
        "ask": 3330.29,
        "lastTraded": null
      },
      "lastTradedVolume": 336
    },
    {
      "snapshotTime": "2025:07:16-01:00:00",
      "openPrice": {
        "bid": 3330.9,
        "ask": 3331.2,
        "lastTraded": null
      },
      "closePrice": {
        "bid": 3329.1,
        "ask": 3329.6,
        "lastTraded": null
      },
      "highPrice": {
        "bid": 3331.63,
        "ask": 3332.13,
        "lastTraded": null
      },
      "lowPrice": {
        "bid": 3328.85,
        "ask": 3329.18,
        "lastTraded": null
      },
      "lastTradedVolume": 843
    },
    {
      "snapshotTime": "2025:07:16-01:15:00",
      "openPrice": {
        "bid": 3329.29,
        "ask": 3329.59,
        "lastTraded": null
      },
      "closePrice": {
        "bid": 3331.41,
        "ask": 3331.91,
        "lastTraded": null
      },
      "highPrice": {
        "bid": 3331.88,
        "ask": 3332.32,
        "lastTraded": null
      },
      "lowPrice": {
        "bid": 3329.01,
        "ask": 3329.49,
        "lastTraded": null
      },
      "lastTradedVolume": 714
    },
    {
      "snapshotTime": "2025:07:16-01:30:00",
      "openPrice": {
        "bid": 3331.44,
        "ask": 3331.94,
        "lastTraded": null
      },
      "closePrice": {
        "bid": 3331.76,
        "ask": 3332.26,
        "lastTraded": null
      },
      "highPrice": {
        "bid": 3332.61,
        "ask": 3333.05,
        "lastTraded": null
      },
      "lowPrice": {
        "bid": 3330.15,
        "ask": 3330.6,
        "lastTraded": null
      },
      "lastTradedVolume": 821
    },
    {
      "snapshotTime": "2025:07:16-01:45:00",
      "openPrice": {
        "bid": 3331.68,
        "ask": 3332.18,
        "lastTraded": null
      },
      "closePrice": {
        "bid": 3330.45,
        "ask": 3330.95,
        "lastTraded": null
      },
      "highPrice": {
        "bid": 3332.52,
        "ask": 3333.02,
        "lastTraded": null
      },
      "lowPrice": {
        "bid": 3329.58,
        "ask": 3330.07,
        "lastTraded": null
      },
      "lastTradedVolume": 875
    },
    {
      "snapshotTime": "2025:07:16-02:00:00",
      "openPrice": {
        "bid": 3330.5,
        "ask": 3331.0,
        "lastTraded": null
      },
      "closePrice": {
        "bid": 3331.62,
        "ask": 3332.12,
        "lastTraded": null
      },
      "highPrice": {
        "bid": 3331.87,
        "ask": 3332.25,
        "lastTraded": null
      },
      "lowPrice": {
        "bid": 3328.79,
        "ask": 3329.09,
        "lastTraded": null
      },
      "lastTradedVolume": 1449
    },
    {
      "snapshotTime": "2025:07:16-02:15:00",
      "openPrice": {
        "bid": 3331.85,
        "ask": 3332.15,
        "lastTraded": null
      },
      "closePrice": {
        "bid": 3332.7,
        "ask": 3333.2,
        "lastTraded": null
      },
      "highPrice": {
        "bid": 3334.04,
        "ask": 3334.34,
        "lastTraded": null
      },
      "lowPrice": {
        "bid": 3330.66,
        "ask": 3331.14,
        "lastTraded": null
      },
      "lastTradedVolume": 1085
    },
    {
      "snapshotTime": "2025:07:16-02:30:00",
      "openPrice": {
        "bid": 3332.74,
        "ask": 3333.24,
        "lastTraded": null
      },
      "closePrice": {
        "bid": 3331.31,
        "ask": 3331.81,
        "lastTraded": null
      },
      "highPrice": {
        "bid": 3335.05,
        "ask": 3335.55,
        "lastTraded": null
      },
      "lowPrice": {
        "bid": 3331.01,
        "ask": 3331.4,
        "lastTraded": null
      },
      "lastTradedVolume": 1082
    },
    {
      "snapshotTime": "2025:07:16-02:45:00",
      "openPrice": {
        "bid": 3331.38,
        "ask": 3331.68,
        "lastTraded": null
      },
      "closePrice": {
        "bid": 3330.64,
        "ask": 3331.14,
        "lastTraded": null
      },
      "highPrice": {
        "bid": 3332.47,
        "ask": 3332.78,
        "lastTraded": null
      },
      "lowPrice": {
        "bid": 3329.59,
        "ask": 3330.02,
        "lastTraded": null
      },
      "lastTradedVolume": 980
    },
    {
      "snapshotTime": "2025:07:16-03:00:00",
      "openPrice": {
        "bid": 3330.9,
        "ask": 3331.2,
        "lastTraded": null
      },
      "closePrice": {
        "bid": 3328.81,
        "ask": 3329.11,
        "lastTraded": null
      },
      "highPrice": {
        "bid": 3331.4,
        "ask": 3331.77,
        "lastTraded": null
      },
      "lowPrice": {
        "bid": 3327.69,
        "ask": 3328.1,
        "lastTraded": null
      },
      "lastTradedVolume": 916
    },
    {
      "snapshotTime": "2025:07:16-03:15:00",
      "openPrice": {
        "bid": 3328.79,
        "ask": 3329.09,
        "lastTraded": null
      },
      "closePrice": {
        "bid": 3328.7,
        "ask": 3329.2,
        "lastTraded": null
      },
      "highPrice": {
        "bid": 3329.21,
        "ask": 3329.66,
        "lastTraded": null
      },
      "lowPrice": {
        "bid": 3328.35,
        "ask": 3328.71,
        "lastTraded": null
      },
      "lastTradedVolume": 772
    },
    {
      "snapshotTime": "2025:07:16-03:30:00",
      "openPrice": {
        "bid": 3328.72,
        "ask": 3329.22,
        "lastTraded": null
      },
      "closePrice": {
        "bid": 3328.16,
        "ask": 3328.66,
        "lastTraded": null
      },
      "highPrice": {
        "bid": 3330.2,
        "ask": 3330.7,
        "lastTraded": null
      },
      "lowPrice": {
        "bid": 3327.43,
        "ask": 3327.73,
        "lastTraded": null
      },
      "lastTradedVolume": 1012
    },
    {
      "snapshotTime": "2025:07:16-03:45:00",
      "openPrice": {
        "bid": 3328.18,
        "ask": 3328.68,
        "lastTraded": null
      },
      "closePrice": {
        "bid": 3326.22,
        "ask": 3326.72,
        "lastTraded": null
      },
      "highPrice": {
        "bid": 3328.45,
        "ask": 3328.95,
        "lastTraded": null
      },
      "lowPrice": {
        "bid": 3325.03,
        "ask": 3325.33,
        "lastTraded": null
      },
      "lastTradedVolume": 930
    },
    {
      "snapshotTime": "2025:07:16-04:00:00",
      "openPrice": {
        "bid": 3326.17,
        "ask": 3326.47,
        "lastTraded": null
      },
      "closePrice": {
        "bid": 3328.34,
        "ask": 3328.84,
        "lastTraded": null
      },
      "highPrice": {
        "bid": 3330.19,
        "ask": 3330.49,
        "lastTraded": null
      },
      "lowPrice": {
        "bid": 3325.68,
        "ask": 3325.98,
        "lastTraded": null
      },
      "lastTradedVolume": 939
    },
    {
      "snapshotTime": "2025:07:16-04:15:00",
      "openPrice": {
        "bid": 3328.32,
        "ask": 3328.82,
        "lastTraded": null
      },
      "closePrice": {
        "bid": 3332.74,
        "ask": 3333.24,
        "lastTraded": null
      },
      "highPrice": {
        "bid": 3333.13,
        "ask": 3333.43,
        "lastTraded": null
      },
      "lowPrice": {
        "bid": 3328.18,
        "ask": 3328.48,
        "lastTraded": null
      },
      "lastTradedVolume": 958
    },
    {
      "snapshotTime": "2025:07:16-04:30:00",
      "openPrice": {
        "bid": 3332.79,
        "ask": 3333.09,
        "lastTraded": null
      },
      "closePrice": {
        "bid": 3334.16,
        "ask": 3334.66,
        "lastTraded": null
      },
      "highPrice": {
        "bid": 3334.71,
        "ask": 3335.2,
        "lastTraded": null
      },
      "lowPrice": {
        "bid": 3332.55,
        "ask": 3332.97,
        "lastTraded": null
      },
      "lastTradedVolume": 936
    },
    {
      "snapshotTime": "2025:07:16-04:45:00",
      "openPrice": {
        "bid": 3334.15,
        "ask": 3334.65,
        "lastTraded": null
      },
      "closePrice": {
        "bid": 3334.32,
        "ask": 3334.82,
        "lastTraded": null
      },
      "highPrice": {
        "bid": 3335.07,
        "ask": 3335.49,
        "lastTraded": null
      },
      "lowPrice": {
        "bid": 3333.23,
        "ask": 3333.73,
        "lastTraded": null
      },
      "lastTradedVolume": 808
    },
    {
      "snapshotTime": "2025:07:16-05:00:00",
      "openPrice": {
        "bid": 3334.36,
        "ask": 3334.86,
        "lastTraded": null
      },
      "closePrice": {
        "bid": 3333.48,
        "ask": 3333.98,
        "lastTraded": null
      },
      "highPrice": {
        "bid": 3335.09,
        "ask": 3335.47,
        "lastTraded": null
      },
      "lowPrice": {
        "bid": 3332.97,
        "ask": 3333.27,
        "lastTraded": null
      },
      "lastTradedVolume": 744
    },
    {
      "snapshotTime": "2025:07:16-05:15:00",
      "openPrice": {
        "bid": 3333.45,
        "ask": 3333.95,
        "lastTraded": null
      },
      "closePrice": {
        "bid": 3335.17,
        "ask": 3335.47,
        "lastTraded": null
      },
      "highPrice": {
        "bid": 3335.17,
        "ask": 3335.63,
        "lastTraded": null
      },
      "lowPrice": {
        "bid": 3332.62,
        "ask": 3333.09,
        "lastTraded": null
      },
      "lastTradedVolume": 455
    },
    {
      "snapshotTime": "2025:07:16-05:30:00",
      "openPrice": {
        "bid": 3335.31,
        "ask": 3335.61,
        "lastTraded": null
      },
      "closePrice": {
        "bid": 3336.52,
        "ask": 3337.02,
        "lastTraded": null
      },
      "highPrice": {
        "bid": 3338.08,
        "ask": 3338.53,
        "lastTraded": null
      },
      "lowPrice": {
        "bid": 3335.1,
        "ask": 3335.4,
        "lastTraded": null
      },
      "lastTradedVolume": 1065
    },
    {
      "snapshotTime": "2025:07:16-05:45:00",
      "openPrice": {
        "bid": 3336.54,
        "ask": 3337.04,
        "lastTraded": null
      },
      "closePrice": {
        "bid": 3338.35,
        "ask": 3338.85,
        "lastTraded": null
      },
      "highPrice": {
        "bid": 3338.66,
        "ask": 3339.16,
        "lastTraded": null
      },
      "lowPrice": {
        "bid": 3336.01,
        "ask": 3336.31,
        "lastTraded": null
      },
      "lastTradedVolume": 630
    },
    {
      "snapshotTime": "2025:07:16-06:00:00",
      "openPrice": {
        "bid": 3338.32,
        "ask": 3338.82,
        "lastTraded": null
      },
      "closePrice": {
        "bid": 3338.89,
        "ask": 3339.19,
        "lastTraded": null
      },
      "highPrice": {
        "bid": 3339.09,
        "ask": 3339.59,
        "lastTraded": null
      },
      "lowPrice": {
        "bid": 3336.99,
        "ask": 3337.39,
        "lastTraded": null
      },
      "lastTradedVolume": 764
    },
    {
      "snapshotTime": "2025:07:16-06:15:00",
      "openPrice": {
        "bid": 3338.88,
        "ask": 3339.18,
        "lastTraded": null
      },
      "closePrice": {
        "bid": 3339.28,
        "ask": 3339.58,
        "lastTraded": null
      },
      "highPrice": {
        "bid": 3339.67,
        "ask": 3339.98,
        "lastTraded": null
      },
      "lowPrice": {
        "bid": 3338.08,
        "ask": 3338.48,
        "lastTraded": null
      },
      "lastTradedVolume": 607
    },
    {
      "snapshotTime": "2025:07:16-06:30:00",
      "openPrice": {
        "bid": 3339.18,
        "ask": 3339.48,
        "lastTraded": null
      },
      "closePrice": {
        "bid": 3337.23,
        "ask": 3337.73,
        "lastTraded": null
      },
      "highPrice": {
        "bid": 3339.93,
        "ask": 3340.43,
        "lastTraded": null
      },
      "lowPrice": {
        "bid": 3336.49,
        "ask": 3336.79,
        "lastTraded": null
      },
      "lastTradedVolume": 911
    },
    {
      "snapshotTime": "2025:07:16-06:45:00",
      "openPrice": {
        "bid": 3337.19,
        "ask": 3337.69,
        "lastTraded": null
      },
      "closePrice": {
        "bid": 3338.22,
        "ask": 3338.72,
        "lastTraded": null
      },
      "highPrice": {
        "bid": 3338.72,
        "ask": 3339.22,
        "lastTraded": null
      },
      "lowPrice": {
        "bid": 3335.62,
        "ask": 3336.0,
        "lastTraded": null
      },
      "lastTradedVolume": 820
    },
    {
      "snapshotTime": "2025:07:16-07:00:00",
      "openPrice": {
        "bid": 3337.97,
        "ask": 3338.47,
        "lastTraded": null
      },
      "closePrice": {
        "bid": 3340.54,
        "ask": 3341.04,
        "lastTraded": null
      },
      "highPrice": {
        "bid": 3341.41,
        "ask": 3341.91,
        "lastTraded": null
      },
      "lowPrice": {
        "bid": 3337.78,
        "ask": 3338.28,
        "lastTraded": null
      },
      "lastTradedVolume": 933
    },
    {
      "snapshotTime": "2025:07:16-07:15:00",
      "openPrice": {
        "bid": 3340.59,
        "ask": 3341.09,
        "lastTraded": null
      },
      "closePrice": {
        "bid": 3340.02,
        "ask": 3340.32,
        "lastTraded": null
      },
      "highPrice": {
        "bid": 3342.12,
        "ask": 3342.51,
        "lastTraded": null
      },
      "lowPrice": {
        "bid": 3339.65,
        "ask": 3340.13,
        "lastTraded": null
      },
      "lastTradedVolume": 1002
    },
    {
      "snapshotTime": "2025:07:16-07:30:00",
      "openPrice": {
        "bid": 3339.97,
        "ask": 3340.27,
        "lastTraded": null
      },
      "closePrice": {
        "bid": 3340.27,
        "ask": 3340.77,
        "lastTraded": null
      },
      "highPrice": {
        "bid": 3341.65,
        "ask": 3342.15,
        "lastTraded": null
      },
      "lowPrice": {
        "bid": 3339.36,
        "ask": 3339.85,
        "lastTraded": null
      },
      "lastTradedVolume": 1012
    },
    {
      "snapshotTime": "2025:07:16-07:45:00",
      "openPrice": {
        "bid": 3340.1,
        "ask": 3340.6,
        "lastTraded": null
      },
      "closePrice": {
        "bid": 3338.97,
        "ask": 3339.27,
        "lastTraded": null
      },
      "highPrice": {
        "bid": 3340.91,
        "ask": 3341.41,
        "lastTraded": null
      },
      "lowPrice": {
        "bid": 3338.49,
        "ask": 3338.87,
        "lastTraded": null
      },
      "lastTradedVolume": 1058
    },
    {
      "snapshotTime": "2025:07:16-08:00:00",
      "openPrice": {
        "bid": 3338.96,
        "ask": 3339.26,
        "lastTraded": null
      },
      "closePrice": {
        "bid": 3337.8,
        "ask": 3338.3,
        "lastTraded": null
      },
      "highPrice": {
        "bid": 3339.61,
        "ask": 3339.98,
        "lastTraded": null
      },
      "lowPrice": {
        "bid": 3337.04,
        "ask": 3337.34,
        "lastTraded": null
      },
      "lastTradedVolume": 1020
    },
    {
      "snapshotTime": "2025:07:16-08:15:00",
      "openPrice": {
        "bid": 3337.74,
        "ask": 3338.24,
        "lastTraded": null
      },
      "closePrice": {
        "bid": 3338.11,
        "ask": 3338.41,
        "lastTraded": null
      },
      "highPrice": {
        "bid": 3340.07,
        "ask": 3340.49,
        "lastTraded": null
      },
      "lowPrice": {
        "bid": 3337.53,
        "ask": 3337.83,
        "lastTraded": null
      },
      "lastTradedVolume": 676
    },
    {
      "snapshotTime": "2025:07:16-08:30:00",
      "openPrice": {
        "bid": 3338.04,
        "ask": 3338.54,
        "lastTraded": null
      },
      "closePrice": {
        "bid": 3336.48,
        "ask": 3336.78,
        "lastTraded": null
      },
      "highPrice": {
        "bid": 3339.06,
        "ask": 3339.38,
        "lastTraded": null
      },
      "lowPrice": {
        "bid": 3336.2,
        "ask": 3336.51,
        "lastTraded": null
      },
      "lastTradedVolume": 906
    },
    {
      "snapshotTime": "2025:07:16-08:45:00",
      "openPrice": {
        "bid": 3336.53,
        "ask": 3336.83,
        "lastTraded": null
      },
      "closePrice": {
        "bid": 3337.65,
        "ask": 3337.95,
        "lastTraded": null
      },
      "highPrice": {
        "bid": 3338.21,
        "ask": 3338.62,
        "lastTraded": null
      },
      "lowPrice": {
        "bid": 3335.86,
        "ask": 3336.36,
        "lastTraded": null
      },
      "lastTradedVolume": 1121
    },
    {
      "snapshotTime": "2025:07:16-09:00:00",
      "openPrice": {
        "bid": 3337.73,
        "ask": 3338.03,
        "lastTraded": null
      },
      "closePrice": {
        "bid": 3340.22,
        "ask": 3340.72,
        "lastTraded": null
      },
      "highPrice": {
        "bid": 3342.47,
        "ask": 3342.91,
        "lastTraded": null
      },
      "lowPrice": {
        "bid": 3337.53,
        "ask": 3337.97,
        "lastTraded": null
      },
      "lastTradedVolume": 1449
    },
    {
      "snapshotTime": "2025:07:16-09:15:00",
      "openPrice": {
        "bid": 3340.16,
        "ask": 3340.46,
        "lastTraded": null
      },
      "closePrice": {
        "bid": 3340.61,
        "ask": 3341.11,
        "lastTraded": null
      },
      "highPrice": {
        "bid": 3340.76,
        "ask": 3341.21,
        "lastTraded": null
      },
      "lowPrice": {
        "bid": 3339.0,
        "ask": 3339.38,
        "lastTraded": null
      },
      "lastTradedVolume": 1072
    },
    {
      "snapshotTime": "2025:07:16-09:30:00",
      "openPrice": {
        "bid": 3340.58,
        "ask": 3341.08,
        "lastTraded": null
      },
      "closePrice": {
        "bid": 3340.98,
        "ask": 3341.28,
        "lastTraded": null
      },
      "highPrice": {
        "bid": 3341.09,
        "ask": 3341.41,
        "lastTraded": null
      },
      "lowPrice": {
        "bid": 3339.3,
        "ask": 3339.69,
        "lastTraded": null
      },
      "lastTradedVolume": 875
    },
    {
      "snapshotTime": "2025:07:16-09:45:00",
      "openPrice": {
        "bid": 3341.07,
        "ask": 3341.37,
        "lastTraded": null
      },
      "closePrice": {
        "bid": 3341.8,
        "ask": 3342.1,
        "lastTraded": null
      },
      "highPrice": {
        "bid": 3342.5,
        "ask": 3342.89,
        "lastTraded": null
      },
      "lowPrice": {
        "bid": 3340.17,
        "ask": 3340.47,
        "lastTraded": null
      },
      "lastTradedVolume": 825
    },
    {
      "snapshotTime": "2025:07:16-10:00:00",
      "openPrice": {
        "bid": 3341.76,
        "ask": 3342.06,
        "lastTraded": null
      },
      "closePrice": {
        "bid": 3340.34,
        "ask": 3340.84,
        "lastTraded": null
      },
      "highPrice": {
        "bid": 3343.05,
        "ask": 3343.51,
        "lastTraded": null
      },
      "lowPrice": {
        "bid": 3339.71,
        "ask": 3340.2,
        "lastTraded": null
      },
      "lastTradedVolume": 1190
    },
    {
      "snapshotTime": "2025:07:16-10:15:00",
      "openPrice": {
        "bid": 3340.32,
        "ask": 3340.82,
        "lastTraded": null
      },
      "closePrice": {
        "bid": 3338.96,
        "ask": 3339.46,
        "lastTraded": null
      },
      "highPrice": {
        "bid": 3341.65,
        "ask": 3342.01,
        "lastTraded": null
      },
      "lowPrice": {
        "bid": 3338.83,
        "ask": 3339.28,
        "lastTraded": null
      },
      "lastTradedVolume": 969
    },
    {
      "snapshotTime": "2025:07:16-10:30:00",
      "openPrice": {
        "bid": 3339.19,
        "ask": 3339.49,
        "lastTraded": null
      },
      "closePrice": {
        "bid": 3340.96,
        "ask": 3341.46,
        "lastTraded": null
      },
      "highPrice": {
        "bid": 3341.26,
        "ask": 3341.56,
        "lastTraded": null
      },
      "lowPrice": {
        "bid": 3339.09,
        "ask": 3339.49,
        "lastTraded": null
      },
      "lastTradedVolume": 729
    },
    {
      "snapshotTime": "2025:07:16-10:45:00",
      "openPrice": {
        "bid": 3341.01,
        "ask": 3341.51,
        "lastTraded": null
      },
      "closePrice": {
        "bid": 3339.71,
        "ask": 3340.21,
        "lastTraded": null
      },
      "highPrice": {
        "bid": 3341.89,
        "ask": 3342.25,
        "lastTraded": null
      },
      "lowPrice": {
        "bid": 3339.59,
        "ask": 3340.09,
        "lastTraded": null
      },
      "lastTradedVolume": 906
    },
    {
      "snapshotTime": "2025:07:16-11:00:00",
      "openPrice": {
        "bid": 3339.65,
        "ask": 3340.15,
        "lastTraded": null
      },
      "closePrice": {
        "bid": 3337.92,
        "ask": 3338.42,
        "lastTraded": null
      },
      "highPrice": {
        "bid": 3340.33,
        "ask": 3340.63,
        "lastTraded": null
      },
      "lowPrice": {
        "bid": 3337.72,
        "ask": 3338.12,
        "lastTraded": null
      },
      "lastTradedVolume": 1137
    },
    {
      "snapshotTime": "2025:07:16-11:15:00",
      "openPrice": {
        "bid": 3337.84,
        "ask": 3338.34,
        "lastTraded": null
      },
      "closePrice": {
        "bid": 3338.73,
        "ask": 3339.23,
        "lastTraded": null
      },
      "highPrice": {
        "bid": 3339.13,
        "ask": 3339.63,
        "lastTraded": null
      },
      "lowPrice": {
        "bid": 3336.74,
        "ask": 3337.24,
        "lastTraded": null
      },
      "lastTradedVolume": 965
    },
    {
      "snapshotTime": "2025:07:16-11:30:00",
      "openPrice": {
        "bid": 3338.71,
        "ask": 3339.21,
        "lastTraded": null
      },
      "closePrice": {
        "bid": 3338.79,
        "ask": 3339.29,
        "lastTraded": null
      },
      "highPrice": {
        "bid": 3338.86,
        "ask": 3339.36,
        "lastTraded": null
      },
      "lowPrice": {
        "bid": 3338.67,
        "ask": 3339.17,
        "lastTraded": null
      },
      "lastTradedVolume": 13
    }
  ],
  "instrumentType": "CURRENCIES",
  "allowance": {
    "remainingAllowance": 8300,
    "totalAllowance": 10000,
    "allowanceExpiry": 427450
  }
}
[2025-07-16 11:30:22,752] INFO: Processing price data for GC
[2025-07-16 11:30:22,752] INFO: Processed 100 price points for GC
[2025-07-16 11:30:22,762] DEBUG: Strategy datapoints: <equitiestradingbot.interfaces.market_history.MarketHistory object at 0x10ea1f230>
[2025-07-16 11:30:22,795] INFO: Breakout + Retest pattern detected (Bearish)
[2025-07-16 11:30:22,795] INFO: Preparing to send Telegram message of length 222 characters
[2025-07-16 11:30:22,795] DEBUG: Message content: 🚨 <b>Trade Signal Alert</b> 🚨

Market: <b>CS.D.USCGC.TODAY.IP</b>
Direction: <b>SHORT</b>
Entry Price: <b>3338.79000</b>
Take Profit: <b>3333.85857</b>
Stop Loss: <b>3341.25571</b>

Confidence Score:
<b>36.0/100 (Low)</b>

[2025-07-16 11:30:22,796] DEBUG: Starting new HTTPS connection (1): api.telegram.org:443
[2025-07-16 11:30:22,938] DEBUG: https://api.telegram.org:443 "POST /bot7806024626:AAEiTW341jUnxa6sEyZDFU8UXcqTIw4eJhU/sendMessage HTTP/1.1" 200 758
[2025-07-16 11:30:22,941] INFO: Recorded new signal for CS.D.USCGC.TODAY.IP
[2025-07-16 11:30:22,941] INFO: Intraday Gold Signal Generated: TradeDirection.SELL
[2025-07-16 11:30:22,941] INFO: Pattern: Price Action Pattern
[2025-07-16 11:30:22,941] INFO: Confidence Score: 36.0/100 (Low)
[2025-07-16 11:30:22,941] INFO:   EMA_ALIGNMENT: 1/5
[2025-07-16 11:30:22,941] INFO:   EMA_POSITION: 3/5
[2025-07-16 11:30:22,941] INFO:   VOLUME: 1/5
[2025-07-16 11:30:22,941] INFO: Attempting to place trade with data: {
  "direction": "SELL",
  "epic": "CS.D.USCGC.TODAY.IP",
  "limitLevel": 3333.8585714285714,
  "orderType": "MARKET",
  "size": 10,
  "stopLevel": 3341.2557142857145,
  "forceOpen": true,
  "expiry": "DFB",
  "guaranteedStop": false,
  "currencyCode": "GBP"
}
[2025-07-16 11:30:22,942] DEBUG: Starting new HTTPS connection (1): demo-api.ig.com:443
[2025-07-16 11:30:23,045] DEBUG: https://demo-api.ig.com:443 "POST /gateway/deal/positions/otc HTTP/1.1" 200 35
[2025-07-16 11:30:26,074] DEBUG: Starting new HTTPS connection (1): demo-api.ig.com:443
[2025-07-16 11:30:26,160] DEBUG: https://demo-api.ig.com:443 "GET /gateway/deal/confirms/VXLFE63TKPJT28R HTTP/1.1" 200 476
[2025-07-16 11:30:26,161] INFO: Order confirmation response: {
  "date": "2025-07-16T10:30:23.124",
  "status": "OPEN",
  "reason": "SUCCESS",
  "dealStatus": "ACCEPTED",
  "epic": "CS.D.USCGC.TODAY.IP",
  "expiry": "DFB",
  "dealReference": "VXLFE63TKPJT28R",
  "dealId": "DIAAAAUDE5KVABA",
  "affectedDeals": [
    {
      "dealId": "DIAAAAUDE5KVABA",
      "status": "OPENED"
    }
  ],
  "level": 3338.79,
  "size": 10.0,
  "direction": "SELL",
  "stopLevel": 3341.2556,
  "limitLevel": 3333.8586,
  "stopDistance": null,
  "limitDistance": null,
  "guaranteedStop": false,
  "trailingStop": false,
  "profit": null,
  "profitCurrency": null
}
[2025-07-16 11:30:26,161] INFO: Order SELL for CS.D.USCGC.TODAY.IP confirmed with limit=3333.8585714285714 and stop=3341.2557142857145
[2025-07-16 11:30:29,191] DEBUG: Starting new HTTPS connection (1): demo-api.ig.com:443
[2025-07-16 11:30:29,288] DEBUG: https://demo-api.ig.com:443 "GET /gateway/deal/markets/ HTTP/1.1" 500 77
[2025-07-16 11:30:29,289] ERROR: HTTP request returned 500
[2025-07-16 11:30:29,289] INFO: Finished processing all markets in the source
[2025-07-16 11:30:29,289] INFO: Resetting MarketProvider
[2025-07-16 11:30:29,291] INFO: Wait for 0.08 hours...
[2025-07-16 11:35:29,346] DEBUG: Starting new HTTPS connection (1): demo-api.ig.com:443
[2025-07-16 11:35:29,454] DEBUG: https://demo-api.ig.com:443 "GET /gateway/deal/positions HTTP/1.1" 200 678
[2025-07-16 11:35:29,455] DEBUG: Raw positions response: {
  "positions": [
    {
      "position": {
        "contractSize": 1.0,
        "createdDate": "2025/07/16 11:30:23:000",
        "dealId": "DIAAAAUDE5KVABA",
        "dealSize": 10.0,
        "direction": "SELL",
        "limitLevel": 3333.858571,
        "openLevel": 3338.79,
        "currency": "GBP",
        "controlledRisk": false,
        "stopLevel": 3341.255714,
        "trailingStep": null,
        "trailingStopDistance": null,
        "limitedRiskPremium": null
      },
      "market": {
        "instrumentName": "Spot Gold",
        "expiry": "DFB",
        "epic": "CS.D.USCGC.TODAY.IP",
        "instrumentType": "CURRENCIES",
        "lotSize": 1.0,
        "high": 3343.29,
        "low": 3318.35,
        "percentageChange": 0.45,
        "netChange": 14.86,
        "bid": 3338.75,
        "offer": 3339.25,
        "updateTime": "11:35:26",
        "delayTime": 0,
        "streamingPricesAvailable": true,
        "marketStatus": "TRADEABLE",
        "scalingFactor": 1
      }
    }
  ]
}
[2025-07-16 11:35:32,479] DEBUG: Starting new HTTPS connection (1): demo-api.ig.com:443
[2025-07-16 11:35:32,571] DEBUG: https://demo-api.ig.com:443 "GET /gateway/deal/markets/CS.D.USCGC.TODAY.IP HTTP/1.1" 200 2027
[2025-07-16 11:35:35,596] DEBUG: Starting new HTTPS connection (1): demo-api.ig.com:443
[2025-07-16 11:35:35,736] DEBUG: https://demo-api.ig.com:443 "GET /gateway/deal/accounts HTTP/1.1" 200 556
[2025-07-16 11:35:35,739] INFO: Processing GC
[2025-07-16 11:35:35,740] CRITICAL: CRITICAL: get_prices method called
[2025-07-16 11:35:35,740] INFO: Fetching price data from URL: https://demo-api.ig.com/gateway/deal/prices/CS.D.USCGC.TODAY.IP/MINUTE_15/100
[2025-07-16 11:35:38,768] DEBUG: Starting new HTTPS connection (1): demo-api.ig.com:443
[2025-07-16 11:35:38,925] DEBUG: https://demo-api.ig.com:443 "GET /gateway/deal/prices/CS.D.USCGC.TODAY.IP/MINUTE_15/100 HTTP/1.1" 200 30388
[2025-07-16 11:35:38,945] DEBUG: Raw price data received (not logged to avoid repetition)
[2025-07-16 11:35:38,945] INFO: Processing price data for GC
[2025-07-16 11:35:38,945] INFO: Processed 100 price points for GC
[2025-07-16 11:35:38,964] DEBUG: Strategy datapoints: <equitiestradingbot.interfaces.market_history.MarketHistory object at 0x1050ca350>
[2025-07-16 11:35:39,000] INFO: Breakout + Retest pattern detected (Bearish)
[2025-07-16 11:35:39,001] DEBUG: Signal for CS.D.USCGC.TODAY.IP skipped - last signal was 316 seconds ago
[2025-07-16 11:35:39,001] INFO: Skipping signal for CS.D.USCGC.TODAY.IP - within signal window
[2025-07-16 11:35:39,001] INFO: Intraday Gold Signal Generated: TradeDirection.SELL
[2025-07-16 11:35:39,001] INFO: Pattern: Price Action Pattern
[2025-07-16 11:35:39,001] INFO: Confidence Score: 36.0/100 (Low)
[2025-07-16 11:35:39,001] INFO:   EMA_ALIGNMENT: 1/5
[2025-07-16 11:35:39,001] INFO:   EMA_POSITION: 3/5
[2025-07-16 11:35:39,001] INFO:   VOLUME: 1/5
[2025-07-16 11:35:39,001] INFO: The is already an open position for the epic, skip trade
[2025-07-16 11:35:39,001] INFO: Starting to process market source
[2025-07-16 11:35:42,027] DEBUG: Starting new HTTPS connection (1): demo-api.ig.com:443
[2025-07-16 11:35:42,104] DEBUG: https://demo-api.ig.com:443 "GET /gateway/deal/positions HTTP/1.1" 200 678
[2025-07-16 11:35:42,106] DEBUG: Raw positions response: {
  "positions": [
    {
      "position": {
        "contractSize": 1.0,
        "createdDate": "2025/07/16 11:30:23:000",
        "dealId": "DIAAAAUDE5KVABA",
        "dealSize": 10.0,
        "direction": "SELL",
        "limitLevel": 3333.858571,
        "openLevel": 3338.79,
        "currency": "GBP",
        "controlledRisk": false,
        "stopLevel": 3341.255714,
        "trailingStep": null,
        "trailingStopDistance": null,
        "limitedRiskPremium": null
      },
      "market": {
        "instrumentName": "Spot Gold",
        "expiry": "DFB",
        "epic": "CS.D.USCGC.TODAY.IP",
        "instrumentType": "CURRENCIES",
        "lotSize": 1.0,
        "high": 3343.29,
        "low": 3318.35,
        "percentageChange": 0.46,
        "netChange": 15.25,
        "bid": 3339.14,
        "offer": 3339.64,
        "updateTime": "11:35:37",
        "delayTime": 0,
        "streamingPricesAvailable": true,
        "marketStatus": "TRADEABLE",
        "scalingFactor": 1
      }
    }
  ]
}
[2025-07-16 11:35:42,106] INFO: Open positions exist. Skipping new trade search.
[2025-07-16 11:35:42,106] INFO: Wait for 0.08 hours...
[2025-07-16 11:40:42,126] DEBUG: Starting new HTTPS connection (1): demo-api.ig.com:443
[2025-07-16 11:40:42,254] DEBUG: https://demo-api.ig.com:443 "GET /gateway/deal/positions HTTP/1.1" 200 678
[2025-07-16 11:40:42,255] DEBUG: Raw positions response: {
  "positions": [
    {
      "position": {
        "contractSize": 1.0,
        "createdDate": "2025/07/16 11:30:23:000",
        "dealId": "DIAAAAUDE5KVABA",
        "dealSize": 10.0,
        "direction": "SELL",
        "limitLevel": 3333.858571,
        "openLevel": 3338.79,
        "currency": "GBP",
        "controlledRisk": false,
        "stopLevel": 3341.255714,
        "trailingStep": null,
        "trailingStopDistance": null,
        "limitedRiskPremium": null
      },
      "market": {
        "instrumentName": "Spot Gold",
        "expiry": "DFB",
        "epic": "CS.D.USCGC.TODAY.IP",
        "instrumentType": "CURRENCIES",
        "lotSize": 1.0,
        "high": 3343.29,
        "low": 3318.35,
        "percentageChange": 0.44,
        "netChange": 14.75,
        "bid": 3338.63,
        "offer": 3339.13,
        "updateTime": "11:40:41",
        "delayTime": 0,
        "streamingPricesAvailable": true,
        "marketStatus": "TRADEABLE",
        "scalingFactor": 1
      }
    }
  ]
}
[2025-07-16 11:40:45,282] DEBUG: Starting new HTTPS connection (1): demo-api.ig.com:443
[2025-07-16 11:40:45,362] DEBUG: https://demo-api.ig.com:443 "GET /gateway/deal/markets/CS.D.USCGC.TODAY.IP HTTP/1.1" 200 2027
[2025-07-16 11:40:48,388] DEBUG: Starting new HTTPS connection (1): demo-api.ig.com:443
[2025-07-16 11:40:48,484] DEBUG: https://demo-api.ig.com:443 "GET /gateway/deal/accounts HTTP/1.1" 200 556
[2025-07-16 11:40:48,490] INFO: Processing GC
[2025-07-16 11:40:48,491] CRITICAL: CRITICAL: get_prices method called
[2025-07-16 11:40:48,491] INFO: Fetching price data from URL: https://demo-api.ig.com/gateway/deal/prices/CS.D.USCGC.TODAY.IP/MINUTE_15/100
[2025-07-16 11:40:51,517] DEBUG: Starting new HTTPS connection (1): demo-api.ig.com:443
[2025-07-16 11:40:51,612] DEBUG: https://demo-api.ig.com:443 "GET /gateway/deal/prices/CS.D.USCGC.TODAY.IP/MINUTE_15/100 HTTP/1.1" 200 30388
[2025-07-16 11:40:51,628] DEBUG: Raw price data received (not logged to avoid repetition)
[2025-07-16 11:40:51,629] INFO: Processing price data for GC
[2025-07-16 11:40:51,629] INFO: Processed 100 price points for GC
[2025-07-16 11:40:51,647] DEBUG: Strategy datapoints: <equitiestradingbot.interfaces.market_history.MarketHistory object at 0x10e9be710>
[2025-07-16 11:40:51,684] INFO: Breakout + Retest pattern detected (Bearish)
[2025-07-16 11:40:51,685] DEBUG: Signal for CS.D.USCGC.TODAY.IP skipped - last signal was 629 seconds ago
[2025-07-16 11:40:51,685] INFO: Skipping signal for CS.D.USCGC.TODAY.IP - within signal window
[2025-07-16 11:40:51,685] INFO: Intraday Gold Signal Generated: TradeDirection.SELL
[2025-07-16 11:40:51,685] INFO: Pattern: Price Action Pattern
[2025-07-16 11:40:51,685] INFO: Confidence Score: 40.0/100 (Medium)
[2025-07-16 11:40:51,685] INFO:   EMA_ALIGNMENT: 1/5
[2025-07-16 11:40:51,685] INFO:   EMA_POSITION: 3/5
[2025-07-16 11:40:51,685] INFO:   VOLUME: 2/5
[2025-07-16 11:40:51,685] INFO: The is already an open position for the epic, skip trade
[2025-07-16 11:40:51,685] INFO: Starting to process market source
[2025-07-16 11:40:54,721] DEBUG: Starting new HTTPS connection (1): demo-api.ig.com:443
[2025-07-16 11:40:54,806] DEBUG: https://demo-api.ig.com:443 "GET /gateway/deal/positions HTTP/1.1" 200 678
[2025-07-16 11:40:54,808] DEBUG: Raw positions response: {
  "positions": [
    {
      "position": {
        "contractSize": 1.0,
        "createdDate": "2025/07/16 11:30:23:000",
        "dealId": "DIAAAAUDE5KVABA",
        "dealSize": 10.0,
        "direction": "SELL",
        "limitLevel": 3333.858571,
        "openLevel": 3338.79,
        "currency": "GBP",
        "controlledRisk": false,
        "stopLevel": 3341.255714,
        "trailingStep": null,
        "trailingStopDistance": null,
        "limitedRiskPremium": null
      },
      "market": {
        "instrumentName": "Spot Gold",
        "expiry": "DFB",
        "epic": "CS.D.USCGC.TODAY.IP",
        "instrumentType": "CURRENCIES",
        "lotSize": 1.0,
        "high": 3343.29,
        "low": 3318.35,
        "percentageChange": 0.44,
        "netChange": 14.72,
        "bid": 3338.61,
        "offer": 3339.11,
        "updateTime": "11:40:48",
        "delayTime": 0,
        "streamingPricesAvailable": true,
        "marketStatus": "TRADEABLE",
        "scalingFactor": 1
      }
    }
  ]
}
[2025-07-16 11:40:54,809] INFO: Open positions exist. Skipping new trade search.
[2025-07-16 11:40:54,809] INFO: Wait for 0.08 hours...
