[2025-07-08 09:07:20,321] INFO: Initialising IGInterface...
[2025-07-08 09:07:20,321] INFO: Attempting authentication to URL: https://demo-api.ig.com/gateway/deal/session
[2025-07-08 09:07:20,321] INFO: Using API Key: 43c58bfd6f5ead3ac4d803d18f883db5857c9631
[2025-07-08 09:07:20,321] INFO: Using Account ID: Z5YISO
[2025-07-08 09:07:20,327] DEBUG: Starting new HTTPS connection (1): demo-api.ig.com:443
[2025-07-08 09:07:20,492] DEBUG: https://demo-api.ig.com:443 "POST /gateway/deal/session HTTP/1.1" 200 617
[2025-07-08 09:07:20,492] INFO: Successfully obtained authentication tokens
[2025-07-08 09:07:20,494] DEBUG: Starting new HTTPS connection (1): demo-api.ig.com:443
[2025-07-08 09:07:20,585] DEBUG: https://demo-api.ig.com:443 "PUT /gateway/deal/session HTTP/1.1" 412 56
[2025-07-08 09:07:20,587] INFO: Account is already set as default
[2025-07-08 09:07:20,587] INFO: Using stock interface: IGInterface
[2025-07-08 09:07:20,587] INFO: Intraday Gold Strategy configuration loaded successfully
[2025-07-08 09:07:20,587] INFO: Intraday Gold Strategy initialised
[2025-07-08 09:07:20,589] INFO: Intraday Gold Strategy configuration loaded successfully
[2025-07-08 09:07:23,616] DEBUG: Starting new HTTPS connection (1): demo-api.ig.com:443
[2025-07-08 09:07:23,698] DEBUG: https://demo-api.ig.com:443 "GET /gateway/deal/positions HTTP/1.1" 200 16
[2025-07-08 09:07:23,700] DEBUG: Raw positions response: {
  "positions": []
}
[2025-07-08 09:07:23,700] INFO: Starting to process market source
[2025-07-08 09:07:26,728] DEBUG: Starting new HTTPS connection (1): demo-api.ig.com:443
[2025-07-08 09:07:26,819] DEBUG: https://demo-api.ig.com:443 "GET /gateway/deal/positions HTTP/1.1" 200 16
[2025-07-08 09:07:26,820] DEBUG: Raw positions response: {
  "positions": []
}
[2025-07-08 09:07:29,854] DEBUG: Starting new HTTPS connection (1): demo-api.ig.com:443
[2025-07-08 09:07:29,941] DEBUG: https://demo-api.ig.com:443 "GET /gateway/deal/markets/CS.D.USCGC.TODAY.IP HTTP/1.1" 200 2029
[2025-07-08 09:07:32,965] DEBUG: Starting new HTTPS connection (1): demo-api.ig.com:443
[2025-07-08 09:07:33,106] DEBUG: https://demo-api.ig.com:443 "GET /gateway/deal/accounts HTTP/1.1" 200 550
[2025-07-08 09:07:33,111] INFO: Processing GC
[2025-07-08 09:07:33,111] CRITICAL: CRITICAL: get_prices method called
[2025-07-08 09:07:33,111] INFO: Fetching price data from URL: https://demo-api.ig.com/gateway/deal/prices/CS.D.USCGC.TODAY.IP/MINUTE_15/100
[2025-07-08 09:07:36,130] DEBUG: Starting new HTTPS connection (1): demo-api.ig.com:443
[2025-07-08 09:07:36,237] DEBUG: https://demo-api.ig.com:443 "GET /gateway/deal/prices/CS.D.USCGC.TODAY.IP/MINUTE_15/100 HTTP/1.1" 200 30386
[2025-07-08 09:07:36,250] DEBUG: Raw price data: {
  "prices": [
    {
      "snapshotTime": "2025:07:07-07:15:00",
      "openPrice": {
        "bid": 3314.38,
        "ask": 3314.68,
        "lastTraded": null
      },
      "closePrice": {
        "bid": 3311.88,
        "ask": 3312.18,
        "lastTraded": null
      },
      "highPrice": {
        "bid": 3314.38,
        "ask": 3314.68,
        "lastTraded": null
      },
      "lowPrice": {
        "bid": 3309.36,
        "ask": 3309.66,
        "lastTraded": null
      },
      "lastTradedVolume": 1262
    },
    {
      "snapshotTime": "2025:07:07-07:30:00",
      "openPrice": {
        "bid": 3311.92,
        "ask": 3312.22,
        "lastTraded": null
      },
      "closePrice": {
        "bid": 3311.68,
        "ask": 3312.18,
        "lastTraded": null
      },
      "highPrice": {
        "bid": 3312.53,
        "ask": 3312.84,
        "lastTraded": null
      },
      "lowPrice": {
        "bid": 3308.18,
        "ask": 3308.68,
        "lastTraded": null
      },
      "lastTradedVolume": 1593
    },
    {
      "snapshotTime": "2025:07:07-07:45:00",
      "openPrice": {
        "bid": 3311.83,
        "ask": 3312.33,
        "lastTraded": null
      },
      "closePrice": {
        "bid": 3309.74,
        "ask": 3310.24,
        "lastTraded": null
      },
      "highPrice": {
        "bid": 3312.03,
        "ask": 3312.33,
        "lastTraded": null
      },
      "lowPrice": {
        "bid": 3308.98,
        "ask": 3309.28,
        "lastTraded": null
      },
      "lastTradedVolume": 902
    },
    {
      "snapshotTime": "2025:07:07-08:00:00",
      "openPrice": {
        "bid": 3309.6,
        "ask": 3310.1,
        "lastTraded": null
      },
      "closePrice": {
        "bid": 3311.1,
        "ask": 3311.4,
        "lastTraded": null
      },
      "highPrice": {
        "bid": 3313.21,
        "ask": 3313.55,
        "lastTraded": null
      },
      "lowPrice": {
        "bid": 3306.08,
        "ask": 3306.38,
        "lastTraded": null
      },
      "lastTradedVolume": 1373
    },
    {
      "snapshotTime": "2025:07:07-08:15:00",
      "openPrice": {
        "bid": 3310.55,
        "ask": 3311.05,
        "lastTraded": null
      },
      "closePrice": {
        "bid": 3311.97,
        "ask": 3312.27,
        "lastTraded": null
      },
      "highPrice": {
        "bid": 3312.6,
        "ask": 3312.97,
        "lastTraded": null
      },
      "lowPrice": {
        "bid": 3308.98,
        "ask": 3309.28,
        "lastTraded": null
      },
      "lastTradedVolume": 865
    },
    {
      "snapshotTime": "2025:07:07-08:30:00",
      "openPrice": {
        "bid": 3311.82,
        "ask": 3312.32,
        "lastTraded": null
      },
      "closePrice": {
        "bid": 3306.55,
        "ask": 3307.05,
        "lastTraded": null
      },
      "highPrice": {
        "bid": 3311.88,
        "ask": 3312.32,
        "lastTraded": null
      },
      "lowPrice": {
        "bid": 3306.55,
        "ask": 3306.94,
        "lastTraded": null
      },
      "lastTradedVolume": 1100
    },
    {
      "snapshotTime": "2025:07:07-08:45:00",
      "openPrice": {
        "bid": 3306.3,
        "ask": 3306.8,
        "lastTraded": null
      },
      "closePrice": {
        "bid": 3302.17,
        "ask": 3302.47,
        "lastTraded": null
      },
      "highPrice": {
        "bid": 3306.53,
        "ask": 3306.9,
        "lastTraded": null
      },
      "lowPrice": {
        "bid": 3300.54,
        "ask": 3300.87,
        "lastTraded": null
      },
      "lastTradedVolume": 1649
    },
    {
      "snapshotTime": "2025:07:07-09:00:00",
      "openPrice": {
        "bid": 3302.08,
        "ask": 3302.38,
        "lastTraded": null
      },
      "closePrice": {
        "bid": 3306.88,
        "ask": 3307.18,
        "lastTraded": null
      },
      "highPrice": {
        "bid": 3306.88,
        "ask": 3307.18,
        "lastTraded": null
      },
      "lowPrice": {
        "bid": 3301.21,
        "ask": 3301.51,
        "lastTraded": null
      },
      "lastTradedVolume": 1435
    },
    {
      "snapshotTime": "2025:07:07-09:15:00",
      "openPrice": {
        "bid": 3306.98,
        "ask": 3307.28,
        "lastTraded": null
      },
      "closePrice": {
        "bid": 3310.38,
        "ask": 3310.68,
        "lastTraded": null
      },
      "highPrice": {
        "bid": 3310.49,
        "ask": 3310.83,
        "lastTraded": null
      },
      "lowPrice": {
        "bid": 3306.53,
        "ask": 3306.83,
        "lastTraded": null
      },
      "lastTradedVolume": 1289
    },
    {
      "snapshotTime": "2025:07:07-09:30:00",
      "openPrice": {
        "bid": 3310.33,
        "ask": 3310.63,
        "lastTraded": null
      },
      "closePrice": {
        "bid": 3310.17,
        "ask": 3310.67,
        "lastTraded": null
      },
      "highPrice": {
        "bid": 3312.63,
        "ask": 3312.93,
        "lastTraded": null
      },
      "lowPrice": {
        "bid": 3309.56,
        "ask": 3309.93,
        "lastTraded": null
      },
      "lastTradedVolume": 1217
    },
    {
      "snapshotTime": "2025:07:07-09:45:00",
      "openPrice": {
        "bid": 3310.18,
        "ask": 3310.68,
        "lastTraded": null
      },
      "closePrice": {
        "bid": 3310.1,
        "ask": 3310.4,
        "lastTraded": null
      },
      "highPrice": {
        "bid": 3310.88,
        "ask": 3311.2,
        "lastTraded": null
      },
      "lowPrice": {
        "bid": 3308.28,
        "ask": 3308.63,
        "lastTraded": null
      },
      "lastTradedVolume": 933
    },
    {
      "snapshotTime": "2025:07:07-10:00:00",
      "openPrice": {
        "bid": 3309.84,
        "ask": 3310.34,
        "lastTraded": null
      },
      "closePrice": {
        "bid": 3310.13,
        "ask": 3310.43,
        "lastTraded": null
      },
      "highPrice": {
        "bid": 3311.88,
        "ask": 3312.18,
        "lastTraded": null
      },
      "lowPrice": {
        "bid": 3309.55,
        "ask": 3309.88,
        "lastTraded": null
      },
      "lastTradedVolume": 1164
    },
    {
      "snapshotTime": "2025:07:07-10:15:00",
      "openPrice": {
        "bid": 3310.08,
        "ask": 3310.38,
        "lastTraded": null
      },
      "closePrice": {
        "bid": 3307.54,
        "ask": 3307.84,
        "lastTraded": null
      },
      "highPrice": {
        "bid": 3310.58,
        "ask": 3310.88,
        "lastTraded": null
      },
      "lowPrice": {
        "bid": 3307.53,
        "ask": 3307.83,
        "lastTraded": null
      },
      "lastTradedVolume": 861
    },
    {
      "snapshotTime": "2025:07:07-10:30:00",
      "openPrice": {
        "bid": 3307.53,
        "ask": 3307.83,
        "lastTraded": null
      },
      "closePrice": {
        "bid": 3309.05,
        "ask": 3309.35,
        "lastTraded": null
      },
      "highPrice": {
        "bid": 3309.5,
        "ask": 3309.95,
        "lastTraded": null
      },
      "lowPrice": {
        "bid": 3305.96,
        "ask": 3306.35,
        "lastTraded": null
      },
      "lastTradedVolume": 1192
    },
    {
      "snapshotTime": "2025:07:07-10:45:00",
      "openPrice": {
        "bid": 3308.86,
        "ask": 3309.36,
        "lastTraded": null
      },
      "closePrice": {
        "bid": 3308.85,
        "ask": 3309.35,
        "lastTraded": null
      },
      "highPrice": {
        "bid": 3310.47,
        "ask": 3310.77,
        "lastTraded": null
      },
      "lowPrice": {
        "bid": 3307.38,
        "ask": 3307.68,
        "lastTraded": null
      },
      "lastTradedVolume": 1202
    },
    {
      "snapshotTime": "2025:07:07-11:00:00",
      "openPrice": {
        "bid": 3308.78,
        "ask": 3309.28,
        "lastTraded": null
      },
      "closePrice": {
        "bid": 3309.7,
        "ask": 3310.0,
        "lastTraded": null
      },
      "highPrice": {
        "bid": 3310.18,
        "ask": 3310.58,
        "lastTraded": null
      },
      "lowPrice": {
        "bid": 3307.65,
        "ask": 3308.05,
        "lastTraded": null
      },
      "lastTradedVolume": 854
    },
    {
      "snapshotTime": "2025:07:07-11:15:00",
      "openPrice": {
        "bid": 3309.47,
        "ask": 3309.77,
        "lastTraded": null
      },
      "closePrice": {
        "bid": 3308.23,
        "ask": 3308.53,
        "lastTraded": null
      },
      "highPrice": {
        "bid": 3310.61,
        "ask": 3310.95,
        "lastTraded": null
      },
      "lowPrice": {
        "bid": 3307.88,
        "ask": 3308.33,
        "lastTraded": null
      },
      "lastTradedVolume": 1001
    },
    {
      "snapshotTime": "2025:07:07-11:30:00",
      "openPrice": {
        "bid": 3308.28,
        "ask": 3308.58,
        "lastTraded": null
      },
      "closePrice": {
        "bid": 3298.33,
        "ask": 3298.83,
        "lastTraded": null
      },
      "highPrice": {
        "bid": 3308.75,
        "ask": 3309.05,
        "lastTraded": null
      },
      "lowPrice": {
        "bid": 3297.38,
        "ask": 3297.68,
        "lastTraded": null
      },
      "lastTradedVolume": 1987
    },
    {
      "snapshotTime": "2025:07:07-11:45:00",
      "openPrice": {
        "bid": 3298.11,
        "ask": 3298.61,
        "lastTraded": null
      },
      "closePrice": {
        "bid": 3302.01,
        "ask": 3302.31,
        "lastTraded": null
      },
      "highPrice": {
        "bid": 3304.03,
        "ask": 3304.43,
        "lastTraded": null
      },
      "lowPrice": {
        "bid": 3296.36,
        "ask": 3296.66,
        "lastTraded": null
      },
      "lastTradedVolume": 1694
    },
    {
      "snapshotTime": "2025:07:07-12:00:00",
      "openPrice": {
        "bid": 3302.03,
        "ask": 3302.33,
        "lastTraded": null
      },
      "closePrice": {
        "bid": 3304.35,
        "ask": 3304.85,
        "lastTraded": null
      },
      "highPrice": {
        "bid": 3307.52,
        "ask": 3307.82,
        "lastTraded": null
      },
      "lowPrice": {
        "bid": 3299.83,
        "ask": 3300.33,
        "lastTraded": null
      },
      "lastTradedVolume": 1945
    },
    {
      "snapshotTime": "2025:07:07-12:15:00",
      "openPrice": {
        "bid": 3304.42,
        "ask": 3304.72,
        "lastTraded": null
      },
      "closePrice": {
        "bid": 3302.25,
        "ask": 3302.55,
        "lastTraded": null
      },
      "highPrice": {
        "bid": 3305.23,
        "ask": 3305.53,
        "lastTraded": null
      },
      "lowPrice": {
        "bid": 3301.38,
        "ask": 3301.73,
        "lastTraded": null
      },
      "lastTradedVolume": 1115
    },
    {
      "snapshotTime": "2025:07:07-12:30:00",
      "openPrice": {
        "bid": 3302.2,
        "ask": 3302.5,
        "lastTraded": null
      },
      "closePrice": {
        "bid": 3300.83,
        "ask": 3301.13,
        "lastTraded": null
      },
      "highPrice": {
        "bid": 3303.15,
        "ask": 3303.45,
        "lastTraded": null
      },
      "lowPrice": {
        "bid": 3299.62,
        "ask": 3300.02,
        "lastTraded": null
      },
      "lastTradedVolume": 1280
    },
    {
      "snapshotTime": "2025:07:07-12:45:00",
      "openPrice": {
        "bid": 3300.72,
        "ask": 3301.22,
        "lastTraded": null
      },
      "closePrice": {
        "bid": 3301.88,
        "ask": 3302.18,
        "lastTraded": null
      },
      "highPrice": {
        "bid": 3305.78,
        "ask": 3306.08,
        "lastTraded": null
      },
      "lowPrice": {
        "bid": 3300.17,
        "ask": 3300.53,
        "lastTraded": null
      },
      "lastTradedVolume": 2102
    },
    {
      "snapshotTime": "2025:07:07-13:00:00",
      "openPrice": {
        "bid": 3301.78,
        "ask": 3302.08,
        "lastTraded": null
      },
      "closePrice": {
        "bid": 3302.86,
        "ask": 3303.16,
        "lastTraded": null
      },
      "highPrice": {
        "bid": 3304.61,
        "ask": 3304.91,
        "lastTraded": null
      },
      "lowPrice": {
        "bid": 3301.54,
        "ask": 3301.89,
        "lastTraded": null
      },
      "lastTradedVolume": 1465
    },
    {
      "snapshotTime": "2025:07:07-13:15:00",
      "openPrice": {
        "bid": 3302.91,
        "ask": 3303.21,
        "lastTraded": null
      },
      "closePrice": {
        "bid": 3302.73,
        "ask": 3303.03,
        "lastTraded": null
      },
      "highPrice": {
        "bid": 3307.8,
        "ask": 3308.1,
        "lastTraded": null
      },
      "lowPrice": {
        "bid": 3300.39,
        "ask": 3300.8,
        "lastTraded": null
      },
      "lastTradedVolume": 2279
    },
    {
      "snapshotTime": "2025:07:07-13:30:00",
      "openPrice": {
        "bid": 3302.69,
        "ask": 3302.99,
        "lastTraded": null
      },
      "closePrice": {
        "bid": 3307.9,
        "ask": 3308.2,
        "lastTraded": null
      },
      "highPrice": {
        "bid": 3310.64,
        "ask": 3310.94,
        "lastTraded": null
      },
      "lowPrice": {
        "bid": 3302.06,
        "ask": 3302.36,
        "lastTraded": null
      },
      "lastTradedVolume": 1943
    },
    {
      "snapshotTime": "2025:07:07-13:45:00",
      "openPrice": {
        "bid": 3307.85,
        "ask": 3308.15,
        "lastTraded": null
      },
      "closePrice": {
        "bid": 3309.49,
        "ask": 3309.79,
        "lastTraded": null
      },
      "highPrice": {
        "bid": 3312.53,
        "ask": 3312.83,
        "lastTraded": null
      },
      "lowPrice": {
        "bid": 3307.7,
        "ask": 3308.0,
        "lastTraded": null
      },
      "lastTradedVolume": 2086
    },
    {
      "snapshotTime": "2025:07:07-14:00:00",
      "openPrice": {
        "bid": 3309.48,
        "ask": 3309.78,
        "lastTraded": null
      },
      "closePrice": {
        "bid": 3307.43,
        "ask": 3307.73,
        "lastTraded": null
      },
      "highPrice": {
        "bid": 3311.21,
        "ask": 3311.51,
        "lastTraded": null
      },
      "lowPrice": {
        "bid": 3306.58,
        "ask": 3306.93,
        "lastTraded": null
      },
      "lastTradedVolume": 1537
    },
    {
      "snapshotTime": "2025:07:07-14:15:00",
      "openPrice": {
        "bid": 3307.33,
        "ask": 3307.83,
        "lastTraded": null
      },
      "closePrice": {
        "bid": 3311.59,
        "ask": 3311.89,
        "lastTraded": null
      },
      "highPrice": {
        "bid": 3312.4,
        "ask": 3312.75,
        "lastTraded": null
      },
      "lowPrice": {
        "bid": 3307.08,
        "ask": 3307.48,
        "lastTraded": null
      },
      "lastTradedVolume": 1269
    },
    {
      "snapshotTime": "2025:07:07-14:30:00",
      "openPrice": {
        "bid": 3311.65,
        "ask": 3311.95,
        "lastTraded": null
      },
      "closePrice": {
        "bid": 3311.25,
        "ask": 3311.75,
        "lastTraded": null
      },
      "highPrice": {
        "bid": 3312.08,
        "ask": 3312.38,
        "lastTraded": null
      },
      "lowPrice": {
        "bid": 3306.1,
        "ask": 3306.4,
        "lastTraded": null
      },
      "lastTradedVolume": 2706
    },
    {
      "snapshotTime": "2025:07:07-14:45:00",
      "openPrice": {
        "bid": 3311.28,
        "ask": 3311.78,
        "lastTraded": null
      },
      "closePrice": {
        "bid": 3316.32,
        "ask": 3316.62,
        "lastTraded": null
      },
      "highPrice": {
        "bid": 3317.03,
        "ask": 3317.39,
        "lastTraded": null
      },
      "lowPrice": {
        "bid": 3310.03,
        "ask": 3310.33,
        "lastTraded": null
      },
      "lastTradedVolume": 2478
    },
    {
      "snapshotTime": "2025:07:07-15:00:00",
      "openPrice": {
        "bid": 3316.53,
        "ask": 3316.83,
        "lastTraded": null
      },
      "closePrice": {
        "bid": 3316.98,
        "ask": 3317.28,
        "lastTraded": null
      },
      "highPrice": {
        "bid": 3318.67,
        "ask": 3319.02,
        "lastTraded": null
      },
      "lowPrice": {
        "bid": 3313.11,
        "ask": 3313.43,
        "lastTraded": null
      },
      "lastTradedVolume": 2138
    },
    {
      "snapshotTime": "2025:07:07-15:15:00",
      "openPrice": {
        "bid": 3316.99,
        "ask": 3317.29,
        "lastTraded": null
      },
      "closePrice": {
        "bid": 3314.39,
        "ask": 3314.69,
        "lastTraded": null
      },
      "highPrice": {
        "bid": 3319.03,
        "ask": 3319.43,
        "lastTraded": null
      },
      "lowPrice": {
        "bid": 3314.08,
        "ask": 3314.41,
        "lastTraded": null
      },
      "lastTradedVolume": 1685
    },
    {
      "snapshotTime": "2025:07:07-15:30:00",
      "openPrice": {
        "bid": 3314.58,
        "ask": 3314.88,
        "lastTraded": null
      },
      "closePrice": {
        "bid": 3319.33,
        "ask": 3319.83,
        "lastTraded": null
      },
      "highPrice": {
        "bid": 3319.82,
        "ask": 3320.18,
        "lastTraded": null
      },
      "lowPrice": {
        "bid": 3314.14,
        "ask": 3314.54,
        "lastTraded": null
      },
      "lastTradedVolume": 1333
    },
    {
      "snapshotTime": "2025:07:07-15:45:00",
      "openPrice": {
        "bid": 3319.43,
        "ask": 3319.93,
        "lastTraded": null
      },
      "closePrice": {
        "bid": 3317.89,
        "ask": 3318.19,
        "lastTraded": null
      },
      "highPrice": {
        "bid": 3321.32,
        "ask": 3321.68,
        "lastTraded": null
      },
      "lowPrice": {
        "bid": 3317.65,
        "ask": 3317.98,
        "lastTraded": null
      },
      "lastTradedVolume": 1458
    },
    {
      "snapshotTime": "2025:07:07-16:00:00",
      "openPrice": {
        "bid": 3317.79,
        "ask": 3318.29,
        "lastTraded": null
      },
      "closePrice": {
        "bid": 3318.78,
        "ask": 3319.08,
        "lastTraded": null
      },
      "highPrice": {
        "bid": 3319.63,
        "ask": 3319.93,
        "lastTraded": null
      },
      "lowPrice": {
        "bid": 3315.98,
        "ask": 3316.33,
        "lastTraded": null
      },
      "lastTradedVolume": 1023
    },
    {
      "snapshotTime": "2025:07:07-16:15:00",
      "openPrice": {
        "bid": 3318.83,
        "ask": 3319.13,
        "lastTraded": null
      },
      "closePrice": {
        "bid": 3318.58,
        "ask": 3318.88,
        "lastTraded": null
      },
      "highPrice": {
        "bid": 3320.08,
        "ask": 3320.43,
        "lastTraded": null
      },
      "lowPrice": {
        "bid": 3317.22,
        "ask": 3317.58,
        "lastTraded": null
      },
      "lastTradedVolume": 899
    },
    {
      "snapshotTime": "2025:07:07-16:30:00",
      "openPrice": {
        "bid": 3318.73,
        "ask": 3319.03,
        "lastTraded": null
      },
      "closePrice": {
        "bid": 3320.93,
        "ask": 3321.23,
        "lastTraded": null
      },
      "highPrice": {
        "bid": 3321.38,
        "ask": 3321.68,
        "lastTraded": null
      },
      "lowPrice": {
        "bid": 3318.73,
        "ask": 3319.03,
        "lastTraded": null
      },
      "lastTradedVolume": 1050
    },
    {
      "snapshotTime": "2025:07:07-16:45:00",
      "openPrice": {
        "bid": 3321.08,
        "ask": 3321.38,
        "lastTraded": null
      },
      "closePrice": {
        "bid": 3320.78,
        "ask": 3321.08,
        "lastTraded": null
      },
      "highPrice": {
        "bid": 3321.92,
        "ask": 3322.22,
        "lastTraded": null
      },
      "lowPrice": {
        "bid": 3320.33,
        "ask": 3320.63,
        "lastTraded": null
      },
      "lastTradedVolume": 909
    },
    {
      "snapshotTime": "2025:07:07-17:00:00",
      "openPrice": {
        "bid": 3320.77,
        "ask": 3321.07,
        "lastTraded": null
      },
      "closePrice": {
        "bid": 3322.65,
        "ask": 3322.95,
        "lastTraded": null
      },
      "highPrice": {
        "bid": 3322.88,
        "ask": 3323.18,
        "lastTraded": null
      },
      "lowPrice": {
        "bid": 3319.98,
        "ask": 3320.28,
        "lastTraded": null
      },
      "lastTradedVolume": 1206
    },
    {
      "snapshotTime": "2025:07:07-17:15:00",
      "openPrice": {
        "bid": 3322.6,
        "ask": 3322.9,
        "lastTraded": null
      },
      "closePrice": {
        "bid": 3324.68,
        "ask": 3324.98,
        "lastTraded": null
      },
      "highPrice": {
        "bid": 3326.93,
        "ask": 3327.23,
        "lastTraded": null
      },
      "lowPrice": {
        "bid": 3321.22,
        "ask": 3321.52,
        "lastTraded": null
      },
      "lastTradedVolume": 2064
    },
    {
      "snapshotTime": "2025:07:07-17:30:00",
      "openPrice": {
        "bid": 3324.63,
        "ask": 3324.93,
        "lastTraded": null
      },
      "closePrice": {
        "bid": 3326.22,
        "ask": 3326.52,
        "lastTraded": null
      },
      "highPrice": {
        "bid": 3327.59,
        "ask": 3327.89,
        "lastTraded": null
      },
      "lowPrice": {
        "bid": 3323.48,
        "ask": 3323.78,
        "lastTraded": null
      },
      "lastTradedVolume": 1435
    },
    {
      "snapshotTime": "2025:07:07-17:45:00",
      "openPrice": {
        "bid": 3326.25,
        "ask": 3326.55,
        "lastTraded": null
      },
      "closePrice": {
        "bid": 3327.35,
        "ask": 3327.65,
        "lastTraded": null
      },
      "highPrice": {
        "bid": 3327.98,
        "ask": 3328.39,
        "lastTraded": null
      },
      "lowPrice": {
        "bid": 3325.5,
        "ask": 3325.8,
        "lastTraded": null
      },
      "lastTradedVolume": 1465
    },
    {
      "snapshotTime": "2025:07:07-18:00:00",
      "openPrice": {
        "bid": 3327.45,
        "ask": 3327.75,
        "lastTraded": null
      },
      "closePrice": {
        "bid": 3331.2,
        "ask": 3331.5,
        "lastTraded": null
      },
      "highPrice": {
        "bid": 3332.45,
        "ask": 3332.85,
        "lastTraded": null
      },
      "lowPrice": {
        "bid": 3327.2,
        "ask": 3327.58,
        "lastTraded": null
      },
      "lastTradedVolume": 1839
    },
    {
      "snapshotTime": "2025:07:07-18:15:00",
      "openPrice": {
        "bid": 3331.1,
        "ask": 3331.4,
        "lastTraded": null
      },
      "closePrice": {
        "bid": 3332.34,
        "ask": 3332.64,
        "lastTraded": null
      },
      "highPrice": {
        "bid": 3333.85,
        "ask": 3334.15,
        "lastTraded": null
      },
      "lowPrice": {
        "bid": 3331.08,
        "ask": 3331.38,
        "lastTraded": null
      },
      "lastTradedVolume": 1246
    },
    {
      "snapshotTime": "2025:07:07-18:30:00",
      "openPrice": {
        "bid": 3332.4,
        "ask": 3332.7,
        "lastTraded": null
      },
      "closePrice": {
        "bid": 3333.58,
        "ask": 3333.88,
        "lastTraded": null
      },
      "highPrice": {
        "bid": 3335.7,
        "ask": 3336.04,
        "lastTraded": null
      },
      "lowPrice": {
        "bid": 3330.45,
        "ask": 3330.75,
        "lastTraded": null
      },
      "lastTradedVolume": 1619
    },
    {
      "snapshotTime": "2025:07:07-18:45:00",
      "openPrice": {
        "bid": 3333.38,
        "ask": 3333.68,
        "lastTraded": null
      },
      "closePrice": {
        "bid": 3331.94,
        "ask": 3332.24,
        "lastTraded": null
      },
      "highPrice": {
        "bid": 3333.88,
        "ask": 3334.27,
        "lastTraded": null
      },
      "lowPrice": {
        "bid": 3331.83,
        "ask": 3332.22,
        "lastTraded": null
      },
      "lastTradedVolume": 1056
    },
    {
      "snapshotTime": "2025:07:07-19:00:00",
      "openPrice": {
        "bid": 3331.87,
        "ask": 3332.17,
        "lastTraded": null
      },
      "closePrice": {
        "bid": 3330.17,
        "ask": 3330.47,
        "lastTraded": null
      },
      "highPrice": {
        "bid": 3332.32,
        "ask": 3332.71,
        "lastTraded": null
      },
      "lowPrice": {
        "bid": 3328.85,
        "ask": 3329.15,
        "lastTraded": null
      },
      "lastTradedVolume": 1560
    },
    {
      "snapshotTime": "2025:07:07-19:15:00",
      "openPrice": {
        "bid": 3330.09,
        "ask": 3330.39,
        "lastTraded": null
      },
      "closePrice": {
        "bid": 3330.17,
        "ask": 3330.47,
        "lastTraded": null
      },
      "highPrice": {
        "bid": 3330.83,
        "ask": 3331.19,
        "lastTraded": null
      },
      "lowPrice": {
        "bid": 3328.45,
        "ask": 3328.75,
        "lastTraded": null
      },
      "lastTradedVolume": 1405
    },
    {
      "snapshotTime": "2025:07:07-19:30:00",
      "openPrice": {
        "bid": 3330.08,
        "ask": 3330.58,
        "lastTraded": null
      },
      "closePrice": {
        "bid": 3334.77,
        "ask": 3335.27,
        "lastTraded": null
      },
      "highPrice": {
        "bid": 3334.93,
        "ask": 3335.33,
        "lastTraded": null
      },
      "lowPrice": {
        "bid": 3330.08,
        "ask": 3330.38,
        "lastTraded": null
      },
      "lastTradedVolume": 1332
    },
    {
      "snapshotTime": "2025:07:07-19:45:00",
      "openPrice": {
        "bid": 3334.83,
        "ask": 3335.13,
        "lastTraded": null
      },
      "closePrice": {
        "bid": 3334.28,
        "ask": 3334.58,
        "lastTraded": null
      },
      "highPrice": {
        "bid": 3335.65,
        "ask": 3335.95,
        "lastTraded": null
      },
      "lowPrice": {
        "bid": 3332.83,
        "ask": 3333.23,
        "lastTraded": null
      },
      "lastTradedVolume": 1096
    },
    {
      "snapshotTime": "2025:07:07-20:00:00",
      "openPrice": {
        "bid": 3334.36,
        "ask": 3334.66,
        "lastTraded": null
      },
      "closePrice": {
        "bid": 3337.98,
        "ask": 3338.28,
        "lastTraded": null
      },
      "highPrice": {
        "bid": 3338.25,
        "ask": 3338.7,
        "lastTraded": null
      },
      "lowPrice": {
        "bid": 3334.08,
        "ask": 3334.57,
        "lastTraded": null
      },
      "lastTradedVolume": 1405
    },
    {
      "snapshotTime": "2025:07:07-20:15:00",
      "openPrice": {
        "bid": 3337.88,
        "ask": 3338.38,
        "lastTraded": null
      },
      "closePrice": {
        "bid": 3338.34,
        "ask": 3338.64,
        "lastTraded": null
      },
      "highPrice": {
        "bid": 3338.94,
        "ask": 3339.26,
        "lastTraded": null
      },
      "lowPrice": {
        "bid": 3336.3,
        "ask": 3336.68,
        "lastTraded": null
      },
      "lastTradedVolume": 1220
    },
    {
      "snapshotTime": "2025:07:07-20:30:00",
      "openPrice": {
        "bid": 3338.36,
        "ask": 3338.66,
        "lastTraded": null
      },
      "closePrice": {
        "bid": 3339.6,
        "ask": 3339.9,
        "lastTraded": null
      },
      "highPrice": {
        "bid": 3340.2,
        "ask": 3340.59,
        "lastTraded": null
      },
      "lowPrice": {
        "bid": 3337.28,
        "ask": 3337.58,
        "lastTraded": null
      },
      "lastTradedVolume": 1163
    },
    {
      "snapshotTime": "2025:07:07-20:45:00",
      "openPrice": {
        "bid": 3339.72,
        "ask": 3340.02,
        "lastTraded": null
      },
      "closePrice": {
        "bid": 3336.96,
        "ask": 3337.26,
        "lastTraded": null
      },
      "highPrice": {
        "bid": 3340.29,
        "ask": 3340.6,
        "lastTraded": null
      },
      "lowPrice": {
        "bid": 3336.37,
        "ask": 3336.67,
        "lastTraded": null
      },
      "lastTradedVolume": 1322
    },
    {
      "snapshotTime": "2025:07:07-21:00:00",
      "openPrice": {
        "bid": 3336.93,
        "ask": 3337.23,
        "lastTraded": null
      },
      "closePrice": {
        "bid": 3336.63,
        "ask": 3336.93,
        "lastTraded": null
      },
      "highPrice": {
        "bid": 3337.28,
        "ask": 3337.62,
        "lastTraded": null
      },
      "lowPrice": {
        "bid": 3335.3,
        "ask": 3335.6,
        "lastTraded": null
      },
      "lastTradedVolume": 776
    },
    {
      "snapshotTime": "2025:07:07-21:15:00",
      "openPrice": {
        "bid": 3336.74,
        "ask": 3337.04,
        "lastTraded": null
      },
      "closePrice": {
        "bid": 3336.35,
        "ask": 3336.65,
        "lastTraded": null
      },
      "highPrice": {
        "bid": 3337.17,
        "ask": 3337.67,
        "lastTraded": null
      },
      "lowPrice": {
        "bid": 3335.83,
        "ask": 3336.13,
        "lastTraded": null
      },
      "lastTradedVolume": 477
    },
    {
      "snapshotTime": "2025:07:07-21:30:00",
      "openPrice": {
        "bid": 3336.32,
        "ask": 3336.62,
        "lastTraded": null
      },
      "closePrice": {
        "bid": 3336.07,
        "ask": 3336.37,
        "lastTraded": null
      },
      "highPrice": {
        "bid": 3336.65,
        "ask": 3336.95,
        "lastTraded": null
      },
      "lowPrice": {
        "bid": 3335.57,
        "ask": 3335.87,
        "lastTraded": null
      },
      "lastTradedVolume": 288
    },
    {
      "snapshotTime": "2025:07:07-21:45:00",
      "openPrice": {
        "bid": 3336.09,
        "ask": 3336.39,
        "lastTraded": null
      },
      "closePrice": {
        "bid": 3336.69,
        "ask": 3336.99,
        "lastTraded": null
      },
      "highPrice": {
        "bid": 3337.91,
        "ask": 3338.21,
        "lastTraded": null
      },
      "lowPrice": {
        "bid": 3336.03,
        "ask": 3336.39,
        "lastTraded": null
      },
      "lastTradedVolume": 498
    },
    {
      "snapshotTime": "2025:07:07-23:00:00",
      "openPrice": {
        "bid": 3339.9,
        "ask": 3340.2,
        "lastTraded": null
      },
      "closePrice": {
        "bid": 3344.13,
        "ask": 3344.63,
        "lastTraded": null
      },
      "highPrice": {
        "bid": 3344.96,
        "ask": 3345.41,
        "lastTraded": null
      },
      "lowPrice": {
        "bid": 3339.68,
        "ask": 3340.18,
        "lastTraded": null
      },
      "lastTradedVolume": 547
    },
    {
      "snapshotTime": "2025:07:07-23:15:00",
      "openPrice": {
        "bid": 3344.03,
        "ask": 3344.53,
        "lastTraded": null
      },
      "closePrice": {
        "bid": 3342.0,
        "ask": 3342.5,
        "lastTraded": null
      },
      "highPrice": {
        "bid": 3345.78,
        "ask": 3346.18,
        "lastTraded": null
      },
      "lowPrice": {
        "bid": 3341.13,
        "ask": 3341.48,
        "lastTraded": null
      },
      "lastTradedVolume": 513
    },
    {
      "snapshotTime": "2025:07:07-23:30:00",
      "openPrice": {
        "bid": 3341.7,
        "ask": 3342.2,
        "lastTraded": null
      },
      "closePrice": {
        "bid": 3339.63,
        "ask": 3339.93,
        "lastTraded": null
      },
      "highPrice": {
        "bid": 3342.83,
        "ask": 3343.2,
        "lastTraded": null
      },
      "lowPrice": {
        "bid": 3339.53,
        "ask": 3339.83,
        "lastTraded": null
      },
      "lastTradedVolume": 369
    },
    {
      "snapshotTime": "2025:07:07-23:45:00",
      "openPrice": {
        "bid": 3339.68,
        "ask": 3340.13,
        "lastTraded": null
      },
      "closePrice": {
        "bid": 3339.73,
        "ask": 3340.03,
        "lastTraded": null
      },
      "highPrice": {
        "bid": 3340.88,
        "ask": 3341.23,
        "lastTraded": null
      },
      "lowPrice": {
        "bid": 3338.78,
        "ask": 3339.28,
        "lastTraded": null
      },
      "lastTradedVolume": 342
    },
    {
      "snapshotTime": "2025:07:08-00:00:00",
      "openPrice": {
        "bid": 3339.68,
        "ask": 3340.18,
        "lastTraded": null
      },
      "closePrice": {
        "bid": 3337.23,
        "ask": 3337.53,
        "lastTraded": null
      },
      "highPrice": {
        "bid": 3339.98,
        "ask": 3340.48,
        "lastTraded": null
      },
      "lowPrice": {
        "bid": 3335.08,
        "ask": 3335.5,
        "lastTraded": null
      },
      "lastTradedVolume": 476
    },
    {
      "snapshotTime": "2025:07:08-00:15:00",
      "openPrice": {
        "bid": 3337.08,
        "ask": 3337.58,
        "lastTraded": null
      },
      "closePrice": {
        "bid": 3336.03,
        "ask": 3336.53,
        "lastTraded": null
      },
      "highPrice": {
        "bid": 3337.48,
        "ask": 3337.93,
        "lastTraded": null
      },
      "lowPrice": {
        "bid": 3334.05,
        "ask": 3334.43,
        "lastTraded": null
      },
      "lastTradedVolume": 367
    },
    {
      "snapshotTime": "2025:07:08-00:30:00",
      "openPrice": {
        "bid": 3335.93,
        "ask": 3336.43,
        "lastTraded": null
      },
      "closePrice": {
        "bid": 3336.63,
        "ask": 3337.13,
        "lastTraded": null
      },
      "highPrice": {
        "bid": 3337.28,
        "ask": 3337.72,
        "lastTraded": null
      },
      "lowPrice": {
        "bid": 3335.43,
        "ask": 3335.93,
        "lastTraded": null
      },
      "lastTradedVolume": 262
    },
    {
      "snapshotTime": "2025:07:08-00:45:00",
      "openPrice": {
        "bid": 3336.48,
        "ask": 3336.98,
        "lastTraded": null
      },
      "closePrice": {
        "bid": 3334.58,
        "ask": 3334.88,
        "lastTraded": null
      },
      "highPrice": {
        "bid": 3336.78,
        "ask": 3337.28,
        "lastTraded": null
      },
      "lowPrice": {
        "bid": 3333.73,
        "ask": 3334.13,
        "lastTraded": null
      },
      "lastTradedVolume": 586
    },
    {
      "snapshotTime": "2025:07:08-01:00:00",
      "openPrice": {
        "bid": 3334.63,
        "ask": 3334.93,
        "lastTraded": null
      },
      "closePrice": {
        "bid": 3336.08,
        "ask": 3336.58,
        "lastTraded": null
      },
      "highPrice": {
        "bid": 3337.08,
        "ask": 3337.43,
        "lastTraded": null
      },
      "lowPrice": {
        "bid": 3332.83,
        "ask": 3333.13,
        "lastTraded": null
      },
      "lastTradedVolume": 1106
    },
    {
      "snapshotTime": "2025:07:08-01:15:00",
      "openPrice": {
        "bid": 3336.03,
        "ask": 3336.53,
        "lastTraded": null
      },
      "closePrice": {
        "bid": 3332.55,
        "ask": 3333.05,
        "lastTraded": null
      },
      "highPrice": {
        "bid": 3337.18,
        "ask": 3337.58,
        "lastTraded": null
      },
      "lowPrice": {
        "bid": 3331.68,
        "ask": 3332.08,
        "lastTraded": null
      },
      "lastTradedVolume": 1024
    },
    {
      "snapshotTime": "2025:07:08-01:30:00",
      "openPrice": {
        "bid": 3332.65,
        "ask": 3333.15,
        "lastTraded": null
      },
      "closePrice": {
        "bid": 3333.45,
        "ask": 3333.95,
        "lastTraded": null
      },
      "highPrice": {
        "bid": 3333.85,
        "ask": 3334.23,
        "lastTraded": null
      },
      "lowPrice": {
        "bid": 3331.03,
        "ask": 3331.34,
        "lastTraded": null
      },
      "lastTradedVolume": 1018
    },
    {
      "snapshotTime": "2025:07:08-01:45:00",
      "openPrice": {
        "bid": 3333.3,
        "ask": 3333.8,
        "lastTraded": null
      },
      "closePrice": {
        "bid": 3334.08,
        "ask": 3334.58,
        "lastTraded": null
      },
      "highPrice": {
        "bid": 3335.18,
        "ask": 3335.68,
        "lastTraded": null
      },
      "lowPrice": {
        "bid": 3332.68,
        "ask": 3333.08,
        "lastTraded": null
      },
      "lastTradedVolume": 686
    },
    {
      "snapshotTime": "2025:07:08-02:00:00",
      "openPrice": {
        "bid": 3333.93,
        "ask": 3334.23,
        "lastTraded": null
      },
      "closePrice": {
        "bid": 3331.33,
        "ask": 3331.63,
        "lastTraded": null
      },
      "highPrice": {
        "bid": 3335.53,
        "ask": 3335.83,
        "lastTraded": null
      },
      "lowPrice": {
        "bid": 3329.58,
        "ask": 3329.93,
        "lastTraded": null
      },
      "lastTradedVolume": 1364
    },
    {
      "snapshotTime": "2025:07:08-02:15:00",
      "openPrice": {
        "bid": 3331.38,
        "ask": 3331.68,
        "lastTraded": null
      },
      "closePrice": {
        "bid": 3333.9,
        "ask": 3334.2,
        "lastTraded": null
      },
      "highPrice": {
        "bid": 3335.29,
        "ask": 3335.59,
        "lastTraded": null
      },
      "lowPrice": {
        "bid": 3330.23,
        "ask": 3330.58,
        "lastTraded": null
      },
      "lastTradedVolume": 926
    },
    {
      "snapshotTime": "2025:07:08-02:30:00",
      "openPrice": {
        "bid": 3333.8,
        "ask": 3334.1,
        "lastTraded": null
      },
      "closePrice": {
        "bid": 3334.58,
        "ask": 3334.88,
        "lastTraded": null
      },
      "highPrice": {
        "bid": 3336.88,
        "ask": 3337.23,
        "lastTraded": null
      },
      "lowPrice": {
        "bid": 3332.25,
        "ask": 3332.58,
        "lastTraded": null
      },
      "lastTradedVolume": 1148
    },
    {
      "snapshotTime": "2025:07:08-02:45:00",
      "openPrice": {
        "bid": 3334.08,
        "ask": 3334.58,
        "lastTraded": null
      },
      "closePrice": {
        "bid": 3334.58,
        "ask": 3335.08,
        "lastTraded": null
      },
      "highPrice": {
        "bid": 3336.33,
        "ask": 3336.68,
        "lastTraded": null
      },
      "lowPrice": {
        "bid": 3332.23,
        "ask": 3332.53,
        "lastTraded": null
      },
      "lastTradedVolume": 1192
    },
    {
      "snapshotTime": "2025:07:08-03:00:00",
      "openPrice": {
        "bid": 3334.63,
        "ask": 3335.13,
        "lastTraded": null
      },
      "closePrice": {
        "bid": 3333.88,
        "ask": 3334.18,
        "lastTraded": null
      },
      "highPrice": {
        "bid": 3336.15,
        "ask": 3336.45,
        "lastTraded": null
      },
      "lowPrice": {
        "bid": 3332.7,
        "ask": 3333.0,
        "lastTraded": null
      },
      "lastTradedVolume": 893
    },
    {
      "snapshotTime": "2025:07:08-03:15:00",
      "openPrice": {
        "bid": 3333.83,
        "ask": 3334.13,
        "lastTraded": null
      },
      "closePrice": {
        "bid": 3335.83,
        "ask": 3336.13,
        "lastTraded": null
      },
      "highPrice": {
        "bid": 3336.13,
        "ask": 3336.43,
        "lastTraded": null
      },
      "lowPrice": {
        "bid": 3333.35,
        "ask": 3333.8,
        "lastTraded": null
      },
      "lastTradedVolume": 655
    },
    {
      "snapshotTime": "2025:07:08-03:30:00",
      "openPrice": {
        "bid": 3335.93,
        "ask": 3336.33,
        "lastTraded": null
      },
      "closePrice": {
        "bid": 3335.5,
        "ask": 3335.8,
        "lastTraded": null
      },
      "highPrice": {
        "bid": 3336.18,
        "ask": 3336.58,
        "lastTraded": null
      },
      "lowPrice": {
        "bid": 3333.43,
        "ask": 3333.93,
        "lastTraded": null
      },
      "lastTradedVolume": 681
    },
    {
      "snapshotTime": "2025:07:08-03:45:00",
      "openPrice": {
        "bid": 3335.6,
        "ask": 3335.9,
        "lastTraded": null
      },
      "closePrice": {
        "bid": 3334.33,
        "ask": 3334.83,
        "lastTraded": null
      },
      "highPrice": {
        "bid": 3337.98,
        "ask": 3338.28,
        "lastTraded": null
      },
      "lowPrice": {
        "bid": 3333.73,
        "ask": 3334.13,
        "lastTraded": null
      },
      "lastTradedVolume": 838
    },
    {
      "snapshotTime": "2025:07:08-04:00:00",
      "openPrice": {
        "bid": 3334.23,
        "ask": 3334.73,
        "lastTraded": null
      },
      "closePrice": {
        "bid": 3332.03,
        "ask": 3332.33,
        "lastTraded": null
      },
      "highPrice": {
        "bid": 3335.43,
        "ask": 3335.73,
        "lastTraded": null
      },
      "lowPrice": {
        "bid": 3330.96,
        "ask": 3331.46,
        "lastTraded": null
      },
      "lastTradedVolume": 685
    },
    {
      "snapshotTime": "2025:07:08-04:15:00",
      "openPrice": {
        "bid": 3331.98,
        "ask": 3332.28,
        "lastTraded": null
      },
      "closePrice": {
        "bid": 3331.58,
        "ask": 3331.88,
        "lastTraded": null
      },
      "highPrice": {
        "bid": 3332.08,
        "ask": 3332.43,
        "lastTraded": null
      },
      "lowPrice": {
        "bid": 3329.43,
        "ask": 3329.88,
        "lastTraded": null
      },
      "lastTradedVolume": 654
    },
    {
      "snapshotTime": "2025:07:08-04:30:00",
      "openPrice": {
        "bid": 3331.63,
        "ask": 3331.93,
        "lastTraded": null
      },
      "closePrice": {
        "bid": 3330.58,
        "ask": 3331.08,
        "lastTraded": null
      },
      "highPrice": {
        "bid": 3331.98,
        "ask": 3332.33,
        "lastTraded": null
      },
      "lowPrice": {
        "bid": 3330.53,
        "ask": 3330.91,
        "lastTraded": null
      },
      "lastTradedVolume": 336
    },
    {
      "snapshotTime": "2025:07:08-04:45:00",
      "openPrice": {
        "bid": 3330.73,
        "ask": 3331.23,
        "lastTraded": null
      },
      "closePrice": {
        "bid": 3331.38,
        "ask": 3331.88,
        "lastTraded": null
      },
      "highPrice": {
        "bid": 3333.03,
        "ask": 3333.53,
        "lastTraded": null
      },
      "lowPrice": {
        "bid": 3330.48,
        "ask": 3330.78,
        "lastTraded": null
      },
      "lastTradedVolume": 421
    },
    {
      "snapshotTime": "2025:07:08-05:00:00",
      "openPrice": {
        "bid": 3331.23,
        "ask": 3331.53,
        "lastTraded": null
      },
      "closePrice": {
        "bid": 3330.78,
        "ask": 3331.28,
        "lastTraded": null
      },
      "highPrice": {
        "bid": 3332.73,
        "ask": 3333.03,
        "lastTraded": null
      },
      "lowPrice": {
        "bid": 3329.83,
        "ask": 3330.29,
        "lastTraded": null
      },
      "lastTradedVolume": 366
    },
    {
      "snapshotTime": "2025:07:08-05:15:00",
      "openPrice": {
        "bid": 3330.83,
        "ask": 3331.33,
        "lastTraded": null
      },
      "closePrice": {
        "bid": 3329.68,
        "ask": 3330.18,
        "lastTraded": null
      },
      "highPrice": {
        "bid": 3331.15,
        "ask": 3331.65,
        "lastTraded": null
      },
      "lowPrice": {
        "bid": 3329.33,
        "ask": 3329.68,
        "lastTraded": null
      },
      "lastTradedVolume": 310
    },
    {
      "snapshotTime": "2025:07:08-05:30:00",
      "openPrice": {
        "bid": 3329.63,
        "ask": 3329.93,
        "lastTraded": null
      },
      "closePrice": {
        "bid": 3330.25,
        "ask": 3330.75,
        "lastTraded": null
      },
      "highPrice": {
        "bid": 3331.4,
        "ask": 3331.7,
        "lastTraded": null
      },
      "lowPrice": {
        "bid": 3329.18,
        "ask": 3329.48,
        "lastTraded": null
      },
      "lastTradedVolume": 769
    },
    {
      "snapshotTime": "2025:07:08-05:45:00",
      "openPrice": {
        "bid": 3330.4,
        "ask": 3330.9,
        "lastTraded": null
      },
      "closePrice": {
        "bid": 3329.5,
        "ask": 3329.8,
        "lastTraded": null
      },
      "highPrice": {
        "bid": 3330.55,
        "ask": 3331.05,
        "lastTraded": null
      },
      "lowPrice": {
        "bid": 3327.15,
        "ask": 3327.55,
        "lastTraded": null
      },
      "lastTradedVolume": 582
    },
    {
      "snapshotTime": "2025:07:08-06:00:00",
      "openPrice": {
        "bid": 3329.45,
        "ask": 3329.95,
        "lastTraded": null
      },
      "closePrice": {
        "bid": 3333.43,
        "ask": 3333.93,
        "lastTraded": null
      },
      "highPrice": {
        "bid": 3333.53,
        "ask": 3333.93,
        "lastTraded": null
      },
      "lowPrice": {
        "bid": 3329.35,
        "ask": 3329.75,
        "lastTraded": null
      },
      "lastTradedVolume": 561
    },
    {
      "snapshotTime": "2025:07:08-06:15:00",
      "openPrice": {
        "bid": 3333.48,
        "ask": 3333.98,
        "lastTraded": null
      },
      "closePrice": {
        "bid": 3335.58,
        "ask": 3335.88,
        "lastTraded": null
      },
      "highPrice": {
        "bid": 3336.43,
        "ask": 3336.83,
        "lastTraded": null
      },
      "lowPrice": {
        "bid": 3333.33,
        "ask": 3333.68,
        "lastTraded": null
      },
      "lastTradedVolume": 584
    },
    {
      "snapshotTime": "2025:07:08-06:30:00",
      "openPrice": {
        "bid": 3335.73,
        "ask": 3336.03,
        "lastTraded": null
      },
      "closePrice": {
        "bid": 3334.28,
        "ask": 3334.78,
        "lastTraded": null
      },
      "highPrice": {
        "bid": 3336.41,
        "ask": 3336.71,
        "lastTraded": null
      },
      "lowPrice": {
        "bid": 3334.01,
        "ask": 3334.43,
        "lastTraded": null
      },
      "lastTradedVolume": 835
    },
    {
      "snapshotTime": "2025:07:08-06:45:00",
      "openPrice": {
        "bid": 3334.33,
        "ask": 3334.83,
        "lastTraded": null
      },
      "closePrice": {
        "bid": 3333.91,
        "ask": 3334.41,
        "lastTraded": null
      },
      "highPrice": {
        "bid": 3335.95,
        "ask": 3336.45,
        "lastTraded": null
      },
      "lowPrice": {
        "bid": 3333.28,
        "ask": 3333.78,
        "lastTraded": null
      },
      "lastTradedVolume": 840
    },
    {
      "snapshotTime": "2025:07:08-07:00:00",
      "openPrice": {
        "bid": 3333.98,
        "ask": 3334.28,
        "lastTraded": null
      },
      "closePrice": {
        "bid": 3332.13,
        "ask": 3332.43,
        "lastTraded": null
      },
      "highPrice": {
        "bid": 3335.08,
        "ask": 3335.45,
        "lastTraded": null
      },
      "lowPrice": {
        "bid": 3331.06,
        "ask": 3331.43,
        "lastTraded": null
      },
      "lastTradedVolume": 1093
    },
    {
      "snapshotTime": "2025:07:08-07:15:00",
      "openPrice": {
        "bid": 3331.94,
        "ask": 3332.44,
        "lastTraded": null
      },
      "closePrice": {
        "bid": 3334.48,
        "ask": 3334.98,
        "lastTraded": null
      },
      "highPrice": {
        "bid": 3334.93,
        "ask": 3335.23,
        "lastTraded": null
      },
      "lowPrice": {
        "bid": 3330.73,
        "ask": 3331.03,
        "lastTraded": null
      },
      "lastTradedVolume": 817
    },
    {
      "snapshotTime": "2025:07:08-07:30:00",
      "openPrice": {
        "bid": 3334.68,
        "ask": 3335.03,
        "lastTraded": null
      },
      "closePrice": {
        "bid": 3333.93,
        "ask": 3334.43,
        "lastTraded": null
      },
      "highPrice": {
        "bid": 3334.93,
        "ask": 3335.28,
        "lastTraded": null
      },
      "lowPrice": {
        "bid": 3333.15,
        "ask": 3333.63,
        "lastTraded": null
      },
      "lastTradedVolume": 617
    },
    {
      "snapshotTime": "2025:07:08-07:45:00",
      "openPrice": {
        "bid": 3334.08,
        "ask": 3334.38,
        "lastTraded": null
      },
      "closePrice": {
        "bid": 3335.7,
        "ask": 3336.0,
        "lastTraded": null
      },
      "highPrice": {
        "bid": 3335.98,
        "ask": 3336.29,
        "lastTraded": null
      },
      "lowPrice": {
        "bid": 3332.46,
        "ask": 3332.93,
        "lastTraded": null
      },
      "lastTradedVolume": 795
    },
    {
      "snapshotTime": "2025:07:08-08:00:00",
      "openPrice": {
        "bid": 3335.71,
        "ask": 3336.01,
        "lastTraded": null
      },
      "closePrice": {
        "bid": 3337.88,
        "ask": 3338.18,
        "lastTraded": null
      },
      "highPrice": {
        "bid": 3339.48,
        "ask": 3339.88,
        "lastTraded": null
      },
      "lowPrice": {
        "bid": 3335.71,
        "ask": 3336.01,
        "lastTraded": null
      },
      "lastTradedVolume": 1046
    },
    {
      "snapshotTime": "2025:07:08-08:15:00",
      "openPrice": {
        "bid": 3337.83,
        "ask": 3338.13,
        "lastTraded": null
      },
      "closePrice": {
        "bid": 3332.98,
        "ask": 3333.28,
        "lastTraded": null
      },
      "highPrice": {
        "bid": 3338.28,
        "ask": 3338.68,
        "lastTraded": null
      },
      "lowPrice": {
        "bid": 3332.65,
        "ask": 3333.08,
        "lastTraded": null
      },
      "lastTradedVolume": 872
    },
    {
      "snapshotTime": "2025:07:08-08:30:00",
      "openPrice": {
        "bid": 3333.08,
        "ask": 3333.38,
        "lastTraded": null
      },
      "closePrice": {
        "bid": 3332.65,
        "ask": 3333.15,
        "lastTraded": null
      },
      "highPrice": {
        "bid": 3333.6,
        "ask": 3333.93,
        "lastTraded": null
      },
      "lowPrice": {
        "bid": 3330.3,
        "ask": 3330.75,
        "lastTraded": null
      },
      "lastTradedVolume": 767
    },
    {
      "snapshotTime": "2025:07:08-08:45:00",
      "openPrice": {
        "bid": 3332.55,
        "ask": 3333.05,
        "lastTraded": null
      },
      "closePrice": {
        "bid": 3333.72,
        "ask": 3334.22,
        "lastTraded": null
      },
      "highPrice": {
        "bid": 3335.4,
        "ask": 3335.75,
        "lastTraded": null
      },
      "lowPrice": {
        "bid": 3331.93,
        "ask": 3332.33,
        "lastTraded": null
      },
      "lastTradedVolume": 878
    },
    {
      "snapshotTime": "2025:07:08-09:00:00",
      "openPrice": {
        "bid": 3333.68,
        "ask": 3334.18,
        "lastTraded": null
      },
      "closePrice": {
        "bid": 3327.03,
        "ask": 3327.33,
        "lastTraded": null
      },
      "highPrice": {
        "bid": 3333.73,
        "ask": 3334.18,
        "lastTraded": null
      },
      "lowPrice": {
        "bid": 3325.88,
        "ask": 3326.3,
        "lastTraded": null
      },
      "lastTradedVolume": 953
    }
  ],
  "instrumentType": "CURRENCIES",
  "allowance": {
    "remainingAllowance": 3644,
    "totalAllowance": 10000,
    "allowanceExpiry": 262531
  }
}
[2025-07-08 09:07:36,250] INFO: Processing price data for GC
[2025-07-08 09:07:36,250] INFO: Processed 100 price points for GC
[2025-07-08 09:07:36,269] DEBUG: Strategy datapoints: <equitiestradingbot.interfaces.market_history.MarketHistory object at 0x10fa1f230>
[2025-07-08 09:07:36,304] INFO: Breakout + Retest pattern detected (Bearish)
[2025-07-08 09:07:36,304] INFO: Preparing to send Telegram message of length 222 characters
[2025-07-08 09:07:36,304] DEBUG: Message content: 🚨 <b>Trade Signal Alert</b> 🚨

Market: <b>CS.D.USCGC.TODAY.IP</b>
Direction: <b>SHORT</b>
Entry Price: <b>3327.03000</b>
Take Profit: <b>3319.41571</b>
Stop Loss: <b>3330.83714</b>

Confidence Score:
<b>36.0/100 (Low)</b>

[2025-07-08 09:07:36,305] DEBUG: Starting new HTTPS connection (1): api.telegram.org:443
[2025-07-08 09:07:36,474] DEBUG: https://api.telegram.org:443 "POST /bot7806024626:AAEiTW341jUnxa6sEyZDFU8UXcqTIw4eJhU/sendMessage HTTP/1.1" 200 758
[2025-07-08 09:07:36,477] INFO: Recorded new signal for CS.D.USCGC.TODAY.IP
[2025-07-08 09:07:36,477] INFO: Intraday Gold Signal Generated: TradeDirection.SELL
[2025-07-08 09:07:36,477] INFO: Pattern: Price Action Pattern
[2025-07-08 09:07:36,477] INFO: Confidence Score: 36.0/100 (Low)
[2025-07-08 09:07:36,477] INFO:   EMA_ALIGNMENT: 1/5
[2025-07-08 09:07:36,477] INFO:   EMA_POSITION: 2/5
[2025-07-08 09:07:36,477] INFO:   VOLUME: 3/5
[2025-07-08 09:07:36,478] INFO: Attempting to place trade with data: {
  "direction": "SELL",
  "epic": "CS.D.USCGC.TODAY.IP",
  "limitLevel": 3319.415714285715,
  "orderType": "MARKET",
  "size": 10,
  "stopLevel": 3330.837142857143,
  "forceOpen": true,
  "expiry": "DFB",
  "guaranteedStop": false,
  "currencyCode": "GBP"
}
[2025-07-08 09:07:36,479] DEBUG: Starting new HTTPS connection (1): demo-api.ig.com:443
[2025-07-08 09:07:36,558] DEBUG: https://demo-api.ig.com:443 "POST /gateway/deal/positions/otc HTTP/1.1" 200 35
[2025-07-08 09:07:39,589] DEBUG: Starting new HTTPS connection (1): demo-api.ig.com:443
[2025-07-08 09:07:39,693] DEBUG: https://demo-api.ig.com:443 "GET /gateway/deal/confirms/7N67EKPQ7HLTYN7 HTTP/1.1" 200 476
[2025-07-08 09:07:39,696] INFO: Order confirmation response: {
  "date": "2025-07-08T08:07:36.598",
  "status": "OPEN",
  "reason": "SUCCESS",
  "dealStatus": "ACCEPTED",
  "epic": "CS.D.USCGC.TODAY.IP",
  "expiry": "DFB",
  "dealReference": "7N67EKPQ7HLTYN7",
  "dealId": "DIAAAAUA5CWPDA5",
  "affectedDeals": [
    {
      "dealId": "DIAAAAUA5CWPDA5",
      "status": "OPENED"
    }
  ],
  "level": 3327.18,
  "size": 10.0,
  "direction": "SELL",
  "stopLevel": 3330.8372,
  "limitLevel": 3319.4158,
  "stopDistance": null,
  "limitDistance": null,
  "guaranteedStop": false,
  "trailingStop": false,
  "profit": null,
  "profitCurrency": null
}
[2025-07-08 09:07:39,696] INFO: Order SELL for CS.D.USCGC.TODAY.IP confirmed with limit=3319.415714285715 and stop=3330.837142857143
[2025-07-08 09:07:42,729] DEBUG: Starting new HTTPS connection (1): demo-api.ig.com:443
[2025-07-08 09:07:42,799] DEBUG: https://demo-api.ig.com:443 "GET /gateway/deal/markets/ HTTP/1.1" 500 77
[2025-07-08 09:07:42,801] ERROR: HTTP request returned 500
[2025-07-08 09:07:42,801] INFO: Finished processing all markets in the source
[2025-07-08 09:07:42,801] INFO: Resetting MarketProvider
[2025-07-08 09:07:42,804] INFO: Wait for 0.08 hours...
[2025-07-08 09:12:42,854] DEBUG: Starting new HTTPS connection (1): demo-api.ig.com:443
[2025-07-08 09:12:42,961] DEBUG: https://demo-api.ig.com:443 "GET /gateway/deal/positions HTTP/1.1" 200 679
[2025-07-08 09:12:42,964] DEBUG: Raw positions response: {
  "positions": [
    {
      "position": {
        "contractSize": 1.0,
        "createdDate": "2025/07/08 09:07:36:000",
        "dealId": "DIAAAAUA5CWPDA5",
        "dealSize": 10.0,
        "direction": "SELL",
        "limitLevel": 3319.415714,
        "openLevel": 3327.18,
        "currency": "GBP",
        "controlledRisk": false,
        "stopLevel": 3330.837143,
        "trailingStep": null,
        "trailingStopDistance": null,
        "limitedRiskPremium": null
      },
      "market": {
        "instrumentName": "Spot Gold",
        "expiry": "DFB",
        "epic": "CS.D.USCGC.TODAY.IP",
        "instrumentType": "CURRENCIES",
        "lotSize": 1.0,
        "high": 3346.18,
        "low": 3325.88,
        "percentageChange": -0.25,
        "netChange": -8.41,
        "bid": 3328.28,
        "offer": 3328.58,
        "updateTime": "09:12:42",
        "delayTime": 0,
        "streamingPricesAvailable": true,
        "marketStatus": "TRADEABLE",
        "scalingFactor": 1
      }
    }
  ]
}
[2025-07-08 09:12:46,000] DEBUG: Starting new HTTPS connection (1): demo-api.ig.com:443
[2025-07-08 09:12:46,088] DEBUG: https://demo-api.ig.com:443 "GET /gateway/deal/markets/CS.D.USCGC.TODAY.IP HTTP/1.1" 200 2030
[2025-07-08 09:12:49,121] DEBUG: Starting new HTTPS connection (1): demo-api.ig.com:443
[2025-07-08 09:12:49,260] DEBUG: https://demo-api.ig.com:443 "GET /gateway/deal/accounts HTTP/1.1" 200 556
[2025-07-08 09:12:49,266] INFO: Processing GC
[2025-07-08 09:12:49,267] CRITICAL: CRITICAL: get_prices method called
[2025-07-08 09:12:49,267] INFO: Fetching price data from URL: https://demo-api.ig.com/gateway/deal/prices/CS.D.USCGC.TODAY.IP/MINUTE_15/100
[2025-07-08 09:12:52,288] DEBUG: Starting new HTTPS connection (1): demo-api.ig.com:443
[2025-07-08 09:12:52,411] DEBUG: https://demo-api.ig.com:443 "GET /gateway/deal/prices/CS.D.USCGC.TODAY.IP/MINUTE_15/100 HTTP/1.1" 200 30387
[2025-07-08 09:12:52,445] DEBUG: Raw price data received (not logged to avoid repetition)
[2025-07-08 09:12:52,446] INFO: Processing price data for GC
[2025-07-08 09:12:52,446] INFO: Processed 100 price points for GC
[2025-07-08 09:12:52,468] DEBUG: Strategy datapoints: <equitiestradingbot.interfaces.market_history.MarketHistory object at 0x105066350>
[2025-07-08 09:12:52,504] INFO: Breakout + Retest pattern detected (Bearish)
[2025-07-08 09:12:52,504] DEBUG: Signal for CS.D.USCGC.TODAY.IP skipped - last signal was 316 seconds ago
[2025-07-08 09:12:52,504] INFO: Skipping signal for CS.D.USCGC.TODAY.IP - within signal window
[2025-07-08 09:12:52,504] INFO: Intraday Gold Signal Generated: TradeDirection.SELL
[2025-07-08 09:12:52,504] INFO: Pattern: Price Action Pattern
[2025-07-08 09:12:52,504] INFO: Confidence Score: 36.0/100 (Low)
[2025-07-08 09:12:52,504] INFO:   EMA_ALIGNMENT: 1/5
[2025-07-08 09:12:52,505] INFO:   EMA_POSITION: 3/5
[2025-07-08 09:12:52,505] INFO:   VOLUME: 1/5
[2025-07-08 09:12:52,505] INFO: The is already an open position for the epic, skip trade
[2025-07-08 09:12:52,505] INFO: Starting to process market source
[2025-07-08 09:12:55,520] DEBUG: Starting new HTTPS connection (1): demo-api.ig.com:443
[2025-07-08 09:12:55,595] DEBUG: https://demo-api.ig.com:443 "GET /gateway/deal/positions HTTP/1.1" 200 679
[2025-07-08 09:12:55,596] DEBUG: Raw positions response: {
  "positions": [
    {
      "position": {
        "contractSize": 1.0,
        "createdDate": "2025/07/08 09:07:36:000",
        "dealId": "DIAAAAUA5CWPDA5",
        "dealSize": 10.0,
        "direction": "SELL",
        "limitLevel": 3319.415714,
        "openLevel": 3327.18,
        "currency": "GBP",
        "controlledRisk": false,
        "stopLevel": 3330.837143,
        "trailingStep": null,
        "trailingStopDistance": null,
        "limitedRiskPremium": null
      },
      "market": {
        "instrumentName": "Spot Gold",
        "expiry": "DFB",
        "epic": "CS.D.USCGC.TODAY.IP",
        "instrumentType": "CURRENCIES",
        "lotSize": 1.0,
        "high": 3346.18,
        "low": 3325.88,
        "percentageChange": -0.25,
        "netChange": -8.37,
        "bid": 3328.33,
        "offer": 3328.63,
        "updateTime": "09:12:54",
        "delayTime": 0,
        "streamingPricesAvailable": true,
        "marketStatus": "TRADEABLE",
        "scalingFactor": 1
      }
    }
  ]
}
[2025-07-08 09:12:55,596] INFO: Open positions exist. Skipping new trade search.
[2025-07-08 09:12:55,596] INFO: Wait for 0.08 hours...
[2025-07-08 09:17:55,621] DEBUG: Starting new HTTPS connection (1): demo-api.ig.com:443
[2025-07-08 09:17:55,737] DEBUG: https://demo-api.ig.com:443 "GET /gateway/deal/positions HTTP/1.1" 200 677
[2025-07-08 09:17:55,743] DEBUG: Raw positions response: {
  "positions": [
    {
      "position": {
        "contractSize": 1.0,
        "createdDate": "2025/07/08 09:07:36:000",
        "dealId": "DIAAAAUA5CWPDA5",
        "dealSize": 10.0,
        "direction": "SELL",
        "limitLevel": 3319.415714,
        "openLevel": 3327.18,
        "currency": "GBP",
        "controlledRisk": false,
        "stopLevel": 3330.837143,
        "trailingStep": null,
        "trailingStopDistance": null,
        "limitedRiskPremium": null
      },
      "market": {
        "instrumentName": "Spot Gold",
        "expiry": "DFB",
        "epic": "CS.D.USCGC.TODAY.IP",
        "instrumentType": "CURRENCIES",
        "lotSize": 1.0,
        "high": 3346.18,
        "low": 3325.88,
        "percentageChange": -0.29,
        "netChange": -9.79,
        "bid": 3326.8,
        "offer": 3327.3,
        "updateTime": "09:17:53",
        "delayTime": 0,
        "streamingPricesAvailable": true,
        "marketStatus": "TRADEABLE",
        "scalingFactor": 1
      }
    }
  ]
}
[2025-07-08 09:17:58,766] DEBUG: Starting new HTTPS connection (1): demo-api.ig.com:443
[2025-07-08 09:17:58,859] DEBUG: https://demo-api.ig.com:443 "GET /gateway/deal/markets/CS.D.USCGC.TODAY.IP HTTP/1.1" 200 2030
[2025-07-08 09:18:01,887] DEBUG: Starting new HTTPS connection (1): demo-api.ig.com:443
[2025-07-08 09:18:02,054] DEBUG: https://demo-api.ig.com:443 "GET /gateway/deal/accounts HTTP/1.1" 200 554
[2025-07-08 09:18:02,059] INFO: Processing GC
[2025-07-08 09:18:02,060] CRITICAL: CRITICAL: get_prices method called
[2025-07-08 09:18:02,060] INFO: Fetching price data from URL: https://demo-api.ig.com/gateway/deal/prices/CS.D.USCGC.TODAY.IP/MINUTE_15/100
[2025-07-08 09:18:05,080] DEBUG: Starting new HTTPS connection (1): demo-api.ig.com:443
[2025-07-08 09:18:05,170] DEBUG: https://demo-api.ig.com:443 "GET /gateway/deal/prices/CS.D.USCGC.TODAY.IP/MINUTE_15/100 HTTP/1.1" 200 30386
[2025-07-08 09:18:05,184] DEBUG: Raw price data received (not logged to avoid repetition)
[2025-07-08 09:18:05,185] INFO: Processing price data for GC
[2025-07-08 09:18:05,186] INFO: Processed 100 price points for GC
[2025-07-08 09:18:05,217] DEBUG: Strategy datapoints: <equitiestradingbot.interfaces.market_history.MarketHistory object at 0x10f9c2710>
[2025-07-08 09:18:05,256] INFO: Breakout + Retest pattern detected (Bearish)
[2025-07-08 09:18:05,256] DEBUG: Signal for CS.D.USCGC.TODAY.IP skipped - last signal was 629 seconds ago
[2025-07-08 09:18:05,256] INFO: Skipping signal for CS.D.USCGC.TODAY.IP - within signal window
[2025-07-08 09:18:05,256] INFO: Intraday Gold Signal Generated: TradeDirection.SELL
[2025-07-08 09:18:05,256] INFO: Pattern: Price Action Pattern
[2025-07-08 09:18:05,256] INFO: Confidence Score: 28.0/100 (Low)
[2025-07-08 09:18:05,256] INFO:   EMA_ALIGNMENT: 1/5
[2025-07-08 09:18:05,256] INFO:   EMA_POSITION: 2/5
[2025-07-08 09:18:05,256] INFO:   VOLUME: 1/5
[2025-07-08 09:18:05,256] INFO: The is already an open position for the epic, skip trade
[2025-07-08 09:18:05,257] INFO: Starting to process market source
[2025-07-08 09:18:08,286] DEBUG: Starting new HTTPS connection (1): demo-api.ig.com:443
[2025-07-08 09:18:08,367] DEBUG: https://demo-api.ig.com:443 "GET /gateway/deal/positions HTTP/1.1" 200 678
[2025-07-08 09:18:08,369] DEBUG: Raw positions response: {
  "positions": [
    {
      "position": {
        "contractSize": 1.0,
        "createdDate": "2025/07/08 09:07:36:000",
        "dealId": "DIAAAAUA5CWPDA5",
        "dealSize": 10.0,
        "direction": "SELL",
        "limitLevel": 3319.415714,
        "openLevel": 3327.18,
        "currency": "GBP",
        "controlledRisk": false,
        "stopLevel": 3330.837143,
        "trailingStep": null,
        "trailingStopDistance": null,
        "limitedRiskPremium": null
      },
      "market": {
        "instrumentName": "Spot Gold",
        "expiry": "DFB",
        "epic": "CS.D.USCGC.TODAY.IP",
        "instrumentType": "CURRENCIES",
        "lotSize": 1.0,
        "high": 3346.18,
        "low": 3325.88,
        "percentageChange": -0.3,
        "netChange": -9.97,
        "bid": 3326.73,
        "offer": 3327.03,
        "updateTime": "09:18:07",
        "delayTime": 0,
        "streamingPricesAvailable": true,
        "marketStatus": "TRADEABLE",
        "scalingFactor": 1
      }
    }
  ]
}
[2025-07-08 09:18:08,369] INFO: Open positions exist. Skipping new trade search.
[2025-07-08 09:18:08,369] INFO: Wait for 0.08 hours...
