[2025-05-08 18:52:42,143] INFO: Logging to file: /Users/e1/Documents/equitiestradingbot/log/trading_bot_2025-05-08T18_52_42_143551.log
[2025-05-08 18:52:42,144] INFO: Initialising IGInterface...
[2025-05-08 18:52:42,149] DEBUG: Starting new HTTPS connection (1): demo-api.ig.com:443
[2025-05-08 18:52:42,291] DEBUG: https://demo-api.ig.com:443 "POST /gateway/deal/session HTTP/1.1" 200 611
[2025-05-08 18:52:42,293] DEBUG: Starting new HTTPS connection (1): demo-api.ig.com:443
[2025-05-08 18:52:42,342] DEBUG: https://demo-api.ig.com:443 "PUT /gateway/deal/session HTTP/1.1" 412 56
[2025-05-08 18:52:42,343] INFO: Account is already set as default
[2025-05-08 18:52:42,343] INFO: Using stock interface: IGInterface
[2025-05-08 18:52:42,343] INFO: Simple MACD strategy initialised.
[2025-05-08 18:52:42,343] INFO: Performing a single iteration of the market source
[2025-05-08 18:52:45,378] DEBUG: Starting new HTTPS connection (1): demo-api.ig.com:443
[2025-05-08 18:52:45,435] DEBUG: https://demo-api.ig.com:443 "GET /gateway/deal/positions HTTP/1.1" 200 16
[2025-05-08 18:52:45,437] DEBUG: Raw positions response: {
  "positions": []
}
[2025-05-08 18:52:45,437] INFO: Starting to process market source
[2025-05-08 18:52:48,467] DEBUG: Starting new HTTPS connection (1): demo-api.ig.com:443
[2025-05-08 18:52:48,517] DEBUG: https://demo-api.ig.com:443 "GET /gateway/deal/markets/CS.D.CFPGOLD.CFP.IP HTTP/1.1" 200 1564
[2025-05-08 18:52:51,539] DEBUG: Starting new HTTPS connection (1): demo-api.ig.com:443
[2025-05-08 18:52:51,590] DEBUG: https://demo-api.ig.com:443 "GET /gateway/deal/positions HTTP/1.1" 200 16
[2025-05-08 18:52:51,591] DEBUG: Raw positions response: {
  "positions": []
}
[2025-05-08 18:52:54,613] DEBUG: Starting new HTTPS connection (1): demo-api.ig.com:443
[2025-05-08 18:52:54,684] DEBUG: https://demo-api.ig.com:443 "GET /gateway/deal/accounts HTTP/1.1" 200 550
[2025-05-08 18:52:54,721] INFO: Processing GC
[2025-05-08 18:52:54,722] CRITICAL: CRITICAL: get_prices method called
[2025-05-08 18:52:54,722] INFO: Fetching price data from URL: https://demo-api.ig.com/gateway/deal/prices/CS.D.CFPGOLD.CFP.IP/DAY/26
[2025-05-08 18:52:57,745] DEBUG: Starting new HTTPS connection (1): demo-api.ig.com:443
[2025-05-08 18:52:57,837] DEBUG: https://demo-api.ig.com:443 "GET /gateway/deal/prices/CS.D.CFPGOLD.CFP.IP/DAY/26 HTTP/1.1" 200 8052
[2025-05-08 18:52:57,839] DEBUG: Raw price data: {
  "prices": [
    {
      "snapshotTime": "2025:04:08-00:00:00",
      "openPrice": {
        "bid": 2986.45,
        "ask": 2986.95,
        "lastTraded": null
      },
      "closePrice": {
        "bid": 2981.73,
        "ask": 2982.23,
        "lastTraded": null
      },
      "highPrice": {
        "bid": 3022.53,
        "ask": 3023.03,
        "lastTraded": null
      },
      "lowPrice": {
        "bid": 2974.52,
        "ask": 2974.82,
        "lastTraded": null
      },
      "lastTradedVolume": 153007
    },
    {
      "snapshotTime": "2025:04:09-00:00:00",
      "openPrice": {
        "bid": 2982.23,
        "ask": 2982.73,
        "lastTraded": null
      },
      "closePrice": {
        "bid": 3079.93,
        "ask": 3080.43,
        "lastTraded": null
      },
      "highPrice": {
        "bid": 3099.68,
        "ask": 3100.13,
        "lastTraded": null
      },
      "lowPrice": {
        "bid": 2969.85,
        "ask": 2970.15,
        "lastTraded": null
      },
      "lastTradedVolume": 190485
    },
    {
      "snapshotTime": "2025:04:10-00:00:00",
      "openPrice": {
        "bid": 3079.75,
        "ask": 3084.4,
        "lastTraded": null
      },
      "closePrice": {
        "bid": 3188.69,
        "ask": 3189.19,
        "lastTraded": null
      },
      "highPrice": {
        "bid": 3190.17,
        "ask": 3190.47,
        "lastTraded": null
      },
      "lowPrice": {
        "bid": 3078.0,
        "ask": 3078.6,
        "lastTraded": null
      },
      "lastTradedVolume": 158789
    },
    {
      "snapshotTime": "2025:04:11-00:00:00",
      "openPrice": {
        "bid": 3188.75,
        "ask": 3189.25,
        "lastTraded": null
      },
      "closePrice": {
        "bid": 3237.2,
        "ask": 3237.7,
        "lastTraded": null
      },
      "highPrice": {
        "bid": 3245.36,
        "ask": 3245.66,
        "lastTraded": null
      },
      "lowPrice": {
        "bid": 3182.98,
        "ask": 3183.48,
        "lastTraded": null
      },
      "lastTradedVolume": 186631
    },
    {
      "snapshotTime": "2025:04:13-00:00:00",
      "openPrice": {
        "bid": 3217.74,
        "ask": 3220.35,
        "lastTraded": null
      },
      "closePrice": {
        "bid": 3221.18,
        "ask": 3221.68,
        "lastTraded": null
      },
      "highPrice": {
        "bid": 3224.68,
        "ask": 3226.81,
        "lastTraded": null
      },
      "lowPrice": {
        "bid": 3208.1,
        "ask": 3210.35,
        "lastTraded": null
      },
      "lastTradedVolume": 4207
    },
    {
      "snapshotTime": "2025:04:14-00:00:00",
      "openPrice": {
        "bid": 3220.91,
        "ask": 3221.41,
        "lastTraded": null
      },
      "closePrice": {
        "bid": 3212.15,
        "ask": 3212.45,
        "lastTraded": null
      },
      "highPrice": {
        "bid": 3245.6,
        "ask": 3246.1,
        "lastTraded": null
      },
      "lowPrice": {
        "bid": 3193.5,
        "ask": 3193.85,
        "lastTraded": null
      },
      "lastTradedVolume": 161313
    },
    {
      "snapshotTime": "2025:04:15-00:00:00",
      "openPrice": {
        "bid": 3212.0,
        "ask": 3212.5,
        "lastTraded": null
      },
      "closePrice": {
        "bid": 3241.18,
        "ask": 3241.68,
        "lastTraded": null
      },
      "highPrice": {
        "bid": 3242.05,
        "ask": 3242.5,
        "lastTraded": null
      },
      "lowPrice": {
        "bid": 3209.9,
        "ask": 3210.2,
        "lastTraded": null
      },
      "lastTradedVolume": 102718
    },
    {
      "snapshotTime": "2025:04:16-00:00:00",
      "openPrice": {
        "bid": 3241.33,
        "ask": 3241.83,
        "lastTraded": null
      },
      "closePrice": {
        "bid": 3350.89,
        "ask": 3351.39,
        "lastTraded": null
      },
      "highPrice": {
        "bid": 3357.7,
        "ask": 3358.0,
        "lastTraded": null
      },
      "lowPrice": {
        "bid": 3238.25,
        "ask": 3238.75,
        "lastTraded": null
      },
      "lastTradedVolume": 173600
    },
    {
      "snapshotTime": "2025:04:17-00:00:00",
      "openPrice": {
        "bid": 3350.9,
        "ask": 3351.4,
        "lastTraded": null
      },
      "closePrice": {
        "bid": 3327.45,
        "ask": 3327.95,
        "lastTraded": null
      },
      "highPrice": {
        "bid": 3356.18,
        "ask": 3356.63,
        "lastTraded": null
      },
      "lowPrice": {
        "bid": 3283.65,
        "ask": 3284.15,
        "lastTraded": null
      },
      "lastTradedVolume": 158010
    },
    {
      "snapshotTime": "2025:04:20-00:00:00",
      "openPrice": {
        "bid": 3331.03,
        "ask": 3331.53,
        "lastTraded": null
      },
      "closePrice": {
        "bid": 3345.78,
        "ask": 3346.28,
        "lastTraded": null
      },
      "highPrice": {
        "bid": 3352.9,
        "ask": 3353.4,
        "lastTraded": null
      },
      "lowPrice": {
        "bid": 3326.08,
        "ask": 3329.3,
        "lastTraded": null
      },
      "lastTradedVolume": 3710
    },
    {
      "snapshotTime": "2025:04:21-00:00:00",
      "openPrice": {
        "bid": 3346.13,
        "ask": 3346.63,
        "lastTraded": null
      },
      "closePrice": {
        "bid": 3430.94,
        "ask": 3431.44,
        "lastTraded": null
      },
      "highPrice": {
        "bid": 3435.8,
        "ask": 3436.3,
        "lastTraded": null
      },
      "lowPrice": {
        "bid": 3343.22,
        "ask": 3343.72,
        "lastTraded": null
      },
      "lastTradedVolume": 144130
    },
    {
      "snapshotTime": "2025:04:22-00:00:00",
      "openPrice": {
        "bid": 3431.15,
        "ask": 3431.45,
        "lastTraded": null
      },
      "closePrice": {
        "bid": 3327.73,
        "ask": 3328.23,
        "lastTraded": null
      },
      "highPrice": {
        "bid": 3500.04,
        "ask": 3500.34,
        "lastTraded": null
      },
      "lowPrice": {
        "bid": 3315.01,
        "ask": 3315.51,
        "lastTraded": null
      },
      "lastTradedVolume": 193368
    },
    {
      "snapshotTime": "2025:04:23-00:00:00",
      "openPrice": {
        "bid": 3328.08,
        "ask": 3328.58,
        "lastTraded": null
      },
      "closePrice": {
        "bid": 3309.01,
        "ask": 3309.31,
        "lastTraded": null
      },
      "highPrice": {
        "bid": 3386.45,
        "ask": 3386.95,
        "lastTraded": null
      },
      "lowPrice": {
        "bid": 3260.05,
        "ask": 3260.55,
        "lastTraded": null
      },
      "lastTradedVolume": 197532
    },
    {
      "snapshotTime": "2025:04:24-00:00:00",
      "openPrice": {
        "bid": 3309.2,
        "ask": 3309.7,
        "lastTraded": null
      },
      "closePrice": {
        "bid": 3366.89,
        "ask": 3367.39,
        "lastTraded": null
      },
      "highPrice": {
        "bid": 3370.3,
        "ask": 3372.32,
        "lastTraded": null
      },
      "lowPrice": {
        "bid": 3306.63,
        "ask": 3306.93,
        "lastTraded": null
      },
      "lastTradedVolume": 144951
    },
    {
      "snapshotTime": "2025:04:25-00:00:00",
      "openPrice": {
        "bid": 3366.78,
        "ask": 3367.28,
        "lastTraded": null
      },
      "closePrice": {
        "bid": 3319.27,
        "ask": 3319.77,
        "lastTraded": null
      },
      "highPrice": {
        "bid": 3368.05,
        "ask": 3368.55,
        "lastTraded": null
      },
      "lowPrice": {
        "bid": 3265.03,
        "ask": 3265.33,
        "lastTraded": null
      },
      "lastTradedVolume": 150944
    },
    {
      "snapshotTime": "2025:04:27-00:00:00",
      "openPrice": {
        "bid": 3329.8,
        "ask": 3330.3,
        "lastTraded": null
      },
      "closePrice": {
        "bid": 3310.5,
        "ask": 3311.0,
        "lastTraded": null
      },
      "highPrice": {
        "bid": 3331.13,
        "ask": 3331.75,
        "lastTraded": null
      },
      "lowPrice": {
        "bid": 3308.98,
        "ask": 3309.48,
        "lastTraded": null
      },
      "lastTradedVolume": 2881
    },
    {
      "snapshotTime": "2025:04:28-00:00:00",
      "openPrice": {
        "bid": 3310.55,
        "ask": 3311.05,
        "lastTraded": null
      },
      "closePrice": {
        "bid": 3337.85,
        "ask": 3338.35,
        "lastTraded": null
      },
      "highPrice": {
        "bid": 3352.95,
        "ask": 3353.33,
        "lastTraded": null
      },
      "lowPrice": {
        "bid": 3267.73,
        "ask": 3268.03,
        "lastTraded": null
      },
      "lastTradedVolume": 119848
    },
    {
      "snapshotTime": "2025:04:29-00:00:00",
      "openPrice": {
        "bid": 3337.6,
        "ask": 3338.1,
        "lastTraded": null
      },
      "closePrice": {
        "bid": 3318.9,
        "ask": 3319.4,
        "lastTraded": null
      },
      "highPrice": {
        "bid": 3342.82,
        "ask": 3343.17,
        "lastTraded": null
      },
      "lowPrice": {
        "bid": 3299.48,
        "ask": 3299.78,
        "lastTraded": null
      },
      "lastTradedVolume": 118631
    },
    {
      "snapshotTime": "2025:04:30-00:00:00",
      "openPrice": {
        "bid": 3318.85,
        "ask": 3319.35,
        "lastTraded": null
      },
      "closePrice": {
        "bid": 3273.8,
        "ask": 3274.3,
        "lastTraded": null
      },
      "highPrice": {
        "bid": 3328.04,
        "ask": 3328.38,
        "lastTraded": null
      },
      "lowPrice": {
        "bid": 3266.85,
        "ask": 3267.35,
        "lastTraded": null
      },
      "lastTradedVolume": 138532
    },
    {
      "snapshotTime": "2025:05:01-00:00:00",
      "openPrice": {
        "bid": 3274.15,
        "ask": 3274.65,
        "lastTraded": null
      },
      "closePrice": {
        "bid": 3237.8,
        "ask": 3238.3,
        "lastTraded": null
      },
      "highPrice": {
        "bid": 3285.26,
        "ask": 3285.56,
        "lastTraded": null
      },
      "lowPrice": {
        "bid": 3201.87,
        "ask": 3202.17,
        "lastTraded": null
      },
      "lastTradedVolume": 141446
    },
    {
      "snapshotTime": "2025:05:02-00:00:00",
      "openPrice": {
        "bid": 3237.85,
        "ask": 3238.35,
        "lastTraded": null
      },
      "closePrice": {
        "bid": 3240.26,
        "ask": 3240.76,
        "lastTraded": null
      },
      "highPrice": {
        "bid": 3269.05,
        "ask": 3269.55,
        "lastTraded": null
      },
      "lowPrice": {
        "bid": 3222.66,
        "ask": 3222.96,
        "lastTraded": null
      },
      "lastTradedVolume": 143441
    },
    {
      "snapshotTime": "2025:05:04-00:00:00",
      "openPrice": {
        "bid": 3239.7,
        "ask": 3240.2,
        "lastTraded": null
      },
      "closePrice": {
        "bid": 3239.48,
        "ask": 3239.98,
        "lastTraded": null
      },
      "highPrice": {
        "bid": 3244.38,
        "ask": 3244.88,
        "lastTraded": null
      },
      "lowPrice": {
        "bid": 3237.1,
        "ask": 3237.9,
        "lastTraded": null
      },
      "lastTradedVolume": 2398
    },
    {
      "snapshotTime": "2025:05:05-00:00:00",
      "openPrice": {
        "bid": 3239.83,
        "ask": 3240.33,
        "lastTraded": null
      },
      "closePrice": {
        "bid": 3330.7,
        "ask": 3331.2,
        "lastTraded": null
      },
      "highPrice": {
        "bid": 3337.98,
        "ask": 3338.48,
        "lastTraded": null
      },
      "lowPrice": {
        "bid": 3238.0,
        "ask": 3239.2,
        "lastTraded": null
      },
      "lastTradedVolume": 120564
    },
    {
      "snapshotTime": "2025:05:06-00:00:00",
      "openPrice": {
        "bid": 3330.72,
        "ask": 3331.22,
        "lastTraded": null
      },
      "closePrice": {
        "bid": 3381.65,
        "ask": 3382.15,
        "lastTraded": null
      },
      "highPrice": {
        "bid": 3434.96,
        "ask": 3435.28,
        "lastTraded": null
      },
      "lowPrice": {
        "bid": 3323.0,
        "ask": 3323.5,
        "lastTraded": null
      },
      "lastTradedVolume": 160465
    },
    {
      "snapshotTime": "2025:05:07-00:00:00",
      "openPrice": {
        "bid": 3381.87,
        "ask": 3382.37,
        "lastTraded": null
      },
      "closePrice": {
        "bid": 3369.82,
        "ask": 3370.12,
        "lastTraded": null
      },
      "highPrice": {
        "bid": 3404.7,
        "ask": 3405.0,
        "lastTraded": null
      },
      "lowPrice": {
        "bid": 3360.03,
        "ask": 3360.38,
        "lastTraded": null
      },
      "lastTradedVolume": 154095
    },
    {
      "snapshotTime": "2025:05:08-00:00:00",
      "openPrice": {
        "bid": 3369.85,
        "ask": 3370.35,
        "lastTraded": null
      },
      "closePrice": {
        "bid": 3303.2,
        "ask": 3303.7,
        "lastTraded": null
      },
      "highPrice": {
        "bid": 3414.55,
        "ask": 3415.05,
        "lastTraded": null
      },
      "lowPrice": {
        "bid": 3297.63,
        "ask": 3298.13,
        "lastTraded": null
      },
      "lastTradedVolume": 135893
    }
  ],
  "instrumentType": "CURRENCIES",
  "allowance": {
    "remainingAllowance": 9922,
    "totalAllowance": 10000,
    "allowanceExpiry": 603969
  }
}
[2025-05-08 18:52:57,840] INFO: Processing price data for GC
[2025-05-08 18:52:57,840] ERROR: Strategy exception caught: 'snapshotTimeUTC'
[2025-05-08 18:52:57,843] DEBUG: Traceback (most recent call last):
  File "/Users/e1/Documents/equitiestradingbot/equitiestradingbot/tradingbot.py", line 186, in process_market
    trade, limit, stop = self.strategy.run(market)
                         ~~~~~~~~~~~~~~~~~^^^^^^^^
  File "/Users/e1/Documents/equitiestradingbot/equitiestradingbot/strategies/base.py", line 40, in run
    datapoints = self.fetch_datapoints(market)
  File "/Users/e1/Documents/equitiestradingbot/equitiestradingbot/strategies/simple_macd.py", line 47, in fetch_datapoints
    return self.broker.get_macd(market, Interval.DAY, 30)
           ~~~~~~~~~~~~~~~~~~~~^^^^^^^^^^^^^^^^^^^^^^^^^^
  File "/Users/e1/Documents/equitiestradingbot/equitiestradingbot/components/broker/broker.py", line 84, in get_macd
    return self.stocks_ifc.get_macd(market, interval, datapoints_range)
           ~~~~~~~~~~~~~~~~~~~~~~~~^^^^^^^^^^^^^^^^^^^^^^^^^^^^^^^^^^^^
  File "/Users/e1/Documents/equitiestradingbot/equitiestradingbot/components/broker/ig_interface.py", line 492, in get_macd
    data = self._macd_dataframe(market, interval)
  File "/Users/e1/Documents/equitiestradingbot/equitiestradingbot/components/broker/ig_interface.py", line 502, in _macd_dataframe
    prices = self.get_prices(market, Interval.DAY, 26)
  File "/Users/e1/Documents/equitiestradingbot/equitiestradingbot/components/broker/ig_interface.py", line 257, in get_prices
    dates.append(price["snapshotTimeUTC"])
                 ~~~~~^^^^^^^^^^^^^^^^^^^
KeyError: 'snapshotTimeUTC'

[2025-05-08 18:52:57,843] INFO: Starting to process market source
