[2025-05-28 19:21:05,811] INFO: Initialising IGInterface...
[2025-05-28 19:21:05,811] INFO: Attempting authentication to URL: https://demo-api.ig.com/gateway/deal/session
[2025-05-28 19:21:05,811] INFO: Using API Key: 43c58bfd6f5ead3ac4d803d18f883db5857c9631
[2025-05-28 19:21:05,811] INFO: Using Account ID: Z5YISO
[2025-05-28 19:21:05,820] DEBUG: Starting new HTTPS connection (1): demo-api.ig.com:443
[2025-05-28 19:21:06,219] DEBUG: https://demo-api.ig.com:443 "POST /gateway/deal/session HTTP/1.1" 200 619
[2025-05-28 19:21:06,221] INFO: Successfully obtained authentication tokens
[2025-05-28 19:21:06,223] DEBUG: Starting new HTTPS connection (1): demo-api.ig.com:443
[2025-05-28 19:21:06,530] DEBUG: https://demo-api.ig.com:443 "PUT /gateway/deal/session HTTP/1.1" 412 56
[2025-05-28 19:21:06,531] INFO: Account is already set as default
[2025-05-28 19:21:06,531] INFO: Using stock interface: IGInterface
[2025-05-28 19:21:06,532] INFO: Advanced Momentum Strategy initialised
[2025-05-28 19:21:06,532] INFO: Advanced Momentum Strategy created
[2025-05-28 19:21:06,532] INFO: Performing a single iteration of the market source
[2025-05-28 19:21:09,061] DEBUG: Starting new HTTPS connection (1): demo-api.ig.com:443
[2025-05-28 19:21:11,012] DEBUG: https://demo-api.ig.com:443 "GET /gateway/deal/positions HTTP/1.1" 200 16
[2025-05-28 19:21:11,018] DEBUG: Raw positions response: {
  "positions": []
}
[2025-05-28 19:21:11,019] INFO: Starting to process market source
[2025-05-28 19:21:12,538] DEBUG: Starting new HTTPS connection (1): demo-api.ig.com:443
[2025-05-28 19:21:13,025] DEBUG: https://demo-api.ig.com:443 "GET /gateway/deal/positions HTTP/1.1" 200 16
[2025-05-28 19:21:13,026] DEBUG: Raw positions response: {
  "positions": []
}
[2025-05-28 19:21:15,550] DEBUG: Starting new HTTPS connection (1): demo-api.ig.com:443
[2025-05-28 19:21:15,871] DEBUG: https://demo-api.ig.com:443 "GET /gateway/deal/markets/CS.D.USCGC.TODAY.IP HTTP/1.1" 200 2028
[2025-05-28 19:21:18,907] DEBUG: Starting new HTTPS connection (1): demo-api.ig.com:443
[2025-05-28 19:21:19,183] DEBUG: https://demo-api.ig.com:443 "GET /gateway/deal/accounts HTTP/1.1" 200 552
[2025-05-28 19:21:19,283] INFO: Processing GC
[2025-05-28 19:21:19,284] CRITICAL: CRITICAL: get_prices method called
[2025-05-28 19:21:19,284] INFO: Fetching price data from URL: https://demo-api.ig.com/gateway/deal/prices/CS.D.USCGC.TODAY.IP/MINUTE_15/20
[2025-05-28 19:21:22,324] DEBUG: Starting new HTTPS connection (1): demo-api.ig.com:443
[2025-05-28 19:21:22,673] DEBUG: https://demo-api.ig.com:443 "GET /gateway/deal/prices/CS.D.USCGC.TODAY.IP/MINUTE_15/20 HTTP/1.1" 200 6186
[2025-05-28 19:21:22,676] DEBUG: Raw price data: {
  "prices": [
    {
      "snapshotTime": "2025:05:28-14:30:00",
      "openPrice": {
        "bid": 3305.41,
        "ask": 3305.71,
        "lastTraded": null
      },
      "closePrice": {
        "bid": 3301.33,
        "ask": 3301.83,
        "lastTraded": null
      },
      "highPrice": {
        "bid": 3309.48,
        "ask": 3309.98,
        "lastTraded": null
      },
      "lowPrice": {
        "bid": 3297.4,
        "ask": 3297.83,
        "lastTraded": null
      },
      "lastTradedVolume": 3141
    },
    {
      "snapshotTime": "2025:05:28-14:45:00",
      "openPrice": {
        "bid": 3301.38,
        "ask": 3301.88,
        "lastTraded": null
      },
      "closePrice": {
        "bid": 3304.98,
        "ask": 3305.48,
        "lastTraded": null
      },
      "highPrice": {
        "bid": 3307.63,
        "ask": 3308.13,
        "lastTraded": null
      },
      "lowPrice": {
        "bid": 3300.98,
        "ask": 3301.28,
        "lastTraded": null
      },
      "lastTradedVolume": 2300
    },
    {
      "snapshotTime": "2025:05:28-15:00:00",
      "openPrice": {
        "bid": 3305.06,
        "ask": 3305.56,
        "lastTraded": null
      },
      "closePrice": {
        "bid": 3303.82,
        "ask": 3304.32,
        "lastTraded": null
      },
      "highPrice": {
        "bid": 3308.99,
        "ask": 3309.34,
        "lastTraded": null
      },
      "lowPrice": {
        "bid": 3300.49,
        "ask": 3300.95,
        "lastTraded": null
      },
      "lastTradedVolume": 2520
    },
    {
      "snapshotTime": "2025:05:28-15:15:00",
      "openPrice": {
        "bid": 3303.88,
        "ask": 3304.38,
        "lastTraded": null
      },
      "closePrice": {
        "bid": 3307.93,
        "ask": 3308.23,
        "lastTraded": null
      },
      "highPrice": {
        "bid": 3308.38,
        "ask": 3308.73,
        "lastTraded": null
      },
      "lowPrice": {
        "bid": 3302.43,
        "ask": 3302.86,
        "lastTraded": null
      },
      "lastTradedVolume": 1326
    },
    {
      "snapshotTime": "2025:05:28-15:30:00",
      "openPrice": {
        "bid": 3307.83,
        "ask": 3308.13,
        "lastTraded": null
      },
      "closePrice": {
        "bid": 3304.1,
        "ask": 3304.6,
        "lastTraded": null
      },
      "highPrice": {
        "bid": 3308.33,
        "ask": 3308.68,
        "lastTraded": null
      },
      "lowPrice": {
        "bid": 3301.4,
        "ask": 3301.9,
        "lastTraded": null
      },
      "lastTradedVolume": 1689
    },
    {
      "snapshotTime": "2025:05:28-15:45:00",
      "openPrice": {
        "bid": 3304.15,
        "ask": 3304.65,
        "lastTraded": null
      },
      "closePrice": {
        "bid": 3302.48,
        "ask": 3302.98,
        "lastTraded": null
      },
      "highPrice": {
        "bid": 3304.58,
        "ask": 3304.99,
        "lastTraded": null
      },
      "lowPrice": {
        "bid": 3300.3,
        "ask": 3300.75,
        "lastTraded": null
      },
      "lastTradedVolume": 1641
    },
    {
      "snapshotTime": "2025:05:28-16:00:00",
      "openPrice": {
        "bid": 3302.49,
        "ask": 3302.99,
        "lastTraded": null
      },
      "closePrice": {
        "bid": 3298.98,
        "ask": 3299.48,
        "lastTraded": null
      },
      "highPrice": {
        "bid": 3302.73,
        "ask": 3303.08,
        "lastTraded": null
      },
      "lowPrice": {
        "bid": 3294.9,
        "ask": 3295.4,
        "lastTraded": null
      },
      "lastTradedVolume": 2027
    },
    {
      "snapshotTime": "2025:05:28-16:15:00",
      "openPrice": {
        "bid": 3299.13,
        "ask": 3299.43,
        "lastTraded": null
      },
      "closePrice": {
        "bid": 3295.05,
        "ask": 3295.55,
        "lastTraded": null
      },
      "highPrice": {
        "bid": 3300.8,
        "ask": 3301.18,
        "lastTraded": null
      },
      "lowPrice": {
        "bid": 3294.63,
        "ask": 3294.93,
        "lastTraded": null
      },
      "lastTradedVolume": 1893
    },
    {
      "snapshotTime": "2025:05:28-16:30:00",
      "openPrice": {
        "bid": 3295.1,
        "ask": 3295.6,
        "lastTraded": null
      },
      "closePrice": {
        "bid": 3295.38,
        "ask": 3295.68,
        "lastTraded": null
      },
      "highPrice": {
        "bid": 3297.83,
        "ask": 3298.18,
        "lastTraded": null
      },
      "lowPrice": {
        "bid": 3292.53,
        "ask": 3292.83,
        "lastTraded": null
      },
      "lastTradedVolume": 1682
    },
    {
      "snapshotTime": "2025:05:28-16:45:00",
      "openPrice": {
        "bid": 3295.43,
        "ask": 3295.73,
        "lastTraded": null
      },
      "closePrice": {
        "bid": 3295.97,
        "ask": 3296.27,
        "lastTraded": null
      },
      "highPrice": {
        "bid": 3296.56,
        "ask": 3296.93,
        "lastTraded": null
      },
      "lowPrice": {
        "bid": 3293.84,
        "ask": 3294.18,
        "lastTraded": null
      },
      "lastTradedVolume": 1681
    },
    {
      "snapshotTime": "2025:05:28-17:00:00",
      "openPrice": {
        "bid": 3296.05,
        "ask": 3296.35,
        "lastTraded": null
      },
      "closePrice": {
        "bid": 3297.26,
        "ask": 3297.56,
        "lastTraded": null
      },
      "highPrice": {
        "bid": 3297.72,
        "ask": 3298.14,
        "lastTraded": null
      },
      "lowPrice": {
        "bid": 3294.32,
        "ask": 3294.64,
        "lastTraded": null
      },
      "lastTradedVolume": 1321
    },
    {
      "snapshotTime": "2025:05:28-17:15:00",
      "openPrice": {
        "bid": 3297.23,
        "ask": 3297.53,
        "lastTraded": null
      },
      "closePrice": {
        "bid": 3297.37,
        "ask": 3297.67,
        "lastTraded": null
      },
      "highPrice": {
        "bid": 3299.08,
        "ask": 3299.41,
        "lastTraded": null
      },
      "lowPrice": {
        "bid": 3296.68,
        "ask": 3297.13,
        "lastTraded": null
      },
      "lastTradedVolume": 937
    },
    {
      "snapshotTime": "2025:05:28-17:30:00",
      "openPrice": {
        "bid": 3297.3,
        "ask": 3297.6,
        "lastTraded": null
      },
      "closePrice": {
        "bid": 3291.65,
        "ask": 3292.15,
        "lastTraded": null
      },
      "highPrice": {
        "bid": 3297.45,
        "ask": 3297.77,
        "lastTraded": null
      },
      "lowPrice": {
        "bid": 3290.66,
        "ask": 3290.96,
        "lastTraded": null
      },
      "lastTradedVolume": 1580
    },
    {
      "snapshotTime": "2025:05:28-17:45:00",
      "openPrice": {
        "bid": 3291.67,
        "ask": 3292.17,
        "lastTraded": null
      },
      "closePrice": {
        "bid": 3293.33,
        "ask": 3293.83,
        "lastTraded": null
      },
      "highPrice": {
        "bid": 3293.43,
        "ask": 3293.93,
        "lastTraded": null
      },
      "lowPrice": {
        "bid": 3288.53,
        "ask": 3288.83,
        "lastTraded": null
      },
      "lastTradedVolume": 1441
    },
    {
      "snapshotTime": "2025:05:28-18:00:00",
      "openPrice": {
        "bid": 3293.58,
        "ask": 3293.88,
        "lastTraded": null
      },
      "closePrice": {
        "bid": 3295.86,
        "ask": 3296.36,
        "lastTraded": null
      },
      "highPrice": {
        "bid": 3295.86,
        "ask": 3296.36,
        "lastTraded": null
      },
      "lowPrice": {
        "bid": 3291.27,
        "ask": 3291.58,
        "lastTraded": null
      },
      "lastTradedVolume": 1037
    },
    {
      "snapshotTime": "2025:05:28-18:15:00",
      "openPrice": {
        "bid": 3295.85,
        "ask": 3296.35,
        "lastTraded": null
      },
      "closePrice": {
        "bid": 3296.72,
        "ask": 3297.02,
        "lastTraded": null
      },
      "highPrice": {
        "bid": 3298.86,
        "ask": 3299.36,
        "lastTraded": null
      },
      "lowPrice": {
        "bid": 3295.85,
        "ask": 3296.2,
        "lastTraded": null
      },
      "lastTradedVolume": 1266
    },
    {
      "snapshotTime": "2025:05:28-18:30:00",
      "openPrice": {
        "bid": 3296.73,
        "ask": 3297.03,
        "lastTraded": null
      },
      "closePrice": {
        "bid": 3297.18,
        "ask": 3297.68,
        "lastTraded": null
      },
      "highPrice": {
        "bid": 3298.27,
        "ask": 3298.64,
        "lastTraded": null
      },
      "lowPrice": {
        "bid": 3295.05,
        "ask": 3295.55,
        "lastTraded": null
      },
      "lastTradedVolume": 836
    },
    {
      "snapshotTime": "2025:05:28-18:45:00",
      "openPrice": {
        "bid": 3297.23,
        "ask": 3297.53,
        "lastTraded": null
      },
      "closePrice": {
        "bid": 3296.58,
        "ask": 3297.08,
        "lastTraded": null
      },
      "highPrice": {
        "bid": 3297.65,
        "ask": 3297.99,
        "lastTraded": null
      },
      "lowPrice": {
        "bid": 3294.4,
        "ask": 3294.73,
        "lastTraded": null
      },
      "lastTradedVolume": 713
    },
    {
      "snapshotTime": "2025:05:28-19:00:00",
      "openPrice": {
        "bid": 3296.63,
        "ask": 3297.13,
        "lastTraded": null
      },
      "closePrice": {
        "bid": 3299.27,
        "ask": 3299.77,
        "lastTraded": null
      },
      "highPrice": {
        "bid": 3300.69,
        "ask": 3300.99,
        "lastTraded": null
      },
      "lowPrice": {
        "bid": 3296.45,
        "ask": 3296.95,
        "lastTraded": null
      },
      "lastTradedVolume": 1063
    },
    {
      "snapshotTime": "2025:05:28-19:15:00",
      "openPrice": {
        "bid": 3299.38,
        "ask": 3299.68,
        "lastTraded": null
      },
      "closePrice": {
        "bid": 3299.89,
        "ask": 3300.39,
        "lastTraded": null
      },
      "highPrice": {
        "bid": 3300.16,
        "ask": 3300.61,
        "lastTraded": null
      },
      "lowPrice": {
        "bid": 3298.23,
        "ask": 3298.67,
        "lastTraded": null
      },
      "lastTradedVolume": 428
    }
  ],
  "instrumentType": "CURRENCIES",
  "allowance": {
    "remainingAllowance": 7580,
    "totalAllowance": 10000,
    "allowanceExpiry": 412996
  }
}
[2025-05-28 19:21:22,676] INFO: Processing price data for GC
[2025-05-28 19:21:22,676] INFO: Processed 20 price points for GC
[2025-05-28 19:21:22,693] DEBUG: Strategy datapoints: <equitiestradingbot.interfaces.market_history.MarketHistory object at 0x1138b3620>
[2025-05-28 19:21:22,702] INFO: MACD Calculation Details:
[2025-05-28 19:21:22,702] INFO:   Fast EMA (3): 3298.89549
[2025-05-28 19:21:22,702] INFO:   Slow EMA (10): 3297.63003
[2025-05-28 19:21:22,702] INFO:   MACD Line: 1.26545
[2025-05-28 19:21:22,702] INFO:   Signal Line: -0.61313
[2025-05-28 19:21:22,702] INFO:   Histogram: 1.87859
[2025-05-28 19:21:22,702] INFO:   Previous MACD: 0.77315
[2025-05-28 19:21:22,702] INFO:   Previous Signal: -0.86361
[2025-05-28 19:21:22,702] INFO:   MACD Cross Status: No Cross
[2025-05-28 19:21:22,716] INFO: Trade Analysis for CS.D.USCGC.TODAY.IP:
[2025-05-28 19:21:22,716] INFO: Latest Price: 3299.89000
[2025-05-28 19:21:22,716] INFO: MACD: 1.26545 (Signal: -0.61313)
[2025-05-28 19:21:22,716] INFO: RSI: 44.80
[2025-05-28 19:21:22,716] INFO: ADX: 37.23
[2025-05-28 19:21:22,716] INFO: Volume: 428 (MA: 1072)
[2025-05-28 19:21:22,716] INFO: Checking for LONG signal...
[2025-05-28 19:21:22,716] INFO:   - MACD condition met (above signal line)
[2025-05-28 19:21:22,716] INFO:   - ADX condition met (above 20)
[2025-05-28 19:21:22,716] INFO:   - Squeeze momentum condition met
[2025-05-28 19:21:22,716] INFO:   - Conditions met: 3/5
[2025-05-28 19:21:22,716] INFO: LONG Signal Generated:
[2025-05-28 19:21:22,716] INFO:   - Price above SMA
[2025-05-28 19:21:22,716] INFO:   - MACD crossed up
[2025-05-28 19:21:22,716] INFO:   - RSI above 50
[2025-05-28 19:21:22,716] INFO:   - Volume above EMA
[2025-05-28 19:21:22,716] INFO:   - ADX conditions met
[2025-05-28 19:21:22,716] INFO: Attempting to place trade with data: {
  "direction": "BUY",
  "epic": "CS.D.USCGC.TODAY.IP",
  "limitLevel": 3315.894464285714,
  "orderType": "MARKET",
  "size": 10,
  "stopLevel": 3293.488214285714,
  "forceOpen": true,
  "expiry": "DFB",
  "guaranteedStop": false,
  "currencyCode": "GBP"
}
[2025-05-28 19:21:22,717] DEBUG: Starting new HTTPS connection (1): demo-api.ig.com:443
[2025-05-28 19:21:23,048] DEBUG: https://demo-api.ig.com:443 "POST /gateway/deal/positions/otc HTTP/1.1" 200 35
[2025-05-28 19:21:25,569] DEBUG: Starting new HTTPS connection (1): demo-api.ig.com:443
[2025-05-28 19:21:25,762] DEBUG: https://demo-api.ig.com:443 "GET /gateway/deal/confirms/BNNE4NRVDDGTYPT HTTP/1.1" 200 474
[2025-05-28 19:21:25,765] INFO: Order confirmation response: {
  "date": "2025-05-28T18:21:23.04",
  "status": "OPEN",
  "reason": "SUCCESS",
  "dealStatus": "ACCEPTED",
  "epic": "CS.D.USCGC.TODAY.IP",
  "expiry": "DFB",
  "dealReference": "BNNE4NRVDDGTYPT",
  "dealId": "DIAAAATX636L4AL",
  "affectedDeals": [
    {
      "dealId": "DIAAAATX636L4AL",
      "status": "OPENED"
    }
  ],
  "level": 3300.44,
  "size": 10.0,
  "direction": "BUY",
  "stopLevel": 3293.4883,
  "limitLevel": 3315.8945,
  "stopDistance": null,
  "limitDistance": null,
  "guaranteedStop": false,
  "trailingStop": false,
  "profit": null,
  "profitCurrency": null
}
[2025-05-28 19:21:25,767] INFO: Order BUY for CS.D.USCGC.TODAY.IP confirmed with limit=3315.894464285714 and stop=3293.488214285714
[2025-05-28 19:21:28,793] DEBUG: Starting new HTTPS connection (1): demo-api.ig.com:443
[2025-05-28 19:21:29,105] DEBUG: https://demo-api.ig.com:443 "GET /gateway/deal/markets/ HTTP/1.1" 500 77
[2025-05-28 19:21:29,106] ERROR: HTTP request returned 500
[2025-05-28 19:21:29,106] INFO: Finished processing all markets in the source
[2025-05-28 19:21:29,107] INFO: Resetting MarketProvider
[2025-05-28 19:21:29,109] INFO: Wait for 0.08 hours...
