[2025-05-27 14:57:06,138] INFO: Initialising IGInterface...
[2025-05-27 14:57:06,139] INFO: Attempting authentication to URL: https://demo-api.ig.com/gateway/deal/session
[2025-05-27 14:57:06,139] INFO: Using API Key: 43c58bfd6f5ead3ac4d803d18f883db5857c9631
[2025-05-27 14:57:06,139] INFO: Using Account ID: Z5YISO
[2025-05-27 14:57:06,143] DEBUG: Starting new HTTPS connection (1): demo-api.ig.com:443
[2025-05-27 14:57:06,334] DEBUG: https://demo-api.ig.com:443 "POST /gateway/deal/session HTTP/1.1" 200 619
[2025-05-27 14:57:06,335] INFO: Successfully obtained authentication tokens
[2025-05-27 14:57:06,337] DEBUG: Starting new HTTPS connection (1): demo-api.ig.com:443
[2025-05-27 14:57:06,431] DEBUG: https://demo-api.ig.com:443 "PUT /gateway/deal/session HTTP/1.1" 412 56
[2025-05-27 14:57:06,432] INFO: Account is already set as default
[2025-05-27 14:57:06,433] INFO: Using stock interface: IGInterface
[2025-05-27 14:57:06,433] INFO: Advanced Momentum Strategy initialised
[2025-05-27 14:57:06,433] INFO: Advanced Momentum Strategy created
[2025-05-27 14:57:06,434] INFO: Performing a single iteration of the market source
[2025-05-27 14:57:09,458] DEBUG: Starting new HTTPS connection (1): demo-api.ig.com:443
[2025-05-27 14:57:09,533] DEBUG: https://demo-api.ig.com:443 "GET /gateway/deal/positions HTTP/1.1" 200 16
[2025-05-27 14:57:09,535] DEBUG: Raw positions response: {
  "positions": []
}
[2025-05-27 14:57:09,535] INFO: Starting to process market source
[2025-05-27 14:57:12,560] DEBUG: Starting new HTTPS connection (1): demo-api.ig.com:443
[2025-05-27 14:57:12,664] DEBUG: https://demo-api.ig.com:443 "GET /gateway/deal/markets/CS.D.USCGC.TODAY.IP HTTP/1.1" 200 2029
[2025-05-27 14:57:15,697] DEBUG: Starting new HTTPS connection (1): demo-api.ig.com:443
[2025-05-27 14:57:15,771] DEBUG: https://demo-api.ig.com:443 "GET /gateway/deal/positions HTTP/1.1" 200 16
[2025-05-27 14:57:15,772] DEBUG: Raw positions response: {
  "positions": []
}
[2025-05-27 14:57:18,802] DEBUG: Starting new HTTPS connection (1): demo-api.ig.com:443
[2025-05-27 14:57:18,916] DEBUG: https://demo-api.ig.com:443 "GET /gateway/deal/accounts HTTP/1.1" 200 552
[2025-05-27 14:57:18,950] INFO: Processing GC
[2025-05-27 14:57:18,950] CRITICAL: CRITICAL: get_prices method called
[2025-05-27 14:57:18,950] INFO: Fetching price data from URL: https://demo-api.ig.com/gateway/deal/prices/CS.D.USCGC.TODAY.IP/MINUTE_15/52
[2025-05-27 14:57:21,977] DEBUG: Starting new HTTPS connection (1): demo-api.ig.com:443
[2025-05-27 14:57:22,063] DEBUG: https://demo-api.ig.com:443 "GET /gateway/deal/prices/CS.D.USCGC.TODAY.IP/MINUTE_15/52 HTTP/1.1" 200 15877
[2025-05-27 14:57:22,066] DEBUG: Raw price data: {
  "prices": [
    {
      "snapshotTime": "2025:05:27-02:00:00",
      "openPrice": {
        "bid": 3345.13,
        "ask": 3345.43,
        "lastTraded": null
      },
      "closePrice": {
        "bid": 3343.37,
        "ask": 3343.87,
        "lastTraded": null
      },
      "highPrice": {
        "bid": 3347.13,
        "ask": 3347.63,
        "lastTraded": null
      },
      "lowPrice": {
        "bid": 3340.68,
        "ask": 3340.98,
        "lastTraded": null
      },
      "lastTradedVolume": 1489
    },
    {
      "snapshotTime": "2025:05:27-02:15:00",
      "openPrice": {
        "bid": 3343.41,
        "ask": 3343.71,
        "lastTraded": null
      },
      "closePrice": {
        "bid": 3339.28,
        "ask": 3339.58,
        "lastTraded": null
      },
      "highPrice": {
        "bid": 3343.42,
        "ask": 3343.8,
        "lastTraded": null
      },
      "lowPrice": {
        "bid": 3337.5,
        "ask": 3338.0,
        "lastTraded": null
      },
      "lastTradedVolume": 1091
    },
    {
      "snapshotTime": "2025:05:27-02:30:00",
      "openPrice": {
        "bid": 3339.18,
        "ask": 3339.68,
        "lastTraded": null
      },
      "closePrice": {
        "bid": 3331.98,
        "ask": 3332.48,
        "lastTraded": null
      },
      "highPrice": {
        "bid": 3341.33,
        "ask": 3341.78,
        "lastTraded": null
      },
      "lowPrice": {
        "bid": 3331.98,
        "ask": 3332.48,
        "lastTraded": null
      },
      "lastTradedVolume": 1366
    },
    {
      "snapshotTime": "2025:05:27-02:45:00",
      "openPrice": {
        "bid": 3332.0,
        "ask": 3332.5,
        "lastTraded": null
      },
      "closePrice": {
        "bid": 3335.8,
        "ask": 3336.3,
        "lastTraded": null
      },
      "highPrice": {
        "bid": 3335.8,
        "ask": 3336.3,
        "lastTraded": null
      },
      "lowPrice": {
        "bid": 3331.79,
        "ask": 3332.15,
        "lastTraded": null
      },
      "lastTradedVolume": 1090
    },
    {
      "snapshotTime": "2025:05:27-03:00:00",
      "openPrice": {
        "bid": 3336.02,
        "ask": 3336.52,
        "lastTraded": null
      },
      "closePrice": {
        "bid": 3339.5,
        "ask": 3340.0,
        "lastTraded": null
      },
      "highPrice": {
        "bid": 3340.05,
        "ask": 3340.4,
        "lastTraded": null
      },
      "lowPrice": {
        "bid": 3334.9,
        "ask": 3335.4,
        "lastTraded": null
      },
      "lastTradedVolume": 1088
    },
    {
      "snapshotTime": "2025:05:27-03:15:00",
      "openPrice": {
        "bid": 3339.42,
        "ask": 3339.92,
        "lastTraded": null
      },
      "closePrice": {
        "bid": 3340.96,
        "ask": 3341.46,
        "lastTraded": null
      },
      "highPrice": {
        "bid": 3341.96,
        "ask": 3342.33,
        "lastTraded": null
      },
      "lowPrice": {
        "bid": 3338.71,
        "ask": 3339.07,
        "lastTraded": null
      },
      "lastTradedVolume": 985
    },
    {
      "snapshotTime": "2025:05:27-03:30:00",
      "openPrice": {
        "bid": 3340.95,
        "ask": 3341.45,
        "lastTraded": null
      },
      "closePrice": {
        "bid": 3341.33,
        "ask": 3341.63,
        "lastTraded": null
      },
      "highPrice": {
        "bid": 3342.08,
        "ask": 3342.43,
        "lastTraded": null
      },
      "lowPrice": {
        "bid": 3338.89,
        "ask": 3339.24,
        "lastTraded": null
      },
      "lastTradedVolume": 852
    },
    {
      "snapshotTime": "2025:05:27-03:45:00",
      "openPrice": {
        "bid": 3341.28,
        "ask": 3341.58,
        "lastTraded": null
      },
      "closePrice": {
        "bid": 3342.75,
        "ask": 3343.25,
        "lastTraded": null
      },
      "highPrice": {
        "bid": 3344.38,
        "ask": 3344.73,
        "lastTraded": null
      },
      "lowPrice": {
        "bid": 3340.41,
        "ask": 3340.91,
        "lastTraded": null
      },
      "lastTradedVolume": 770
    },
    {
      "snapshotTime": "2025:05:27-04:00:00",
      "openPrice": {
        "bid": 3342.64,
        "ask": 3343.14,
        "lastTraded": null
      },
      "closePrice": {
        "bid": 3344.08,
        "ask": 3344.38,
        "lastTraded": null
      },
      "highPrice": {
        "bid": 3344.19,
        "ask": 3344.51,
        "lastTraded": null
      },
      "lowPrice": {
        "bid": 3341.45,
        "ask": 3341.95,
        "lastTraded": null
      },
      "lastTradedVolume": 716
    },
    {
      "snapshotTime": "2025:05:27-04:15:00",
      "openPrice": {
        "bid": 3344.03,
        "ask": 3344.33,
        "lastTraded": null
      },
      "closePrice": {
        "bid": 3346.65,
        "ask": 3347.15,
        "lastTraded": null
      },
      "highPrice": {
        "bid": 3347.23,
        "ask": 3347.53,
        "lastTraded": null
      },
      "lowPrice": {
        "bid": 3343.58,
        "ask": 3344.03,
        "lastTraded": null
      },
      "lastTradedVolume": 809
    },
    {
      "snapshotTime": "2025:05:27-04:30:00",
      "openPrice": {
        "bid": 3346.6,
        "ask": 3347.1,
        "lastTraded": null
      },
      "closePrice": {
        "bid": 3344.18,
        "ask": 3344.48,
        "lastTraded": null
      },
      "highPrice": {
        "bid": 3347.15,
        "ask": 3347.55,
        "lastTraded": null
      },
      "lowPrice": {
        "bid": 3343.55,
        "ask": 3344.0,
        "lastTraded": null
      },
      "lastTradedVolume": 670
    },
    {
      "snapshotTime": "2025:05:27-04:45:00",
      "openPrice": {
        "bid": 3344.17,
        "ask": 3344.47,
        "lastTraded": null
      },
      "closePrice": {
        "bid": 3341.09,
        "ask": 3341.39,
        "lastTraded": null
      },
      "highPrice": {
        "bid": 3344.63,
        "ask": 3344.97,
        "lastTraded": null
      },
      "lowPrice": {
        "bid": 3340.75,
        "ask": 3341.21,
        "lastTraded": null
      },
      "lastTradedVolume": 779
    },
    {
      "snapshotTime": "2025:05:27-05:00:00",
      "openPrice": {
        "bid": 3341.08,
        "ask": 3341.38,
        "lastTraded": null
      },
      "closePrice": {
        "bid": 3340.62,
        "ask": 3341.12,
        "lastTraded": null
      },
      "highPrice": {
        "bid": 3341.38,
        "ask": 3341.76,
        "lastTraded": null
      },
      "lowPrice": {
        "bid": 3339.05,
        "ask": 3339.48,
        "lastTraded": null
      },
      "lastTradedVolume": 714
    },
    {
      "snapshotTime": "2025:05:27-05:15:00",
      "openPrice": {
        "bid": 3340.67,
        "ask": 3340.97,
        "lastTraded": null
      },
      "closePrice": {
        "bid": 3339.78,
        "ask": 3340.28,
        "lastTraded": null
      },
      "highPrice": {
        "bid": 3340.93,
        "ask": 3341.43,
        "lastTraded": null
      },
      "lowPrice": {
        "bid": 3338.98,
        "ask": 3339.34,
        "lastTraded": null
      },
      "lastTradedVolume": 592
    },
    {
      "snapshotTime": "2025:05:27-05:30:00",
      "openPrice": {
        "bid": 3339.83,
        "ask": 3340.13,
        "lastTraded": null
      },
      "closePrice": {
        "bid": 3336.43,
        "ask": 3336.73,
        "lastTraded": null
      },
      "highPrice": {
        "bid": 3340.08,
        "ask": 3340.48,
        "lastTraded": null
      },
      "lowPrice": {
        "bid": 3335.5,
        "ask": 3335.8,
        "lastTraded": null
      },
      "lastTradedVolume": 1000
    },
    {
      "snapshotTime": "2025:05:27-05:45:00",
      "openPrice": {
        "bid": 3336.37,
        "ask": 3336.67,
        "lastTraded": null
      },
      "closePrice": {
        "bid": 3330.83,
        "ask": 3331.13,
        "lastTraded": null
      },
      "highPrice": {
        "bid": 3336.78,
        "ask": 3337.28,
        "lastTraded": null
      },
      "lowPrice": {
        "bid": 3330.58,
        "ask": 3330.93,
        "lastTraded": null
      },
      "lastTradedVolume": 1098
    },
    {
      "snapshotTime": "2025:05:27-06:00:00",
      "openPrice": {
        "bid": 3330.88,
        "ask": 3331.18,
        "lastTraded": null
      },
      "closePrice": {
        "bid": 3328.48,
        "ask": 3328.78,
        "lastTraded": null
      },
      "highPrice": {
        "bid": 3332.63,
        "ask": 3332.93,
        "lastTraded": null
      },
      "lowPrice": {
        "bid": 3327.42,
        "ask": 3327.83,
        "lastTraded": null
      },
      "lastTradedVolume": 1472
    },
    {
      "snapshotTime": "2025:05:27-06:15:00",
      "openPrice": {
        "bid": 3328.41,
        "ask": 3328.71,
        "lastTraded": null
      },
      "closePrice": {
        "bid": 3326.83,
        "ask": 3327.13,
        "lastTraded": null
      },
      "highPrice": {
        "bid": 3330.16,
        "ask": 3330.66,
        "lastTraded": null
      },
      "lowPrice": {
        "bid": 3326.13,
        "ask": 3326.48,
        "lastTraded": null
      },
      "lastTradedVolume": 1221
    },
    {
      "snapshotTime": "2025:05:27-06:30:00",
      "openPrice": {
        "bid": 3326.95,
        "ask": 3327.25,
        "lastTraded": null
      },
      "closePrice": {
        "bid": 3324.42,
        "ask": 3324.92,
        "lastTraded": null
      },
      "highPrice": {
        "bid": 3327.95,
        "ask": 3328.45,
        "lastTraded": null
      },
      "lowPrice": {
        "bid": 3323.81,
        "ask": 3324.18,
        "lastTraded": null
      },
      "lastTradedVolume": 2237
    },
    {
      "snapshotTime": "2025:05:27-06:45:00",
      "openPrice": {
        "bid": 3324.41,
        "ask": 3324.91,
        "lastTraded": null
      },
      "closePrice": {
        "bid": 3323.43,
        "ask": 3323.73,
        "lastTraded": null
      },
      "highPrice": {
        "bid": 3328.46,
        "ask": 3328.76,
        "lastTraded": null
      },
      "lowPrice": {
        "bid": 3315.88,
        "ask": 3316.26,
        "lastTraded": null
      },
      "lastTradedVolume": 2345
    },
    {
      "snapshotTime": "2025:05:27-07:00:00",
      "openPrice": {
        "bid": 3323.28,
        "ask": 3323.58,
        "lastTraded": null
      },
      "closePrice": {
        "bid": 3324.17,
        "ask": 3324.47,
        "lastTraded": null
      },
      "highPrice": {
        "bid": 3328.3,
        "ask": 3328.65,
        "lastTraded": null
      },
      "lowPrice": {
        "bid": 3321.0,
        "ask": 3321.43,
        "lastTraded": null
      },
      "lastTradedVolume": 1742
    },
    {
      "snapshotTime": "2025:05:27-07:15:00",
      "openPrice": {
        "bid": 3324.0,
        "ask": 3324.3,
        "lastTraded": null
      },
      "closePrice": {
        "bid": 3320.2,
        "ask": 3320.7,
        "lastTraded": null
      },
      "highPrice": {
        "bid": 3327.1,
        "ask": 3327.4,
        "lastTraded": null
      },
      "lowPrice": {
        "bid": 3319.44,
        "ask": 3319.74,
        "lastTraded": null
      },
      "lastTradedVolume": 1965
    },
    {
      "snapshotTime": "2025:05:27-07:30:00",
      "openPrice": {
        "bid": 3319.9,
        "ask": 3320.4,
        "lastTraded": null
      },
      "closePrice": {
        "bid": 3315.98,
        "ask": 3316.48,
        "lastTraded": null
      },
      "highPrice": {
        "bid": 3322.0,
        "ask": 3322.5,
        "lastTraded": null
      },
      "lowPrice": {
        "bid": 3315.68,
        "ask": 3316.03,
        "lastTraded": null
      },
      "lastTradedVolume": 1929
    },
    {
      "snapshotTime": "2025:05:27-07:45:00",
      "openPrice": {
        "bid": 3316.08,
        "ask": 3316.58,
        "lastTraded": null
      },
      "closePrice": {
        "bid": 3308.58,
        "ask": 3308.88,
        "lastTraded": null
      },
      "highPrice": {
        "bid": 3316.28,
        "ask": 3316.78,
        "lastTraded": null
      },
      "lowPrice": {
        "bid": 3305.03,
        "ask": 3305.33,
        "lastTraded": null
      },
      "lastTradedVolume": 2882
    },
    {
      "snapshotTime": "2025:05:27-08:00:00",
      "openPrice": {
        "bid": 3308.53,
        "ask": 3308.83,
        "lastTraded": null
      },
      "closePrice": {
        "bid": 3308.74,
        "ask": 3309.24,
        "lastTraded": null
      },
      "highPrice": {
        "bid": 3312.43,
        "ask": 3312.93,
        "lastTraded": null
      },
      "lowPrice": {
        "bid": 3302.13,
        "ask": 3302.43,
        "lastTraded": null
      },
      "lastTradedVolume": 2316
    },
    {
      "snapshotTime": "2025:05:27-08:15:00",
      "openPrice": {
        "bid": 3308.58,
        "ask": 3309.08,
        "lastTraded": null
      },
      "closePrice": {
        "bid": 3304.78,
        "ask": 3305.28,
        "lastTraded": null
      },
      "highPrice": {
        "bid": 3310.35,
        "ask": 3310.7,
        "lastTraded": null
      },
      "lowPrice": {
        "bid": 3304.63,
        "ask": 3304.93,
        "lastTraded": null
      },
      "lastTradedVolume": 1537
    },
    {
      "snapshotTime": "2025:05:27-08:30:00",
      "openPrice": {
        "bid": 3304.68,
        "ask": 3305.08,
        "lastTraded": null
      },
      "closePrice": {
        "bid": 3309.7,
        "ask": 3310.2,
        "lastTraded": null
      },
      "highPrice": {
        "bid": 3310.68,
        "ask": 3310.98,
        "lastTraded": null
      },
      "lowPrice": {
        "bid": 3303.74,
        "ask": 3304.04,
        "lastTraded": null
      },
      "lastTradedVolume": 1193
    },
    {
      "snapshotTime": "2025:05:27-08:45:00",
      "openPrice": {
        "bid": 3309.75,
        "ask": 3310.25,
        "lastTraded": null
      },
      "closePrice": {
        "bid": 3296.08,
        "ask": 3296.58,
        "lastTraded": null
      },
      "highPrice": {
        "bid": 3311.28,
        "ask": 3311.65,
        "lastTraded": null
      },
      "lowPrice": {
        "bid": 3292.39,
        "ask": 3292.89,
        "lastTraded": null
      },
      "lastTradedVolume": 2330
    },
    {
      "snapshotTime": "2025:05:27-09:00:00",
      "openPrice": {
        "bid": 3296.23,
        "ask": 3296.53,
        "lastTraded": null
      },
      "closePrice": {
        "bid": 3305.63,
        "ask": 3305.93,
        "lastTraded": null
      },
      "highPrice": {
        "bid": 3310.33,
        "ask": 3310.76,
        "lastTraded": null
      },
      "lowPrice": {
        "bid": 3296.02,
        "ask": 3296.32,
        "lastTraded": null
      },
      "lastTradedVolume": 2898
    },
    {
      "snapshotTime": "2025:05:27-09:15:00",
      "openPrice": {
        "bid": 3305.62,
        "ask": 3306.12,
        "lastTraded": null
      },
      "closePrice": {
        "bid": 3306.93,
        "ask": 3307.43,
        "lastTraded": null
      },
      "highPrice": {
        "bid": 3308.25,
        "ask": 3308.75,
        "lastTraded": null
      },
      "lowPrice": {
        "bid": 3303.92,
        "ask": 3304.22,
        "lastTraded": null
      },
      "lastTradedVolume": 1154
    },
    {
      "snapshotTime": "2025:05:27-09:30:00",
      "openPrice": {
        "bid": 3306.88,
        "ask": 3307.38,
        "lastTraded": null
      },
      "closePrice": {
        "bid": 3299.82,
        "ask": 3300.12,
        "lastTraded": null
      },
      "highPrice": {
        "bid": 3307.23,
        "ask": 3307.68,
        "lastTraded": null
      },
      "lowPrice": {
        "bid": 3297.14,
        "ask": 3297.44,
        "lastTraded": null
      },
      "lastTradedVolume": 1849
    },
    {
      "snapshotTime": "2025:05:27-09:45:00",
      "openPrice": {
        "bid": 3299.58,
        "ask": 3300.08,
        "lastTraded": null
      },
      "closePrice": {
        "bid": 3298.36,
        "ask": 3298.86,
        "lastTraded": null
      },
      "highPrice": {
        "bid": 3302.16,
        "ask": 3302.53,
        "lastTraded": null
      },
      "lowPrice": {
        "bid": 3297.38,
        "ask": 3297.79,
        "lastTraded": null
      },
      "lastTradedVolume": 1404
    },
    {
      "snapshotTime": "2025:05:27-10:00:00",
      "openPrice": {
        "bid": 3298.3,
        "ask": 3298.8,
        "lastTraded": null
      },
      "closePrice": {
        "bid": 3306.02,
        "ask": 3306.52,
        "lastTraded": null
      },
      "highPrice": {
        "bid": 3309.62,
        "ask": 3310.0,
        "lastTraded": null
      },
      "lowPrice": {
        "bid": 3297.8,
        "ask": 3298.22,
        "lastTraded": null
      },
      "lastTradedVolume": 1823
    },
    {
      "snapshotTime": "2025:05:27-10:15:00",
      "openPrice": {
        "bid": 3305.93,
        "ask": 3306.43,
        "lastTraded": null
      },
      "closePrice": {
        "bid": 3301.33,
        "ask": 3301.83,
        "lastTraded": null
      },
      "highPrice": {
        "bid": 3306.03,
        "ask": 3306.43,
        "lastTraded": null
      },
      "lowPrice": {
        "bid": 3300.45,
        "ask": 3300.93,
        "lastTraded": null
      },
      "lastTradedVolume": 1161
    },
    {
      "snapshotTime": "2025:05:27-10:30:00",
      "openPrice": {
        "bid": 3301.04,
        "ask": 3301.54,
        "lastTraded": null
      },
      "closePrice": {
        "bid": 3296.13,
        "ask": 3296.63,
        "lastTraded": null
      },
      "highPrice": {
        "bid": 3301.33,
        "ask": 3301.73,
        "lastTraded": null
      },
      "lowPrice": {
        "bid": 3294.48,
        "ask": 3294.83,
        "lastTraded": null
      },
      "lastTradedVolume": 1601
    },
    {
      "snapshotTime": "2025:05:27-10:45:00",
      "openPrice": {
        "bid": 3296.21,
        "ask": 3296.71,
        "lastTraded": null
      },
      "closePrice": {
        "bid": 3296.13,
        "ask": 3296.43,
        "lastTraded": null
      },
      "highPrice": {
        "bid": 3298.49,
        "ask": 3298.99,
        "lastTraded": null
      },
      "lowPrice": {
        "bid": 3295.02,
        "ask": 3295.52,
        "lastTraded": null
      },
      "lastTradedVolume": 1373
    },
    {
      "snapshotTime": "2025:05:27-11:00:00",
      "openPrice": {
        "bid": 3296.03,
        "ask": 3296.33,
        "lastTraded": null
      },
      "closePrice": {
        "bid": 3296.68,
        "ask": 3297.18,
        "lastTraded": null
      },
      "highPrice": {
        "bid": 3299.48,
        "ask": 3299.98,
        "lastTraded": null
      },
      "lowPrice": {
        "bid": 3295.9,
        "ask": 3296.2,
        "lastTraded": null
      },
      "lastTradedVolume": 1005
    },
    {
      "snapshotTime": "2025:05:27-11:15:00",
      "openPrice": {
        "bid": 3296.59,
        "ask": 3297.09,
        "lastTraded": null
      },
      "closePrice": {
        "bid": 3294.58,
        "ask": 3295.08,
        "lastTraded": null
      },
      "highPrice": {
        "bid": 3298.93,
        "ask": 3299.23,
        "lastTraded": null
      },
      "lowPrice": {
        "bid": 3290.65,
        "ask": 3290.95,
        "lastTraded": null
      },
      "lastTradedVolume": 1644
    },
    {
      "snapshotTime": "2025:05:27-11:30:00",
      "openPrice": {
        "bid": 3294.52,
        "ask": 3295.02,
        "lastTraded": null
      },
      "closePrice": {
        "bid": 3295.88,
        "ask": 3296.38,
        "lastTraded": null
      },
      "highPrice": {
        "bid": 3297.83,
        "ask": 3298.13,
        "lastTraded": null
      },
      "lowPrice": {
        "bid": 3292.2,
        "ask": 3292.7,
        "lastTraded": null
      },
      "lastTradedVolume": 1401
    },
    {
      "snapshotTime": "2025:05:27-11:45:00",
      "openPrice": {
        "bid": 3295.86,
        "ask": 3296.36,
        "lastTraded": null
      },
      "closePrice": {
        "bid": 3293.07,
        "ask": 3293.57,
        "lastTraded": null
      },
      "highPrice": {
        "bid": 3297.08,
        "ask": 3297.38,
        "lastTraded": null
      },
      "lowPrice": {
        "bid": 3291.15,
        "ask": 3291.55,
        "lastTraded": null
      },
      "lastTradedVolume": 1445
    },
    {
      "snapshotTime": "2025:05:27-12:00:00",
      "openPrice": {
        "bid": 3293.26,
        "ask": 3293.76,
        "lastTraded": null
      },
      "closePrice": {
        "bid": 3293.4,
        "ask": 3293.7,
        "lastTraded": null
      },
      "highPrice": {
        "bid": 3298.06,
        "ask": 3298.44,
        "lastTraded": null
      },
      "lowPrice": {
        "bid": 3292.65,
        "ask": 3293.15,
        "lastTraded": null
      },
      "lastTradedVolume": 1438
    },
    {
      "snapshotTime": "2025:05:27-12:15:00",
      "openPrice": {
        "bid": 3293.46,
        "ask": 3293.76,
        "lastTraded": null
      },
      "closePrice": {
        "bid": 3290.1,
        "ask": 3290.6,
        "lastTraded": null
      },
      "highPrice": {
        "bid": 3293.91,
        "ask": 3294.25,
        "lastTraded": null
      },
      "lowPrice": {
        "bid": 3287.76,
        "ask": 3288.06,
        "lastTraded": null
      },
      "lastTradedVolume": 1428
    },
    {
      "snapshotTime": "2025:05:27-12:30:00",
      "openPrice": {
        "bid": 3290.25,
        "ask": 3290.55,
        "lastTraded": null
      },
      "closePrice": {
        "bid": 3291.63,
        "ask": 3292.13,
        "lastTraded": null
      },
      "highPrice": {
        "bid": 3293.66,
        "ask": 3293.97,
        "lastTraded": null
      },
      "lowPrice": {
        "bid": 3290.25,
        "ask": 3290.55,
        "lastTraded": null
      },
      "lastTradedVolume": 1446
    },
    {
      "snapshotTime": "2025:05:27-12:45:00",
      "openPrice": {
        "bid": 3291.53,
        "ask": 3292.03,
        "lastTraded": null
      },
      "closePrice": {
        "bid": 3288.33,
        "ask": 3288.63,
        "lastTraded": null
      },
      "highPrice": {
        "bid": 3293.66,
        "ask": 3293.96,
        "lastTraded": null
      },
      "lowPrice": {
        "bid": 3287.63,
        "ask": 3287.93,
        "lastTraded": null
      },
      "lastTradedVolume": 1634
    },
    {
      "snapshotTime": "2025:05:27-13:00:00",
      "openPrice": {
        "bid": 3288.34,
        "ask": 3288.64,
        "lastTraded": null
      },
      "closePrice": {
        "bid": 3294.11,
        "ask": 3294.41,
        "lastTraded": null
      },
      "highPrice": {
        "bid": 3294.3,
        "ask": 3294.6,
        "lastTraded": null
      },
      "lowPrice": {
        "bid": 3287.88,
        "ask": 3288.23,
        "lastTraded": null
      },
      "lastTradedVolume": 1977
    },
    {
      "snapshotTime": "2025:05:27-13:15:00",
      "openPrice": {
        "bid": 3293.96,
        "ask": 3294.46,
        "lastTraded": null
      },
      "closePrice": {
        "bid": 3293.95,
        "ask": 3296.63,
        "lastTraded": null
      },
      "highPrice": {
        "bid": 3297.82,
        "ask": 3298.12,
        "lastTraded": null
      },
      "lowPrice": {
        "bid": 3293.33,
        "ask": 3293.83,
        "lastTraded": null
      },
      "lastTradedVolume": 1674
    },
    {
      "snapshotTime": "2025:05:27-13:30:00",
      "openPrice": {
        "bid": 3294.01,
        "ask": 3296.39,
        "lastTraded": null
      },
      "closePrice": {
        "bid": 3294.46,
        "ask": 3294.76,
        "lastTraded": null
      },
      "highPrice": {
        "bid": 3297.16,
        "ask": 3297.46,
        "lastTraded": null
      },
      "lowPrice": {
        "bid": 3292.05,
        "ask": 3292.38,
        "lastTraded": null
      },
      "lastTradedVolume": 2004
    },
    {
      "snapshotTime": "2025:05:27-13:45:00",
      "openPrice": {
        "bid": 3294.31,
        "ask": 3294.81,
        "lastTraded": null
      },
      "closePrice": {
        "bid": 3293.7,
        "ask": 3294.0,
        "lastTraded": null
      },
      "highPrice": {
        "bid": 3296.21,
        "ask": 3296.51,
        "lastTraded": null
      },
      "lowPrice": {
        "bid": 3291.43,
        "ask": 3291.73,
        "lastTraded": null
      },
      "lastTradedVolume": 1968
    },
    {
      "snapshotTime": "2025:05:27-14:00:00",
      "openPrice": {
        "bid": 3293.69,
        "ask": 3293.99,
        "lastTraded": null
      },
      "closePrice": {
        "bid": 3298.16,
        "ask": 3298.46,
        "lastTraded": null
      },
      "highPrice": {
        "bid": 3299.35,
        "ask": 3299.7,
        "lastTraded": null
      },
      "lowPrice": {
        "bid": 3293.03,
        "ask": 3293.33,
        "lastTraded": null
      },
      "lastTradedVolume": 2683
    },
    {
      "snapshotTime": "2025:05:27-14:15:00",
      "openPrice": {
        "bid": 3297.93,
        "ask": 3298.23,
        "lastTraded": null
      },
      "closePrice": {
        "bid": 3296.43,
        "ask": 3296.73,
        "lastTraded": null
      },
      "highPrice": {
        "bid": 3298.64,
        "ask": 3299.01,
        "lastTraded": null
      },
      "lowPrice": {
        "bid": 3294.48,
        "ask": 3294.78,
        "lastTraded": null
      },
      "lastTradedVolume": 1713
    },
    {
      "snapshotTime": "2025:05:27-14:30:00",
      "openPrice": {
        "bid": 3296.42,
        "ask": 3296.72,
        "lastTraded": null
      },
      "closePrice": {
        "bid": 3300.78,
        "ask": 3301.08,
        "lastTraded": null
      },
      "highPrice": {
        "bid": 3304.88,
        "ask": 3305.18,
        "lastTraded": null
      },
      "lowPrice": {
        "bid": 3294.55,
        "ask": 3294.85,
        "lastTraded": null
      },
      "lastTradedVolume": 3615
    },
    {
      "snapshotTime": "2025:05:27-14:45:00",
      "openPrice": {
        "bid": 3300.81,
        "ask": 3301.11,
        "lastTraded": null
      },
      "closePrice": {
        "bid": 3293.51,
        "ask": 3293.81,
        "lastTraded": null
      },
      "highPrice": {
        "bid": 3302.73,
        "ask": 3303.03,
        "lastTraded": null
      },
      "lowPrice": {
        "bid": 3292.2,
        "ask": 3292.6,
        "lastTraded": null
      },
      "lastTradedVolume": 2374
    }
  ],
  "instrumentType": "CURRENCIES",
  "allowance": {
    "remainingAllowance": 9584,
    "totalAllowance": 10000,
    "allowanceExpiry": 515237
  }
}
[2025-05-27 14:57:22,066] INFO: Processing price data for GC
[2025-05-27 14:57:22,067] INFO: Processed 52 price points for GC
[2025-05-27 14:57:22,070] DEBUG: Strategy datapoints: <equitiestradingbot.interfaces.market_history.MarketHistory object at 0x10d6f3620>
[2025-05-27 14:57:22,089] INFO: Trade Analysis for CS.D.USCGC.TODAY.IP:
[2025-05-27 14:57:22,089] INFO: Latest Price: 3293.51000
[2025-05-27 14:57:22,089] INFO: MACD: -4.37884 (Signal: -6.12108)
[2025-05-27 14:57:22,089] INFO: RSI: 48.58
[2025-05-27 14:57:22,089] INFO: ADX: 47.33
[2025-05-27 14:57:22,089] INFO: Volume: 2374 (MA: 2220)
[2025-05-27 14:57:22,089] INFO: Checking for LONG signal...
[2025-05-27 14:57:22,089] INFO:   - ADX condition met (above 20)
[2025-05-27 14:57:22,089] INFO:   - Conditions met: 1/5
[2025-05-27 14:57:22,089] INFO: Checking for SHORT signal...
[2025-05-27 14:57:22,089] INFO:   - RSI condition met
[2025-05-27 14:57:22,089] INFO:   - ADX condition met (above 20)
[2025-05-27 14:57:22,089] INFO:   - Squeeze momentum condition met
[2025-05-27 14:57:22,090] INFO:   - Conditions met: 3/5
[2025-05-27 14:57:22,090] INFO: SHORT Signal Generated:
[2025-05-27 14:57:22,090] INFO:   - Price below SMA
[2025-05-27 14:57:22,090] INFO:   - MACD crossed down
[2025-05-27 14:57:22,090] INFO:   - RSI below 50
[2025-05-27 14:57:22,090] INFO:   - Volume above EMA
[2025-05-27 14:57:22,090] INFO:   - ADX conditions met
[2025-05-27 14:57:22,090] INFO: Attempting to place trade with data: {
  "direction": "SELL",
  "epic": "CS.D.USCGC.TODAY.IP",
  "limitLevel": 3270.782321428572,
  "orderType": "MARKET",
  "size": 10,
  "stopLevel": 3302.6010714285717,
  "forceOpen": true,
  "expiry": "DFB",
  "guaranteedStop": false,
  "currencyCode": "GBP"
}
[2025-05-27 14:57:22,091] DEBUG: Starting new HTTPS connection (1): demo-api.ig.com:443
[2025-05-27 14:57:22,202] DEBUG: https://demo-api.ig.com:443 "POST /gateway/deal/positions/otc HTTP/1.1" 200 35
[2025-05-27 14:57:25,234] DEBUG: Starting new HTTPS connection (1): demo-api.ig.com:443
[2025-05-27 14:57:25,332] DEBUG: https://demo-api.ig.com:443 "GET /gateway/deal/confirms/MV334U2735UTYPT HTTP/1.1" 200 474
[2025-05-27 14:57:25,334] INFO: Order confirmation response: {
  "date": "2025-05-27T13:57:22.23",
  "status": "OPEN",
  "reason": "SUCCESS",
  "dealStatus": "ACCEPTED",
  "epic": "CS.D.USCGC.TODAY.IP",
  "expiry": "DFB",
  "dealReference": "MV334U2735UTYPT",
  "dealId": "DIAAAATXK6TXUBB",
  "affectedDeals": [
    {
      "dealId": "DIAAAATXK6TXUBB",
      "status": "OPENED"
    }
  ],
  "level": 3293.59,
  "size": 10.0,
  "direction": "SELL",
  "stopLevel": 3302.601,
  "limitLevel": 3270.7822,
  "stopDistance": null,
  "limitDistance": null,
  "guaranteedStop": false,
  "trailingStop": false,
  "profit": null,
  "profitCurrency": null
}
[2025-05-27 14:57:25,334] INFO: Order SELL for CS.D.USCGC.TODAY.IP confirmed with limit=3270.782321428572 and stop=3302.6010714285717
[2025-05-27 14:57:28,365] DEBUG: Starting new HTTPS connection (1): demo-api.ig.com:443
[2025-05-27 14:57:28,432] DEBUG: https://demo-api.ig.com:443 "GET /gateway/deal/markets/ HTTP/1.1" 500 77
[2025-05-27 14:57:28,433] ERROR: HTTP request returned 500
[2025-05-27 14:57:28,433] INFO: Finished processing all markets in the source
[2025-05-27 14:57:28,434] INFO: Resetting MarketProvider
[2025-05-27 14:57:28,436] INFO: Wait for 0.08 hours...
