[2025-05-08 18:55:47,044] INFO: Logging to file: /Users/e1/Documents/equitiestradingbot/log/trading_bot_2025-05-08T18_55_47_044615.log
[2025-05-08 18:55:47,045] INFO: Initialising IGInterface...
[2025-05-08 18:55:47,050] DEBUG: Starting new HTTPS connection (1): demo-api.ig.com:443
[2025-05-08 18:55:47,208] DEBUG: https://demo-api.ig.com:443 "POST /gateway/deal/session HTTP/1.1" 200 611
[2025-05-08 18:55:47,210] DEBUG: Starting new HTTPS connection (1): demo-api.ig.com:443
[2025-05-08 18:55:47,256] DEBUG: https://demo-api.ig.com:443 "PUT /gateway/deal/session HTTP/1.1" 412 56
[2025-05-08 18:55:47,257] INFO: Account is already set as default
[2025-05-08 18:55:47,257] INFO: Using stock interface: IGInterface
[2025-05-08 18:55:47,257] INFO: Simple MACD strategy initialised.
[2025-05-08 18:55:47,258] INFO: Performing a single iteration of the market source
[2025-05-08 18:55:50,276] DEBUG: Starting new HTTPS connection (1): demo-api.ig.com:443
[2025-05-08 18:55:50,329] DEBUG: https://demo-api.ig.com:443 "GET /gateway/deal/positions HTTP/1.1" 200 16
[2025-05-08 18:55:50,331] DEBUG: Raw positions response: {
  "positions": []
}
[2025-05-08 18:55:50,331] INFO: Starting to process market source
[2025-05-08 18:55:53,467] DEBUG: Starting new HTTPS connection (1): demo-api.ig.com:443
[2025-05-08 18:55:53,526] DEBUG: https://demo-api.ig.com:443 "GET /gateway/deal/markets/CS.D.CFPGOLD.CFP.IP HTTP/1.1" 200 1563
[2025-05-08 18:55:56,557] DEBUG: Starting new HTTPS connection (1): demo-api.ig.com:443
[2025-05-08 18:55:56,633] DEBUG: https://demo-api.ig.com:443 "GET /gateway/deal/positions HTTP/1.1" 200 16
[2025-05-08 18:55:56,634] DEBUG: Raw positions response: {
  "positions": []
}
[2025-05-08 18:55:59,651] DEBUG: Starting new HTTPS connection (1): demo-api.ig.com:443
[2025-05-08 18:55:59,729] DEBUG: https://demo-api.ig.com:443 "GET /gateway/deal/accounts HTTP/1.1" 200 550
[2025-05-08 18:55:59,774] INFO: Processing GC
[2025-05-08 18:55:59,774] CRITICAL: CRITICAL: get_prices method called
[2025-05-08 18:55:59,774] INFO: Fetching price data from URL: https://demo-api.ig.com/gateway/deal/prices/CS.D.CFPGOLD.CFP.IP/DAY/26
