[2025-06-20 09:05:44,476] INFO: Initialising IGInterface...
[2025-06-20 09:05:44,477] INFO: Attempting authentication to URL: https://demo-api.ig.com/gateway/deal/session
[2025-06-20 09:05:44,477] INFO: Using API Key: 43c58bfd6f5ead3ac4d803d18f883db5857c9631
[2025-06-20 09:05:44,477] INFO: Using Account ID: Z5YISO
[2025-06-20 09:05:44,483] DEBUG: Starting new HTTPS connection (1): demo-api.ig.com:443
[2025-06-20 09:05:44,688] DEBUG: https://demo-api.ig.com:443 "POST /gateway/deal/session HTTP/1.1" 200 619
[2025-06-20 09:05:44,689] INFO: Successfully obtained authentication tokens
[2025-06-20 09:05:44,690] DEBUG: Starting new HTTPS connection (1): demo-api.ig.com:443
[2025-06-20 09:05:44,790] DEBUG: https://demo-api.ig.com:443 "PUT /gateway/deal/session HTTP/1.1" 412 56
[2025-06-20 09:05:44,792] INFO: Account is already set as default
[2025-06-20 09:05:44,793] INFO: Using stock interface: IGInterface
[2025-06-20 09:05:44,793] INFO: Advanced Momentum Strategy initialised
[2025-06-20 09:05:44,797] INFO: Advanced Momentum Strategy created
[2025-06-20 09:05:47,823] DEBUG: Starting new HTTPS connection (1): demo-api.ig.com:443
[2025-06-20 09:05:47,914] DEBUG: https://demo-api.ig.com:443 "GET /gateway/deal/positions HTTP/1.1" 200 16
[2025-06-20 09:05:47,915] DEBUG: Raw positions response: {
  "positions": []
}
[2025-06-20 09:05:47,915] INFO: Starting to process market source
[2025-06-20 09:05:50,935] DEBUG: Starting new HTTPS connection (1): demo-api.ig.com:443
[2025-06-20 09:05:51,004] DEBUG: https://demo-api.ig.com:443 "GET /gateway/deal/positions HTTP/1.1" 200 16
[2025-06-20 09:05:51,006] DEBUG: Raw positions response: {
  "positions": []
}
[2025-06-20 09:05:54,039] DEBUG: Starting new HTTPS connection (1): demo-api.ig.com:443
[2025-06-20 09:05:54,144] DEBUG: https://demo-api.ig.com:443 "GET /gateway/deal/markets/CS.D.USCGC.TODAY.IP HTTP/1.1" 200 2028
[2025-06-20 09:05:57,177] DEBUG: Starting new HTTPS connection (1): demo-api.ig.com:443
[2025-06-20 09:05:57,286] DEBUG: https://demo-api.ig.com:443 "GET /gateway/deal/accounts HTTP/1.1" 200 552
[2025-06-20 09:05:57,377] INFO: Processing GC
[2025-06-20 09:05:57,378] CRITICAL: CRITICAL: get_prices method called
[2025-06-20 09:05:57,378] INFO: Fetching price data from URL: https://demo-api.ig.com/gateway/deal/prices/CS.D.USCGC.TODAY.IP/MINUTE_15/52
[2025-06-20 09:06:00,418] DEBUG: Starting new HTTPS connection (1): demo-api.ig.com:443
[2025-06-20 09:06:00,506] DEBUG: https://demo-api.ig.com:443 "GET /gateway/deal/prices/CS.D.USCGC.TODAY.IP/MINUTE_15/52 HTTP/1.1" 200 15853
[2025-06-20 09:06:00,509] DEBUG: Raw price data: {
  "prices": [
    {
      "snapshotTime": "2025:06:19-16:45:00",
      "openPrice": {
        "bid": 3367.12,
        "ask": 3367.62,
        "lastTraded": null
      },
      "closePrice": {
        "bid": 3369.02,
        "ask": 3369.52,
        "lastTraded": null
      },
      "highPrice": {
        "bid": 3371.79,
        "ask": 3373.41,
        "lastTraded": null
      },
      "lowPrice": {
        "bid": 3365.22,
        "ask": 3365.72,
        "lastTraded": null
      },
      "lastTradedVolume": 1586
    },
    {
      "snapshotTime": "2025:06:19-17:00:00",
      "openPrice": {
        "bid": 3369.04,
        "ask": 3369.54,
        "lastTraded": null
      },
      "closePrice": {
        "bid": 3367.3,
        "ask": 3367.8,
        "lastTraded": null
      },
      "highPrice": {
        "bid": 3369.37,
        "ask": 3369.87,
        "lastTraded": null
      },
      "lowPrice": {
        "bid": 3367.11,
        "ask": 3367.61,
        "lastTraded": null
      },
      "lastTradedVolume": 673
    },
    {
      "snapshotTime": "2025:06:19-17:15:00",
      "openPrice": {
        "bid": 3366.53,
        "ask": 3367.03,
        "lastTraded": null
      },
      "closePrice": {
        "bid": 3369.74,
        "ask": 3370.24,
        "lastTraded": null
      },
      "highPrice": {
        "bid": 3371.57,
        "ask": 3372.07,
        "lastTraded": null
      },
      "lowPrice": {
        "bid": 3365.91,
        "ask": 3366.41,
        "lastTraded": null
      },
      "lastTradedVolume": 1170
    },
    {
      "snapshotTime": "2025:06:19-17:30:00",
      "openPrice": {
        "bid": 3369.78,
        "ask": 3370.28,
        "lastTraded": null
      },
      "closePrice": {
        "bid": 3369.42,
        "ask": 3369.92,
        "lastTraded": null
      },
      "highPrice": {
        "bid": 3370.33,
        "ask": 3370.83,
        "lastTraded": null
      },
      "lowPrice": {
        "bid": 3366.64,
        "ask": 3367.14,
        "lastTraded": null
      },
      "lastTradedVolume": 909
    },
    {
      "snapshotTime": "2025:06:19-17:45:00",
      "openPrice": {
        "bid": 3369.39,
        "ask": 3369.89,
        "lastTraded": null
      },
      "closePrice": {
        "bid": 3370.86,
        "ask": 3371.36,
        "lastTraded": null
      },
      "highPrice": {
        "bid": 3371.52,
        "ask": 3372.02,
        "lastTraded": null
      },
      "lowPrice": {
        "bid": 3369.14,
        "ask": 3369.64,
        "lastTraded": null
      },
      "lastTradedVolume": 756
    },
    {
      "snapshotTime": "2025:06:19-18:00:00",
      "openPrice": {
        "bid": 3370.76,
        "ask": 3371.26,
        "lastTraded": null
      },
      "closePrice": {
        "bid": 3373.26,
        "ask": 3373.76,
        "lastTraded": null
      },
      "highPrice": {
        "bid": 3373.9,
        "ask": 3374.4,
        "lastTraded": null
      },
      "lowPrice": {
        "bid": 3369.7,
        "ask": 3371.26,
        "lastTraded": null
      },
      "lastTradedVolume": 657
    },
    {
      "snapshotTime": "2025:06:19-18:15:00",
      "openPrice": {
        "bid": 3373.23,
        "ask": 3373.73,
        "lastTraded": null
      },
      "closePrice": {
        "bid": 3372.66,
        "ask": 3374.9,
        "lastTraded": null
      },
      "highPrice": {
        "bid": 3375.26,
        "ask": 3376.78,
        "lastTraded": null
      },
      "lowPrice": {
        "bid": 3372.19,
        "ask": 3373.14,
        "lastTraded": null
      },
      "lastTradedVolume": 745
    },
    {
      "snapshotTime": "2025:06:19-18:30:00",
      "openPrice": {
        "bid": 3372.69,
        "ask": 3374.89,
        "lastTraded": null
      },
      "closePrice": {
        "bid": 3366.19,
        "ask": 3366.69,
        "lastTraded": null
      },
      "highPrice": {
        "bid": 3372.9,
        "ask": 3374.89,
        "lastTraded": null
      },
      "lowPrice": {
        "bid": 3365.8,
        "ask": 3366.3,
        "lastTraded": null
      },
      "lastTradedVolume": 980
    },
    {
      "snapshotTime": "2025:06:19-18:45:00",
      "openPrice": {
        "bid": 3366.15,
        "ask": 3366.65,
        "lastTraded": null
      },
      "closePrice": {
        "bid": 3368.1,
        "ask": 3368.6,
        "lastTraded": null
      },
      "highPrice": {
        "bid": 3369.52,
        "ask": 3370.02,
        "lastTraded": null
      },
      "lowPrice": {
        "bid": 3365.82,
        "ask": 3366.32,
        "lastTraded": null
      },
      "lastTradedVolume": 471
    },
    {
      "snapshotTime": "2025:06:19-19:00:00",
      "openPrice": {
        "bid": 3368.07,
        "ask": 3368.57,
        "lastTraded": null
      },
      "closePrice": {
        "bid": 3369.38,
        "ask": 3369.88,
        "lastTraded": null
      },
      "highPrice": {
        "bid": 3370.04,
        "ask": 3370.54,
        "lastTraded": null
      },
      "lowPrice": {
        "bid": 3366.46,
        "ask": 3366.96,
        "lastTraded": null
      },
      "lastTradedVolume": 520
    },
    {
      "snapshotTime": "2025:06:19-19:15:00",
      "openPrice": {
        "bid": 3369.33,
        "ask": 3369.83,
        "lastTraded": null
      },
      "closePrice": {
        "bid": 3370.44,
        "ask": 3370.94,
        "lastTraded": null
      },
      "highPrice": {
        "bid": 3371.21,
        "ask": 3371.71,
        "lastTraded": null
      },
      "lowPrice": {
        "bid": 3369.33,
        "ask": 3369.83,
        "lastTraded": null
      },
      "lastTradedVolume": 425
    },
    {
      "snapshotTime": "2025:06:19-23:00:00",
      "openPrice": {
        "bid": 3369.68,
        "ask": 3370.18,
        "lastTraded": null
      },
      "closePrice": {
        "bid": 3364.68,
        "ask": 3365.18,
        "lastTraded": null
      },
      "highPrice": {
        "bid": 3370.18,
        "ask": 3371.01,
        "lastTraded": null
      },
      "lowPrice": {
        "bid": 3361.88,
        "ask": 3362.18,
        "lastTraded": null
      },
      "lastTradedVolume": 489
    },
    {
      "snapshotTime": "2025:06:19-23:15:00",
      "openPrice": {
        "bid": 3364.58,
        "ask": 3364.88,
        "lastTraded": null
      },
      "closePrice": {
        "bid": 3366.33,
        "ask": 3366.83,
        "lastTraded": null
      },
      "highPrice": {
        "bid": 3367.48,
        "ask": 3367.78,
        "lastTraded": null
      },
      "lowPrice": {
        "bid": 3363.75,
        "ask": 3364.2,
        "lastTraded": null
      },
      "lastTradedVolume": 444
    },
    {
      "snapshotTime": "2025:06:19-23:30:00",
      "openPrice": {
        "bid": 3366.38,
        "ask": 3366.68,
        "lastTraded": null
      },
      "closePrice": {
        "bid": 3364.25,
        "ask": 3364.75,
        "lastTraded": null
      },
      "highPrice": {
        "bid": 3366.88,
        "ask": 3367.18,
        "lastTraded": null
      },
      "lowPrice": {
        "bid": 3362.18,
        "ask": 3362.58,
        "lastTraded": null
      },
      "lastTradedVolume": 653
    },
    {
      "snapshotTime": "2025:06:19-23:45:00",
      "openPrice": {
        "bid": 3364.2,
        "ask": 3364.7,
        "lastTraded": null
      },
      "closePrice": {
        "bid": 3365.58,
        "ask": 3365.88,
        "lastTraded": null
      },
      "highPrice": {
        "bid": 3365.68,
        "ask": 3366.18,
        "lastTraded": null
      },
      "lowPrice": {
        "bid": 3363.85,
        "ask": 3364.33,
        "lastTraded": null
      },
      "lastTradedVolume": 333
    },
    {
      "snapshotTime": "2025:06:20-00:00:00",
      "openPrice": {
        "bid": 3365.63,
        "ask": 3366.13,
        "lastTraded": null
      },
      "closePrice": {
        "bid": 3366.43,
        "ask": 3366.93,
        "lastTraded": null
      },
      "highPrice": {
        "bid": 3366.56,
        "ask": 3366.93,
        "lastTraded": null
      },
      "lowPrice": {
        "bid": 3363.53,
        "ask": 3363.88,
        "lastTraded": null
      },
      "lastTradedVolume": 351
    },
    {
      "snapshotTime": "2025:06:20-00:15:00",
      "openPrice": {
        "bid": 3366.33,
        "ask": 3366.83,
        "lastTraded": null
      },
      "closePrice": {
        "bid": 3368.23,
        "ask": 3368.73,
        "lastTraded": null
      },
      "highPrice": {
        "bid": 3370.38,
        "ask": 3370.83,
        "lastTraded": null
      },
      "lowPrice": {
        "bid": 3366.33,
        "ask": 3366.83,
        "lastTraded": null
      },
      "lastTradedVolume": 513
    },
    {
      "snapshotTime": "2025:06:20-00:30:00",
      "openPrice": {
        "bid": 3368.33,
        "ask": 3368.63,
        "lastTraded": null
      },
      "closePrice": {
        "bid": 3367.13,
        "ask": 3367.63,
        "lastTraded": null
      },
      "highPrice": {
        "bid": 3368.58,
        "ask": 3369.08,
        "lastTraded": null
      },
      "lowPrice": {
        "bid": 3365.33,
        "ask": 3365.73,
        "lastTraded": null
      },
      "lastTradedVolume": 494
    },
    {
      "snapshotTime": "2025:06:20-00:45:00",
      "openPrice": {
        "bid": 3367.18,
        "ask": 3367.68,
        "lastTraded": null
      },
      "closePrice": {
        "bid": 3368.63,
        "ask": 3369.13,
        "lastTraded": null
      },
      "highPrice": {
        "bid": 3370.08,
        "ask": 3370.43,
        "lastTraded": null
      },
      "lowPrice": {
        "bid": 3367.18,
        "ask": 3367.68,
        "lastTraded": null
      },
      "lastTradedVolume": 686
    },
    {
      "snapshotTime": "2025:06:20-01:00:00",
      "openPrice": {
        "bid": 3368.53,
        "ask": 3369.03,
        "lastTraded": null
      },
      "closePrice": {
        "bid": 3368.33,
        "ask": 3368.63,
        "lastTraded": null
      },
      "highPrice": {
        "bid": 3370.33,
        "ask": 3370.63,
        "lastTraded": null
      },
      "lowPrice": {
        "bid": 3366.83,
        "ask": 3367.18,
        "lastTraded": null
      },
      "lastTradedVolume": 876
    },
    {
      "snapshotTime": "2025:06:20-01:15:00",
      "openPrice": {
        "bid": 3368.38,
        "ask": 3368.68,
        "lastTraded": null
      },
      "closePrice": {
        "bid": 3365.68,
        "ask": 3366.18,
        "lastTraded": null
      },
      "highPrice": {
        "bid": 3368.88,
        "ask": 3369.23,
        "lastTraded": null
      },
      "lowPrice": {
        "bid": 3365.53,
        "ask": 3365.83,
        "lastTraded": null
      },
      "lastTradedVolume": 582
    },
    {
      "snapshotTime": "2025:06:20-01:30:00",
      "openPrice": {
        "bid": 3365.63,
        "ask": 3366.13,
        "lastTraded": null
      },
      "closePrice": {
        "bid": 3365.98,
        "ask": 3366.28,
        "lastTraded": null
      },
      "highPrice": {
        "bid": 3366.88,
        "ask": 3367.23,
        "lastTraded": null
      },
      "lowPrice": {
        "bid": 3364.58,
        "ask": 3364.93,
        "lastTraded": null
      },
      "lastTradedVolume": 564
    },
    {
      "snapshotTime": "2025:06:20-01:45:00",
      "openPrice": {
        "bid": 3366.08,
        "ask": 3366.38,
        "lastTraded": null
      },
      "closePrice": {
        "bid": 3368.08,
        "ask": 3368.38,
        "lastTraded": null
      },
      "highPrice": {
        "bid": 3369.2,
        "ask": 3369.5,
        "lastTraded": null
      },
      "lowPrice": {
        "bid": 3364.55,
        "ask": 3364.95,
        "lastTraded": null
      },
      "lastTradedVolume": 921
    },
    {
      "snapshotTime": "2025:06:20-02:00:00",
      "openPrice": {
        "bid": 3368.18,
        "ask": 3368.48,
        "lastTraded": null
      },
      "closePrice": {
        "bid": 3359.14,
        "ask": 3359.44,
        "lastTraded": null
      },
      "highPrice": {
        "bid": 3368.28,
        "ask": 3368.63,
        "lastTraded": null
      },
      "lowPrice": {
        "bid": 3358.8,
        "ask": 3359.1,
        "lastTraded": null
      },
      "lastTradedVolume": 1444
    },
    {
      "snapshotTime": "2025:06:20-02:15:00",
      "openPrice": {
        "bid": 3359.09,
        "ask": 3359.39,
        "lastTraded": null
      },
      "closePrice": {
        "bid": 3361.55,
        "ask": 3362.05,
        "lastTraded": null
      },
      "highPrice": {
        "bid": 3362.82,
        "ask": 3363.18,
        "lastTraded": null
      },
      "lowPrice": {
        "bid": 3357.31,
        "ask": 3357.71,
        "lastTraded": null
      },
      "lastTradedVolume": 1594
    },
    {
      "snapshotTime": "2025:06:20-02:30:00",
      "openPrice": {
        "bid": 3361.7,
        "ask": 3362.2,
        "lastTraded": null
      },
      "closePrice": {
        "bid": 3361.08,
        "ask": 3361.58,
        "lastTraded": null
      },
      "highPrice": {
        "bid": 3362.88,
        "ask": 3363.18,
        "lastTraded": null
      },
      "lowPrice": {
        "bid": 3359.05,
        "ask": 3359.43,
        "lastTraded": null
      },
      "lastTradedVolume": 942
    },
    {
      "snapshotTime": "2025:06:20-02:45:00",
      "openPrice": {
        "bid": 3361.23,
        "ask": 3361.53,
        "lastTraded": null
      },
      "closePrice": {
        "bid": 3356.33,
        "ask": 3356.83,
        "lastTraded": null
      },
      "highPrice": {
        "bid": 3364.36,
        "ask": 3364.76,
        "lastTraded": null
      },
      "lowPrice": {
        "bid": 3356.08,
        "ask": 3356.38,
        "lastTraded": null
      },
      "lastTradedVolume": 1166
    },
    {
      "snapshotTime": "2025:06:20-03:00:00",
      "openPrice": {
        "bid": 3356.38,
        "ask": 3356.68,
        "lastTraded": null
      },
      "closePrice": {
        "bid": 3356.08,
        "ask": 3356.38,
        "lastTraded": null
      },
      "highPrice": {
        "bid": 3360.56,
        "ask": 3360.91,
        "lastTraded": null
      },
      "lowPrice": {
        "bid": 3355.75,
        "ask": 3356.13,
        "lastTraded": null
      },
      "lastTradedVolume": 1140
    },
    {
      "snapshotTime": "2025:06:20-03:15:00",
      "openPrice": {
        "bid": 3356.13,
        "ask": 3356.58,
        "lastTraded": null
      },
      "closePrice": {
        "bid": 3357.23,
        "ask": 3357.53,
        "lastTraded": null
      },
      "highPrice": {
        "bid": 3358.38,
        "ask": 3358.73,
        "lastTraded": null
      },
      "lowPrice": {
        "bid": 3355.68,
        "ask": 3356.08,
        "lastTraded": null
      },
      "lastTradedVolume": 638
    },
    {
      "snapshotTime": "2025:06:20-03:30:00",
      "openPrice": {
        "bid": 3357.28,
        "ask": 3357.58,
        "lastTraded": null
      },
      "closePrice": {
        "bid": 3356.28,
        "ask": 3356.78,
        "lastTraded": null
      },
      "highPrice": {
        "bid": 3357.98,
        "ask": 3358.28,
        "lastTraded": null
      },
      "lowPrice": {
        "bid": 3352.83,
        "ask": 3353.18,
        "lastTraded": null
      },
      "lastTradedVolume": 1673
    },
    {
      "snapshotTime": "2025:06:20-03:45:00",
      "openPrice": {
        "bid": 3356.18,
        "ask": 3356.68,
        "lastTraded": null
      },
      "closePrice": {
        "bid": 3352.28,
        "ask": 3352.78,
        "lastTraded": null
      },
      "highPrice": {
        "bid": 3356.8,
        "ask": 3357.3,
        "lastTraded": null
      },
      "lowPrice": {
        "bid": 3351.45,
        "ask": 3351.95,
        "lastTraded": null
      },
      "lastTradedVolume": 1302
    },
    {
      "snapshotTime": "2025:06:20-04:00:00",
      "openPrice": {
        "bid": 3352.38,
        "ask": 3352.88,
        "lastTraded": null
      },
      "closePrice": {
        "bid": 3346.68,
        "ask": 3346.98,
        "lastTraded": null
      },
      "highPrice": {
        "bid": 3354.07,
        "ask": 3354.37,
        "lastTraded": null
      },
      "lowPrice": {
        "bid": 3344.55,
        "ask": 3345.05,
        "lastTraded": null
      },
      "lastTradedVolume": 1712
    },
    {
      "snapshotTime": "2025:06:20-04:15:00",
      "openPrice": {
        "bid": 3346.63,
        "ask": 3346.93,
        "lastTraded": null
      },
      "closePrice": {
        "bid": 3352.48,
        "ask": 3352.78,
        "lastTraded": null
      },
      "highPrice": {
        "bid": 3352.73,
        "ask": 3353.08,
        "lastTraded": null
      },
      "lowPrice": {
        "bid": 3346.3,
        "ask": 3346.68,
        "lastTraded": null
      },
      "lastTradedVolume": 1296
    },
    {
      "snapshotTime": "2025:06:20-04:30:00",
      "openPrice": {
        "bid": 3352.53,
        "ask": 3352.83,
        "lastTraded": null
      },
      "closePrice": {
        "bid": 3354.6,
        "ask": 3355.1,
        "lastTraded": null
      },
      "highPrice": {
        "bid": 3355.18,
        "ask": 3355.61,
        "lastTraded": null
      },
      "lowPrice": {
        "bid": 3350.83,
        "ask": 3351.2,
        "lastTraded": null
      },
      "lastTradedVolume": 1182
    },
    {
      "snapshotTime": "2025:06:20-04:45:00",
      "openPrice": {
        "bid": 3354.63,
        "ask": 3355.13,
        "lastTraded": null
      },
      "closePrice": {
        "bid": 3355.42,
        "ask": 3355.92,
        "lastTraded": null
      },
      "highPrice": {
        "bid": 3356.27,
        "ask": 3356.57,
        "lastTraded": null
      },
      "lowPrice": {
        "bid": 3352.63,
        "ask": 3353.03,
        "lastTraded": null
      },
      "lastTradedVolume": 879
    },
    {
      "snapshotTime": "2025:06:20-05:00:00",
      "openPrice": {
        "bid": 3355.38,
        "ask": 3355.68,
        "lastTraded": null
      },
      "closePrice": {
        "bid": 3355.28,
        "ask": 3355.78,
        "lastTraded": null
      },
      "highPrice": {
        "bid": 3355.63,
        "ask": 3355.94,
        "lastTraded": null
      },
      "lowPrice": {
        "bid": 3353.88,
        "ask": 3354.18,
        "lastTraded": null
      },
      "lastTradedVolume": 740
    },
    {
      "snapshotTime": "2025:06:20-05:15:00",
      "openPrice": {
        "bid": 3355.33,
        "ask": 3355.63,
        "lastTraded": null
      },
      "closePrice": {
        "bid": 3356.43,
        "ask": 3356.93,
        "lastTraded": null
      },
      "highPrice": {
        "bid": 3357.08,
        "ask": 3357.58,
        "lastTraded": null
      },
      "lowPrice": {
        "bid": 3353.98,
        "ask": 3354.38,
        "lastTraded": null
      },
      "lastTradedVolume": 474
    },
    {
      "snapshotTime": "2025:06:20-05:30:00",
      "openPrice": {
        "bid": 3356.58,
        "ask": 3356.88,
        "lastTraded": null
      },
      "closePrice": {
        "bid": 3357.18,
        "ask": 3357.48,
        "lastTraded": null
      },
      "highPrice": {
        "bid": 3357.66,
        "ask": 3357.96,
        "lastTraded": null
      },
      "lowPrice": {
        "bid": 3355.98,
        "ask": 3356.43,
        "lastTraded": null
      },
      "lastTradedVolume": 403
    },
    {
      "snapshotTime": "2025:06:20-05:45:00",
      "openPrice": {
        "bid": 3357.08,
        "ask": 3357.58,
        "lastTraded": null
      },
      "closePrice": {
        "bid": 3354.1,
        "ask": 3354.6,
        "lastTraded": null
      },
      "highPrice": {
        "bid": 3357.43,
        "ask": 3357.93,
        "lastTraded": null
      },
      "lowPrice": {
        "bid": 3352.33,
        "ask": 3352.78,
        "lastTraded": null
      },
      "lastTradedVolume": 655
    },
    {
      "snapshotTime": "2025:06:20-06:00:00",
      "openPrice": {
        "bid": 3354.15,
        "ask": 3354.65,
        "lastTraded": null
      },
      "closePrice": {
        "bid": 3352.68,
        "ask": 3353.18,
        "lastTraded": null
      },
      "highPrice": {
        "bid": 3355.08,
        "ask": 3355.38,
        "lastTraded": null
      },
      "lowPrice": {
        "bid": 3352.08,
        "ask": 3352.43,
        "lastTraded": null
      },
      "lastTradedVolume": 495
    },
    {
      "snapshotTime": "2025:06:20-06:15:00",
      "openPrice": {
        "bid": 3352.63,
        "ask": 3353.13,
        "lastTraded": null
      },
      "closePrice": {
        "bid": 3349.13,
        "ask": 3349.43,
        "lastTraded": null
      },
      "highPrice": {
        "bid": 3353.23,
        "ask": 3353.68,
        "lastTraded": null
      },
      "lowPrice": {
        "bid": 3349.03,
        "ask": 3349.43,
        "lastTraded": null
      },
      "lastTradedVolume": 601
    },
    {
      "snapshotTime": "2025:06:20-06:30:00",
      "openPrice": {
        "bid": 3348.63,
        "ask": 3349.13,
        "lastTraded": null
      },
      "closePrice": {
        "bid": 3349.48,
        "ask": 3349.98,
        "lastTraded": null
      },
      "highPrice": {
        "bid": 3352.8,
        "ask": 3353.1,
        "lastTraded": null
      },
      "lowPrice": {
        "bid": 3346.45,
        "ask": 3346.85,
        "lastTraded": null
      },
      "lastTradedVolume": 1468
    },
    {
      "snapshotTime": "2025:06:20-06:45:00",
      "openPrice": {
        "bid": 3349.38,
        "ask": 3349.88,
        "lastTraded": null
      },
      "closePrice": {
        "bid": 3344.63,
        "ask": 3344.93,
        "lastTraded": null
      },
      "highPrice": {
        "bid": 3349.83,
        "ask": 3350.18,
        "lastTraded": null
      },
      "lowPrice": {
        "bid": 3342.67,
        "ask": 3342.98,
        "lastTraded": null
      },
      "lastTradedVolume": 1316
    },
    {
      "snapshotTime": "2025:06:20-07:00:00",
      "openPrice": {
        "bid": 3344.43,
        "ask": 3344.63,
        "lastTraded": null
      },
      "closePrice": {
        "bid": 3348.06,
        "ask": 3348.36,
        "lastTraded": null
      },
      "highPrice": {
        "bid": 3348.16,
        "ask": 3349.08,
        "lastTraded": null
      },
      "lowPrice": {
        "bid": 3342.03,
        "ask": 3342.33,
        "lastTraded": null
      },
      "lastTradedVolume": 1344
    },
    {
      "snapshotTime": "2025:06:20-07:15:00",
      "openPrice": {
        "bid": 3348.01,
        "ask": 3348.31,
        "lastTraded": null
      },
      "closePrice": {
        "bid": 3343.93,
        "ask": 3344.43,
        "lastTraded": null
      },
      "highPrice": {
        "bid": 3348.55,
        "ask": 3348.85,
        "lastTraded": null
      },
      "lowPrice": {
        "bid": 3343.28,
        "ask": 3343.63,
        "lastTraded": null
      },
      "lastTradedVolume": 1155
    },
    {
      "snapshotTime": "2025:06:20-07:30:00",
      "openPrice": {
        "bid": 3344.13,
        "ask": 3344.48,
        "lastTraded": null
      },
      "closePrice": {
        "bid": 3340.83,
        "ask": 3341.13,
        "lastTraded": null
      },
      "highPrice": {
        "bid": 3345.02,
        "ask": 3345.32,
        "lastTraded": null
      },
      "lowPrice": {
        "bid": 3340.28,
        "ask": 3340.58,
        "lastTraded": null
      },
      "lastTradedVolume": 1382
    },
    {
      "snapshotTime": "2025:06:20-07:45:00",
      "openPrice": {
        "bid": 3340.88,
        "ask": 3341.18,
        "lastTraded": null
      },
      "closePrice": {
        "bid": 3345.2,
        "ask": 3345.5,
        "lastTraded": null
      },
      "highPrice": {
        "bid": 3345.94,
        "ask": 3346.24,
        "lastTraded": null
      },
      "lowPrice": {
        "bid": 3340.57,
        "ask": 3340.93,
        "lastTraded": null
      },
      "lastTradedVolume": 1026
    },
    {
      "snapshotTime": "2025:06:20-08:00:00",
      "openPrice": {
        "bid": 3345.1,
        "ask": 3345.4,
        "lastTraded": null
      },
      "closePrice": {
        "bid": 3352.93,
        "ask": 3353.43,
        "lastTraded": null
      },
      "highPrice": {
        "bid": 3354.35,
        "ask": 3354.75,
        "lastTraded": null
      },
      "lowPrice": {
        "bid": 3343.25,
        "ask": 3343.55,
        "lastTraded": null
      },
      "lastTradedVolume": 1234
    },
    {
      "snapshotTime": "2025:06:20-08:15:00",
      "openPrice": {
        "bid": 3353.23,
        "ask": 3353.53,
        "lastTraded": null
      },
      "closePrice": {
        "bid": 3352.03,
        "ask": 3352.33,
        "lastTraded": null
      },
      "highPrice": {
        "bid": 3355.17,
        "ask": 3355.47,
        "lastTraded": null
      },
      "lowPrice": {
        "bid": 3349.72,
        "ask": 3350.1,
        "lastTraded": null
      },
      "lastTradedVolume": 1026
    },
    {
      "snapshotTime": "2025:06:20-08:30:00",
      "openPrice": {
        "bid": 3351.93,
        "ask": 3352.23,
        "lastTraded": null
      },
      "closePrice": {
        "bid": 3348.03,
        "ask": 3348.53,
        "lastTraded": null
      },
      "highPrice": {
        "bid": 3352.03,
        "ask": 3352.43,
        "lastTraded": null
      },
      "lowPrice": {
        "bid": 3347.48,
        "ask": 3347.78,
        "lastTraded": null
      },
      "lastTradedVolume": 871
    },
    {
      "snapshotTime": "2025:06:20-08:45:00",
      "openPrice": {
        "bid": 3348.08,
        "ask": 3348.58,
        "lastTraded": null
      },
      "closePrice": {
        "bid": 3347.58,
        "ask": 3347.88,
        "lastTraded": null
      },
      "highPrice": {
        "bid": 3349.59,
        "ask": 3349.89,
        "lastTraded": null
      },
      "lowPrice": {
        "bid": 3346.23,
        "ask": 3346.53,
        "lastTraded": null
      },
      "lastTradedVolume": 877
    },
    {
      "snapshotTime": "2025:06:20-09:00:00",
      "openPrice": {
        "bid": 3347.53,
        "ask": 3347.83,
        "lastTraded": null
      },
      "closePrice": {
        "bid": 3347.48,
        "ask": 3347.98,
        "lastTraded": null
      },
      "highPrice": {
        "bid": 3348.96,
        "ask": 3349.26,
        "lastTraded": null
      },
      "lowPrice": {
        "bid": 3346.93,
        "ask": 3347.43,
        "lastTraded": null
      },
      "lastTradedVolume": 400
    }
  ],
  "instrumentType": "CURRENCIES",
  "allowance": {
    "remainingAllowance": 9168,
    "totalAllowance": 10000,
    "allowanceExpiry": 520975
  }
}
[2025-06-20 09:06:00,509] INFO: Processing price data for GC
[2025-06-20 09:06:00,509] INFO: Processed 52 price points for GC
[2025-06-20 09:06:00,515] DEBUG: Strategy datapoints: <equitiestradingbot.interfaces.market_history.MarketHistory object at 0x10962af90>
[2025-06-20 09:06:00,524] INFO: MACD Calculation Details:
[2025-06-20 09:06:00,524] INFO:   Fast EMA (12): 3348.80814
[2025-06-20 09:06:00,524] INFO:   Slow EMA (26): 3351.92638
[2025-06-20 09:06:00,525] INFO:   MACD Line: -3.11823
[2025-06-20 09:06:00,525] INFO:   Signal Line: -3.58992
[2025-06-20 09:06:00,525] INFO:   Histogram: 0.47168
[2025-06-20 09:06:00,525] INFO:   Previous MACD: -3.23246
[2025-06-20 09:06:00,525] INFO:   Previous Signal: -3.70784
[2025-06-20 09:06:00,525] INFO:   MACD Cross Status: No Cross
[2025-06-20 09:06:00,525] INFO:   MACD Zero Line Status: Below Zero
[2025-06-20 09:06:00,535] INFO: Trade Analysis for CS.D.USCGC.TODAY.IP:
[2025-06-20 09:06:00,535] INFO: Latest Price: 3347.48000
[2025-06-20 09:06:00,535] INFO: 50 EMA: 3356.39636
[2025-06-20 09:06:00,535] INFO: 200 EMA: 3364.55063
[2025-06-20 09:06:00,535] INFO: MACD: -3.11823 (Signal: -3.58992)
[2025-06-20 09:06:00,535] INFO: RSI: 38.30
[2025-06-20 09:06:00,535] INFO: ADX: 45.41
[2025-06-20 09:06:00,535] INFO: Volume: 400 (MA: 913)
[2025-06-20 09:06:00,535] INFO: Checking for LONG signal...
[2025-06-20 09:06:00,535] INFO:   - EMA trend structure not met
[2025-06-20 09:06:00,535] INFO: Checking for SHORT signal...
[2025-06-20 09:06:00,535] INFO:   - EMA trend structure met (price < 50 EMA < 200 EMA)
[2025-06-20 09:06:00,535] INFO:   - MACD conditions not met (required: below signal line by 60%, current diff: -13.14%)
[2025-06-20 09:06:00,535] INFO: No trade signal generated. Conditions not met:
[2025-06-20 09:06:00,535] INFO:   - EMA trend structure not met (required for long)
[2025-06-20 09:06:03,555] DEBUG: Starting new HTTPS connection (1): demo-api.ig.com:443
[2025-06-20 09:06:03,676] DEBUG: https://demo-api.ig.com:443 "GET /gateway/deal/markets/ HTTP/1.1" 500 77
[2025-06-20 09:06:03,677] ERROR: HTTP request returned 500
[2025-06-20 09:06:03,677] INFO: Finished processing all markets in the source
[2025-06-20 09:06:03,677] INFO: Resetting MarketProvider
[2025-06-20 09:06:03,679] INFO: Wait for 0.50 hours...
