[2025-06-17 13:14:29,270] INFO: Initialising IGInterface...
[2025-06-17 13:14:29,270] INFO: Attempting authentication to URL: https://demo-api.ig.com/gateway/deal/session
[2025-06-17 13:14:29,270] INFO: Using API Key: 43c58bfd6f5ead3ac4d803d18f883db5857c9631
[2025-06-17 13:14:29,270] INFO: Using Account ID: Z5YISO
[2025-06-17 13:14:29,293] DEBUG: Starting new HTTPS connection (1): demo-api.ig.com:443
[2025-06-17 13:14:29,450] DEBUG: https://demo-api.ig.com:443 "POST /gateway/deal/session HTTP/1.1" 200 619
[2025-06-17 13:14:29,451] INFO: Successfully obtained authentication tokens
[2025-06-17 13:14:29,452] DEBUG: Starting new HTTPS connection (1): demo-api.ig.com:443
[2025-06-17 13:14:29,513] DEBUG: https://demo-api.ig.com:443 "PUT /gateway/deal/session HTTP/1.1" 412 56
[2025-06-17 13:14:29,514] INFO: Account is already set as default
[2025-06-17 13:14:29,514] INFO: Using stock interface: IGInterface
[2025-06-17 13:14:29,514] INFO: Advanced Momentum Strategy initialised
[2025-06-17 13:14:29,514] INFO: Advanced Momentum Strategy created
[2025-06-17 13:14:32,534] DEBUG: Starting new HTTPS connection (1): demo-api.ig.com:443
[2025-06-17 13:14:32,598] DEBUG: https://demo-api.ig.com:443 "GET /gateway/deal/positions HTTP/1.1" 200 16
[2025-06-17 13:14:32,598] DEBUG: Raw positions response: {
  "positions": []
}
[2025-06-17 13:14:32,598] INFO: Starting to process market source
[2025-06-17 13:14:35,621] DEBUG: Starting new HTTPS connection (1): demo-api.ig.com:443
[2025-06-17 13:14:35,667] DEBUG: https://demo-api.ig.com:443 "GET /gateway/deal/positions HTTP/1.1" 200 16
[2025-06-17 13:14:35,667] DEBUG: Raw positions response: {
  "positions": []
}
[2025-06-17 13:14:38,694] DEBUG: Starting new HTTPS connection (1): demo-api.ig.com:443
[2025-06-17 13:14:38,763] DEBUG: https://demo-api.ig.com:443 "GET /gateway/deal/markets/CS.D.USCGC.TODAY.IP HTTP/1.1" 200 2025
[2025-06-17 13:14:41,789] DEBUG: Starting new HTTPS connection (1): demo-api.ig.com:443
[2025-06-17 13:14:41,863] DEBUG: https://demo-api.ig.com:443 "GET /gateway/deal/accounts HTTP/1.1" 200 552
[2025-06-17 13:14:41,903] INFO: Processing GC
[2025-06-17 13:14:41,903] CRITICAL: CRITICAL: get_prices method called
[2025-06-17 13:14:41,903] INFO: Fetching price data from URL: https://demo-api.ig.com/gateway/deal/prices/CS.D.USCGC.TODAY.IP/MINUTE_15/52
[2025-06-17 13:14:44,923] DEBUG: Starting new HTTPS connection (1): demo-api.ig.com:443
[2025-06-17 13:14:44,987] DEBUG: https://demo-api.ig.com:443 "GET /gateway/deal/prices/CS.D.USCGC.TODAY.IP/MINUTE_15/52 HTTP/1.1" 200 15868
[2025-06-17 13:14:44,989] DEBUG: Raw price data: {
  "prices": [
    {
      "snapshotTime": "2025:06:17-00:15:00",
      "openPrice": {
        "bid": 3394.68,
        "ask": 3395.18,
        "lastTraded": null
      },
      "closePrice": {
        "bid": 3398.45,
        "ask": 3398.95,
        "lastTraded": null
      },
      "highPrice": {
        "bid": 3398.68,
        "ask": 3399.11,
        "lastTraded": null
      },
      "lowPrice": {
        "bid": 3392.98,
        "ask": 3393.28,
        "lastTraded": null
      },
      "lastTradedVolume": 739
    },
    {
      "snapshotTime": "2025:06:17-00:30:00",
      "openPrice": {
        "bid": 3398.55,
        "ask": 3399.05,
        "lastTraded": null
      },
      "closePrice": {
        "bid": 3393.98,
        "ask": 3394.48,
        "lastTraded": null
      },
      "highPrice": {
        "bid": 3400.18,
        "ask": 3400.48,
        "lastTraded": null
      },
      "lowPrice": {
        "bid": 3393.55,
        "ask": 3393.85,
        "lastTraded": null
      },
      "lastTradedVolume": 873
    },
    {
      "snapshotTime": "2025:06:17-00:45:00",
      "openPrice": {
        "bid": 3393.93,
        "ask": 3394.43,
        "lastTraded": null
      },
      "closePrice": {
        "bid": 3402.77,
        "ask": 3403.07,
        "lastTraded": null
      },
      "highPrice": {
        "bid": 3402.82,
        "ask": 3403.22,
        "lastTraded": null
      },
      "lowPrice": {
        "bid": 3392.8,
        "ask": 3393.1,
        "lastTraded": null
      },
      "lastTradedVolume": 1372
    },
    {
      "snapshotTime": "2025:06:17-01:00:00",
      "openPrice": {
        "bid": 3402.76,
        "ask": 3403.06,
        "lastTraded": null
      },
      "closePrice": {
        "bid": 3401.65,
        "ask": 3402.15,
        "lastTraded": null
      },
      "highPrice": {
        "bid": 3402.86,
        "ask": 3403.16,
        "lastTraded": null
      },
      "lowPrice": {
        "bid": 3397.13,
        "ask": 3397.53,
        "lastTraded": null
      },
      "lastTradedVolume": 1568
    },
    {
      "snapshotTime": "2025:06:17-01:15:00",
      "openPrice": {
        "bid": 3401.8,
        "ask": 3402.1,
        "lastTraded": null
      },
      "closePrice": {
        "bid": 3398.98,
        "ask": 3399.28,
        "lastTraded": null
      },
      "highPrice": {
        "bid": 3401.8,
        "ask": 3402.1,
        "lastTraded": null
      },
      "lowPrice": {
        "bid": 3397.15,
        "ask": 3397.48,
        "lastTraded": null
      },
      "lastTradedVolume": 1239
    },
    {
      "snapshotTime": "2025:06:17-01:30:00",
      "openPrice": {
        "bid": 3399.23,
        "ask": 3399.53,
        "lastTraded": null
      },
      "closePrice": {
        "bid": 3399.78,
        "ask": 3400.28,
        "lastTraded": null
      },
      "highPrice": {
        "bid": 3403.23,
        "ask": 3403.68,
        "lastTraded": null
      },
      "lowPrice": {
        "bid": 3399.23,
        "ask": 3399.53,
        "lastTraded": null
      },
      "lastTradedVolume": 875
    },
    {
      "snapshotTime": "2025:06:17-01:45:00",
      "openPrice": {
        "bid": 3399.88,
        "ask": 3400.08,
        "lastTraded": null
      },
      "closePrice": {
        "bid": 3394.1,
        "ask": 3394.6,
        "lastTraded": null
      },
      "highPrice": {
        "bid": 3400.38,
        "ask": 3400.88,
        "lastTraded": null
      },
      "lowPrice": {
        "bid": 3391.48,
        "ask": 3391.78,
        "lastTraded": null
      },
      "lastTradedVolume": 1444
    },
    {
      "snapshotTime": "2025:06:17-02:00:00",
      "openPrice": {
        "bid": 3394.3,
        "ask": 3394.5,
        "lastTraded": null
      },
      "closePrice": {
        "bid": 3400.48,
        "ask": 3400.78,
        "lastTraded": null
      },
      "highPrice": {
        "bid": 3402.42,
        "ask": 3402.85,
        "lastTraded": null
      },
      "lowPrice": {
        "bid": 3394.2,
        "ask": 3394.5,
        "lastTraded": null
      },
      "lastTradedVolume": 1545
    },
    {
      "snapshotTime": "2025:06:17-02:15:00",
      "openPrice": {
        "bid": 3400.33,
        "ask": 3400.63,
        "lastTraded": null
      },
      "closePrice": {
        "bid": 3399.45,
        "ask": 3399.75,
        "lastTraded": null
      },
      "highPrice": {
        "bid": 3401.9,
        "ask": 3402.28,
        "lastTraded": null
      },
      "lowPrice": {
        "bid": 3398.85,
        "ask": 3399.3,
        "lastTraded": null
      },
      "lastTradedVolume": 996
    },
    {
      "snapshotTime": "2025:06:17-02:30:00",
      "openPrice": {
        "bid": 3399.55,
        "ask": 3399.85,
        "lastTraded": null
      },
      "closePrice": {
        "bid": 3399.68,
        "ask": 3400.18,
        "lastTraded": null
      },
      "highPrice": {
        "bid": 3401.33,
        "ask": 3401.73,
        "lastTraded": null
      },
      "lowPrice": {
        "bid": 3396.25,
        "ask": 3396.75,
        "lastTraded": null
      },
      "lastTradedVolume": 1061
    },
    {
      "snapshotTime": "2025:06:17-02:45:00",
      "openPrice": {
        "bid": 3399.58,
        "ask": 3400.08,
        "lastTraded": null
      },
      "closePrice": {
        "bid": 3393.68,
        "ask": 3393.98,
        "lastTraded": null
      },
      "highPrice": {
        "bid": 3399.63,
        "ask": 3400.08,
        "lastTraded": null
      },
      "lowPrice": {
        "bid": 3393.33,
        "ask": 3393.63,
        "lastTraded": null
      },
      "lastTradedVolume": 1216
    },
    {
      "snapshotTime": "2025:06:17-03:00:00",
      "openPrice": {
        "bid": 3393.58,
        "ask": 3394.08,
        "lastTraded": null
      },
      "closePrice": {
        "bid": 3395.43,
        "ask": 3395.93,
        "lastTraded": null
      },
      "highPrice": {
        "bid": 3397.23,
        "ask": 3397.53,
        "lastTraded": null
      },
      "lowPrice": {
        "bid": 3390.13,
        "ask": 3390.58,
        "lastTraded": null
      },
      "lastTradedVolume": 1325
    },
    {
      "snapshotTime": "2025:06:17-03:15:00",
      "openPrice": {
        "bid": 3395.33,
        "ask": 3395.63,
        "lastTraded": null
      },
      "closePrice": {
        "bid": 3397.25,
        "ask": 3397.55,
        "lastTraded": null
      },
      "highPrice": {
        "bid": 3397.78,
        "ask": 3398.08,
        "lastTraded": null
      },
      "lowPrice": {
        "bid": 3393.83,
        "ask": 3394.23,
        "lastTraded": null
      },
      "lastTradedVolume": 827
    },
    {
      "snapshotTime": "2025:06:17-03:30:00",
      "openPrice": {
        "bid": 3397.4,
        "ask": 3397.7,
        "lastTraded": null
      },
      "closePrice": {
        "bid": 3399.58,
        "ask": 3400.08,
        "lastTraded": null
      },
      "highPrice": {
        "bid": 3400.2,
        "ask": 3400.5,
        "lastTraded": null
      },
      "lowPrice": {
        "bid": 3396.45,
        "ask": 3396.8,
        "lastTraded": null
      },
      "lastTradedVolume": 923
    },
    {
      "snapshotTime": "2025:06:17-03:45:00",
      "openPrice": {
        "bid": 3399.43,
        "ask": 3399.93,
        "lastTraded": null
      },
      "closePrice": {
        "bid": 3389.88,
        "ask": 3390.38,
        "lastTraded": null
      },
      "highPrice": {
        "bid": 3400.33,
        "ask": 3400.68,
        "lastTraded": null
      },
      "lowPrice": {
        "bid": 3388.43,
        "ask": 3388.88,
        "lastTraded": null
      },
      "lastTradedVolume": 1464
    },
    {
      "snapshotTime": "2025:06:17-04:00:00",
      "openPrice": {
        "bid": 3389.83,
        "ask": 3390.33,
        "lastTraded": null
      },
      "closePrice": {
        "bid": 3384.68,
        "ask": 3385.18,
        "lastTraded": null
      },
      "highPrice": {
        "bid": 3392.48,
        "ask": 3392.93,
        "lastTraded": null
      },
      "lowPrice": {
        "bid": 3380.4,
        "ask": 3380.7,
        "lastTraded": null
      },
      "lastTradedVolume": 1650
    },
    {
      "snapshotTime": "2025:06:17-04:15:00",
      "openPrice": {
        "bid": 3384.63,
        "ask": 3385.13,
        "lastTraded": null
      },
      "closePrice": {
        "bid": 3385.38,
        "ask": 3385.88,
        "lastTraded": null
      },
      "highPrice": {
        "bid": 3385.6,
        "ask": 3386.1,
        "lastTraded": null
      },
      "lowPrice": {
        "bid": 3373.83,
        "ask": 3374.33,
        "lastTraded": null
      },
      "lastTradedVolume": 1899
    },
    {
      "snapshotTime": "2025:06:17-04:30:00",
      "openPrice": {
        "bid": 3385.33,
        "ask": 3385.83,
        "lastTraded": null
      },
      "closePrice": {
        "bid": 3386.13,
        "ask": 3386.43,
        "lastTraded": null
      },
      "highPrice": {
        "bid": 3387.58,
        "ask": 3388.0,
        "lastTraded": null
      },
      "lowPrice": {
        "bid": 3383.68,
        "ask": 3383.98,
        "lastTraded": null
      },
      "lastTradedVolume": 1234
    },
    {
      "snapshotTime": "2025:06:17-04:45:00",
      "openPrice": {
        "bid": 3385.98,
        "ask": 3386.48,
        "lastTraded": null
      },
      "closePrice": {
        "bid": 3387.43,
        "ask": 3387.93,
        "lastTraded": null
      },
      "highPrice": {
        "bid": 3388.0,
        "ask": 3388.35,
        "lastTraded": null
      },
      "lowPrice": {
        "bid": 3383.15,
        "ask": 3383.5,
        "lastTraded": null
      },
      "lastTradedVolume": 914
    },
    {
      "snapshotTime": "2025:06:17-05:00:00",
      "openPrice": {
        "bid": 3387.38,
        "ask": 3387.88,
        "lastTraded": null
      },
      "closePrice": {
        "bid": 3389.33,
        "ask": 3389.63,
        "lastTraded": null
      },
      "highPrice": {
        "bid": 3389.63,
        "ask": 3390.05,
        "lastTraded": null
      },
      "lowPrice": {
        "bid": 3386.9,
        "ask": 3387.35,
        "lastTraded": null
      },
      "lastTradedVolume": 703
    },
    {
      "snapshotTime": "2025:06:17-05:15:00",
      "openPrice": {
        "bid": 3389.28,
        "ask": 3389.83,
        "lastTraded": null
      },
      "closePrice": {
        "bid": 3388.95,
        "ask": 3389.45,
        "lastTraded": null
      },
      "highPrice": {
        "bid": 3390.51,
        "ask": 3390.83,
        "lastTraded": null
      },
      "lowPrice": {
        "bid": 3387.78,
        "ask": 3388.13,
        "lastTraded": null
      },
      "lastTradedVolume": 651
    },
    {
      "snapshotTime": "2025:06:17-05:30:00",
      "openPrice": {
        "bid": 3389.0,
        "ask": 3389.5,
        "lastTraded": null
      },
      "closePrice": {
        "bid": 3391.65,
        "ask": 3392.15,
        "lastTraded": null
      },
      "highPrice": {
        "bid": 3391.75,
        "ask": 3392.25,
        "lastTraded": null
      },
      "lowPrice": {
        "bid": 3389.0,
        "ask": 3389.5,
        "lastTraded": null
      },
      "lastTradedVolume": 594
    },
    {
      "snapshotTime": "2025:06:17-05:45:00",
      "openPrice": {
        "bid": 3391.7,
        "ask": 3392.2,
        "lastTraded": null
      },
      "closePrice": {
        "bid": 3393.88,
        "ask": 3394.38,
        "lastTraded": null
      },
      "highPrice": {
        "bid": 3396.18,
        "ask": 3396.48,
        "lastTraded": null
      },
      "lowPrice": {
        "bid": 3391.6,
        "ask": 3392.1,
        "lastTraded": null
      },
      "lastTradedVolume": 905
    },
    {
      "snapshotTime": "2025:06:17-06:00:00",
      "openPrice": {
        "bid": 3393.83,
        "ask": 3394.33,
        "lastTraded": null
      },
      "closePrice": {
        "bid": 3392.43,
        "ask": 3392.93,
        "lastTraded": null
      },
      "highPrice": {
        "bid": 3394.83,
        "ask": 3395.18,
        "lastTraded": null
      },
      "lowPrice": {
        "bid": 3391.38,
        "ask": 3391.88,
        "lastTraded": null
      },
      "lastTradedVolume": 645
    },
    {
      "snapshotTime": "2025:06:17-06:15:00",
      "openPrice": {
        "bid": 3392.28,
        "ask": 3392.78,
        "lastTraded": null
      },
      "closePrice": {
        "bid": 3393.4,
        "ask": 3393.9,
        "lastTraded": null
      },
      "highPrice": {
        "bid": 3393.88,
        "ask": 3394.23,
        "lastTraded": null
      },
      "lowPrice": {
        "bid": 3391.6,
        "ask": 3391.93,
        "lastTraded": null
      },
      "lastTradedVolume": 683
    },
    {
      "snapshotTime": "2025:06:17-06:30:00",
      "openPrice": {
        "bid": 3393.45,
        "ask": 3393.95,
        "lastTraded": null
      },
      "closePrice": {
        "bid": 3392.55,
        "ask": 3393.05,
        "lastTraded": null
      },
      "highPrice": {
        "bid": 3393.65,
        "ask": 3394.15,
        "lastTraded": null
      },
      "lowPrice": {
        "bid": 3390.43,
        "ask": 3390.83,
        "lastTraded": null
      },
      "lastTradedVolume": 912
    },
    {
      "snapshotTime": "2025:06:17-06:45:00",
      "openPrice": {
        "bid": 3392.5,
        "ask": 3393.0,
        "lastTraded": null
      },
      "closePrice": {
        "bid": 3392.43,
        "ask": 3392.93,
        "lastTraded": null
      },
      "highPrice": {
        "bid": 3395.49,
        "ask": 3395.79,
        "lastTraded": null
      },
      "lowPrice": {
        "bid": 3390.98,
        "ask": 3391.28,
        "lastTraded": null
      },
      "lastTradedVolume": 991
    },
    {
      "snapshotTime": "2025:06:17-07:00:00",
      "openPrice": {
        "bid": 3392.38,
        "ask": 3392.88,
        "lastTraded": null
      },
      "closePrice": {
        "bid": 3389.98,
        "ask": 3390.28,
        "lastTraded": null
      },
      "highPrice": {
        "bid": 3392.38,
        "ask": 3392.88,
        "lastTraded": null
      },
      "lowPrice": {
        "bid": 3387.05,
        "ask": 3387.45,
        "lastTraded": null
      },
      "lastTradedVolume": 1251
    },
    {
      "snapshotTime": "2025:06:17-07:15:00",
      "openPrice": {
        "bid": 3390.08,
        "ask": 3390.38,
        "lastTraded": null
      },
      "closePrice": {
        "bid": 3388.38,
        "ask": 3388.68,
        "lastTraded": null
      },
      "highPrice": {
        "bid": 3390.18,
        "ask": 3390.58,
        "lastTraded": null
      },
      "lowPrice": {
        "bid": 3386.68,
        "ask": 3387.08,
        "lastTraded": null
      },
      "lastTradedVolume": 1132
    },
    {
      "snapshotTime": "2025:06:17-07:30:00",
      "openPrice": {
        "bid": 3388.23,
        "ask": 3388.53,
        "lastTraded": null
      },
      "closePrice": {
        "bid": 3381.68,
        "ask": 3382.18,
        "lastTraded": null
      },
      "highPrice": {
        "bid": 3389.08,
        "ask": 3389.4,
        "lastTraded": null
      },
      "lowPrice": {
        "bid": 3381.08,
        "ask": 3381.38,
        "lastTraded": null
      },
      "lastTradedVolume": 1348
    },
    {
      "snapshotTime": "2025:06:17-07:45:00",
      "openPrice": {
        "bid": 3381.83,
        "ask": 3382.33,
        "lastTraded": null
      },
      "closePrice": {
        "bid": 3385.38,
        "ask": 3385.88,
        "lastTraded": null
      },
      "highPrice": {
        "bid": 3388.08,
        "ask": 3388.38,
        "lastTraded": null
      },
      "lowPrice": {
        "bid": 3381.83,
        "ask": 3382.33,
        "lastTraded": null
      },
      "lastTradedVolume": 1358
    },
    {
      "snapshotTime": "2025:06:17-08:00:00",
      "openPrice": {
        "bid": 3385.23,
        "ask": 3385.73,
        "lastTraded": null
      },
      "closePrice": {
        "bid": 3385.5,
        "ask": 3385.8,
        "lastTraded": null
      },
      "highPrice": {
        "bid": 3389.43,
        "ask": 3389.83,
        "lastTraded": null
      },
      "lowPrice": {
        "bid": 3383.07,
        "ask": 3383.43,
        "lastTraded": null
      },
      "lastTradedVolume": 1283
    },
    {
      "snapshotTime": "2025:06:17-08:15:00",
      "openPrice": {
        "bid": 3385.65,
        "ask": 3386.15,
        "lastTraded": null
      },
      "closePrice": {
        "bid": 3387.18,
        "ask": 3387.48,
        "lastTraded": null
      },
      "highPrice": {
        "bid": 3391.11,
        "ask": 3391.41,
        "lastTraded": null
      },
      "lowPrice": {
        "bid": 3384.85,
        "ask": 3385.15,
        "lastTraded": null
      },
      "lastTradedVolume": 1027
    },
    {
      "snapshotTime": "2025:06:17-08:30:00",
      "openPrice": {
        "bid": 3387.13,
        "ask": 3387.43,
        "lastTraded": null
      },
      "closePrice": {
        "bid": 3389.08,
        "ask": 3389.58,
        "lastTraded": null
      },
      "highPrice": {
        "bid": 3389.88,
        "ask": 3390.23,
        "lastTraded": null
      },
      "lowPrice": {
        "bid": 3384.18,
        "ask": 3384.68,
        "lastTraded": null
      },
      "lastTradedVolume": 961
    },
    {
      "snapshotTime": "2025:06:17-08:45:00",
      "openPrice": {
        "bid": 3389.03,
        "ask": 3389.53,
        "lastTraded": null
      },
      "closePrice": {
        "bid": 3387.63,
        "ask": 3388.13,
        "lastTraded": null
      },
      "highPrice": {
        "bid": 3391.93,
        "ask": 3392.23,
        "lastTraded": null
      },
      "lowPrice": {
        "bid": 3385.83,
        "ask": 3386.13,
        "lastTraded": null
      },
      "lastTradedVolume": 1144
    },
    {
      "snapshotTime": "2025:06:17-09:00:00",
      "openPrice": {
        "bid": 3387.58,
        "ask": 3387.88,
        "lastTraded": null
      },
      "closePrice": {
        "bid": 3386.28,
        "ask": 3386.78,
        "lastTraded": null
      },
      "highPrice": {
        "bid": 3388.58,
        "ask": 3388.93,
        "lastTraded": null
      },
      "lowPrice": {
        "bid": 3384.73,
        "ask": 3385.18,
        "lastTraded": null
      },
      "lastTradedVolume": 1029
    },
    {
      "snapshotTime": "2025:06:17-09:15:00",
      "openPrice": {
        "bid": 3386.33,
        "ask": 3386.83,
        "lastTraded": null
      },
      "closePrice": {
        "bid": 3385.98,
        "ask": 3386.28,
        "lastTraded": null
      },
      "highPrice": {
        "bid": 3387.39,
        "ask": 3387.73,
        "lastTraded": null
      },
      "lowPrice": {
        "bid": 3384.13,
        "ask": 3384.58,
        "lastTraded": null
      },
      "lastTradedVolume": 842
    },
    {
      "snapshotTime": "2025:06:17-09:30:00",
      "openPrice": {
        "bid": 3386.03,
        "ask": 3386.33,
        "lastTraded": null
      },
      "closePrice": {
        "bid": 3383.29,
        "ask": 3383.59,
        "lastTraded": null
      },
      "highPrice": {
        "bid": 3386.48,
        "ask": 3386.8,
        "lastTraded": null
      },
      "lowPrice": {
        "bid": 3382.5,
        "ask": 3382.95,
        "lastTraded": null
      },
      "lastTradedVolume": 1097
    },
    {
      "snapshotTime": "2025:06:17-09:45:00",
      "openPrice": {
        "bid": 3383.19,
        "ask": 3383.69,
        "lastTraded": null
      },
      "closePrice": {
        "bid": 3378.68,
        "ask": 3379.18,
        "lastTraded": null
      },
      "highPrice": {
        "bid": 3383.94,
        "ask": 3384.39,
        "lastTraded": null
      },
      "lowPrice": {
        "bid": 3377.78,
        "ask": 3378.28,
        "lastTraded": null
      },
      "lastTradedVolume": 1525
    },
    {
      "snapshotTime": "2025:06:17-10:00:00",
      "openPrice": {
        "bid": 3378.73,
        "ask": 3379.03,
        "lastTraded": null
      },
      "closePrice": {
        "bid": 3380.52,
        "ask": 3380.82,
        "lastTraded": null
      },
      "highPrice": {
        "bid": 3381.23,
        "ask": 3381.63,
        "lastTraded": null
      },
      "lowPrice": {
        "bid": 3375.57,
        "ask": 3375.88,
        "lastTraded": null
      },
      "lastTradedVolume": 1541
    },
    {
      "snapshotTime": "2025:06:17-10:15:00",
      "openPrice": {
        "bid": 3380.57,
        "ask": 3380.87,
        "lastTraded": null
      },
      "closePrice": {
        "bid": 3379.96,
        "ask": 3380.46,
        "lastTraded": null
      },
      "highPrice": {
        "bid": 3384.29,
        "ask": 3384.59,
        "lastTraded": null
      },
      "lowPrice": {
        "bid": 3379.18,
        "ask": 3379.68,
        "lastTraded": null
      },
      "lastTradedVolume": 1524
    },
    {
      "snapshotTime": "2025:06:17-10:30:00",
      "openPrice": {
        "bid": 3379.93,
        "ask": 3380.43,
        "lastTraded": null
      },
      "closePrice": {
        "bid": 3384.51,
        "ask": 3385.01,
        "lastTraded": null
      },
      "highPrice": {
        "bid": 3385.02,
        "ask": 3385.33,
        "lastTraded": null
      },
      "lowPrice": {
        "bid": 3378.83,
        "ask": 3379.33,
        "lastTraded": null
      },
      "lastTradedVolume": 1271
    },
    {
      "snapshotTime": "2025:06:17-10:45:00",
      "openPrice": {
        "bid": 3384.88,
        "ask": 3385.38,
        "lastTraded": null
      },
      "closePrice": {
        "bid": 3385.4,
        "ask": 3385.9,
        "lastTraded": null
      },
      "highPrice": {
        "bid": 3385.88,
        "ask": 3386.23,
        "lastTraded": null
      },
      "lowPrice": {
        "bid": 3380.23,
        "ask": 3380.53,
        "lastTraded": null
      },
      "lastTradedVolume": 1387
    },
    {
      "snapshotTime": "2025:06:17-11:00:00",
      "openPrice": {
        "bid": 3385.5,
        "ask": 3386.0,
        "lastTraded": null
      },
      "closePrice": {
        "bid": 3391.43,
        "ask": 3391.73,
        "lastTraded": null
      },
      "highPrice": {
        "bid": 3391.87,
        "ask": 3392.19,
        "lastTraded": null
      },
      "lowPrice": {
        "bid": 3385.25,
        "ask": 3385.58,
        "lastTraded": null
      },
      "lastTradedVolume": 1043
    },
    {
      "snapshotTime": "2025:06:17-11:15:00",
      "openPrice": {
        "bid": 3391.48,
        "ask": 3391.78,
        "lastTraded": null
      },
      "closePrice": {
        "bid": 3393.58,
        "ask": 3394.08,
        "lastTraded": null
      },
      "highPrice": {
        "bid": 3397.4,
        "ask": 3397.7,
        "lastTraded": null
      },
      "lowPrice": {
        "bid": 3391.21,
        "ask": 3391.68,
        "lastTraded": null
      },
      "lastTradedVolume": 1823
    },
    {
      "snapshotTime": "2025:06:17-11:30:00",
      "openPrice": {
        "bid": 3393.63,
        "ask": 3393.93,
        "lastTraded": null
      },
      "closePrice": {
        "bid": 3395.93,
        "ask": 3396.23,
        "lastTraded": null
      },
      "highPrice": {
        "bid": 3398.58,
        "ask": 3399.08,
        "lastTraded": null
      },
      "lowPrice": {
        "bid": 3392.63,
        "ask": 3393.08,
        "lastTraded": null
      },
      "lastTradedVolume": 1437
    },
    {
      "snapshotTime": "2025:06:17-11:45:00",
      "openPrice": {
        "bid": 3395.98,
        "ask": 3396.28,
        "lastTraded": null
      },
      "closePrice": {
        "bid": 3398.08,
        "ask": 3398.38,
        "lastTraded": null
      },
      "highPrice": {
        "bid": 3398.62,
        "ask": 3399.08,
        "lastTraded": null
      },
      "lowPrice": {
        "bid": 3394.45,
        "ask": 3394.8,
        "lastTraded": null
      },
      "lastTradedVolume": 1138
    },
    {
      "snapshotTime": "2025:06:17-12:00:00",
      "openPrice": {
        "bid": 3398.04,
        "ask": 3398.54,
        "lastTraded": null
      },
      "closePrice": {
        "bid": 3398.08,
        "ask": 3398.58,
        "lastTraded": null
      },
      "highPrice": {
        "bid": 3400.03,
        "ask": 3400.38,
        "lastTraded": null
      },
      "lowPrice": {
        "bid": 3396.38,
        "ask": 3396.68,
        "lastTraded": null
      },
      "lastTradedVolume": 1305
    },
    {
      "snapshotTime": "2025:06:17-12:15:00",
      "openPrice": {
        "bid": 3398.07,
        "ask": 3398.57,
        "lastTraded": null
      },
      "closePrice": {
        "bid": 3393.68,
        "ask": 3393.98,
        "lastTraded": null
      },
      "highPrice": {
        "bid": 3398.18,
        "ask": 3398.68,
        "lastTraded": null
      },
      "lowPrice": {
        "bid": 3392.56,
        "ask": 3392.86,
        "lastTraded": null
      },
      "lastTradedVolume": 1306
    },
    {
      "snapshotTime": "2025:06:17-12:30:00",
      "openPrice": {
        "bid": 3393.73,
        "ask": 3394.03,
        "lastTraded": null
      },
      "closePrice": {
        "bid": 3396.1,
        "ask": 3396.4,
        "lastTraded": null
      },
      "highPrice": {
        "bid": 3396.25,
        "ask": 3396.75,
        "lastTraded": null
      },
      "lowPrice": {
        "bid": 3392.18,
        "ask": 3392.51,
        "lastTraded": null
      },
      "lastTradedVolume": 1180
    },
    {
      "snapshotTime": "2025:06:17-12:45:00",
      "openPrice": {
        "bid": 3396.0,
        "ask": 3396.5,
        "lastTraded": null
      },
      "closePrice": {
        "bid": 3388.5,
        "ask": 3388.8,
        "lastTraded": null
      },
      "highPrice": {
        "bid": 3396.93,
        "ask": 3397.33,
        "lastTraded": null
      },
      "lowPrice": {
        "bid": 3388.09,
        "ask": 3388.5,
        "lastTraded": null
      },
      "lastTradedVolume": 1330
    },
    {
      "snapshotTime": "2025:06:17-13:00:00",
      "openPrice": {
        "bid": 3388.4,
        "ask": 3388.9,
        "lastTraded": null
      },
      "closePrice": {
        "bid": 3384.88,
        "ask": 3385.38,
        "lastTraded": null
      },
      "highPrice": {
        "bid": 3388.4,
        "ask": 3388.9,
        "lastTraded": null
      },
      "lowPrice": {
        "bid": 3383.83,
        "ask": 3384.13,
        "lastTraded": null
      },
      "lastTradedVolume": 1385
    }
  ],
  "instrumentType": "CURRENCIES",
  "allowance": {
    "remainingAllowance": 8024,
    "totalAllowance": 10000,
    "allowanceExpiry": 87149
  }
}
[2025-06-17 13:14:44,990] INFO: Processing price data for GC
[2025-06-17 13:14:44,990] INFO: Processed 52 price points for GC
[2025-06-17 13:14:44,993] DEBUG: Strategy datapoints: <equitiestradingbot.interfaces.market_history.MarketHistory object at 0x10bc72f90>
[2025-06-17 13:14:44,997] INFO: MACD Calculation Details:
[2025-06-17 13:14:44,998] INFO:   Fast EMA (12): 3390.52651
[2025-06-17 13:14:44,998] INFO:   Slow EMA (26): 3389.95409
[2025-06-17 13:14:44,998] INFO:   MACD Line: 0.57241
[2025-06-17 13:14:44,998] INFO:   Signal Line: 0.30823
[2025-06-17 13:14:44,998] INFO:   Histogram: 0.26418
[2025-06-17 13:14:44,998] INFO:   Previous MACD: 1.19312
[2025-06-17 13:14:44,998] INFO:   Previous Signal: 0.24219
[2025-06-17 13:14:44,998] INFO:   MACD Cross Status: No Cross
[2025-06-17 13:14:44,998] INFO:   MACD Zero Line Status: Above Zero
[2025-06-17 13:14:45,010] INFO: Trade Analysis for CS.D.USCGC.TODAY.IP:
[2025-06-17 13:14:45,010] INFO: Latest Price: 3384.88000
[2025-06-17 13:14:45,011] INFO: 50 EMA: 3391.03708
[2025-06-17 13:14:45,011] INFO: 200 EMA: 3395.34585
[2025-06-17 13:14:45,011] INFO: MACD: 0.57241 (Signal: 0.30823)
[2025-06-17 13:14:45,011] INFO: RSI: 51.84
[2025-06-17 13:14:45,011] INFO: ADX: 57.96
[2025-06-17 13:14:45,011] INFO: Volume: 1385 (MA: 1315)
[2025-06-17 13:14:45,011] INFO: Checking for LONG signal...
[2025-06-17 13:14:45,011] INFO:   - EMA trend structure not met
[2025-06-17 13:14:45,011] INFO: Checking for SHORT signal...
[2025-06-17 13:14:45,011] INFO:   - EMA trend structure met (price < 50 EMA < 200 EMA)
[2025-06-17 13:14:45,011] INFO:   - MACD conditions not met (required: below signal line by 60%, current diff: -85.71%)
[2025-06-17 13:14:45,011] INFO: No trade signal generated. Conditions not met:
[2025-06-17 13:14:45,011] INFO:   - EMA trend structure not met (required for long)
[2025-06-17 13:14:48,022] DEBUG: Starting new HTTPS connection (1): demo-api.ig.com:443
[2025-06-17 13:14:48,071] DEBUG: https://demo-api.ig.com:443 "GET /gateway/deal/markets/ HTTP/1.1" 500 77
[2025-06-17 13:14:48,071] ERROR: HTTP request returned 500
[2025-06-17 13:14:48,071] INFO: Finished processing all markets in the source
[2025-06-17 13:14:48,071] INFO: Resetting MarketProvider
[2025-06-17 13:14:48,073] INFO: Wait for 0.50 hours...
