[2025-05-21 09:57:25,110] INFO: Initialising IGInterface...
[2025-05-21 09:57:25,122] DEBUG: Starting new HTTPS connection (1): demo-api.ig.com:443
[2025-05-21 09:57:25,322] DEBUG: https://demo-api.ig.com:443 "POST /gateway/deal/session HTTP/1.1" 200 619
[2025-05-21 09:57:25,324] DEBUG: Starting new HTTPS connection (1): demo-api.ig.com:443
[2025-05-21 09:57:25,394] DEBUG: https://demo-api.ig.com:443 "PUT /gateway/deal/session HTTP/1.1" 412 56
[2025-05-21 09:57:25,395] INFO: Account is already set as default
[2025-05-21 09:57:25,395] INFO: Using stock interface: IGInterface
[2025-05-21 09:57:25,395] INFO: Advanced Momentum Strategy initialised
[2025-05-21 09:57:25,395] INFO: Advanced Momentum Strategy created
[2025-05-21 09:57:25,396] INFO: Performing a single iteration of the market source
[2025-05-21 09:57:28,426] DEBUG: Starting new HTTPS connection (1): demo-api.ig.com:443
[2025-05-21 09:57:28,501] DEBUG: https://demo-api.ig.com:443 "GET /gateway/deal/positions HTTP/1.1" 200 16
[2025-05-21 09:57:28,501] DEBUG: Raw positions response: {
  "positions": []
}
[2025-05-21 09:57:28,502] INFO: Starting to process market source
[2025-05-21 09:57:31,538] DEBUG: Starting new HTTPS connection (1): demo-api.ig.com:443
[2025-05-21 09:57:31,635] DEBUG: https://demo-api.ig.com:443 "GET /gateway/deal/markets/CS.D.USCGC.TODAY.IP HTTP/1.1" 200 2027
[2025-05-21 09:57:34,667] DEBUG: Starting new HTTPS connection (1): demo-api.ig.com:443
[2025-05-21 09:57:34,748] DEBUG: https://demo-api.ig.com:443 "GET /gateway/deal/positions HTTP/1.1" 200 16
[2025-05-21 09:57:34,750] DEBUG: Raw positions response: {
  "positions": []
}
[2025-05-21 09:57:37,779] DEBUG: Starting new HTTPS connection (1): demo-api.ig.com:443
[2025-05-21 09:57:37,893] DEBUG: https://demo-api.ig.com:443 "GET /gateway/deal/accounts HTTP/1.1" 200 552
[2025-05-21 09:57:37,953] INFO: Processing GC
[2025-05-21 09:57:37,953] CRITICAL: CRITICAL: get_prices method called
[2025-05-21 09:57:37,953] INFO: Fetching price data from URL: https://demo-api.ig.com/gateway/deal/prices/CS.D.USCGC.TODAY.IP/MINUTE_15/52
[2025-05-21 09:57:40,987] DEBUG: Starting new HTTPS connection (1): demo-api.ig.com:443
[2025-05-21 09:57:41,091] DEBUG: https://demo-api.ig.com:443 "GET /gateway/deal/prices/CS.D.USCGC.TODAY.IP/MINUTE_15/52 HTTP/1.1" 200 15861
[2025-05-21 09:57:41,093] DEBUG: Raw price data: {
  "prices": [
    {
      "snapshotTime": "2025:05:20-20:00:00",
      "openPrice": {
        "bid": 3287.53,
        "ask": 3287.83,
        "lastTraded": null
      },
      "closePrice": {
        "bid": 3288.05,
        "ask": 3288.55,
        "lastTraded": null
      },
      "highPrice": {
        "bid": 3288.98,
        "ask": 3289.34,
        "lastTraded": null
      },
      "lowPrice": {
        "bid": 3287.15,
        "ask": 3287.5,
        "lastTraded": null
      },
      "lastTradedVolume": 952
    },
    {
      "snapshotTime": "2025:05:20-20:15:00",
      "openPrice": {
        "bid": 3288.07,
        "ask": 3288.57,
        "lastTraded": null
      },
      "closePrice": {
        "bid": 3289.5,
        "ask": 3289.8,
        "lastTraded": null
      },
      "highPrice": {
        "bid": 3290.8,
        "ask": 3291.2,
        "lastTraded": null
      },
      "lowPrice": {
        "bid": 3287.68,
        "ask": 3288.1,
        "lastTraded": null
      },
      "lastTradedVolume": 957
    },
    {
      "snapshotTime": "2025:05:20-20:30:00",
      "openPrice": {
        "bid": 3289.55,
        "ask": 3289.85,
        "lastTraded": null
      },
      "closePrice": {
        "bid": 3290.85,
        "ask": 3291.35,
        "lastTraded": null
      },
      "highPrice": {
        "bid": 3291.75,
        "ask": 3292.2,
        "lastTraded": null
      },
      "lowPrice": {
        "bid": 3289.0,
        "ask": 3289.3,
        "lastTraded": null
      },
      "lastTradedVolume": 860
    },
    {
      "snapshotTime": "2025:05:20-20:45:00",
      "openPrice": {
        "bid": 3290.86,
        "ask": 3291.36,
        "lastTraded": null
      },
      "closePrice": {
        "bid": 3294.08,
        "ask": 3294.38,
        "lastTraded": null
      },
      "highPrice": {
        "bid": 3295.1,
        "ask": 3295.4,
        "lastTraded": null
      },
      "lowPrice": {
        "bid": 3290.75,
        "ask": 3291.25,
        "lastTraded": null
      },
      "lastTradedVolume": 1274
    },
    {
      "snapshotTime": "2025:05:20-21:00:00",
      "openPrice": {
        "bid": 3294.23,
        "ask": 3294.53,
        "lastTraded": null
      },
      "closePrice": {
        "bid": 3295.22,
        "ask": 3295.52,
        "lastTraded": null
      },
      "highPrice": {
        "bid": 3295.6,
        "ask": 3296.1,
        "lastTraded": null
      },
      "lowPrice": {
        "bid": 3293.37,
        "ask": 3293.73,
        "lastTraded": null
      },
      "lastTradedVolume": 818
    },
    {
      "snapshotTime": "2025:05:20-21:15:00",
      "openPrice": {
        "bid": 3295.24,
        "ask": 3295.54,
        "lastTraded": null
      },
      "closePrice": {
        "bid": 3290.31,
        "ask": 3290.61,
        "lastTraded": null
      },
      "highPrice": {
        "bid": 3295.31,
        "ask": 3295.65,
        "lastTraded": null
      },
      "lowPrice": {
        "bid": 3289.97,
        "ask": 3290.31,
        "lastTraded": null
      },
      "lastTradedVolume": 932
    },
    {
      "snapshotTime": "2025:05:20-21:30:00",
      "openPrice": {
        "bid": 3290.3,
        "ask": 3290.6,
        "lastTraded": null
      },
      "closePrice": {
        "bid": 3290.38,
        "ask": 3290.68,
        "lastTraded": null
      },
      "highPrice": {
        "bid": 3291.57,
        "ask": 3291.98,
        "lastTraded": null
      },
      "lowPrice": {
        "bid": 3289.11,
        "ask": 3289.49,
        "lastTraded": null
      },
      "lastTradedVolume": 663
    },
    {
      "snapshotTime": "2025:05:20-21:45:00",
      "openPrice": {
        "bid": 3290.28,
        "ask": 3290.58,
        "lastTraded": null
      },
      "closePrice": {
        "bid": 3289.85,
        "ask": 3290.35,
        "lastTraded": null
      },
      "highPrice": {
        "bid": 3291.13,
        "ask": 3291.43,
        "lastTraded": null
      },
      "lowPrice": {
        "bid": 3289.45,
        "ask": 3289.84,
        "lastTraded": null
      },
      "lastTradedVolume": 615
    },
    {
      "snapshotTime": "2025:05:20-23:00:00",
      "openPrice": {
        "bid": 3291.25,
        "ask": 3291.75,
        "lastTraded": null
      },
      "closePrice": {
        "bid": 3299.53,
        "ask": 3300.03,
        "lastTraded": null
      },
      "highPrice": {
        "bid": 3303.93,
        "ask": 3304.33,
        "lastTraded": null
      },
      "lowPrice": {
        "bid": 3290.68,
        "ask": 3291.18,
        "lastTraded": null
      },
      "lastTradedVolume": 1018
    },
    {
      "snapshotTime": "2025:05:20-23:15:00",
      "openPrice": {
        "bid": 3300.0,
        "ask": 3300.5,
        "lastTraded": null
      },
      "closePrice": {
        "bid": 3295.98,
        "ask": 3296.28,
        "lastTraded": null
      },
      "highPrice": {
        "bid": 3301.1,
        "ask": 3301.5,
        "lastTraded": null
      },
      "lowPrice": {
        "bid": 3295.23,
        "ask": 3295.63,
        "lastTraded": null
      },
      "lastTradedVolume": 1210
    },
    {
      "snapshotTime": "2025:05:20-23:30:00",
      "openPrice": {
        "bid": 3295.43,
        "ask": 3295.93,
        "lastTraded": null
      },
      "closePrice": {
        "bid": 3292.95,
        "ask": 3293.45,
        "lastTraded": null
      },
      "highPrice": {
        "bid": 3297.48,
        "ask": 3297.95,
        "lastTraded": null
      },
      "lowPrice": {
        "bid": 3292.7,
        "ask": 3293.2,
        "lastTraded": null
      },
      "lastTradedVolume": 796
    },
    {
      "snapshotTime": "2025:05:20-23:45:00",
      "openPrice": {
        "bid": 3293.0,
        "ask": 3293.5,
        "lastTraded": null
      },
      "closePrice": {
        "bid": 3296.68,
        "ask": 3297.18,
        "lastTraded": null
      },
      "highPrice": {
        "bid": 3298.08,
        "ask": 3298.45,
        "lastTraded": null
      },
      "lowPrice": {
        "bid": 3293.0,
        "ask": 3293.5,
        "lastTraded": null
      },
      "lastTradedVolume": 540
    },
    {
      "snapshotTime": "2025:05:21-00:00:00",
      "openPrice": {
        "bid": 3296.6,
        "ask": 3296.9,
        "lastTraded": null
      },
      "closePrice": {
        "bid": 3292.48,
        "ask": 3292.78,
        "lastTraded": null
      },
      "highPrice": {
        "bid": 3296.75,
        "ask": 3297.13,
        "lastTraded": null
      },
      "lowPrice": {
        "bid": 3289.03,
        "ask": 3289.38,
        "lastTraded": null
      },
      "lastTradedVolume": 950
    },
    {
      "snapshotTime": "2025:05:21-00:15:00",
      "openPrice": {
        "bid": 3292.53,
        "ask": 3293.03,
        "lastTraded": null
      },
      "closePrice": {
        "bid": 3291.98,
        "ask": 3292.48,
        "lastTraded": null
      },
      "highPrice": {
        "bid": 3293.45,
        "ask": 3293.83,
        "lastTraded": null
      },
      "lowPrice": {
        "bid": 3290.2,
        "ask": 3290.7,
        "lastTraded": null
      },
      "lastTradedVolume": 468
    },
    {
      "snapshotTime": "2025:05:21-00:30:00",
      "openPrice": {
        "bid": 3292.48,
        "ask": 3292.98,
        "lastTraded": null
      },
      "closePrice": {
        "bid": 3291.95,
        "ask": 3292.45,
        "lastTraded": null
      },
      "highPrice": {
        "bid": 3292.98,
        "ask": 3293.38,
        "lastTraded": null
      },
      "lowPrice": {
        "bid": 3288.38,
        "ask": 3288.88,
        "lastTraded": null
      },
      "lastTradedVolume": 722
    },
    {
      "snapshotTime": "2025:05:21-00:45:00",
      "openPrice": {
        "bid": 3292.0,
        "ask": 3292.5,
        "lastTraded": null
      },
      "closePrice": {
        "bid": 3290.63,
        "ask": 3290.93,
        "lastTraded": null
      },
      "highPrice": {
        "bid": 3292.25,
        "ask": 3292.75,
        "lastTraded": null
      },
      "lowPrice": {
        "bid": 3290.4,
        "ask": 3290.78,
        "lastTraded": null
      },
      "lastTradedVolume": 687
    },
    {
      "snapshotTime": "2025:05:21-01:00:00",
      "openPrice": {
        "bid": 3290.68,
        "ask": 3290.98,
        "lastTraded": null
      },
      "closePrice": {
        "bid": 3294.58,
        "ask": 3294.88,
        "lastTraded": null
      },
      "highPrice": {
        "bid": 3296.18,
        "ask": 3296.68,
        "lastTraded": null
      },
      "lowPrice": {
        "bid": 3288.83,
        "ask": 3289.18,
        "lastTraded": null
      },
      "lastTradedVolume": 926
    },
    {
      "snapshotTime": "2025:05:21-01:15:00",
      "openPrice": {
        "bid": 3294.73,
        "ask": 3295.03,
        "lastTraded": null
      },
      "closePrice": {
        "bid": 3295.6,
        "ask": 3296.1,
        "lastTraded": null
      },
      "highPrice": {
        "bid": 3297.05,
        "ask": 3297.55,
        "lastTraded": null
      },
      "lowPrice": {
        "bid": 3292.25,
        "ask": 3292.68,
        "lastTraded": null
      },
      "lastTradedVolume": 969
    },
    {
      "snapshotTime": "2025:05:21-01:30:00",
      "openPrice": {
        "bid": 3295.65,
        "ask": 3296.15,
        "lastTraded": null
      },
      "closePrice": {
        "bid": 3301.95,
        "ask": 3302.45,
        "lastTraded": null
      },
      "highPrice": {
        "bid": 3304.05,
        "ask": 3304.55,
        "lastTraded": null
      },
      "lowPrice": {
        "bid": 3295.6,
        "ask": 3296.1,
        "lastTraded": null
      },
      "lastTradedVolume": 1333
    },
    {
      "snapshotTime": "2025:05:21-01:45:00",
      "openPrice": {
        "bid": 3301.9,
        "ask": 3302.4,
        "lastTraded": null
      },
      "closePrice": {
        "bid": 3303.43,
        "ask": 3303.73,
        "lastTraded": null
      },
      "highPrice": {
        "bid": 3303.73,
        "ask": 3304.08,
        "lastTraded": null
      },
      "lowPrice": {
        "bid": 3300.43,
        "ask": 3300.75,
        "lastTraded": null
      },
      "lastTradedVolume": 1333
    },
    {
      "snapshotTime": "2025:05:21-02:00:00",
      "openPrice": {
        "bid": 3303.38,
        "ask": 3303.68,
        "lastTraded": null
      },
      "closePrice": {
        "bid": 3297.8,
        "ask": 3298.1,
        "lastTraded": null
      },
      "highPrice": {
        "bid": 3314.52,
        "ask": 3315.02,
        "lastTraded": null
      },
      "lowPrice": {
        "bid": 3297.22,
        "ask": 3297.72,
        "lastTraded": null
      },
      "lastTradedVolume": 3112
    },
    {
      "snapshotTime": "2025:05:21-02:15:00",
      "openPrice": {
        "bid": 3297.58,
        "ask": 3297.88,
        "lastTraded": null
      },
      "closePrice": {
        "bid": 3289.28,
        "ask": 3289.78,
        "lastTraded": null
      },
      "highPrice": {
        "bid": 3298.8,
        "ask": 3299.3,
        "lastTraded": null
      },
      "lowPrice": {
        "bid": 3285.25,
        "ask": 3285.63,
        "lastTraded": null
      },
      "lastTradedVolume": 2727
    },
    {
      "snapshotTime": "2025:05:21-02:30:00",
      "openPrice": {
        "bid": 3289.33,
        "ask": 3289.63,
        "lastTraded": null
      },
      "closePrice": {
        "bid": 3293.88,
        "ask": 3294.38,
        "lastTraded": null
      },
      "highPrice": {
        "bid": 3295.6,
        "ask": 3296.1,
        "lastTraded": null
      },
      "lowPrice": {
        "bid": 3286.48,
        "ask": 3286.88,
        "lastTraded": null
      },
      "lastTradedVolume": 1847
    },
    {
      "snapshotTime": "2025:05:21-02:45:00",
      "openPrice": {
        "bid": 3293.93,
        "ask": 3294.43,
        "lastTraded": null
      },
      "closePrice": {
        "bid": 3294.38,
        "ask": 3294.88,
        "lastTraded": null
      },
      "highPrice": {
        "bid": 3299.25,
        "ask": 3299.75,
        "lastTraded": null
      },
      "lowPrice": {
        "bid": 3292.13,
        "ask": 3292.63,
        "lastTraded": null
      },
      "lastTradedVolume": 1653
    },
    {
      "snapshotTime": "2025:05:21-03:00:00",
      "openPrice": {
        "bid": 3294.33,
        "ask": 3294.83,
        "lastTraded": null
      },
      "closePrice": {
        "bid": 3297.58,
        "ask": 3297.88,
        "lastTraded": null
      },
      "highPrice": {
        "bid": 3298.23,
        "ask": 3298.63,
        "lastTraded": null
      },
      "lowPrice": {
        "bid": 3289.13,
        "ask": 3289.43,
        "lastTraded": null
      },
      "lastTradedVolume": 1854
    },
    {
      "snapshotTime": "2025:05:21-03:15:00",
      "openPrice": {
        "bid": 3297.48,
        "ask": 3297.78,
        "lastTraded": null
      },
      "closePrice": {
        "bid": 3294.4,
        "ask": 3294.9,
        "lastTraded": null
      },
      "highPrice": {
        "bid": 3297.48,
        "ask": 3297.88,
        "lastTraded": null
      },
      "lowPrice": {
        "bid": 3291.65,
        "ask": 3292.15,
        "lastTraded": null
      },
      "lastTradedVolume": 1203
    },
    {
      "snapshotTime": "2025:05:21-03:30:00",
      "openPrice": {
        "bid": 3294.6,
        "ask": 3295.1,
        "lastTraded": null
      },
      "closePrice": {
        "bid": 3303.63,
        "ask": 3303.93,
        "lastTraded": null
      },
      "highPrice": {
        "bid": 3304.75,
        "ask": 3305.25,
        "lastTraded": null
      },
      "lowPrice": {
        "bid": 3293.33,
        "ask": 3293.68,
        "lastTraded": null
      },
      "lastTradedVolume": 1605
    },
    {
      "snapshotTime": "2025:05:21-03:45:00",
      "openPrice": {
        "bid": 3303.73,
        "ask": 3304.03,
        "lastTraded": null
      },
      "closePrice": {
        "bid": 3301.6,
        "ask": 3302.1,
        "lastTraded": null
      },
      "highPrice": {
        "bid": 3305.13,
        "ask": 3305.43,
        "lastTraded": null
      },
      "lowPrice": {
        "bid": 3299.98,
        "ask": 3300.38,
        "lastTraded": null
      },
      "lastTradedVolume": 1418
    },
    {
      "snapshotTime": "2025:05:21-04:00:00",
      "openPrice": {
        "bid": 3301.5,
        "ask": 3302.0,
        "lastTraded": null
      },
      "closePrice": {
        "bid": 3302.83,
        "ask": 3303.13,
        "lastTraded": null
      },
      "highPrice": {
        "bid": 3303.77,
        "ask": 3304.27,
        "lastTraded": null
      },
      "lowPrice": {
        "bid": 3299.08,
        "ask": 3299.43,
        "lastTraded": null
      },
      "lastTradedVolume": 998
    },
    {
      "snapshotTime": "2025:05:21-04:15:00",
      "openPrice": {
        "bid": 3303.13,
        "ask": 3303.43,
        "lastTraded": null
      },
      "closePrice": {
        "bid": 3307.65,
        "ask": 3308.15,
        "lastTraded": null
      },
      "highPrice": {
        "bid": 3308.0,
        "ask": 3308.5,
        "lastTraded": null
      },
      "lowPrice": {
        "bid": 3302.0,
        "ask": 3302.5,
        "lastTraded": null
      },
      "lastTradedVolume": 1105
    },
    {
      "snapshotTime": "2025:05:21-04:30:00",
      "openPrice": {
        "bid": 3307.8,
        "ask": 3308.3,
        "lastTraded": null
      },
      "closePrice": {
        "bid": 3307.13,
        "ask": 3307.43,
        "lastTraded": null
      },
      "highPrice": {
        "bid": 3308.37,
        "ask": 3308.87,
        "lastTraded": null
      },
      "lowPrice": {
        "bid": 3305.49,
        "ask": 3305.93,
        "lastTraded": null
      },
      "lastTradedVolume": 895
    },
    {
      "snapshotTime": "2025:05:21-04:45:00",
      "openPrice": {
        "bid": 3307.03,
        "ask": 3307.53,
        "lastTraded": null
      },
      "closePrice": {
        "bid": 3307.45,
        "ask": 3307.95,
        "lastTraded": null
      },
      "highPrice": {
        "bid": 3309.63,
        "ask": 3309.98,
        "lastTraded": null
      },
      "lowPrice": {
        "bid": 3305.45,
        "ask": 3305.95,
        "lastTraded": null
      },
      "lastTradedVolume": 847
    },
    {
      "snapshotTime": "2025:05:21-05:00:00",
      "openPrice": {
        "bid": 3307.4,
        "ask": 3307.9,
        "lastTraded": null
      },
      "closePrice": {
        "bid": 3305.08,
        "ask": 3305.38,
        "lastTraded": null
      },
      "highPrice": {
        "bid": 3308.21,
        "ask": 3308.71,
        "lastTraded": null
      },
      "lowPrice": {
        "bid": 3304.0,
        "ask": 3304.38,
        "lastTraded": null
      },
      "lastTradedVolume": 667
    },
    {
      "snapshotTime": "2025:05:21-05:15:00",
      "openPrice": {
        "bid": 3304.98,
        "ask": 3305.28,
        "lastTraded": null
      },
      "closePrice": {
        "bid": 3304.05,
        "ask": 3304.55,
        "lastTraded": null
      },
      "highPrice": {
        "bid": 3306.94,
        "ask": 3307.37,
        "lastTraded": null
      },
      "lowPrice": {
        "bid": 3302.55,
        "ask": 3303.0,
        "lastTraded": null
      },
      "lastTradedVolume": 623
    },
    {
      "snapshotTime": "2025:05:21-05:30:00",
      "openPrice": {
        "bid": 3304.15,
        "ask": 3304.65,
        "lastTraded": null
      },
      "closePrice": {
        "bid": 3304.55,
        "ask": 3305.05,
        "lastTraded": null
      },
      "highPrice": {
        "bid": 3306.35,
        "ask": 3306.85,
        "lastTraded": null
      },
      "lowPrice": {
        "bid": 3301.9,
        "ask": 3302.4,
        "lastTraded": null
      },
      "lastTradedVolume": 728
    },
    {
      "snapshotTime": "2025:05:21-05:45:00",
      "openPrice": {
        "bid": 3304.65,
        "ask": 3305.15,
        "lastTraded": null
      },
      "closePrice": {
        "bid": 3302.0,
        "ask": 3302.5,
        "lastTraded": null
      },
      "highPrice": {
        "bid": 3306.05,
        "ask": 3306.45,
        "lastTraded": null
      },
      "lowPrice": {
        "bid": 3301.13,
        "ask": 3301.43,
        "lastTraded": null
      },
      "lastTradedVolume": 606
    },
    {
      "snapshotTime": "2025:05:21-06:00:00",
      "openPrice": {
        "bid": 3301.9,
        "ask": 3302.4,
        "lastTraded": null
      },
      "closePrice": {
        "bid": 3299.83,
        "ask": 3300.13,
        "lastTraded": null
      },
      "highPrice": {
        "bid": 3302.0,
        "ask": 3302.5,
        "lastTraded": null
      },
      "lowPrice": {
        "bid": 3298.35,
        "ask": 3298.65,
        "lastTraded": null
      },
      "lastTradedVolume": 784
    },
    {
      "snapshotTime": "2025:05:21-06:15:00",
      "openPrice": {
        "bid": 3299.65,
        "ask": 3299.95,
        "lastTraded": null
      },
      "closePrice": {
        "bid": 3302.5,
        "ask": 3303.0,
        "lastTraded": null
      },
      "highPrice": {
        "bid": 3302.95,
        "ask": 3303.25,
        "lastTraded": null
      },
      "lowPrice": {
        "bid": 3298.8,
        "ask": 3299.3,
        "lastTraded": null
      },
      "lastTradedVolume": 663
    },
    {
      "snapshotTime": "2025:05:21-06:30:00",
      "openPrice": {
        "bid": 3302.65,
        "ask": 3303.15,
        "lastTraded": null
      },
      "closePrice": {
        "bid": 3312.38,
        "ask": 3312.88,
        "lastTraded": null
      },
      "highPrice": {
        "bid": 3313.15,
        "ask": 3313.45,
        "lastTraded": null
      },
      "lowPrice": {
        "bid": 3300.28,
        "ask": 3300.69,
        "lastTraded": null
      },
      "lastTradedVolume": 1776
    },
    {
      "snapshotTime": "2025:05:21-06:45:00",
      "openPrice": {
        "bid": 3312.48,
        "ask": 3312.98,
        "lastTraded": null
      },
      "closePrice": {
        "bid": 3316.18,
        "ask": 3316.68,
        "lastTraded": null
      },
      "highPrice": {
        "bid": 3319.58,
        "ask": 3319.98,
        "lastTraded": null
      },
      "lowPrice": {
        "bid": 3310.8,
        "ask": 3311.3,
        "lastTraded": null
      },
      "lastTradedVolume": 2051
    },
    {
      "snapshotTime": "2025:05:21-07:00:00",
      "openPrice": {
        "bid": 3316.23,
        "ask": 3316.53,
        "lastTraded": null
      },
      "closePrice": {
        "bid": 3314.4,
        "ask": 3314.9,
        "lastTraded": null
      },
      "highPrice": {
        "bid": 3317.18,
        "ask": 3317.68,
        "lastTraded": null
      },
      "lowPrice": {
        "bid": 3310.78,
        "ask": 3311.08,
        "lastTraded": null
      },
      "lastTradedVolume": 1730
    },
    {
      "snapshotTime": "2025:05:21-07:15:00",
      "openPrice": {
        "bid": 3314.6,
        "ask": 3315.1,
        "lastTraded": null
      },
      "closePrice": {
        "bid": 3318.6,
        "ask": 3319.1,
        "lastTraded": null
      },
      "highPrice": {
        "bid": 3318.6,
        "ask": 3319.1,
        "lastTraded": null
      },
      "lowPrice": {
        "bid": 3312.43,
        "ask": 3312.73,
        "lastTraded": null
      },
      "lastTradedVolume": 1670
    },
    {
      "snapshotTime": "2025:05:21-07:30:00",
      "openPrice": {
        "bid": 3318.7,
        "ask": 3319.2,
        "lastTraded": null
      },
      "closePrice": {
        "bid": 3319.08,
        "ask": 3319.58,
        "lastTraded": null
      },
      "highPrice": {
        "bid": 3320.22,
        "ask": 3320.61,
        "lastTraded": null
      },
      "lowPrice": {
        "bid": 3315.05,
        "ask": 3315.55,
        "lastTraded": null
      },
      "lastTradedVolume": 1872
    },
    {
      "snapshotTime": "2025:05:21-07:45:00",
      "openPrice": {
        "bid": 3319.15,
        "ask": 3319.65,
        "lastTraded": null
      },
      "closePrice": {
        "bid": 3319.9,
        "ask": 3320.4,
        "lastTraded": null
      },
      "highPrice": {
        "bid": 3320.54,
        "ask": 3320.84,
        "lastTraded": null
      },
      "lowPrice": {
        "bid": 3316.25,
        "ask": 3316.55,
        "lastTraded": null
      },
      "lastTradedVolume": 1658
    },
    {
      "snapshotTime": "2025:05:21-08:00:00",
      "openPrice": {
        "bid": 3319.88,
        "ask": 3320.38,
        "lastTraded": null
      },
      "closePrice": {
        "bid": 3311.53,
        "ask": 3311.83,
        "lastTraded": null
      },
      "highPrice": {
        "bid": 3319.88,
        "ask": 3320.38,
        "lastTraded": null
      },
      "lowPrice": {
        "bid": 3311.13,
        "ask": 3311.53,
        "lastTraded": null
      },
      "lastTradedVolume": 1821
    },
    {
      "snapshotTime": "2025:05:21-08:15:00",
      "openPrice": {
        "bid": 3311.58,
        "ask": 3311.88,
        "lastTraded": null
      },
      "closePrice": {
        "bid": 3312.45,
        "ask": 3312.95,
        "lastTraded": null
      },
      "highPrice": {
        "bid": 3313.55,
        "ask": 3314.05,
        "lastTraded": null
      },
      "lowPrice": {
        "bid": 3308.1,
        "ask": 3308.4,
        "lastTraded": null
      },
      "lastTradedVolume": 1793
    },
    {
      "snapshotTime": "2025:05:21-08:30:00",
      "openPrice": {
        "bid": 3312.35,
        "ask": 3312.85,
        "lastTraded": null
      },
      "closePrice": {
        "bid": 3314.45,
        "ask": 3314.95,
        "lastTraded": null
      },
      "highPrice": {
        "bid": 3315.17,
        "ask": 3315.65,
        "lastTraded": null
      },
      "lowPrice": {
        "bid": 3311.08,
        "ask": 3311.53,
        "lastTraded": null
      },
      "lastTradedVolume": 1168
    },
    {
      "snapshotTime": "2025:05:21-08:45:00",
      "openPrice": {
        "bid": 3314.25,
        "ask": 3314.75,
        "lastTraded": null
      },
      "closePrice": {
        "bid": 3309.78,
        "ask": 3310.08,
        "lastTraded": null
      },
      "highPrice": {
        "bid": 3314.25,
        "ask": 3314.75,
        "lastTraded": null
      },
      "lowPrice": {
        "bid": 3307.73,
        "ask": 3308.03,
        "lastTraded": null
      },
      "lastTradedVolume": 1502
    },
    {
      "snapshotTime": "2025:05:21-09:00:00",
      "openPrice": {
        "bid": 3309.98,
        "ask": 3310.28,
        "lastTraded": null
      },
      "closePrice": {
        "bid": 3305.1,
        "ask": 3305.6,
        "lastTraded": null
      },
      "highPrice": {
        "bid": 3311.07,
        "ask": 3311.37,
        "lastTraded": null
      },
      "lowPrice": {
        "bid": 3303.8,
        "ask": 3304.28,
        "lastTraded": null
      },
      "lastTradedVolume": 1393
    },
    {
      "snapshotTime": "2025:05:21-09:15:00",
      "openPrice": {
        "bid": 3305.05,
        "ask": 3305.55,
        "lastTraded": null
      },
      "closePrice": {
        "bid": 3306.85,
        "ask": 3307.35,
        "lastTraded": null
      },
      "highPrice": {
        "bid": 3309.68,
        "ask": 3310.18,
        "lastTraded": null
      },
      "lowPrice": {
        "bid": 3304.33,
        "ask": 3304.63,
        "lastTraded": null
      },
      "lastTradedVolume": 1205
    },
    {
      "snapshotTime": "2025:05:21-09:30:00",
      "openPrice": {
        "bid": 3306.93,
        "ask": 3307.43,
        "lastTraded": null
      },
      "closePrice": {
        "bid": 3309.02,
        "ask": 3309.32,
        "lastTraded": null
      },
      "highPrice": {
        "bid": 3312.2,
        "ask": 3312.63,
        "lastTraded": null
      },
      "lowPrice": {
        "bid": 3305.45,
        "ask": 3305.95,
        "lastTraded": null
      },
      "lastTradedVolume": 1276
    },
    {
      "snapshotTime": "2025:05:21-09:45:00",
      "openPrice": {
        "bid": 3308.87,
        "ask": 3309.17,
        "lastTraded": null
      },
      "closePrice": {
        "bid": 3309.48,
        "ask": 3309.78,
        "lastTraded": null
      },
      "highPrice": {
        "bid": 3310.43,
        "ask": 3310.93,
        "lastTraded": null
      },
      "lowPrice": {
        "bid": 3307.73,
        "ask": 3308.18,
        "lastTraded": null
      },
      "lastTradedVolume": 909
    }
  ],
  "instrumentType": "CURRENCIES",
  "allowance": {
    "remainingAllowance": 8416,
    "totalAllowance": 10000,
    "allowanceExpiry": 176720
  }
}
[2025-05-21 09:57:41,093] INFO: Processing price data for GC
[2025-05-21 09:57:41,093] INFO: Processed 52 price points for GC
[2025-05-21 09:57:41,099] DEBUG: Strategy datapoints: <equitiestradingbot.interfaces.market_history.MarketHistory object at 0x10bf77770>
[2025-05-21 09:57:41,113] INFO: Trade Analysis for CS.D.USCGC.TODAY.IP:
[2025-05-21 09:57:41,113] INFO: Latest Price: 3309.48000
[2025-05-21 09:57:41,113] INFO: MACD: 2.21896 (Signal: 3.37513)
[2025-05-21 09:57:41,113] INFO: RSI: 57.59
[2025-05-21 09:57:41,113] INFO: ADX: 60.21
[2025-05-21 09:57:41,113] INFO: Volume: 909 (MA: 1320)
[2025-05-21 09:57:41,113] INFO:   - RSI condition met
[2025-05-21 09:57:41,113] INFO:   - ADX condition met (above 20)
[2025-05-21 09:57:41,113] INFO:   - Conditions met: 2/5
[2025-05-21 09:57:41,113] INFO:   - ADX condition met (above 20)
[2025-05-21 09:57:41,113] INFO:   - Squeeze momentum condition met
[2025-05-21 09:57:41,113] INFO:   - Conditions met: 2/5
[2025-05-21 09:57:41,113] INFO: No trade signal generated. Conditions not met:
[2025-05-21 09:57:41,113] INFO:   - MACD conditions not met
[2025-05-21 09:57:41,113] INFO: Starting to process market source
[2025-05-21 09:57:44,136] DEBUG: Starting new HTTPS connection (1): demo-api.ig.com:443
[2025-05-21 09:57:44,224] DEBUG: https://demo-api.ig.com:443 "GET /gateway/deal/markets/ HTTP/1.1" 500 77
[2025-05-21 09:57:44,224] ERROR: HTTP request returned 500
