[2025-05-08 18:28:30,533] INFO: Logging to file: /Users/e1/Documents/equitiestradingbot/log/trading_bot_2025-05-08T18_28_30_533369.log
[2025-05-08 18:28:30,533] INFO: Initialising IGInterface...
[2025-05-08 18:28:30,538] DEBUG: Starting new HTTPS connection (1): demo-api.ig.com:443
[2025-05-08 18:28:30,681] DEBUG: https://demo-api.ig.com:443 "POST /gateway/deal/session HTTP/1.1" 200 611
[2025-05-08 18:28:30,683] DEBUG: Starting new HTTPS connection (1): demo-api.ig.com:443
[2025-05-08 18:28:30,733] DEBUG: https://demo-api.ig.com:443 "PUT /gateway/deal/session HTTP/1.1" 412 56
[2025-05-08 18:28:30,734] INFO: Account is already set as default
[2025-05-08 18:28:30,734] INFO: Using stock interface: IGInterface
[2025-05-08 18:28:30,734] INFO: Simple MACD strategy initialised.
[2025-05-08 18:28:30,734] INFO: Performing a single iteration of the market source
[2025-05-08 18:28:33,756] DEBUG: Starting new HTTPS connection (1): demo-api.ig.com:443
[2025-05-08 18:28:33,818] DEBUG: https://demo-api.ig.com:443 "GET /gateway/deal/positions HTTP/1.1" 200 16
[2025-05-08 18:28:33,819] DEBUG: Raw positions response: {
  "positions": []
}
[2025-05-08 18:28:33,819] INFO: Starting to process market source
[2025-05-08 18:28:36,839] DEBUG: Starting new HTTPS connection (1): demo-api.ig.com:443
[2025-05-08 18:28:36,915] DEBUG: https://demo-api.ig.com:443 "GET /gateway/deal/markets/CS.D.CFPGOLD.CFP.IP HTTP/1.1" 200 1564
[2025-05-08 18:28:39,943] DEBUG: Starting new HTTPS connection (1): demo-api.ig.com:443
[2025-05-08 18:28:39,987] DEBUG: https://demo-api.ig.com:443 "GET /gateway/deal/positions HTTP/1.1" 200 16
[2025-05-08 18:28:39,988] DEBUG: Raw positions response: {
  "positions": []
}
[2025-05-08 18:28:43,007] DEBUG: Starting new HTTPS connection (1): demo-api.ig.com:443
[2025-05-08 18:28:43,074] DEBUG: https://demo-api.ig.com:443 "GET /gateway/deal/accounts HTTP/1.1" 200 550
[2025-05-08 18:28:43,112] INFO: Processing GC
[2025-05-08 18:28:43,112] CRITICAL: CRITICAL: get_prices method called
[2025-05-08 18:28:43,112] INFO: Fetching price data from URL: https://demo-api.ig.com/gateway/deal/prices/CS.D.CFPGOLD.CFP.IP/Interval.DAY/26
[2025-05-08 18:28:46,125] DEBUG: Starting new HTTPS connection (1): demo-api.ig.com:443
[2025-05-08 18:28:46,177] DEBUG: https://demo-api.ig.com:443 "GET /gateway/deal/prices/CS.D.CFPGOLD.CFP.IP/Interval.DAY/26 HTTP/1.1" 400 46
[2025-05-08 18:28:46,177] ERROR: HTTP request returned 400
[2025-05-08 18:28:46,177] ERROR: Strategy exception caught: HTTP request returned 400
[2025-05-08 18:28:46,181] DEBUG: Traceback (most recent call last):
  File "/Users/e1/Documents/equitiestradingbot/equitiestradingbot/tradingbot.py", line 186, in process_market
    trade, limit, stop = self.strategy.run(market)
                         ~~~~~~~~~~~~~~~~~^^^^^^^^
  File "/Users/e1/Documents/equitiestradingbot/equitiestradingbot/strategies/base.py", line 40, in run
    datapoints = self.fetch_datapoints(market)
  File "/Users/e1/Documents/equitiestradingbot/equitiestradingbot/strategies/simple_macd.py", line 47, in fetch_datapoints
    return self.broker.get_macd(market, Interval.DAY, 30)
           ~~~~~~~~~~~~~~~~~~~~^^^^^^^^^^^^^^^^^^^^^^^^^^
  File "/Users/e1/Documents/equitiestradingbot/equitiestradingbot/components/broker/broker.py", line 84, in get_macd
    return self.stocks_ifc.get_macd(market, interval, datapoints_range)
           ~~~~~~~~~~~~~~~~~~~~~~~~^^^^^^^^^^^^^^^^^^^^^^^^^^^^^^^^^^^^
  File "/Users/e1/Documents/equitiestradingbot/equitiestradingbot/components/broker/ig_interface.py", line 491, in get_macd
    data = self._macd_dataframe(market, interval)
  File "/Users/e1/Documents/equitiestradingbot/equitiestradingbot/components/broker/ig_interface.py", line 501, in _macd_dataframe
    prices = self.get_prices(market, Interval.DAY, 26)
  File "/Users/e1/Documents/equitiestradingbot/equitiestradingbot/components/broker/ig_interface.py", line 239, in get_prices
    data = self._http_get(url)
  File "/Users/e1/Documents/equitiestradingbot/equitiestradingbot/components/broker/ig_interface.py", line 481, in _http_get
    raise RuntimeError("HTTP request returned {}".format(response.status_code))
RuntimeError: HTTP request returned 400

[2025-05-08 18:28:46,182] INFO: Starting to process market source
