[2025-05-06 00:18:33,202] INFO: Logging to file: /Users/e1/Documents/equitiestradingbot/log/trading_bot_2025-05-06T00_18_33_202159.log
[2025-05-06 00:18:33,202] INFO: Initialising IGInterface...
[2025-05-06 00:18:33,211] DEBUG: Starting new HTTPS connection (1): demo-api.ig.com:443
[2025-05-06 00:18:33,370] DEBUG: https://demo-api.ig.com:443 "POST /gateway/deal/session HTTP/1.1" 200 617
[2025-05-06 00:18:33,371] DEBUG: Starting new HTTPS connection (1): demo-api.ig.com:443
[2025-05-06 00:18:33,480] DEBUG: https://demo-api.ig.com:443 "PUT /gateway/deal/session HTTP/1.1" 412 56
[2025-05-06 00:18:33,482] INFO: Account is already set as default
[2025-05-06 00:18:33,482] INFO: Using stock interface: IGInterface
[2025-05-06 00:18:33,482] INFO: Simple MACD strategy initialised.
[2025-05-06 00:18:36,507] DEBUG: Starting new HTTPS connection (1): demo-api.ig.com:443
[2025-05-06 00:18:36,615] DEBUG: https://demo-api.ig.com:443 "GET /gateway/deal/positions HTTP/1.1" 200 777
[2025-05-06 00:18:36,616] ERROR: Generic exception caught: 'createDateUTC'
[2025-05-06 00:18:36,617] ERROR: Traceback (most recent call last):
  File "/Users/e1/Documents/equitiestradingbot/equitiestradingbot/tradingbot.py", line 119, in start
    self.process_open_positions()
    ~~~~~~~~~~~~~~~~~~~~~~~~~~~^^
  File "/Users/e1/Documents/equitiestradingbot/equitiestradingbot/tradingbot.py", line 156, in process_open_positions
    positions = self.broker.get_open_positions()
  File "/Users/e1/Documents/equitiestradingbot/equitiestradingbot/components/broker/broker.py", line 26, in get_open_positions
    return self.account_ifc.get_open_positions()
           ~~~~~~~~~~~~~~~~~~~~~~~~~~~~~~~~~~~^^
  File "/Users/e1/Documents/equitiestradingbot/equitiestradingbot/components/broker/ig_interface.py", line 155, in get_open_positions
    create_date=d["position"]["createDateUTC"],
                ~~~~~~~~~~~~~^^^^^^^^^^^^^^^^^
KeyError: 'createDateUTC'

[2025-05-06 00:18:39,636] DEBUG: Starting new HTTPS connection (1): demo-api.ig.com:443
[2025-05-06 00:18:39,711] DEBUG: https://demo-api.ig.com:443 "GET /gateway/deal/positions HTTP/1.1" 200 777
[2025-05-06 00:18:39,711] ERROR: Generic exception caught: 'createDateUTC'
[2025-05-06 00:18:39,712] ERROR: Traceback (most recent call last):
  File "/Users/e1/Documents/equitiestradingbot/equitiestradingbot/tradingbot.py", line 119, in start
    self.process_open_positions()
    ~~~~~~~~~~~~~~~~~~~~~~~~~~~^^
  File "/Users/e1/Documents/equitiestradingbot/equitiestradingbot/tradingbot.py", line 156, in process_open_positions
    positions = self.broker.get_open_positions()
  File "/Users/e1/Documents/equitiestradingbot/equitiestradingbot/components/broker/broker.py", line 26, in get_open_positions
    return self.account_ifc.get_open_positions()
           ~~~~~~~~~~~~~~~~~~~~~~~~~~~~~~~~~~~^^
  File "/Users/e1/Documents/equitiestradingbot/equitiestradingbot/components/broker/ig_interface.py", line 155, in get_open_positions
    create_date=d["position"]["createDateUTC"],
                ~~~~~~~~~~~~~^^^^^^^^^^^^^^^^^
KeyError: 'createDateUTC'

[2025-05-06 00:18:42,741] DEBUG: Starting new HTTPS connection (1): demo-api.ig.com:443
[2025-05-06 00:18:42,817] DEBUG: https://demo-api.ig.com:443 "GET /gateway/deal/positions HTTP/1.1" 200 777
[2025-05-06 00:18:42,819] ERROR: Generic exception caught: 'createDateUTC'
[2025-05-06 00:18:42,820] ERROR: Traceback (most recent call last):
  File "/Users/e1/Documents/equitiestradingbot/equitiestradingbot/tradingbot.py", line 119, in start
    self.process_open_positions()
    ~~~~~~~~~~~~~~~~~~~~~~~~~~~^^
  File "/Users/e1/Documents/equitiestradingbot/equitiestradingbot/tradingbot.py", line 156, in process_open_positions
    positions = self.broker.get_open_positions()
  File "/Users/e1/Documents/equitiestradingbot/equitiestradingbot/components/broker/broker.py", line 26, in get_open_positions
    return self.account_ifc.get_open_positions()
           ~~~~~~~~~~~~~~~~~~~~~~~~~~~~~~~~~~~^^
  File "/Users/e1/Documents/equitiestradingbot/equitiestradingbot/components/broker/ig_interface.py", line 155, in get_open_positions
    create_date=d["position"]["createDateUTC"],
                ~~~~~~~~~~~~~^^^^^^^^^^^^^^^^^
KeyError: 'createDateUTC'

[2025-05-06 00:18:45,848] DEBUG: Starting new HTTPS connection (1): demo-api.ig.com:443
[2025-05-06 00:18:45,936] DEBUG: https://demo-api.ig.com:443 "GET /gateway/deal/positions HTTP/1.1" 200 777
[2025-05-06 00:18:45,937] ERROR: Generic exception caught: 'createDateUTC'
[2025-05-06 00:18:45,938] ERROR: Traceback (most recent call last):
  File "/Users/e1/Documents/equitiestradingbot/equitiestradingbot/tradingbot.py", line 119, in start
    self.process_open_positions()
    ~~~~~~~~~~~~~~~~~~~~~~~~~~~^^
  File "/Users/e1/Documents/equitiestradingbot/equitiestradingbot/tradingbot.py", line 156, in process_open_positions
    positions = self.broker.get_open_positions()
  File "/Users/e1/Documents/equitiestradingbot/equitiestradingbot/components/broker/broker.py", line 26, in get_open_positions
    return self.account_ifc.get_open_positions()
           ~~~~~~~~~~~~~~~~~~~~~~~~~~~~~~~~~~~^^
  File "/Users/e1/Documents/equitiestradingbot/equitiestradingbot/components/broker/ig_interface.py", line 155, in get_open_positions
    create_date=d["position"]["createDateUTC"],
                ~~~~~~~~~~~~~^^^^^^^^^^^^^^^^^
KeyError: 'createDateUTC'

[2025-05-06 00:18:48,966] DEBUG: Starting new HTTPS connection (1): demo-api.ig.com:443
[2025-05-06 00:18:49,048] DEBUG: https://demo-api.ig.com:443 "GET /gateway/deal/positions HTTP/1.1" 200 777
[2025-05-06 00:18:49,049] ERROR: Generic exception caught: 'createDateUTC'
[2025-05-06 00:18:49,050] ERROR: Traceback (most recent call last):
  File "/Users/e1/Documents/equitiestradingbot/equitiestradingbot/tradingbot.py", line 119, in start
    self.process_open_positions()
    ~~~~~~~~~~~~~~~~~~~~~~~~~~~^^
  File "/Users/e1/Documents/equitiestradingbot/equitiestradingbot/tradingbot.py", line 156, in process_open_positions
    positions = self.broker.get_open_positions()
  File "/Users/e1/Documents/equitiestradingbot/equitiestradingbot/components/broker/broker.py", line 26, in get_open_positions
    return self.account_ifc.get_open_positions()
           ~~~~~~~~~~~~~~~~~~~~~~~~~~~~~~~~~~~^^
  File "/Users/e1/Documents/equitiestradingbot/equitiestradingbot/components/broker/ig_interface.py", line 155, in get_open_positions
    create_date=d["position"]["createDateUTC"],
                ~~~~~~~~~~~~~^^^^^^^^^^^^^^^^^
KeyError: 'createDateUTC'

