[2025-05-07 23:24:38,363] INFO: Logging to file: /Users/e1/Documents/equitiestradingbot/log/trading_bot_2025-05-07T23_24_38_363284.log
[2025-05-07 23:24:38,363] INFO: Initialising IGInterface...
[2025-05-07 23:24:38,369] DEBUG: Starting new HTTPS connection (1): demo-api.ig.com:443
[2025-05-07 23:24:38,575] DEBUG: https://demo-api.ig.com:443 "POST /gateway/deal/session HTTP/1.1" 200 619
[2025-05-07 23:24:38,576] DEBUG: Starting new HTTPS connection (1): demo-api.ig.com:443
[2025-05-07 23:24:38,677] DEBUG: https://demo-api.ig.com:443 "PUT /gateway/deal/session HTTP/1.1" 412 56
[2025-05-07 23:24:38,678] INFO: Account is already set as default
[2025-05-07 23:24:38,679] INFO: Using stock interface: IGInterface
[2025-05-07 23:24:38,679] INFO: Simple MACD strategy initialised.
[2025-05-07 23:24:38,679] INFO: Performing a single iteration of the market source
[2025-05-07 23:24:41,707] DEBUG: Starting new HTTPS connection (1): demo-api.ig.com:443
[2025-05-07 23:24:41,794] DEBUG: https://demo-api.ig.com:443 "GET /gateway/deal/positions HTTP/1.1" 200 680
[2025-05-07 23:24:41,796] DEBUG: Raw positions response: {
  "positions": [
    {
      "position": {
        "contractSize": 1.0,
        "createdDate": "2025/05/06 18:22:20:000",
        "dealId": "DIAAAATP62AT7AQ",
        "dealSize": 10.0,
        "direction": "BUY",
        "limitLevel": 4216.05,
        "openLevel": 3416.05,
        "currency": "GBP",
        "controlledRisk": false,
        "stopLevel": 3316.05,
        "trailingStep": null,
        "trailingStopDistance": null,
        "limitedRiskPremium": null
      },
      "market": {
        "instrumentName": "Spot Gold (\u00a31 Contract)",
        "expiry": "-",
        "epic": "CS.D.CFPGOLD.CFP.IP",
        "instrumentType": "CURRENCIES",
        "lotSize": 1.0,
        "high": 3374.1,
        "low": 3363.54,
        "percentageChange": 0.11,
        "netChange": 3.82,
        "bid": 3368.37,
        "offer": 3368.87,
        "updateTime": "23:24:37",
        "delayTime": 0,
        "streamingPricesAvailable": true,
        "marketStatus": "TRADEABLE",
        "scalingFactor": 1
      }
    }
  ]
}
[2025-05-07 23:24:44,819] DEBUG: Starting new HTTPS connection (1): demo-api.ig.com:443
[2025-05-07 23:24:44,912] DEBUG: https://demo-api.ig.com:443 "GET /gateway/deal/markets/CS.D.CFPGOLD.CFP.IP HTTP/1.1" 200 1561
[2025-05-07 23:24:47,948] DEBUG: Starting new HTTPS connection (1): demo-api.ig.com:443
[2025-05-07 23:24:48,082] DEBUG: https://demo-api.ig.com:443 "GET /gateway/deal/accounts HTTP/1.1" 200 558
[2025-05-07 23:24:48,127] WARNING: Market is closed: stop processing
