[2025-05-30 16:25:19,039] INFO: Initialising IGInterface...
[2025-05-30 16:25:19,039] INFO: Attempting authentication to URL: https://demo-api.ig.com/gateway/deal/session
[2025-05-30 16:25:19,039] INFO: Using API Key: 43c58bfd6f5ead3ac4d803d18f883db5857c9631
[2025-05-30 16:25:19,039] INFO: Using Account ID: Z5YISO
[2025-05-30 16:25:19,060] DEBUG: Starting new HTTPS connection (1): demo-api.ig.com:443
[2025-05-30 16:25:19,242] DEBUG: https://demo-api.ig.com:443 "POST /gateway/deal/session HTTP/1.1" 200 619
[2025-05-30 16:25:19,243] INFO: Successfully obtained authentication tokens
[2025-05-30 16:25:19,244] DEBUG: Starting new HTTPS connection (1): demo-api.ig.com:443
[2025-05-30 16:25:19,340] DEBUG: https://demo-api.ig.com:443 "PUT /gateway/deal/session HTTP/1.1" 412 56
[2025-05-30 16:25:19,342] INFO: Account is already set as default
[2025-05-30 16:25:19,342] INFO: Using stock interface: IGInterface
[2025-05-30 16:25:19,342] INFO: Advanced Momentum Strategy initialised
[2025-05-30 16:25:19,342] INFO: Advanced Momentum Strategy created
[2025-05-30 16:25:19,343] INFO: Performing a single iteration of the market source
[2025-05-30 16:25:22,370] DEBUG: Starting new HTTPS connection (1): demo-api.ig.com:443
[2025-05-30 16:25:22,452] DEBUG: https://demo-api.ig.com:443 "GET /gateway/deal/positions HTTP/1.1" 200 16
[2025-05-30 16:25:22,453] DEBUG: Raw positions response: {
  "positions": []
}
[2025-05-30 16:25:22,453] INFO: Starting to process market source
[2025-05-30 16:25:25,483] DEBUG: Starting new HTTPS connection (1): demo-api.ig.com:443
[2025-05-30 16:25:25,555] DEBUG: https://demo-api.ig.com:443 "GET /gateway/deal/positions HTTP/1.1" 200 16
[2025-05-30 16:25:25,556] DEBUG: Raw positions response: {
  "positions": []
}
[2025-05-30 16:25:28,584] DEBUG: Starting new HTTPS connection (1): demo-api.ig.com:443
[2025-05-30 16:25:28,662] DEBUG: https://demo-api.ig.com:443 "GET /gateway/deal/markets/CS.D.USCGC.TODAY.IP HTTP/1.1" 200 2030
[2025-05-30 16:25:31,691] DEBUG: Starting new HTTPS connection (1): demo-api.ig.com:443
[2025-05-30 16:25:31,804] DEBUG: https://demo-api.ig.com:443 "GET /gateway/deal/accounts HTTP/1.1" 200 552
[2025-05-30 16:25:31,846] INFO: Processing GC
[2025-05-30 16:25:31,849] CRITICAL: CRITICAL: get_prices method called
[2025-05-30 16:25:31,849] INFO: Fetching price data from URL: https://demo-api.ig.com/gateway/deal/prices/CS.D.USCGC.TODAY.IP/MINUTE_15/52
[2025-05-30 16:25:34,879] DEBUG: Starting new HTTPS connection (1): demo-api.ig.com:443
[2025-05-30 16:25:34,978] DEBUG: https://demo-api.ig.com:443 "GET /gateway/deal/prices/CS.D.USCGC.TODAY.IP/MINUTE_15/52 HTTP/1.1" 200 15872
[2025-05-30 16:25:34,979] DEBUG: Raw price data: {
  "prices": [
    {
      "snapshotTime": "2025:05:30-03:30:00",
      "openPrice": {
        "bid": 3301.83,
        "ask": 3302.33,
        "lastTraded": null
      },
      "closePrice": {
        "bid": 3300.1,
        "ask": 3300.6,
        "lastTraded": null
      },
      "highPrice": {
        "bid": 3303.45,
        "ask": 3303.82,
        "lastTraded": null
      },
      "lowPrice": {
        "bid": 3298.5,
        "ask": 3298.85,
        "lastTraded": null
      },
      "lastTradedVolume": 1601
    },
    {
      "snapshotTime": "2025:05:30-03:45:00",
      "openPrice": {
        "bid": 3299.98,
        "ask": 3300.48,
        "lastTraded": null
      },
      "closePrice": {
        "bid": 3297.13,
        "ask": 3297.63,
        "lastTraded": null
      },
      "highPrice": {
        "bid": 3300.28,
        "ask": 3300.7,
        "lastTraded": null
      },
      "lowPrice": {
        "bid": 3294.78,
        "ask": 3295.2,
        "lastTraded": null
      },
      "lastTradedVolume": 1400
    },
    {
      "snapshotTime": "2025:05:30-04:00:00",
      "openPrice": {
        "bid": 3296.98,
        "ask": 3297.28,
        "lastTraded": null
      },
      "closePrice": {
        "bid": 3300.15,
        "ask": 3300.65,
        "lastTraded": null
      },
      "highPrice": {
        "bid": 3302.33,
        "ask": 3302.63,
        "lastTraded": null
      },
      "lowPrice": {
        "bid": 3296.08,
        "ask": 3296.38,
        "lastTraded": null
      },
      "lastTradedVolume": 1333
    },
    {
      "snapshotTime": "2025:05:30-04:15:00",
      "openPrice": {
        "bid": 3300.35,
        "ask": 3300.85,
        "lastTraded": null
      },
      "closePrice": {
        "bid": 3296.63,
        "ask": 3296.93,
        "lastTraded": null
      },
      "highPrice": {
        "bid": 3300.76,
        "ask": 3301.26,
        "lastTraded": null
      },
      "lowPrice": {
        "bid": 3296.63,
        "ask": 3296.93,
        "lastTraded": null
      },
      "lastTradedVolume": 985
    },
    {
      "snapshotTime": "2025:05:30-04:30:00",
      "openPrice": {
        "bid": 3296.73,
        "ask": 3297.03,
        "lastTraded": null
      },
      "closePrice": {
        "bid": 3293.68,
        "ask": 3293.98,
        "lastTraded": null
      },
      "highPrice": {
        "bid": 3299.3,
        "ask": 3299.8,
        "lastTraded": null
      },
      "lowPrice": {
        "bid": 3293.25,
        "ask": 3293.75,
        "lastTraded": null
      },
      "lastTradedVolume": 821
    },
    {
      "snapshotTime": "2025:05:30-04:45:00",
      "openPrice": {
        "bid": 3293.58,
        "ask": 3294.08,
        "lastTraded": null
      },
      "closePrice": {
        "bid": 3294.33,
        "ask": 3294.83,
        "lastTraded": null
      },
      "highPrice": {
        "bid": 3296.28,
        "ask": 3296.78,
        "lastTraded": null
      },
      "lowPrice": {
        "bid": 3291.15,
        "ask": 3291.58,
        "lastTraded": null
      },
      "lastTradedVolume": 1155
    },
    {
      "snapshotTime": "2025:05:30-05:00:00",
      "openPrice": {
        "bid": 3294.13,
        "ask": 3294.63,
        "lastTraded": null
      },
      "closePrice": {
        "bid": 3293.8,
        "ask": 3294.3,
        "lastTraded": null
      },
      "highPrice": {
        "bid": 3295.08,
        "ask": 3295.38,
        "lastTraded": null
      },
      "lowPrice": {
        "bid": 3291.98,
        "ask": 3292.28,
        "lastTraded": null
      },
      "lastTradedVolume": 721
    },
    {
      "snapshotTime": "2025:05:30-05:15:00",
      "openPrice": {
        "bid": 3293.75,
        "ask": 3294.25,
        "lastTraded": null
      },
      "closePrice": {
        "bid": 3294.58,
        "ask": 3295.08,
        "lastTraded": null
      },
      "highPrice": {
        "bid": 3295.38,
        "ask": 3295.88,
        "lastTraded": null
      },
      "lowPrice": {
        "bid": 3293.17,
        "ask": 3293.67,
        "lastTraded": null
      },
      "lastTradedVolume": 633
    },
    {
      "snapshotTime": "2025:05:30-05:30:00",
      "openPrice": {
        "bid": 3294.33,
        "ask": 3294.63,
        "lastTraded": null
      },
      "closePrice": {
        "bid": 3292.3,
        "ask": 3292.8,
        "lastTraded": null
      },
      "highPrice": {
        "bid": 3294.8,
        "ask": 3295.2,
        "lastTraded": null
      },
      "lowPrice": {
        "bid": 3291.38,
        "ask": 3291.88,
        "lastTraded": null
      },
      "lastTradedVolume": 669
    },
    {
      "snapshotTime": "2025:05:30-05:45:00",
      "openPrice": {
        "bid": 3292.36,
        "ask": 3292.86,
        "lastTraded": null
      },
      "closePrice": {
        "bid": 3296.25,
        "ask": 3296.55,
        "lastTraded": null
      },
      "highPrice": {
        "bid": 3296.48,
        "ask": 3296.79,
        "lastTraded": null
      },
      "lowPrice": {
        "bid": 3292.22,
        "ask": 3292.65,
        "lastTraded": null
      },
      "lastTradedVolume": 614
    },
    {
      "snapshotTime": "2025:05:30-06:00:00",
      "openPrice": {
        "bid": 3296.15,
        "ask": 3296.65,
        "lastTraded": null
      },
      "closePrice": {
        "bid": 3292.33,
        "ask": 3292.83,
        "lastTraded": null
      },
      "highPrice": {
        "bid": 3296.33,
        "ask": 3296.65,
        "lastTraded": null
      },
      "lowPrice": {
        "bid": 3290.03,
        "ask": 3290.53,
        "lastTraded": null
      },
      "lastTradedVolume": 966
    },
    {
      "snapshotTime": "2025:05:30-06:15:00",
      "openPrice": {
        "bid": 3292.23,
        "ask": 3292.73,
        "lastTraded": null
      },
      "closePrice": {
        "bid": 3297.0,
        "ask": 3297.3,
        "lastTraded": null
      },
      "highPrice": {
        "bid": 3298.76,
        "ask": 3299.06,
        "lastTraded": null
      },
      "lowPrice": {
        "bid": 3291.3,
        "ask": 3291.75,
        "lastTraded": null
      },
      "lastTradedVolume": 999
    },
    {
      "snapshotTime": "2025:05:30-06:30:00",
      "openPrice": {
        "bid": 3296.9,
        "ask": 3297.2,
        "lastTraded": null
      },
      "closePrice": {
        "bid": 3299.18,
        "ask": 3299.48,
        "lastTraded": null
      },
      "highPrice": {
        "bid": 3300.29,
        "ask": 3300.68,
        "lastTraded": null
      },
      "lowPrice": {
        "bid": 3296.65,
        "ask": 3297.08,
        "lastTraded": null
      },
      "lastTradedVolume": 1082
    },
    {
      "snapshotTime": "2025:05:30-06:45:00",
      "openPrice": {
        "bid": 3299.08,
        "ask": 3299.38,
        "lastTraded": null
      },
      "closePrice": {
        "bid": 3303.6,
        "ask": 3304.1,
        "lastTraded": null
      },
      "highPrice": {
        "bid": 3304.98,
        "ask": 3305.32,
        "lastTraded": null
      },
      "lowPrice": {
        "bid": 3297.5,
        "ask": 3297.95,
        "lastTraded": null
      },
      "lastTradedVolume": 1177
    },
    {
      "snapshotTime": "2025:05:30-07:00:00",
      "openPrice": {
        "bid": 3303.55,
        "ask": 3304.05,
        "lastTraded": null
      },
      "closePrice": {
        "bid": 3294.09,
        "ask": 3294.59,
        "lastTraded": null
      },
      "highPrice": {
        "bid": 3304.2,
        "ask": 3304.5,
        "lastTraded": null
      },
      "lowPrice": {
        "bid": 3291.32,
        "ask": 3291.82,
        "lastTraded": null
      },
      "lastTradedVolume": 1710
    },
    {
      "snapshotTime": "2025:05:30-07:15:00",
      "openPrice": {
        "bid": 3294.15,
        "ask": 3294.65,
        "lastTraded": null
      },
      "closePrice": {
        "bid": 3291.08,
        "ask": 3291.38,
        "lastTraded": null
      },
      "highPrice": {
        "bid": 3296.94,
        "ask": 3297.44,
        "lastTraded": null
      },
      "lowPrice": {
        "bid": 3290.43,
        "ask": 3290.73,
        "lastTraded": null
      },
      "lastTradedVolume": 1373
    },
    {
      "snapshotTime": "2025:05:30-07:30:00",
      "openPrice": {
        "bid": 3291.1,
        "ask": 3291.4,
        "lastTraded": null
      },
      "closePrice": {
        "bid": 3295.75,
        "ask": 3296.25,
        "lastTraded": null
      },
      "highPrice": {
        "bid": 3298.4,
        "ask": 3298.9,
        "lastTraded": null
      },
      "lowPrice": {
        "bid": 3290.85,
        "ask": 3291.3,
        "lastTraded": null
      },
      "lastTradedVolume": 1235
    },
    {
      "snapshotTime": "2025:05:30-07:45:00",
      "openPrice": {
        "bid": 3295.8,
        "ask": 3296.1,
        "lastTraded": null
      },
      "closePrice": {
        "bid": 3301.68,
        "ask": 3302.18,
        "lastTraded": null
      },
      "highPrice": {
        "bid": 3302.08,
        "ask": 3302.43,
        "lastTraded": null
      },
      "lowPrice": {
        "bid": 3294.41,
        "ask": 3294.88,
        "lastTraded": null
      },
      "lastTradedVolume": 1403
    },
    {
      "snapshotTime": "2025:05:30-08:00:00",
      "openPrice": {
        "bid": 3301.48,
        "ask": 3301.98,
        "lastTraded": null
      },
      "closePrice": {
        "bid": 3291.95,
        "ask": 3292.45,
        "lastTraded": null
      },
      "highPrice": {
        "bid": 3301.48,
        "ask": 3301.98,
        "lastTraded": null
      },
      "lowPrice": {
        "bid": 3287.33,
        "ask": 3287.68,
        "lastTraded": null
      },
      "lastTradedVolume": 2208
    },
    {
      "snapshotTime": "2025:05:30-08:15:00",
      "openPrice": {
        "bid": 3292.01,
        "ask": 3292.51,
        "lastTraded": null
      },
      "closePrice": {
        "bid": 3295.83,
        "ask": 3296.33,
        "lastTraded": null
      },
      "highPrice": {
        "bid": 3297.41,
        "ask": 3297.8,
        "lastTraded": null
      },
      "lowPrice": {
        "bid": 3290.31,
        "ask": 3290.81,
        "lastTraded": null
      },
      "lastTradedVolume": 1356
    },
    {
      "snapshotTime": "2025:05:30-08:30:00",
      "openPrice": {
        "bid": 3295.68,
        "ask": 3296.13,
        "lastTraded": null
      },
      "closePrice": {
        "bid": 3293.88,
        "ask": 3294.18,
        "lastTraded": null
      },
      "highPrice": {
        "bid": 3296.9,
        "ask": 3297.4,
        "lastTraded": null
      },
      "lowPrice": {
        "bid": 3292.44,
        "ask": 3292.88,
        "lastTraded": null
      },
      "lastTradedVolume": 1092
    },
    {
      "snapshotTime": "2025:05:30-08:45:00",
      "openPrice": {
        "bid": 3293.98,
        "ask": 3294.28,
        "lastTraded": null
      },
      "closePrice": {
        "bid": 3294.87,
        "ask": 3295.37,
        "lastTraded": null
      },
      "highPrice": {
        "bid": 3297.23,
        "ask": 3297.58,
        "lastTraded": null
      },
      "lowPrice": {
        "bid": 3293.73,
        "ask": 3294.17,
        "lastTraded": null
      },
      "lastTradedVolume": 1317
    },
    {
      "snapshotTime": "2025:05:30-09:00:00",
      "openPrice": {
        "bid": 3294.6,
        "ask": 3295.1,
        "lastTraded": null
      },
      "closePrice": {
        "bid": 3295.45,
        "ask": 3295.95,
        "lastTraded": null
      },
      "highPrice": {
        "bid": 3299.23,
        "ask": 3299.58,
        "lastTraded": null
      },
      "lowPrice": {
        "bid": 3291.58,
        "ask": 3291.9,
        "lastTraded": null
      },
      "lastTradedVolume": 1693
    },
    {
      "snapshotTime": "2025:05:30-09:15:00",
      "openPrice": {
        "bid": 3295.55,
        "ask": 3296.05,
        "lastTraded": null
      },
      "closePrice": {
        "bid": 3297.78,
        "ask": 3298.08,
        "lastTraded": null
      },
      "highPrice": {
        "bid": 3299.02,
        "ask": 3299.52,
        "lastTraded": null
      },
      "lowPrice": {
        "bid": 3294.45,
        "ask": 3294.95,
        "lastTraded": null
      },
      "lastTradedVolume": 1217
    },
    {
      "snapshotTime": "2025:05:30-09:30:00",
      "openPrice": {
        "bid": 3297.68,
        "ask": 3297.98,
        "lastTraded": null
      },
      "closePrice": {
        "bid": 3296.7,
        "ask": 3297.2,
        "lastTraded": null
      },
      "highPrice": {
        "bid": 3298.98,
        "ask": 3299.43,
        "lastTraded": null
      },
      "lowPrice": {
        "bid": 3295.58,
        "ask": 3295.88,
        "lastTraded": null
      },
      "lastTradedVolume": 1159
    },
    {
      "snapshotTime": "2025:05:30-09:45:00",
      "openPrice": {
        "bid": 3296.75,
        "ask": 3297.25,
        "lastTraded": null
      },
      "closePrice": {
        "bid": 3295.7,
        "ask": 3296.0,
        "lastTraded": null
      },
      "highPrice": {
        "bid": 3297.43,
        "ask": 3297.93,
        "lastTraded": null
      },
      "lowPrice": {
        "bid": 3294.33,
        "ask": 3294.63,
        "lastTraded": null
      },
      "lastTradedVolume": 935
    },
    {
      "snapshotTime": "2025:05:30-10:00:00",
      "openPrice": {
        "bid": 3295.57,
        "ask": 3295.87,
        "lastTraded": null
      },
      "closePrice": {
        "bid": 3297.7,
        "ask": 3298.2,
        "lastTraded": null
      },
      "highPrice": {
        "bid": 3298.45,
        "ask": 3298.75,
        "lastTraded": null
      },
      "lowPrice": {
        "bid": 3294.05,
        "ask": 3294.45,
        "lastTraded": null
      },
      "lastTradedVolume": 1017
    },
    {
      "snapshotTime": "2025:05:30-10:15:00",
      "openPrice": {
        "bid": 3297.8,
        "ask": 3298.3,
        "lastTraded": null
      },
      "closePrice": {
        "bid": 3296.13,
        "ask": 3296.43,
        "lastTraded": null
      },
      "highPrice": {
        "bid": 3299.05,
        "ask": 3299.55,
        "lastTraded": null
      },
      "lowPrice": {
        "bid": 3295.45,
        "ask": 3295.95,
        "lastTraded": null
      },
      "lastTradedVolume": 1066
    },
    {
      "snapshotTime": "2025:05:30-10:30:00",
      "openPrice": {
        "bid": 3295.83,
        "ask": 3296.13,
        "lastTraded": null
      },
      "closePrice": {
        "bid": 3297.83,
        "ask": 3298.13,
        "lastTraded": null
      },
      "highPrice": {
        "bid": 3298.13,
        "ask": 3298.43,
        "lastTraded": null
      },
      "lowPrice": {
        "bid": 3292.43,
        "ask": 3292.83,
        "lastTraded": null
      },
      "lastTradedVolume": 1113
    },
    {
      "snapshotTime": "2025:05:30-10:45:00",
      "openPrice": {
        "bid": 3297.93,
        "ask": 3298.23,
        "lastTraded": null
      },
      "closePrice": {
        "bid": 3295.4,
        "ask": 3295.9,
        "lastTraded": null
      },
      "highPrice": {
        "bid": 3298.2,
        "ask": 3298.5,
        "lastTraded": null
      },
      "lowPrice": {
        "bid": 3295.07,
        "ask": 3295.4,
        "lastTraded": null
      },
      "lastTradedVolume": 805
    },
    {
      "snapshotTime": "2025:05:30-11:00:00",
      "openPrice": {
        "bid": 3295.33,
        "ask": 3295.83,
        "lastTraded": null
      },
      "closePrice": {
        "bid": 3299.57,
        "ask": 3300.07,
        "lastTraded": null
      },
      "highPrice": {
        "bid": 3300.33,
        "ask": 3300.68,
        "lastTraded": null
      },
      "lowPrice": {
        "bid": 3294.99,
        "ask": 3295.34,
        "lastTraded": null
      },
      "lastTradedVolume": 903
    },
    {
      "snapshotTime": "2025:05:30-11:15:00",
      "openPrice": {
        "bid": 3299.58,
        "ask": 3300.08,
        "lastTraded": null
      },
      "closePrice": {
        "bid": 3296.28,
        "ask": 3296.78,
        "lastTraded": null
      },
      "highPrice": {
        "bid": 3300.53,
        "ask": 3300.93,
        "lastTraded": null
      },
      "lowPrice": {
        "bid": 3295.58,
        "ask": 3295.93,
        "lastTraded": null
      },
      "lastTradedVolume": 1045
    },
    {
      "snapshotTime": "2025:05:30-11:30:00",
      "openPrice": {
        "bid": 3296.33,
        "ask": 3296.83,
        "lastTraded": null
      },
      "closePrice": {
        "bid": 3294.28,
        "ask": 3294.78,
        "lastTraded": null
      },
      "highPrice": {
        "bid": 3296.68,
        "ask": 3296.98,
        "lastTraded": null
      },
      "lowPrice": {
        "bid": 3293.83,
        "ask": 3294.28,
        "lastTraded": null
      },
      "lastTradedVolume": 721
    },
    {
      "snapshotTime": "2025:05:30-11:45:00",
      "openPrice": {
        "bid": 3294.33,
        "ask": 3294.83,
        "lastTraded": null
      },
      "closePrice": {
        "bid": 3294.98,
        "ask": 3295.48,
        "lastTraded": null
      },
      "highPrice": {
        "bid": 3296.08,
        "ask": 3296.48,
        "lastTraded": null
      },
      "lowPrice": {
        "bid": 3292.38,
        "ask": 3292.83,
        "lastTraded": null
      },
      "lastTradedVolume": 895
    },
    {
      "snapshotTime": "2025:05:30-12:00:00",
      "openPrice": {
        "bid": 3295.08,
        "ask": 3295.38,
        "lastTraded": null
      },
      "closePrice": {
        "bid": 3293.45,
        "ask": 3293.75,
        "lastTraded": null
      },
      "highPrice": {
        "bid": 3297.18,
        "ask": 3297.53,
        "lastTraded": null
      },
      "lowPrice": {
        "bid": 3293.0,
        "ask": 3293.49,
        "lastTraded": null
      },
      "lastTradedVolume": 1111
    },
    {
      "snapshotTime": "2025:05:30-12:15:00",
      "openPrice": {
        "bid": 3293.35,
        "ask": 3293.85,
        "lastTraded": null
      },
      "closePrice": {
        "bid": 3293.28,
        "ask": 3293.78,
        "lastTraded": null
      },
      "highPrice": {
        "bid": 3294.95,
        "ask": 3295.36,
        "lastTraded": null
      },
      "lowPrice": {
        "bid": 3289.9,
        "ask": 3290.3,
        "lastTraded": null
      },
      "lastTradedVolume": 1083
    },
    {
      "snapshotTime": "2025:05:30-12:30:00",
      "openPrice": {
        "bid": 3293.32,
        "ask": 3293.82,
        "lastTraded": null
      },
      "closePrice": {
        "bid": 3292.05,
        "ask": 3292.35,
        "lastTraded": null
      },
      "highPrice": {
        "bid": 3293.9,
        "ask": 3294.28,
        "lastTraded": null
      },
      "lowPrice": {
        "bid": 3291.24,
        "ask": 3291.65,
        "lastTraded": null
      },
      "lastTradedVolume": 889
    },
    {
      "snapshotTime": "2025:05:30-12:45:00",
      "openPrice": {
        "bid": 3292.0,
        "ask": 3292.5,
        "lastTraded": null
      },
      "closePrice": {
        "bid": 3293.98,
        "ask": 3294.28,
        "lastTraded": null
      },
      "highPrice": {
        "bid": 3294.82,
        "ask": 3295.17,
        "lastTraded": null
      },
      "lowPrice": {
        "bid": 3288.48,
        "ask": 3288.78,
        "lastTraded": null
      },
      "lastTradedVolume": 1435
    },
    {
      "snapshotTime": "2025:05:30-13:00:00",
      "openPrice": {
        "bid": 3294.03,
        "ask": 3294.53,
        "lastTraded": null
      },
      "closePrice": {
        "bid": 3302.68,
        "ask": 3303.18,
        "lastTraded": null
      },
      "highPrice": {
        "bid": 3306.78,
        "ask": 3307.08,
        "lastTraded": null
      },
      "lowPrice": {
        "bid": 3283.08,
        "ask": 3283.38,
        "lastTraded": null
      },
      "lastTradedVolume": 3293
    },
    {
      "snapshotTime": "2025:05:30-13:15:00",
      "openPrice": {
        "bid": 3302.6,
        "ask": 3303.1,
        "lastTraded": null
      },
      "closePrice": {
        "bid": 3300.47,
        "ask": 3303.65,
        "lastTraded": null
      },
      "highPrice": {
        "bid": 3305.45,
        "ask": 3305.75,
        "lastTraded": null
      },
      "lowPrice": {
        "bid": 3297.38,
        "ask": 3297.88,
        "lastTraded": null
      },
      "lastTradedVolume": 3160
    },
    {
      "snapshotTime": "2025:05:30-13:30:00",
      "openPrice": {
        "bid": 3300.44,
        "ask": 3303.69,
        "lastTraded": null
      },
      "closePrice": {
        "bid": 3304.38,
        "ask": 3304.88,
        "lastTraded": null
      },
      "highPrice": {
        "bid": 3306.0,
        "ask": 3306.3,
        "lastTraded": null
      },
      "lowPrice": {
        "bid": 3296.0,
        "ask": 3296.3,
        "lastTraded": null
      },
      "lastTradedVolume": 2651
    },
    {
      "snapshotTime": "2025:05:30-13:45:00",
      "openPrice": {
        "bid": 3304.4,
        "ask": 3304.9,
        "lastTraded": null
      },
      "closePrice": {
        "bid": 3303.93,
        "ask": 3304.23,
        "lastTraded": null
      },
      "highPrice": {
        "bid": 3305.45,
        "ask": 3305.95,
        "lastTraded": null
      },
      "lowPrice": {
        "bid": 3301.47,
        "ask": 3301.77,
        "lastTraded": null
      },
      "lastTradedVolume": 1845
    },
    {
      "snapshotTime": "2025:05:30-14:00:00",
      "openPrice": {
        "bid": 3303.87,
        "ask": 3304.17,
        "lastTraded": null
      },
      "closePrice": {
        "bid": 3302.63,
        "ask": 3302.93,
        "lastTraded": null
      },
      "highPrice": {
        "bid": 3308.1,
        "ask": 3308.6,
        "lastTraded": null
      },
      "lowPrice": {
        "bid": 3302.08,
        "ask": 3302.48,
        "lastTraded": null
      },
      "lastTradedVolume": 2063
    },
    {
      "snapshotTime": "2025:05:30-14:15:00",
      "openPrice": {
        "bid": 3302.53,
        "ask": 3302.83,
        "lastTraded": null
      },
      "closePrice": {
        "bid": 3294.5,
        "ask": 3295.0,
        "lastTraded": null
      },
      "highPrice": {
        "bid": 3302.73,
        "ask": 3303.03,
        "lastTraded": null
      },
      "lowPrice": {
        "bid": 3293.73,
        "ask": 3294.08,
        "lastTraded": null
      },
      "lastTradedVolume": 2468
    },
    {
      "snapshotTime": "2025:05:30-14:30:00",
      "openPrice": {
        "bid": 3294.4,
        "ask": 3294.9,
        "lastTraded": null
      },
      "closePrice": {
        "bid": 3289.43,
        "ask": 3289.93,
        "lastTraded": null
      },
      "highPrice": {
        "bid": 3299.32,
        "ask": 3299.72,
        "lastTraded": null
      },
      "lowPrice": {
        "bid": 3288.09,
        "ask": 3288.39,
        "lastTraded": null
      },
      "lastTradedVolume": 2984
    },
    {
      "snapshotTime": "2025:05:30-14:45:00",
      "openPrice": {
        "bid": 3289.53,
        "ask": 3290.03,
        "lastTraded": null
      },
      "closePrice": {
        "bid": 3275.73,
        "ask": 3277.79,
        "lastTraded": null
      },
      "highPrice": {
        "bid": 3291.28,
        "ask": 3291.58,
        "lastTraded": null
      },
      "lowPrice": {
        "bid": 3275.03,
        "ask": 3275.53,
        "lastTraded": null
      },
      "lastTradedVolume": 3410
    },
    {
      "snapshotTime": "2025:05:30-15:00:00",
      "openPrice": {
        "bid": 3275.75,
        "ask": 3277.81,
        "lastTraded": null
      },
      "closePrice": {
        "bid": 3282.12,
        "ask": 3282.42,
        "lastTraded": null
      },
      "highPrice": {
        "bid": 3286.53,
        "ask": 3286.93,
        "lastTraded": null
      },
      "lowPrice": {
        "bid": 3271.41,
        "ask": 3271.71,
        "lastTraded": null
      },
      "lastTradedVolume": 3410
    },
    {
      "snapshotTime": "2025:05:30-15:15:00",
      "openPrice": {
        "bid": 3282.23,
        "ask": 3282.53,
        "lastTraded": null
      },
      "closePrice": {
        "bid": 3283.35,
        "ask": 3283.85,
        "lastTraded": null
      },
      "highPrice": {
        "bid": 3287.22,
        "ask": 3287.64,
        "lastTraded": null
      },
      "lowPrice": {
        "bid": 3279.34,
        "ask": 3279.84,
        "lastTraded": null
      },
      "lastTradedVolume": 2738
    },
    {
      "snapshotTime": "2025:05:30-15:30:00",
      "openPrice": {
        "bid": 3283.33,
        "ask": 3283.83,
        "lastTraded": null
      },
      "closePrice": {
        "bid": 3278.75,
        "ask": 3279.05,
        "lastTraded": null
      },
      "highPrice": {
        "bid": 3285.08,
        "ask": 3285.53,
        "lastTraded": null
      },
      "lowPrice": {
        "bid": 3273.28,
        "ask": 3273.58,
        "lastTraded": null
      },
      "lastTradedVolume": 2961
    },
    {
      "snapshotTime": "2025:05:30-15:45:00",
      "openPrice": {
        "bid": 3278.8,
        "ask": 3279.1,
        "lastTraded": null
      },
      "closePrice": {
        "bid": 3282.67,
        "ask": 3282.97,
        "lastTraded": null
      },
      "highPrice": {
        "bid": 3282.89,
        "ask": 3283.19,
        "lastTraded": null
      },
      "lowPrice": {
        "bid": 3276.05,
        "ask": 3276.55,
        "lastTraded": null
      },
      "lastTradedVolume": 3038
    },
    {
      "snapshotTime": "2025:05:30-16:00:00",
      "openPrice": {
        "bid": 3282.72,
        "ask": 3283.02,
        "lastTraded": null
      },
      "closePrice": {
        "bid": 3283.83,
        "ask": 3284.33,
        "lastTraded": null
      },
      "highPrice": {
        "bid": 3287.63,
        "ask": 3287.93,
        "lastTraded": null
      },
      "lowPrice": {
        "bid": 3275.9,
        "ask": 3276.25,
        "lastTraded": null
      },
      "lastTradedVolume": 3351
    },
    {
      "snapshotTime": "2025:05:30-16:15:00",
      "openPrice": {
        "bid": 3283.78,
        "ask": 3284.28,
        "lastTraded": null
      },
      "closePrice": {
        "bid": 3287.93,
        "ask": 3288.43,
        "lastTraded": null
      },
      "highPrice": {
        "bid": 3288.65,
        "ask": 3289.05,
        "lastTraded": null
      },
      "lowPrice": {
        "bid": 3282.75,
        "ask": 3283.05,
        "lastTraded": null
      },
      "lastTradedVolume": 1641
    }
  ],
  "instrumentType": "CURRENCIES",
  "allowance": {
    "remainingAllowance": 7436,
    "totalAllowance": 10000,
    "allowanceExpiry": 250744
  }
}
[2025-05-30 16:25:34,979] INFO: Processing price data for GC
[2025-05-30 16:25:34,979] INFO: Processed 52 price points for GC
[2025-05-30 16:25:34,983] DEBUG: Strategy datapoints: <equitiestradingbot.interfaces.market_history.MarketHistory object at 0x10bdd3620>
[2025-05-30 16:25:34,990] INFO: MACD Calculation Details:
[2025-05-30 16:25:34,990] INFO:   Fast EMA (12): 3287.40205
[2025-05-30 16:25:34,990] INFO:   Slow EMA (26): 3290.97962
[2025-05-30 16:25:34,990] INFO:   MACD Line: -3.57757
[2025-05-30 16:25:34,990] INFO:   Signal Line: -2.59400
[2025-05-30 16:25:34,990] INFO:   Histogram: -0.98358
[2025-05-30 16:25:34,990] INFO:   Previous MACD: -3.91754
[2025-05-30 16:25:34,990] INFO:   Previous Signal: -2.34810
[2025-05-30 16:25:34,990] INFO:   MACD Cross Status: No Cross
[2025-05-30 16:25:34,990] INFO:   MACD Zero Line Status: Below Zero
[2025-05-30 16:25:34,997] INFO: Trade Analysis for CS.D.USCGC.TODAY.IP:
[2025-05-30 16:25:34,997] INFO: Latest Price: 3287.93000
[2025-05-30 16:25:34,997] INFO: 50 EMA: 3293.59571
[2025-05-30 16:25:34,998] INFO: 200 EMA: 3297.65978
[2025-05-30 16:25:34,998] INFO: MACD: -3.57757 (Signal: -2.59400)
[2025-05-30 16:25:34,998] INFO: RSI: 45.34
[2025-05-30 16:25:34,998] INFO: ADX: 63.14
[2025-05-30 16:25:34,998] INFO: Volume: 1641 (MA: 2642)
[2025-05-30 16:25:34,998] INFO: Checking for LONG signal...
[2025-05-30 16:25:34,998] INFO:   - EMA trend structure not met
[2025-05-30 16:25:34,998] INFO: Checking for SHORT signal...
[2025-05-30 16:25:34,998] INFO:   - EMA trend structure met (price < 50 EMA < 200 EMA)
[2025-05-30 16:25:34,998] INFO:   - MACD conditions met (below signal line and below zero)
[2025-05-30 16:25:34,998] INFO:   - ADX condition met (above 25)
[2025-05-30 16:25:34,998] INFO:   - Squeeze momentum condition met
[2025-05-30 16:25:34,998] INFO:   - Additional conditions met: 2/3
[2025-05-30 16:25:34,998] INFO: SHORT Signal Generated:
[2025-05-30 16:25:34,998] INFO:   - Price < 50 EMA & 200 EMA (mandatory)
[2025-05-30 16:25:34,998] INFO:   - MACD below signal line and below zero (mandatory)
[2025-05-30 16:25:34,998] INFO:   - ADX above 25
[2025-05-30 16:25:34,998] INFO:   - Squeeze momentum negative
[2025-05-30 16:25:34,998] INFO: Attempting to place trade with data: {
  "direction": "SELL",
  "epic": "CS.D.USCGC.TODAY.IP",
  "limitLevel": 3248.4157142857143,
  "orderType": "MARKET",
  "size": 10,
  "stopLevel": 3303.735714285714,
  "forceOpen": true,
  "expiry": "DFB",
  "guaranteedStop": false,
  "currencyCode": "GBP"
}
[2025-05-30 16:25:34,999] DEBUG: Starting new HTTPS connection (1): demo-api.ig.com:443
[2025-05-30 16:25:35,159] DEBUG: https://demo-api.ig.com:443 "POST /gateway/deal/positions/otc HTTP/1.1" 200 35
[2025-05-30 16:25:38,187] DEBUG: Starting new HTTPS connection (1): demo-api.ig.com:443
[2025-05-30 16:25:38,270] DEBUG: https://demo-api.ig.com:443 "GET /gateway/deal/confirms/JDQLS623V9GTYPT HTTP/1.1" 200 476
[2025-05-30 16:25:38,271] INFO: Order confirmation response: {
  "date": "2025-05-30T15:25:35.216",
  "status": "OPEN",
  "reason": "SUCCESS",
  "dealStatus": "ACCEPTED",
  "epic": "CS.D.USCGC.TODAY.IP",
  "expiry": "DFB",
  "dealReference": "JDQLS623V9GTYPT",
  "dealId": "DIAAAATYXGU6XAP",
  "affectedDeals": [
    {
      "dealId": "DIAAAATYXGU6XAP",
      "status": "OPENED"
    }
  ],
  "level": 3287.93,
  "size": 10.0,
  "direction": "SELL",
  "stopLevel": 3303.7356,
  "limitLevel": 3248.4158,
  "stopDistance": null,
  "limitDistance": null,
  "guaranteedStop": false,
  "trailingStop": false,
  "profit": null,
  "profitCurrency": null
}
[2025-05-30 16:25:38,271] INFO: Order SELL for CS.D.USCGC.TODAY.IP confirmed with limit=3248.4157142857143 and stop=3303.735714285714
[2025-05-30 16:25:41,306] DEBUG: Starting new HTTPS connection (1): demo-api.ig.com:443
[2025-05-30 16:25:41,386] DEBUG: https://demo-api.ig.com:443 "GET /gateway/deal/markets/ HTTP/1.1" 500 77
[2025-05-30 16:25:41,387] ERROR: HTTP request returned 500
[2025-05-30 16:25:41,388] INFO: Finished processing all markets in the source
[2025-05-30 16:25:41,388] INFO: Resetting MarketProvider
[2025-05-30 16:25:41,392] INFO: Wait for 0.08 hours...
