[2025-07-17 08:54:15,739] INFO: Initialising IGInterface...
[2025-07-17 08:54:15,740] INFO: Attempting authentication to URL: https://demo-api.ig.com/gateway/deal/session
[2025-07-17 08:54:15,740] INFO: Using API Key: 43c58bfd6f5ead3ac4d803d18f883db5857c9631
[2025-07-17 08:54:15,740] INFO: Using Account ID: Z5YISO
[2025-07-17 08:54:15,764] DEBUG: Starting new HTTPS connection (1): demo-api.ig.com:443
[2025-07-17 08:54:15,938] DEBUG: https://demo-api.ig.com:443 "POST /gateway/deal/session HTTP/1.1" 200 619
[2025-07-17 08:54:15,939] INFO: Successfully obtained authentication tokens
[2025-07-17 08:54:15,941] DEBUG: Starting new HTTPS connection (1): demo-api.ig.com:443
[2025-07-17 08:54:16,026] DEBUG: https://demo-api.ig.com:443 "PUT /gateway/deal/session HTTP/1.1" 412 56
[2025-07-17 08:54:16,028] INFO: Account is already set as default
[2025-07-17 08:54:16,028] INFO: Using stock interface: IGInterface
[2025-07-17 08:54:16,029] INFO: Intraday Gold Strategy configuration loaded successfully
[2025-07-17 08:54:16,029] INFO: Intraday Gold Strategy initialised
[2025-07-17 08:54:16,030] INFO: Intraday Gold Strategy configuration loaded successfully
[2025-07-17 08:54:19,062] DEBUG: Starting new HTTPS connection (1): demo-api.ig.com:443
[2025-07-17 08:54:19,152] DEBUG: https://demo-api.ig.com:443 "GET /gateway/deal/positions HTTP/1.1" 200 16
[2025-07-17 08:54:19,154] DEBUG: Raw positions response: {
  "positions": []
}
[2025-07-17 08:54:19,154] INFO: Starting to process market source
[2025-07-17 08:54:22,178] DEBUG: Starting new HTTPS connection (1): demo-api.ig.com:443
[2025-07-17 08:54:22,254] DEBUG: https://demo-api.ig.com:443 "GET /gateway/deal/positions HTTP/1.1" 200 16
[2025-07-17 08:54:22,256] DEBUG: Raw positions response: {
  "positions": []
}
[2025-07-17 08:54:25,282] DEBUG: Starting new HTTPS connection (1): demo-api.ig.com:443
[2025-07-17 08:54:25,361] DEBUG: https://demo-api.ig.com:443 "GET /gateway/deal/markets/CS.D.USCGC.TODAY.IP HTTP/1.1" 200 2029
[2025-07-17 08:54:28,394] DEBUG: Starting new HTTPS connection (1): demo-api.ig.com:443
[2025-07-17 08:54:28,503] DEBUG: https://demo-api.ig.com:443 "GET /gateway/deal/accounts HTTP/1.1" 200 552
[2025-07-17 08:54:28,508] INFO: Processing GC
[2025-07-17 08:54:28,508] CRITICAL: CRITICAL: get_prices method called
[2025-07-17 08:54:28,508] INFO: Fetching price data from URL: https://demo-api.ig.com/gateway/deal/prices/CS.D.USCGC.TODAY.IP/MINUTE_15/100
[2025-07-17 08:54:31,539] DEBUG: Starting new HTTPS connection (1): demo-api.ig.com:443
[2025-07-17 08:54:31,628] DEBUG: https://demo-api.ig.com:443 "GET /gateway/deal/prices/CS.D.USCGC.TODAY.IP/MINUTE_15/100 HTTP/1.1" 200 30391
[2025-07-17 08:54:31,644] DEBUG: Raw price data: {
  "prices": [
    {
      "snapshotTime": "2025:07:16-07:00:00",
      "openPrice": {
        "bid": 3337.97,
        "ask": 3338.47,
        "lastTraded": null
      },
      "closePrice": {
        "bid": 3340.54,
        "ask": 3341.04,
        "lastTraded": null
      },
      "highPrice": {
        "bid": 3341.41,
        "ask": 3341.91,
        "lastTraded": null
      },
      "lowPrice": {
        "bid": 3337.78,
        "ask": 3338.28,
        "lastTraded": null
      },
      "lastTradedVolume": 933
    },
    {
      "snapshotTime": "2025:07:16-07:15:00",
      "openPrice": {
        "bid": 3340.59,
        "ask": 3341.09,
        "lastTraded": null
      },
      "closePrice": {
        "bid": 3340.02,
        "ask": 3340.32,
        "lastTraded": null
      },
      "highPrice": {
        "bid": 3342.12,
        "ask": 3342.51,
        "lastTraded": null
      },
      "lowPrice": {
        "bid": 3339.65,
        "ask": 3340.13,
        "lastTraded": null
      },
      "lastTradedVolume": 1002
    },
    {
      "snapshotTime": "2025:07:16-07:30:00",
      "openPrice": {
        "bid": 3339.97,
        "ask": 3340.27,
        "lastTraded": null
      },
      "closePrice": {
        "bid": 3340.27,
        "ask": 3340.77,
        "lastTraded": null
      },
      "highPrice": {
        "bid": 3341.65,
        "ask": 3342.15,
        "lastTraded": null
      },
      "lowPrice": {
        "bid": 3339.36,
        "ask": 3339.85,
        "lastTraded": null
      },
      "lastTradedVolume": 1012
    },
    {
      "snapshotTime": "2025:07:16-07:45:00",
      "openPrice": {
        "bid": 3340.1,
        "ask": 3340.6,
        "lastTraded": null
      },
      "closePrice": {
        "bid": 3338.97,
        "ask": 3339.27,
        "lastTraded": null
      },
      "highPrice": {
        "bid": 3340.91,
        "ask": 3341.41,
        "lastTraded": null
      },
      "lowPrice": {
        "bid": 3338.49,
        "ask": 3338.87,
        "lastTraded": null
      },
      "lastTradedVolume": 1058
    },
    {
      "snapshotTime": "2025:07:16-08:00:00",
      "openPrice": {
        "bid": 3338.96,
        "ask": 3339.26,
        "lastTraded": null
      },
      "closePrice": {
        "bid": 3337.8,
        "ask": 3338.3,
        "lastTraded": null
      },
      "highPrice": {
        "bid": 3339.61,
        "ask": 3339.98,
        "lastTraded": null
      },
      "lowPrice": {
        "bid": 3337.04,
        "ask": 3337.34,
        "lastTraded": null
      },
      "lastTradedVolume": 1020
    },
    {
      "snapshotTime": "2025:07:16-08:15:00",
      "openPrice": {
        "bid": 3337.74,
        "ask": 3338.24,
        "lastTraded": null
      },
      "closePrice": {
        "bid": 3338.11,
        "ask": 3338.41,
        "lastTraded": null
      },
      "highPrice": {
        "bid": 3340.07,
        "ask": 3340.49,
        "lastTraded": null
      },
      "lowPrice": {
        "bid": 3337.53,
        "ask": 3337.83,
        "lastTraded": null
      },
      "lastTradedVolume": 676
    },
    {
      "snapshotTime": "2025:07:16-08:30:00",
      "openPrice": {
        "bid": 3338.04,
        "ask": 3338.54,
        "lastTraded": null
      },
      "closePrice": {
        "bid": 3336.48,
        "ask": 3336.78,
        "lastTraded": null
      },
      "highPrice": {
        "bid": 3339.06,
        "ask": 3339.38,
        "lastTraded": null
      },
      "lowPrice": {
        "bid": 3336.2,
        "ask": 3336.51,
        "lastTraded": null
      },
      "lastTradedVolume": 906
    },
    {
      "snapshotTime": "2025:07:16-08:45:00",
      "openPrice": {
        "bid": 3336.53,
        "ask": 3336.83,
        "lastTraded": null
      },
      "closePrice": {
        "bid": 3337.65,
        "ask": 3337.95,
        "lastTraded": null
      },
      "highPrice": {
        "bid": 3338.21,
        "ask": 3338.62,
        "lastTraded": null
      },
      "lowPrice": {
        "bid": 3335.86,
        "ask": 3336.36,
        "lastTraded": null
      },
      "lastTradedVolume": 1121
    },
    {
      "snapshotTime": "2025:07:16-09:00:00",
      "openPrice": {
        "bid": 3337.73,
        "ask": 3338.03,
        "lastTraded": null
      },
      "closePrice": {
        "bid": 3340.22,
        "ask": 3340.72,
        "lastTraded": null
      },
      "highPrice": {
        "bid": 3342.47,
        "ask": 3342.91,
        "lastTraded": null
      },
      "lowPrice": {
        "bid": 3337.53,
        "ask": 3337.97,
        "lastTraded": null
      },
      "lastTradedVolume": 1449
    },
    {
      "snapshotTime": "2025:07:16-09:15:00",
      "openPrice": {
        "bid": 3340.16,
        "ask": 3340.46,
        "lastTraded": null
      },
      "closePrice": {
        "bid": 3340.61,
        "ask": 3341.11,
        "lastTraded": null
      },
      "highPrice": {
        "bid": 3340.76,
        "ask": 3341.21,
        "lastTraded": null
      },
      "lowPrice": {
        "bid": 3339.0,
        "ask": 3339.38,
        "lastTraded": null
      },
      "lastTradedVolume": 1072
    },
    {
      "snapshotTime": "2025:07:16-09:30:00",
      "openPrice": {
        "bid": 3340.58,
        "ask": 3341.08,
        "lastTraded": null
      },
      "closePrice": {
        "bid": 3340.98,
        "ask": 3341.28,
        "lastTraded": null
      },
      "highPrice": {
        "bid": 3341.09,
        "ask": 3341.41,
        "lastTraded": null
      },
      "lowPrice": {
        "bid": 3339.3,
        "ask": 3339.69,
        "lastTraded": null
      },
      "lastTradedVolume": 875
    },
    {
      "snapshotTime": "2025:07:16-09:45:00",
      "openPrice": {
        "bid": 3341.07,
        "ask": 3341.37,
        "lastTraded": null
      },
      "closePrice": {
        "bid": 3341.8,
        "ask": 3342.1,
        "lastTraded": null
      },
      "highPrice": {
        "bid": 3342.5,
        "ask": 3342.89,
        "lastTraded": null
      },
      "lowPrice": {
        "bid": 3340.17,
        "ask": 3340.47,
        "lastTraded": null
      },
      "lastTradedVolume": 825
    },
    {
      "snapshotTime": "2025:07:16-10:00:00",
      "openPrice": {
        "bid": 3341.76,
        "ask": 3342.06,
        "lastTraded": null
      },
      "closePrice": {
        "bid": 3340.34,
        "ask": 3340.84,
        "lastTraded": null
      },
      "highPrice": {
        "bid": 3343.05,
        "ask": 3343.51,
        "lastTraded": null
      },
      "lowPrice": {
        "bid": 3339.71,
        "ask": 3340.2,
        "lastTraded": null
      },
      "lastTradedVolume": 1190
    },
    {
      "snapshotTime": "2025:07:16-10:15:00",
      "openPrice": {
        "bid": 3340.32,
        "ask": 3340.82,
        "lastTraded": null
      },
      "closePrice": {
        "bid": 3338.96,
        "ask": 3339.46,
        "lastTraded": null
      },
      "highPrice": {
        "bid": 3341.65,
        "ask": 3342.01,
        "lastTraded": null
      },
      "lowPrice": {
        "bid": 3338.83,
        "ask": 3339.28,
        "lastTraded": null
      },
      "lastTradedVolume": 969
    },
    {
      "snapshotTime": "2025:07:16-10:30:00",
      "openPrice": {
        "bid": 3339.19,
        "ask": 3339.49,
        "lastTraded": null
      },
      "closePrice": {
        "bid": 3340.96,
        "ask": 3341.46,
        "lastTraded": null
      },
      "highPrice": {
        "bid": 3341.26,
        "ask": 3341.56,
        "lastTraded": null
      },
      "lowPrice": {
        "bid": 3339.09,
        "ask": 3339.49,
        "lastTraded": null
      },
      "lastTradedVolume": 729
    },
    {
      "snapshotTime": "2025:07:16-10:45:00",
      "openPrice": {
        "bid": 3341.01,
        "ask": 3341.51,
        "lastTraded": null
      },
      "closePrice": {
        "bid": 3339.71,
        "ask": 3340.21,
        "lastTraded": null
      },
      "highPrice": {
        "bid": 3341.89,
        "ask": 3342.25,
        "lastTraded": null
      },
      "lowPrice": {
        "bid": 3339.59,
        "ask": 3340.09,
        "lastTraded": null
      },
      "lastTradedVolume": 906
    },
    {
      "snapshotTime": "2025:07:16-11:00:00",
      "openPrice": {
        "bid": 3339.65,
        "ask": 3340.15,
        "lastTraded": null
      },
      "closePrice": {
        "bid": 3337.92,
        "ask": 3338.42,
        "lastTraded": null
      },
      "highPrice": {
        "bid": 3340.33,
        "ask": 3340.63,
        "lastTraded": null
      },
      "lowPrice": {
        "bid": 3337.72,
        "ask": 3338.12,
        "lastTraded": null
      },
      "lastTradedVolume": 1137
    },
    {
      "snapshotTime": "2025:07:16-11:15:00",
      "openPrice": {
        "bid": 3337.84,
        "ask": 3338.34,
        "lastTraded": null
      },
      "closePrice": {
        "bid": 3338.73,
        "ask": 3339.23,
        "lastTraded": null
      },
      "highPrice": {
        "bid": 3339.13,
        "ask": 3339.63,
        "lastTraded": null
      },
      "lowPrice": {
        "bid": 3336.74,
        "ask": 3337.24,
        "lastTraded": null
      },
      "lastTradedVolume": 965
    },
    {
      "snapshotTime": "2025:07:16-11:30:00",
      "openPrice": {
        "bid": 3338.71,
        "ask": 3339.21,
        "lastTraded": null
      },
      "closePrice": {
        "bid": 3337.71,
        "ask": 3338.21,
        "lastTraded": null
      },
      "highPrice": {
        "bid": 3339.48,
        "ask": 3339.98,
        "lastTraded": null
      },
      "lowPrice": {
        "bid": 3337.59,
        "ask": 3337.89,
        "lastTraded": null
      },
      "lastTradedVolume": 876
    },
    {
      "snapshotTime": "2025:07:16-11:45:00",
      "openPrice": {
        "bid": 3337.69,
        "ask": 3338.19,
        "lastTraded": null
      },
      "closePrice": {
        "bid": 3335.02,
        "ask": 3335.52,
        "lastTraded": null
      },
      "highPrice": {
        "bid": 3338.84,
        "ask": 3339.16,
        "lastTraded": null
      },
      "lowPrice": {
        "bid": 3333.76,
        "ask": 3334.17,
        "lastTraded": null
      },
      "lastTradedVolume": 1148
    },
    {
      "snapshotTime": "2025:07:16-12:00:00",
      "openPrice": {
        "bid": 3334.99,
        "ask": 3335.49,
        "lastTraded": null
      },
      "closePrice": {
        "bid": 3335.92,
        "ask": 3336.42,
        "lastTraded": null
      },
      "highPrice": {
        "bid": 3336.57,
        "ask": 3337.07,
        "lastTraded": null
      },
      "lowPrice": {
        "bid": 3334.07,
        "ask": 3334.57,
        "lastTraded": null
      },
      "lastTradedVolume": 1956
    },
    {
      "snapshotTime": "2025:07:16-12:15:00",
      "openPrice": {
        "bid": 3336.01,
        "ask": 3336.51,
        "lastTraded": null
      },
      "closePrice": {
        "bid": 3336.06,
        "ask": 3336.36,
        "lastTraded": null
      },
      "highPrice": {
        "bid": 3337.24,
        "ask": 3337.54,
        "lastTraded": null
      },
      "lowPrice": {
        "bid": 3333.63,
        "ask": 3334.08,
        "lastTraded": null
      },
      "lastTradedVolume": 2861
    },
    {
      "snapshotTime": "2025:07:16-12:30:00",
      "openPrice": {
        "bid": 3336.04,
        "ask": 3336.34,
        "lastTraded": null
      },
      "closePrice": {
        "bid": 3338.17,
        "ask": 3338.67,
        "lastTraded": null
      },
      "highPrice": {
        "bid": 3338.22,
        "ask": 3338.72,
        "lastTraded": null
      },
      "lowPrice": {
        "bid": 3334.85,
        "ask": 3335.35,
        "lastTraded": null
      },
      "lastTradedVolume": 2974
    },
    {
      "snapshotTime": "2025:07:16-12:45:00",
      "openPrice": {
        "bid": 3338.19,
        "ask": 3338.69,
        "lastTraded": null
      },
      "closePrice": {
        "bid": 3339.21,
        "ask": 3339.71,
        "lastTraded": null
      },
      "highPrice": {
        "bid": 3340.18,
        "ask": 3340.68,
        "lastTraded": null
      },
      "lowPrice": {
        "bid": 3336.16,
        "ask": 3336.46,
        "lastTraded": null
      },
      "lastTradedVolume": 3201
    },
    {
      "snapshotTime": "2025:07:16-13:00:00",
      "openPrice": {
        "bid": 3339.14,
        "ask": 3339.64,
        "lastTraded": null
      },
      "closePrice": {
        "bid": 3338.08,
        "ask": 3338.58,
        "lastTraded": null
      },
      "highPrice": {
        "bid": 3340.79,
        "ask": 3341.09,
        "lastTraded": null
      },
      "lowPrice": {
        "bid": 3337.27,
        "ask": 3337.57,
        "lastTraded": null
      },
      "lastTradedVolume": 2018
    },
    {
      "snapshotTime": "2025:07:16-13:15:00",
      "openPrice": {
        "bid": 3338.09,
        "ask": 3338.59,
        "lastTraded": null
      },
      "closePrice": {
        "bid": 3333.25,
        "ask": 3336.11,
        "lastTraded": null
      },
      "highPrice": {
        "bid": 3338.09,
        "ask": 3338.59,
        "lastTraded": null
      },
      "lowPrice": {
        "bid": 3333.1,
        "ask": 3333.56,
        "lastTraded": null
      },
      "lastTradedVolume": 1892
    },
    {
      "snapshotTime": "2025:07:16-13:30:00",
      "openPrice": {
        "bid": 3333.26,
        "ask": 3336.17,
        "lastTraded": null
      },
      "closePrice": {
        "bid": 3333.65,
        "ask": 3334.15,
        "lastTraded": null
      },
      "highPrice": {
        "bid": 3338.43,
        "ask": 3338.73,
        "lastTraded": null
      },
      "lowPrice": {
        "bid": 3331.82,
        "ask": 3332.32,
        "lastTraded": null
      },
      "lastTradedVolume": 2661
    },
    {
      "snapshotTime": "2025:07:16-13:45:00",
      "openPrice": {
        "bid": 3334.15,
        "ask": 3334.65,
        "lastTraded": null
      },
      "closePrice": {
        "bid": 3334.65,
        "ask": 3334.95,
        "lastTraded": null
      },
      "highPrice": {
        "bid": 3335.5,
        "ask": 3335.93,
        "lastTraded": null
      },
      "lowPrice": {
        "bid": 3330.64,
        "ask": 3331.08,
        "lastTraded": null
      },
      "lastTradedVolume": 1909
    },
    {
      "snapshotTime": "2025:07:16-14:00:00",
      "openPrice": {
        "bid": 3334.63,
        "ask": 3335.13,
        "lastTraded": null
      },
      "closePrice": {
        "bid": 3334.51,
        "ask": 3335.01,
        "lastTraded": null
      },
      "highPrice": {
        "bid": 3336.89,
        "ask": 3337.38,
        "lastTraded": null
      },
      "lowPrice": {
        "bid": 3332.46,
        "ask": 3332.83,
        "lastTraded": null
      },
      "lastTradedVolume": 1867
    },
    {
      "snapshotTime": "2025:07:16-14:15:00",
      "openPrice": {
        "bid": 3334.55,
        "ask": 3335.05,
        "lastTraded": null
      },
      "closePrice": {
        "bid": 3334.83,
        "ask": 3335.33,
        "lastTraded": null
      },
      "highPrice": {
        "bid": 3339.29,
        "ask": 3339.68,
        "lastTraded": null
      },
      "lowPrice": {
        "bid": 3333.8,
        "ask": 3334.1,
        "lastTraded": null
      },
      "lastTradedVolume": 1836
    },
    {
      "snapshotTime": "2025:07:16-14:30:00",
      "openPrice": {
        "bid": 3334.32,
        "ask": 3334.62,
        "lastTraded": null
      },
      "closePrice": {
        "bid": 3326.88,
        "ask": 3327.38,
        "lastTraded": null
      },
      "highPrice": {
        "bid": 3334.79,
        "ask": 3335.09,
        "lastTraded": null
      },
      "lowPrice": {
        "bid": 3326.35,
        "ask": 3326.65,
        "lastTraded": null
      },
      "lastTradedVolume": 3003
    },
    {
      "snapshotTime": "2025:07:16-14:45:00",
      "openPrice": {
        "bid": 3326.81,
        "ask": 3327.11,
        "lastTraded": null
      },
      "closePrice": {
        "bid": 3326.83,
        "ask": 3327.13,
        "lastTraded": null
      },
      "highPrice": {
        "bid": 3327.15,
        "ask": 3327.55,
        "lastTraded": null
      },
      "lowPrice": {
        "bid": 3321.52,
        "ask": 3322.02,
        "lastTraded": null
      },
      "lastTradedVolume": 2713
    },
    {
      "snapshotTime": "2025:07:16-15:00:00",
      "openPrice": {
        "bid": 3326.72,
        "ask": 3327.02,
        "lastTraded": null
      },
      "closePrice": {
        "bid": 3326.1,
        "ask": 3326.4,
        "lastTraded": null
      },
      "highPrice": {
        "bid": 3328.17,
        "ask": 3328.47,
        "lastTraded": null
      },
      "lowPrice": {
        "bid": 3322.56,
        "ask": 3323.04,
        "lastTraded": null
      },
      "lastTradedVolume": 2190
    },
    {
      "snapshotTime": "2025:07:16-15:15:00",
      "openPrice": {
        "bid": 3325.95,
        "ask": 3326.25,
        "lastTraded": null
      },
      "closePrice": {
        "bid": 3325.15,
        "ask": 3325.45,
        "lastTraded": null
      },
      "highPrice": {
        "bid": 3329.23,
        "ask": 3329.71,
        "lastTraded": null
      },
      "lowPrice": {
        "bid": 3321.6,
        "ask": 3321.9,
        "lastTraded": null
      },
      "lastTradedVolume": 2268
    },
    {
      "snapshotTime": "2025:07:16-15:30:00",
      "openPrice": {
        "bid": 3325.14,
        "ask": 3325.44,
        "lastTraded": null
      },
      "closePrice": {
        "bid": 3325.03,
        "ask": 3325.33,
        "lastTraded": null
      },
      "highPrice": {
        "bid": 3326.04,
        "ask": 3326.36,
        "lastTraded": null
      },
      "lowPrice": {
        "bid": 3319.51,
        "ask": 3319.81,
        "lastTraded": null
      },
      "lastTradedVolume": 2957
    },
    {
      "snapshotTime": "2025:07:16-15:45:00",
      "openPrice": {
        "bid": 3324.98,
        "ask": 3325.28,
        "lastTraded": null
      },
      "closePrice": {
        "bid": 3338.15,
        "ask": 3338.45,
        "lastTraded": null
      },
      "highPrice": {
        "bid": 3342.67,
        "ask": 3342.97,
        "lastTraded": null
      },
      "lowPrice": {
        "bid": 3323.63,
        "ask": 3324.07,
        "lastTraded": null
      },
      "lastTradedVolume": 3624
    },
    {
      "snapshotTime": "2025:07:16-16:00:00",
      "openPrice": {
        "bid": 3338.06,
        "ask": 3338.36,
        "lastTraded": null
      },
      "closePrice": {
        "bid": 3348.58,
        "ask": 3348.88,
        "lastTraded": null
      },
      "highPrice": {
        "bid": 3353.96,
        "ask": 3354.26,
        "lastTraded": null
      },
      "lowPrice": {
        "bid": 3337.29,
        "ask": 3337.59,
        "lastTraded": null
      },
      "lastTradedVolume": 5133
    },
    {
      "snapshotTime": "2025:07:16-16:15:00",
      "openPrice": {
        "bid": 3348.73,
        "ask": 3349.03,
        "lastTraded": null
      },
      "closePrice": {
        "bid": 3363.37,
        "ask": 3363.67,
        "lastTraded": null
      },
      "highPrice": {
        "bid": 3371.4,
        "ask": 3372.61,
        "lastTraded": null
      },
      "lowPrice": {
        "bid": 3346.6,
        "ask": 3347.01,
        "lastTraded": null
      },
      "lastTradedVolume": 6030
    },
    {
      "snapshotTime": "2025:07:16-16:30:00",
      "openPrice": {
        "bid": 3363.47,
        "ask": 3363.77,
        "lastTraded": null
      },
      "closePrice": {
        "bid": 3360.5,
        "ask": 3361.0,
        "lastTraded": null
      },
      "highPrice": {
        "bid": 3377.11,
        "ask": 3377.61,
        "lastTraded": null
      },
      "lowPrice": {
        "bid": 3357.3,
        "ask": 3357.6,
        "lastTraded": null
      },
      "lastTradedVolume": 5216
    },
    {
      "snapshotTime": "2025:07:16-16:45:00",
      "openPrice": {
        "bid": 3360.49,
        "ask": 3360.99,
        "lastTraded": null
      },
      "closePrice": {
        "bid": 3343.57,
        "ask": 3343.87,
        "lastTraded": null
      },
      "highPrice": {
        "bid": 3366.4,
        "ask": 3366.78,
        "lastTraded": null
      },
      "lowPrice": {
        "bid": 3335.12,
        "ask": 3336.27,
        "lastTraded": null
      },
      "lastTradedVolume": 4879
    },
    {
      "snapshotTime": "2025:07:16-17:00:00",
      "openPrice": {
        "bid": 3343.97,
        "ask": 3344.27,
        "lastTraded": null
      },
      "closePrice": {
        "bid": 3354.39,
        "ask": 3354.89,
        "lastTraded": null
      },
      "highPrice": {
        "bid": 3355.17,
        "ask": 3355.55,
        "lastTraded": null
      },
      "lowPrice": {
        "bid": 3339.07,
        "ask": 3339.37,
        "lastTraded": null
      },
      "lastTradedVolume": 3947
    },
    {
      "snapshotTime": "2025:07:16-17:15:00",
      "openPrice": {
        "bid": 3354.24,
        "ask": 3354.74,
        "lastTraded": null
      },
      "closePrice": {
        "bid": 3352.17,
        "ask": 3352.47,
        "lastTraded": null
      },
      "highPrice": {
        "bid": 3354.28,
        "ask": 3354.78,
        "lastTraded": null
      },
      "lowPrice": {
        "bid": 3346.6,
        "ask": 3347.1,
        "lastTraded": null
      },
      "lastTradedVolume": 2539
    },
    {
      "snapshotTime": "2025:07:16-17:30:00",
      "openPrice": {
        "bid": 3352.23,
        "ask": 3352.73,
        "lastTraded": null
      },
      "closePrice": {
        "bid": 3351.29,
        "ask": 3351.79,
        "lastTraded": null
      },
      "highPrice": {
        "bid": 3353.32,
        "ask": 3353.65,
        "lastTraded": null
      },
      "lowPrice": {
        "bid": 3348.15,
        "ask": 3348.65,
        "lastTraded": null
      },
      "lastTradedVolume": 1886
    },
    {
      "snapshotTime": "2025:07:16-17:45:00",
      "openPrice": {
        "bid": 3351.34,
        "ask": 3351.84,
        "lastTraded": null
      },
      "closePrice": {
        "bid": 3349.14,
        "ask": 3349.64,
        "lastTraded": null
      },
      "highPrice": {
        "bid": 3354.64,
        "ask": 3355.03,
        "lastTraded": null
      },
      "lowPrice": {
        "bid": 3348.29,
        "ask": 3348.62,
        "lastTraded": null
      },
      "lastTradedVolume": 1872
    },
    {
      "snapshotTime": "2025:07:16-18:00:00",
      "openPrice": {
        "bid": 3349.29,
        "ask": 3349.79,
        "lastTraded": null
      },
      "closePrice": {
        "bid": 3351.3,
        "ask": 3351.6,
        "lastTraded": null
      },
      "highPrice": {
        "bid": 3353.69,
        "ask": 3354.0,
        "lastTraded": null
      },
      "lowPrice": {
        "bid": 3348.75,
        "ask": 3349.05,
        "lastTraded": null
      },
      "lastTradedVolume": 1734
    },
    {
      "snapshotTime": "2025:07:16-18:15:00",
      "openPrice": {
        "bid": 3350.8,
        "ask": 3351.8,
        "lastTraded": null
      },
      "closePrice": {
        "bid": 3351.61,
        "ask": 3352.11,
        "lastTraded": null
      },
      "highPrice": {
        "bid": 3354.11,
        "ask": 3354.57,
        "lastTraded": null
      },
      "lowPrice": {
        "bid": 3350.43,
        "ask": 3350.9,
        "lastTraded": null
      },
      "lastTradedVolume": 1628
    },
    {
      "snapshotTime": "2025:07:16-18:30:00",
      "openPrice": {
        "bid": 3351.72,
        "ask": 3352.02,
        "lastTraded": null
      },
      "closePrice": {
        "bid": 3354.9,
        "ask": 3355.2,
        "lastTraded": null
      },
      "highPrice": {
        "bid": 3355.7,
        "ask": 3356.1,
        "lastTraded": null
      },
      "lowPrice": {
        "bid": 3350.19,
        "ask": 3350.57,
        "lastTraded": null
      },
      "lastTradedVolume": 1909
    },
    {
      "snapshotTime": "2025:07:16-18:45:00",
      "openPrice": {
        "bid": 3355.0,
        "ask": 3355.3,
        "lastTraded": null
      },
      "closePrice": {
        "bid": 3354.35,
        "ask": 3354.85,
        "lastTraded": null
      },
      "highPrice": {
        "bid": 3357.26,
        "ask": 3357.56,
        "lastTraded": null
      },
      "lowPrice": {
        "bid": 3353.8,
        "ask": 3354.19,
        "lastTraded": null
      },
      "lastTradedVolume": 1629
    },
    {
      "snapshotTime": "2025:07:16-19:00:00",
      "openPrice": {
        "bid": 3354.38,
        "ask": 3354.88,
        "lastTraded": null
      },
      "closePrice": {
        "bid": 3355.87,
        "ask": 3356.17,
        "lastTraded": null
      },
      "highPrice": {
        "bid": 3357.35,
        "ask": 3357.83,
        "lastTraded": null
      },
      "lowPrice": {
        "bid": 3354.25,
        "ask": 3354.75,
        "lastTraded": null
      },
      "lastTradedVolume": 2059
    },
    {
      "snapshotTime": "2025:07:16-19:15:00",
      "openPrice": {
        "bid": 3355.82,
        "ask": 3356.12,
        "lastTraded": null
      },
      "closePrice": {
        "bid": 3353.35,
        "ask": 3353.65,
        "lastTraded": null
      },
      "highPrice": {
        "bid": 3356.84,
        "ask": 3357.14,
        "lastTraded": null
      },
      "lowPrice": {
        "bid": 3352.33,
        "ask": 3352.83,
        "lastTraded": null
      },
      "lastTradedVolume": 1606
    },
    {
      "snapshotTime": "2025:07:16-19:30:00",
      "openPrice": {
        "bid": 3353.34,
        "ask": 3353.84,
        "lastTraded": null
      },
      "closePrice": {
        "bid": 3353.1,
        "ask": 3353.4,
        "lastTraded": null
      },
      "highPrice": {
        "bid": 3354.43,
        "ask": 3354.81,
        "lastTraded": null
      },
      "lowPrice": {
        "bid": 3352.33,
        "ask": 3352.63,
        "lastTraded": null
      },
      "lastTradedVolume": 1446
    },
    {
      "snapshotTime": "2025:07:16-19:45:00",
      "openPrice": {
        "bid": 3353.05,
        "ask": 3353.35,
        "lastTraded": null
      },
      "closePrice": {
        "bid": 3350.4,
        "ask": 3350.9,
        "lastTraded": null
      },
      "highPrice": {
        "bid": 3353.2,
        "ask": 3353.64,
        "lastTraded": null
      },
      "lowPrice": {
        "bid": 3349.17,
        "ask": 3349.47,
        "lastTraded": null
      },
      "lastTradedVolume": 1638
    },
    {
      "snapshotTime": "2025:07:16-20:00:00",
      "openPrice": {
        "bid": 3350.38,
        "ask": 3350.7,
        "lastTraded": null
      },
      "closePrice": {
        "bid": 3347.66,
        "ask": 3347.96,
        "lastTraded": null
      },
      "highPrice": {
        "bid": 3350.63,
        "ask": 3350.96,
        "lastTraded": null
      },
      "lowPrice": {
        "bid": 3347.0,
        "ask": 3347.36,
        "lastTraded": null
      },
      "lastTradedVolume": 1473
    },
    {
      "snapshotTime": "2025:07:16-20:15:00",
      "openPrice": {
        "bid": 3347.67,
        "ask": 3347.97,
        "lastTraded": null
      },
      "closePrice": {
        "bid": 3347.34,
        "ask": 3347.64,
        "lastTraded": null
      },
      "highPrice": {
        "bid": 3348.39,
        "ask": 3348.75,
        "lastTraded": null
      },
      "lowPrice": {
        "bid": 3346.26,
        "ask": 3346.56,
        "lastTraded": null
      },
      "lastTradedVolume": 1757
    },
    {
      "snapshotTime": "2025:07:16-20:30:00",
      "openPrice": {
        "bid": 3347.28,
        "ask": 3347.78,
        "lastTraded": null
      },
      "closePrice": {
        "bid": 3346.86,
        "ask": 3347.16,
        "lastTraded": null
      },
      "highPrice": {
        "bid": 3348.13,
        "ask": 3348.43,
        "lastTraded": null
      },
      "lowPrice": {
        "bid": 3345.96,
        "ask": 3346.29,
        "lastTraded": null
      },
      "lastTradedVolume": 1754
    },
    {
      "snapshotTime": "2025:07:16-20:45:00",
      "openPrice": {
        "bid": 3346.87,
        "ask": 3347.17,
        "lastTraded": null
      },
      "closePrice": {
        "bid": 3347.21,
        "ask": 3347.51,
        "lastTraded": null
      },
      "highPrice": {
        "bid": 3348.24,
        "ask": 3348.55,
        "lastTraded": null
      },
      "lowPrice": {
        "bid": 3346.52,
        "ask": 3346.92,
        "lastTraded": null
      },
      "lastTradedVolume": 2509
    },
    {
      "snapshotTime": "2025:07:16-21:00:00",
      "openPrice": {
        "bid": 3347.26,
        "ask": 3347.56,
        "lastTraded": null
      },
      "closePrice": {
        "bid": 3348.76,
        "ask": 3349.06,
        "lastTraded": null
      },
      "highPrice": {
        "bid": 3348.81,
        "ask": 3349.11,
        "lastTraded": null
      },
      "lowPrice": {
        "bid": 3347.05,
        "ask": 3347.48,
        "lastTraded": null
      },
      "lastTradedVolume": 844
    },
    {
      "snapshotTime": "2025:07:16-21:15:00",
      "openPrice": {
        "bid": 3348.73,
        "ask": 3349.03,
        "lastTraded": null
      },
      "closePrice": {
        "bid": 3348.27,
        "ask": 3348.57,
        "lastTraded": null
      },
      "highPrice": {
        "bid": 3349.48,
        "ask": 3349.85,
        "lastTraded": null
      },
      "lowPrice": {
        "bid": 3348.06,
        "ask": 3348.44,
        "lastTraded": null
      },
      "lastTradedVolume": 541
    },
    {
      "snapshotTime": "2025:07:16-21:30:00",
      "openPrice": {
        "bid": 3348.31,
        "ask": 3348.61,
        "lastTraded": null
      },
      "closePrice": {
        "bid": 3347.24,
        "ask": 3347.54,
        "lastTraded": null
      },
      "highPrice": {
        "bid": 3348.31,
        "ask": 3348.79,
        "lastTraded": null
      },
      "lowPrice": {
        "bid": 3346.1,
        "ask": 3346.47,
        "lastTraded": null
      },
      "lastTradedVolume": 950
    },
    {
      "snapshotTime": "2025:07:16-21:45:00",
      "openPrice": {
        "bid": 3347.42,
        "ask": 3347.72,
        "lastTraded": null
      },
      "closePrice": {
        "bid": 3346.86,
        "ask": 3347.36,
        "lastTraded": null
      },
      "highPrice": {
        "bid": 3348.37,
        "ask": 3348.87,
        "lastTraded": null
      },
      "lowPrice": {
        "bid": 3346.54,
        "ask": 3346.84,
        "lastTraded": null
      },
      "lastTradedVolume": 653
    },
    {
      "snapshotTime": "2025:07:16-23:00:00",
      "openPrice": {
        "bid": 3349.87,
        "ask": 3350.37,
        "lastTraded": null
      },
      "closePrice": {
        "bid": 3350.93,
        "ask": 3351.43,
        "lastTraded": null
      },
      "highPrice": {
        "bid": 3351.69,
        "ask": 3352.19,
        "lastTraded": null
      },
      "lowPrice": {
        "bid": 3348.76,
        "ask": 3349.26,
        "lastTraded": null
      },
      "lastTradedVolume": 406
    },
    {
      "snapshotTime": "2025:07:16-23:15:00",
      "openPrice": {
        "bid": 3350.83,
        "ask": 3351.33,
        "lastTraded": null
      },
      "closePrice": {
        "bid": 3351.47,
        "ask": 3351.97,
        "lastTraded": null
      },
      "highPrice": {
        "bid": 3352.11,
        "ask": 3352.51,
        "lastTraded": null
      },
      "lowPrice": {
        "bid": 3349.6,
        "ask": 3350.1,
        "lastTraded": null
      },
      "lastTradedVolume": 455
    },
    {
      "snapshotTime": "2025:07:16-23:30:00",
      "openPrice": {
        "bid": 3351.17,
        "ask": 3351.67,
        "lastTraded": null
      },
      "closePrice": {
        "bid": 3348.51,
        "ask": 3348.81,
        "lastTraded": null
      },
      "highPrice": {
        "bid": 3351.7,
        "ask": 3352.2,
        "lastTraded": null
      },
      "lowPrice": {
        "bid": 3348.5,
        "ask": 3348.8,
        "lastTraded": null
      },
      "lastTradedVolume": 381
    },
    {
      "snapshotTime": "2025:07:16-23:45:00",
      "openPrice": {
        "bid": 3348.49,
        "ask": 3348.79,
        "lastTraded": null
      },
      "closePrice": {
        "bid": 3349.4,
        "ask": 3349.7,
        "lastTraded": null
      },
      "highPrice": {
        "bid": 3349.4,
        "ask": 3349.7,
        "lastTraded": null
      },
      "lowPrice": {
        "bid": 3348.37,
        "ask": 3348.67,
        "lastTraded": null
      },
      "lastTradedVolume": 332
    },
    {
      "snapshotTime": "2025:07:17-00:00:00",
      "openPrice": {
        "bid": 3349.23,
        "ask": 3349.73,
        "lastTraded": null
      },
      "closePrice": {
        "bid": 3349.16,
        "ask": 3349.46,
        "lastTraded": null
      },
      "highPrice": {
        "bid": 3350.14,
        "ask": 3350.58,
        "lastTraded": null
      },
      "lowPrice": {
        "bid": 3348.0,
        "ask": 3348.5,
        "lastTraded": null
      },
      "lastTradedVolume": 293
    },
    {
      "snapshotTime": "2025:07:17-00:15:00",
      "openPrice": {
        "bid": 3349.14,
        "ask": 3349.44,
        "lastTraded": null
      },
      "closePrice": {
        "bid": 3347.61,
        "ask": 3348.11,
        "lastTraded": null
      },
      "highPrice": {
        "bid": 3349.33,
        "ask": 3349.83,
        "lastTraded": null
      },
      "lowPrice": {
        "bid": 3347.53,
        "ask": 3348.03,
        "lastTraded": null
      },
      "lastTradedVolume": 355
    },
    {
      "snapshotTime": "2025:07:17-00:30:00",
      "openPrice": {
        "bid": 3347.6,
        "ask": 3348.1,
        "lastTraded": null
      },
      "closePrice": {
        "bid": 3346.07,
        "ask": 3346.37,
        "lastTraded": null
      },
      "highPrice": {
        "bid": 3348.52,
        "ask": 3349.02,
        "lastTraded": null
      },
      "lowPrice": {
        "bid": 3345.59,
        "ask": 3346.09,
        "lastTraded": null
      },
      "lastTradedVolume": 515
    },
    {
      "snapshotTime": "2025:07:17-00:45:00",
      "openPrice": {
        "bid": 3346.11,
        "ask": 3346.41,
        "lastTraded": null
      },
      "closePrice": {
        "bid": 3346.56,
        "ask": 3346.86,
        "lastTraded": null
      },
      "highPrice": {
        "bid": 3346.83,
        "ask": 3347.25,
        "lastTraded": null
      },
      "lowPrice": {
        "bid": 3344.79,
        "ask": 3345.29,
        "lastTraded": null
      },
      "lastTradedVolume": 639
    },
    {
      "snapshotTime": "2025:07:17-01:00:00",
      "openPrice": {
        "bid": 3346.49,
        "ask": 3346.79,
        "lastTraded": null
      },
      "closePrice": {
        "bid": 3343.91,
        "ask": 3344.21,
        "lastTraded": null
      },
      "highPrice": {
        "bid": 3347.33,
        "ask": 3347.63,
        "lastTraded": null
      },
      "lowPrice": {
        "bid": 3342.89,
        "ask": 3343.39,
        "lastTraded": null
      },
      "lastTradedVolume": 905
    },
    {
      "snapshotTime": "2025:07:17-01:15:00",
      "openPrice": {
        "bid": 3343.81,
        "ask": 3344.11,
        "lastTraded": null
      },
      "closePrice": {
        "bid": 3344.13,
        "ask": 3344.43,
        "lastTraded": null
      },
      "highPrice": {
        "bid": 3344.89,
        "ask": 3345.22,
        "lastTraded": null
      },
      "lowPrice": {
        "bid": 3342.57,
        "ask": 3343.07,
        "lastTraded": null
      },
      "lastTradedVolume": 883
    },
    {
      "snapshotTime": "2025:07:17-01:30:00",
      "openPrice": {
        "bid": 3344.11,
        "ask": 3344.41,
        "lastTraded": null
      },
      "closePrice": {
        "bid": 3341.59,
        "ask": 3342.09,
        "lastTraded": null
      },
      "highPrice": {
        "bid": 3344.74,
        "ask": 3345.04,
        "lastTraded": null
      },
      "lowPrice": {
        "bid": 3341.22,
        "ask": 3341.72,
        "lastTraded": null
      },
      "lastTradedVolume": 891
    },
    {
      "snapshotTime": "2025:07:17-01:45:00",
      "openPrice": {
        "bid": 3341.61,
        "ask": 3342.11,
        "lastTraded": null
      },
      "closePrice": {
        "bid": 3340.68,
        "ask": 3341.18,
        "lastTraded": null
      },
      "highPrice": {
        "bid": 3342.01,
        "ask": 3342.31,
        "lastTraded": null
      },
      "lowPrice": {
        "bid": 3339.66,
        "ask": 3340.04,
        "lastTraded": null
      },
      "lastTradedVolume": 981
    },
    {
      "snapshotTime": "2025:07:17-02:00:00",
      "openPrice": {
        "bid": 3340.73,
        "ask": 3341.23,
        "lastTraded": null
      },
      "closePrice": {
        "bid": 3340.77,
        "ask": 3341.07,
        "lastTraded": null
      },
      "highPrice": {
        "bid": 3341.96,
        "ask": 3342.26,
        "lastTraded": null
      },
      "lowPrice": {
        "bid": 3337.42,
        "ask": 3337.92,
        "lastTraded": null
      },
      "lastTradedVolume": 1654
    },
    {
      "snapshotTime": "2025:07:17-02:15:00",
      "openPrice": {
        "bid": 3340.78,
        "ask": 3341.08,
        "lastTraded": null
      },
      "closePrice": {
        "bid": 3340.65,
        "ask": 3340.95,
        "lastTraded": null
      },
      "highPrice": {
        "bid": 3341.55,
        "ask": 3341.89,
        "lastTraded": null
      },
      "lowPrice": {
        "bid": 3338.68,
        "ask": 3339.18,
        "lastTraded": null
      },
      "lastTradedVolume": 1228
    },
    {
      "snapshotTime": "2025:07:17-02:30:00",
      "openPrice": {
        "bid": 3340.85,
        "ask": 3341.15,
        "lastTraded": null
      },
      "closePrice": {
        "bid": 3341.34,
        "ask": 3341.64,
        "lastTraded": null
      },
      "highPrice": {
        "bid": 3341.53,
        "ask": 3341.86,
        "lastTraded": null
      },
      "lowPrice": {
        "bid": 3337.02,
        "ask": 3337.4,
        "lastTraded": null
      },
      "lastTradedVolume": 1420
    },
    {
      "snapshotTime": "2025:07:17-02:45:00",
      "openPrice": {
        "bid": 3341.22,
        "ask": 3341.52,
        "lastTraded": null
      },
      "closePrice": {
        "bid": 3344.02,
        "ask": 3344.32,
        "lastTraded": null
      },
      "highPrice": {
        "bid": 3344.49,
        "ask": 3344.85,
        "lastTraded": null
      },
      "lowPrice": {
        "bid": 3341.22,
        "ask": 3341.52,
        "lastTraded": null
      },
      "lastTradedVolume": 1286
    },
    {
      "snapshotTime": "2025:07:17-03:00:00",
      "openPrice": {
        "bid": 3343.97,
        "ask": 3344.27,
        "lastTraded": null
      },
      "closePrice": {
        "bid": 3340.57,
        "ask": 3341.07,
        "lastTraded": null
      },
      "highPrice": {
        "bid": 3344.61,
        "ask": 3344.99,
        "lastTraded": null
      },
      "lowPrice": {
        "bid": 3339.94,
        "ask": 3340.29,
        "lastTraded": null
      },
      "lastTradedVolume": 1225
    },
    {
      "snapshotTime": "2025:07:17-03:15:00",
      "openPrice": {
        "bid": 3340.58,
        "ask": 3341.08,
        "lastTraded": null
      },
      "closePrice": {
        "bid": 3339.91,
        "ask": 3340.21,
        "lastTraded": null
      },
      "highPrice": {
        "bid": 3341.16,
        "ask": 3341.63,
        "lastTraded": null
      },
      "lowPrice": {
        "bid": 3339.02,
        "ask": 3339.49,
        "lastTraded": null
      },
      "lastTradedVolume": 681
    },
    {
      "snapshotTime": "2025:07:17-03:30:00",
      "openPrice": {
        "bid": 3339.71,
        "ask": 3340.01,
        "lastTraded": null
      },
      "closePrice": {
        "bid": 3339.07,
        "ask": 3339.57,
        "lastTraded": null
      },
      "highPrice": {
        "bid": 3341.59,
        "ask": 3341.89,
        "lastTraded": null
      },
      "lowPrice": {
        "bid": 3337.36,
        "ask": 3337.86,
        "lastTraded": null
      },
      "lastTradedVolume": 1136
    },
    {
      "snapshotTime": "2025:07:17-03:45:00",
      "openPrice": {
        "bid": 3339.14,
        "ask": 3339.44,
        "lastTraded": null
      },
      "closePrice": {
        "bid": 3341.36,
        "ask": 3341.86,
        "lastTraded": null
      },
      "highPrice": {
        "bid": 3342.1,
        "ask": 3342.43,
        "lastTraded": null
      },
      "lowPrice": {
        "bid": 3338.06,
        "ask": 3338.52,
        "lastTraded": null
      },
      "lastTradedVolume": 986
    },
    {
      "snapshotTime": "2025:07:17-04:00:00",
      "openPrice": {
        "bid": 3341.27,
        "ask": 3341.77,
        "lastTraded": null
      },
      "closePrice": {
        "bid": 3338.27,
        "ask": 3338.57,
        "lastTraded": null
      },
      "highPrice": {
        "bid": 3342.25,
        "ask": 3342.65,
        "lastTraded": null
      },
      "lowPrice": {
        "bid": 3337.9,
        "ask": 3338.2,
        "lastTraded": null
      },
      "lastTradedVolume": 723
    },
    {
      "snapshotTime": "2025:07:17-04:15:00",
      "openPrice": {
        "bid": 3338.36,
        "ask": 3338.66,
        "lastTraded": null
      },
      "closePrice": {
        "bid": 3339.43,
        "ask": 3339.93,
        "lastTraded": null
      },
      "highPrice": {
        "bid": 3339.53,
        "ask": 3340.03,
        "lastTraded": null
      },
      "lowPrice": {
        "bid": 3336.13,
        "ask": 3336.52,
        "lastTraded": null
      },
      "lastTradedVolume": 849
    },
    {
      "snapshotTime": "2025:07:17-04:30:00",
      "openPrice": {
        "bid": 3339.63,
        "ask": 3340.13,
        "lastTraded": null
      },
      "closePrice": {
        "bid": 3341.29,
        "ask": 3341.59,
        "lastTraded": null
      },
      "highPrice": {
        "bid": 3341.96,
        "ask": 3342.46,
        "lastTraded": null
      },
      "lowPrice": {
        "bid": 3339.04,
        "ask": 3339.54,
        "lastTraded": null
      },
      "lastTradedVolume": 544
    },
    {
      "snapshotTime": "2025:07:17-04:45:00",
      "openPrice": {
        "bid": 3341.3,
        "ask": 3341.8,
        "lastTraded": null
      },
      "closePrice": {
        "bid": 3341.42,
        "ask": 3341.92,
        "lastTraded": null
      },
      "highPrice": {
        "bid": 3342.37,
        "ask": 3342.82,
        "lastTraded": null
      },
      "lowPrice": {
        "bid": 3340.45,
        "ask": 3340.76,
        "lastTraded": null
      },
      "lastTradedVolume": 639
    },
    {
      "snapshotTime": "2025:07:17-05:00:00",
      "openPrice": {
        "bid": 3341.32,
        "ask": 3341.82,
        "lastTraded": null
      },
      "closePrice": {
        "bid": 3339.17,
        "ask": 3339.67,
        "lastTraded": null
      },
      "highPrice": {
        "bid": 3341.77,
        "ask": 3342.21,
        "lastTraded": null
      },
      "lowPrice": {
        "bid": 3338.18,
        "ask": 3338.56,
        "lastTraded": null
      },
      "lastTradedVolume": 585
    },
    {
      "snapshotTime": "2025:07:17-05:15:00",
      "openPrice": {
        "bid": 3339.12,
        "ask": 3339.62,
        "lastTraded": null
      },
      "closePrice": {
        "bid": 3341.26,
        "ask": 3341.76,
        "lastTraded": null
      },
      "highPrice": {
        "bid": 3341.26,
        "ask": 3341.76,
        "lastTraded": null
      },
      "lowPrice": {
        "bid": 3338.63,
        "ask": 3338.97,
        "lastTraded": null
      },
      "lastTradedVolume": 381
    },
    {
      "snapshotTime": "2025:07:17-05:30:00",
      "openPrice": {
        "bid": 3341.22,
        "ask": 3341.72,
        "lastTraded": null
      },
      "closePrice": {
        "bid": 3342.85,
        "ask": 3343.35,
        "lastTraded": null
      },
      "highPrice": {
        "bid": 3344.67,
        "ask": 3345.02,
        "lastTraded": null
      },
      "lowPrice": {
        "bid": 3340.99,
        "ask": 3341.37,
        "lastTraded": null
      },
      "lastTradedVolume": 634
    },
    {
      "snapshotTime": "2025:07:17-05:45:00",
      "openPrice": {
        "bid": 3342.79,
        "ask": 3343.29,
        "lastTraded": null
      },
      "closePrice": {
        "bid": 3342.81,
        "ask": 3343.11,
        "lastTraded": null
      },
      "highPrice": {
        "bid": 3342.89,
        "ask": 3343.39,
        "lastTraded": null
      },
      "lowPrice": {
        "bid": 3341.57,
        "ask": 3341.88,
        "lastTraded": null
      },
      "lastTradedVolume": 320
    },
    {
      "snapshotTime": "2025:07:17-06:00:00",
      "openPrice": {
        "bid": 3342.71,
        "ask": 3343.01,
        "lastTraded": null
      },
      "closePrice": {
        "bid": 3340.37,
        "ask": 3340.67,
        "lastTraded": null
      },
      "highPrice": {
        "bid": 3343.0,
        "ask": 3343.3,
        "lastTraded": null
      },
      "lowPrice": {
        "bid": 3340.18,
        "ask": 3340.49,
        "lastTraded": null
      },
      "lastTradedVolume": 557
    },
    {
      "snapshotTime": "2025:07:17-06:15:00",
      "openPrice": {
        "bid": 3340.36,
        "ask": 3340.66,
        "lastTraded": null
      },
      "closePrice": {
        "bid": 3340.22,
        "ask": 3340.72,
        "lastTraded": null
      },
      "highPrice": {
        "bid": 3341.07,
        "ask": 3341.37,
        "lastTraded": null
      },
      "lowPrice": {
        "bid": 3338.39,
        "ask": 3338.89,
        "lastTraded": null
      },
      "lastTradedVolume": 1630
    },
    {
      "snapshotTime": "2025:07:17-06:30:00",
      "openPrice": {
        "bid": 3340.32,
        "ask": 3340.82,
        "lastTraded": null
      },
      "closePrice": {
        "bid": 3336.84,
        "ask": 3337.34,
        "lastTraded": null
      },
      "highPrice": {
        "bid": 3341.14,
        "ask": 3341.46,
        "lastTraded": null
      },
      "lowPrice": {
        "bid": 3336.43,
        "ask": 3336.81,
        "lastTraded": null
      },
      "lastTradedVolume": 2180
    },
    {
      "snapshotTime": "2025:07:17-06:45:00",
      "openPrice": {
        "bid": 3336.78,
        "ask": 3337.28,
        "lastTraded": null
      },
      "closePrice": {
        "bid": 3339.47,
        "ask": 3339.77,
        "lastTraded": null
      },
      "highPrice": {
        "bid": 3339.72,
        "ask": 3340.22,
        "lastTraded": null
      },
      "lowPrice": {
        "bid": 3335.55,
        "ask": 3335.97,
        "lastTraded": null
      },
      "lastTradedVolume": 756
    },
    {
      "snapshotTime": "2025:07:17-07:00:00",
      "openPrice": {
        "bid": 3339.8,
        "ask": 3340.3,
        "lastTraded": null
      },
      "closePrice": {
        "bid": 3333.12,
        "ask": 3333.62,
        "lastTraded": null
      },
      "highPrice": {
        "bid": 3339.8,
        "ask": 3340.3,
        "lastTraded": null
      },
      "lowPrice": {
        "bid": 3331.65,
        "ask": 3331.95,
        "lastTraded": null
      },
      "lastTradedVolume": 1535
    },
    {
      "snapshotTime": "2025:07:17-07:15:00",
      "openPrice": {
        "bid": 3333.17,
        "ask": 3333.47,
        "lastTraded": null
      },
      "closePrice": {
        "bid": 3330.25,
        "ask": 3330.55,
        "lastTraded": null
      },
      "highPrice": {
        "bid": 3334.91,
        "ask": 3335.34,
        "lastTraded": null
      },
      "lowPrice": {
        "bid": 3329.33,
        "ask": 3329.83,
        "lastTraded": null
      },
      "lastTradedVolume": 1755
    },
    {
      "snapshotTime": "2025:07:17-07:30:00",
      "openPrice": {
        "bid": 3330.2,
        "ask": 3330.5,
        "lastTraded": null
      },
      "closePrice": {
        "bid": 3328.91,
        "ask": 3329.41,
        "lastTraded": null
      },
      "highPrice": {
        "bid": 3331.07,
        "ask": 3331.43,
        "lastTraded": null
      },
      "lowPrice": {
        "bid": 3328.24,
        "ask": 3328.54,
        "lastTraded": null
      },
      "lastTradedVolume": 1423
    },
    {
      "snapshotTime": "2025:07:17-07:45:00",
      "openPrice": {
        "bid": 3329.01,
        "ask": 3329.51,
        "lastTraded": null
      },
      "closePrice": {
        "bid": 3335.09,
        "ask": 3335.39,
        "lastTraded": null
      },
      "highPrice": {
        "bid": 3336.54,
        "ask": 3337.0,
        "lastTraded": null
      },
      "lowPrice": {
        "bid": 3329.01,
        "ask": 3329.33,
        "lastTraded": null
      },
      "lastTradedVolume": 1519
    },
    {
      "snapshotTime": "2025:07:17-08:00:00",
      "openPrice": {
        "bid": 3335.14,
        "ask": 3335.44,
        "lastTraded": null
      },
      "closePrice": {
        "bid": 3333.73,
        "ask": 3334.03,
        "lastTraded": null
      },
      "highPrice": {
        "bid": 3335.98,
        "ask": 3336.35,
        "lastTraded": null
      },
      "lowPrice": {
        "bid": 3332.13,
        "ask": 3332.43,
        "lastTraded": null
      },
      "lastTradedVolume": 1225
    },
    {
      "snapshotTime": "2025:07:17-08:15:00",
      "openPrice": {
        "bid": 3333.64,
        "ask": 3333.94,
        "lastTraded": null
      },
      "closePrice": {
        "bid": 3329.69,
        "ask": 3330.19,
        "lastTraded": null
      },
      "highPrice": {
        "bid": 3333.64,
        "ask": 3333.94,
        "lastTraded": null
      },
      "lowPrice": {
        "bid": 3327.55,
        "ask": 3328.03,
        "lastTraded": null
      },
      "lastTradedVolume": 1771
    },
    {
      "snapshotTime": "2025:07:17-08:30:00",
      "openPrice": {
        "bid": 3329.67,
        "ask": 3330.17,
        "lastTraded": null
      },
      "closePrice": {
        "bid": 3327.91,
        "ask": 3328.21,
        "lastTraded": null
      },
      "highPrice": {
        "bid": 3329.87,
        "ask": 3330.29,
        "lastTraded": null
      },
      "lowPrice": {
        "bid": 3327.63,
        "ask": 3328.04,
        "lastTraded": null
      },
      "lastTradedVolume": 914
    },
    {
      "snapshotTime": "2025:07:17-08:45:00",
      "openPrice": {
        "bid": 3327.92,
        "ask": 3328.22,
        "lastTraded": null
      },
      "closePrice": {
        "bid": 3326.43,
        "ask": 3326.93,
        "lastTraded": null
      },
      "highPrice": {
        "bid": 3329.19,
        "ask": 3329.54,
        "lastTraded": null
      },
      "lowPrice": {
        "bid": 3324.94,
        "ask": 3325.43,
        "lastTraded": null
      },
      "lastTradedVolume": 1149
    }
  ],
  "instrumentType": "CURRENCIES",
  "allowance": {
    "remainingAllowance": 8000,
    "totalAllowance": 10000,
    "allowanceExpiry": 350401
  }
}
[2025-07-17 08:54:31,644] INFO: Processing price data for GC
[2025-07-17 08:54:31,645] INFO: Processed 100 price points for GC
[2025-07-17 08:54:31,652] DEBUG: Strategy datapoints: <equitiestradingbot.interfaces.market_history.MarketHistory object at 0x10f623230>
[2025-07-17 08:54:31,686] INFO: Breakout + Retest pattern detected (Bearish)
[2025-07-17 08:54:31,686] INFO: Preparing to send Telegram message of length 222 characters
[2025-07-17 08:54:31,686] DEBUG: Message content: 🚨 <b>Trade Signal Alert</b> 🚨

Market: <b>CS.D.USCGC.TODAY.IP</b>
Direction: <b>SHORT</b>
Entry Price: <b>3326.43000</b>
Take Profit: <b>3310.33446</b>
Stop Loss: <b>3332.86821</b>

Confidence Score:
<b>20.0/100 (Low)</b>

[2025-07-17 08:54:31,687] DEBUG: Starting new HTTPS connection (1): api.telegram.org:443
[2025-07-17 08:54:31,859] DEBUG: https://api.telegram.org:443 "POST /bot7806024626:AAEiTW341jUnxa6sEyZDFU8UXcqTIw4eJhU/sendMessage HTTP/1.1" 200 758
[2025-07-17 08:54:31,862] INFO: Recorded new signal for CS.D.USCGC.TODAY.IP
[2025-07-17 08:54:31,862] INFO: Intraday Gold Signal Generated: TradeDirection.SELL
[2025-07-17 08:54:31,862] INFO: Pattern: Price Action Pattern
[2025-07-17 08:54:31,862] INFO: Confidence Score: 20.0/100 (Low)
[2025-07-17 08:54:31,862] INFO:   EMA_ALIGNMENT: 1/5
[2025-07-17 08:54:31,862] INFO:   EMA_POSITION: 1/5
[2025-07-17 08:54:31,862] INFO:   VOLUME: 1/5
[2025-07-17 08:54:31,863] INFO: Attempting to place trade with data: {
  "direction": "SELL",
  "epic": "CS.D.USCGC.TODAY.IP",
  "limitLevel": 3310.334464285714,
  "orderType": "MARKET",
  "size": 10,
  "stopLevel": 3332.868214285714,
  "forceOpen": true,
  "expiry": "DFB",
  "guaranteedStop": false,
  "currencyCode": "GBP"
}
[2025-07-17 08:54:31,864] DEBUG: Starting new HTTPS connection (1): demo-api.ig.com:443
[2025-07-17 08:54:31,955] DEBUG: https://demo-api.ig.com:443 "POST /gateway/deal/positions/otc HTTP/1.1" 200 35
[2025-07-17 08:54:34,985] DEBUG: Starting new HTTPS connection (1): demo-api.ig.com:443
[2025-07-17 08:54:35,078] DEBUG: https://demo-api.ig.com:443 "GET /gateway/deal/confirms/FZYE28WZMXST28R HTTP/1.1" 200 476
[2025-07-17 08:54:35,080] INFO: Order confirmation response: {
  "date": "2025-07-17T07:54:31.972",
  "status": "OPEN",
  "reason": "SUCCESS",
  "dealStatus": "ACCEPTED",
  "epic": "CS.D.USCGC.TODAY.IP",
  "expiry": "DFB",
  "dealReference": "FZYE28WZMXST28R",
  "dealId": "DIAAAAUD3H53PAY",
  "affectedDeals": [
    {
      "dealId": "DIAAAAUD3H53PAY",
      "status": "OPENED"
    }
  ],
  "level": 3326.43,
  "size": 10.0,
  "direction": "SELL",
  "stopLevel": 3332.8682,
  "limitLevel": 3310.3345,
  "stopDistance": null,
  "limitDistance": null,
  "guaranteedStop": false,
  "trailingStop": false,
  "profit": null,
  "profitCurrency": null
}
[2025-07-17 08:54:35,080] INFO: Order SELL for CS.D.USCGC.TODAY.IP confirmed with limit=3310.334464285714 and stop=3332.868214285714
[2025-07-17 08:54:38,108] DEBUG: Starting new HTTPS connection (1): demo-api.ig.com:443
[2025-07-17 08:54:38,176] DEBUG: https://demo-api.ig.com:443 "GET /gateway/deal/markets/ HTTP/1.1" 500 77
[2025-07-17 08:54:38,177] ERROR: HTTP request returned 500
[2025-07-17 08:54:38,177] INFO: Finished processing all markets in the source
[2025-07-17 08:54:38,178] INFO: Resetting MarketProvider
[2025-07-17 08:54:38,180] INFO: Wait for 0.08 hours...
[2025-07-17 08:59:38,210] DEBUG: Starting new HTTPS connection (1): demo-api.ig.com:443
[2025-07-17 08:59:38,338] DEBUG: https://demo-api.ig.com:443 "GET /gateway/deal/positions HTTP/1.1" 200 680
[2025-07-17 08:59:38,341] DEBUG: Raw positions response: {
  "positions": [
    {
      "position": {
        "contractSize": 1.0,
        "createdDate": "2025/07/17 08:54:31:000",
        "dealId": "DIAAAAUD3H53PAY",
        "dealSize": 10.0,
        "direction": "SELL",
        "limitLevel": 3310.334464,
        "openLevel": 3326.43,
        "currency": "GBP",
        "controlledRisk": false,
        "stopLevel": 3332.868214,
        "trailingStep": null,
        "trailingStopDistance": null,
        "limitedRiskPremium": null
      },
      "market": {
        "instrumentName": "Spot Gold",
        "expiry": "DFB",
        "epic": "CS.D.USCGC.TODAY.IP",
        "instrumentType": "CURRENCIES",
        "lotSize": 1.0,
        "high": 3352.43,
        "low": 3325.03,
        "percentageChange": -0.63,
        "netChange": -20.99,
        "bid": 3325.87,
        "offer": 3326.37,
        "updateTime": "08:59:33",
        "delayTime": 0,
        "streamingPricesAvailable": true,
        "marketStatus": "TRADEABLE",
        "scalingFactor": 1
      }
    }
  ]
}
[2025-07-17 08:59:41,371] DEBUG: Starting new HTTPS connection (1): demo-api.ig.com:443
[2025-07-17 08:59:41,461] DEBUG: https://demo-api.ig.com:443 "GET /gateway/deal/markets/CS.D.USCGC.TODAY.IP HTTP/1.1" 200 2028
[2025-07-17 08:59:44,492] DEBUG: Starting new HTTPS connection (1): demo-api.ig.com:443
[2025-07-17 08:59:44,599] DEBUG: https://demo-api.ig.com:443 "GET /gateway/deal/accounts HTTP/1.1" 200 555
[2025-07-17 08:59:44,603] INFO: Processing GC
[2025-07-17 08:59:44,603] CRITICAL: CRITICAL: get_prices method called
[2025-07-17 08:59:44,603] INFO: Fetching price data from URL: https://demo-api.ig.com/gateway/deal/prices/CS.D.USCGC.TODAY.IP/MINUTE_15/100
[2025-07-17 08:59:47,630] DEBUG: Starting new HTTPS connection (1): demo-api.ig.com:443
[2025-07-17 08:59:47,751] DEBUG: https://demo-api.ig.com:443 "GET /gateway/deal/prices/CS.D.USCGC.TODAY.IP/MINUTE_15/100 HTTP/1.1" 200 30391
[2025-07-17 08:59:47,782] DEBUG: Raw price data received (not logged to avoid repetition)
[2025-07-17 08:59:47,782] INFO: Processing price data for GC
[2025-07-17 08:59:47,782] INFO: Processed 100 price points for GC
[2025-07-17 08:59:47,800] DEBUG: Strategy datapoints: <equitiestradingbot.interfaces.market_history.MarketHistory object at 0x10302e350>
[2025-07-17 08:59:47,834] INFO: Breakout + Retest pattern detected (Bearish)
[2025-07-17 08:59:47,835] DEBUG: Signal for CS.D.USCGC.TODAY.IP skipped - last signal was 316 seconds ago
[2025-07-17 08:59:47,835] INFO: Skipping signal for CS.D.USCGC.TODAY.IP - within signal window
[2025-07-17 08:59:47,835] INFO: Intraday Gold Signal Generated: TradeDirection.SELL
[2025-07-17 08:59:47,835] INFO: Pattern: Price Action Pattern
[2025-07-17 08:59:47,835] INFO: Confidence Score: 20.0/100 (Low)
[2025-07-17 08:59:47,835] INFO:   EMA_ALIGNMENT: 1/5
[2025-07-17 08:59:47,835] INFO:   EMA_POSITION: 1/5
[2025-07-17 08:59:47,835] INFO:   VOLUME: 1/5
[2025-07-17 08:59:47,835] INFO: The is already an open position for the epic, skip trade
[2025-07-17 08:59:47,835] INFO: Starting to process market source
[2025-07-17 08:59:50,857] DEBUG: Starting new HTTPS connection (1): demo-api.ig.com:443
[2025-07-17 08:59:50,942] DEBUG: https://demo-api.ig.com:443 "GET /gateway/deal/positions HTTP/1.1" 200 680
[2025-07-17 08:59:50,944] DEBUG: Raw positions response: {
  "positions": [
    {
      "position": {
        "contractSize": 1.0,
        "createdDate": "2025/07/17 08:54:31:000",
        "dealId": "DIAAAAUD3H53PAY",
        "dealSize": 10.0,
        "direction": "SELL",
        "limitLevel": 3310.334464,
        "openLevel": 3326.43,
        "currency": "GBP",
        "controlledRisk": false,
        "stopLevel": 3332.868214,
        "trailingStep": null,
        "trailingStopDistance": null,
        "limitedRiskPremium": null
      },
      "market": {
        "instrumentName": "Spot Gold",
        "expiry": "DFB",
        "epic": "CS.D.USCGC.TODAY.IP",
        "instrumentType": "CURRENCIES",
        "lotSize": 1.0,
        "high": 3352.43,
        "low": 3325.03,
        "percentageChange": -0.63,
        "netChange": -21.14,
        "bid": 3325.82,
        "offer": 3326.12,
        "updateTime": "08:59:50",
        "delayTime": 0,
        "streamingPricesAvailable": true,
        "marketStatus": "TRADEABLE",
        "scalingFactor": 1
      }
    }
  ]
}
[2025-07-17 08:59:50,944] INFO: Open positions exist. Skipping new trade search.
[2025-07-17 08:59:50,944] INFO: Wait for 0.08 hours...
[2025-07-17 09:04:50,970] DEBUG: Starting new HTTPS connection (1): demo-api.ig.com:443
[2025-07-17 09:04:51,094] DEBUG: https://demo-api.ig.com:443 "GET /gateway/deal/positions HTTP/1.1" 200 680
[2025-07-17 09:04:51,096] DEBUG: Raw positions response: {
  "positions": [
    {
      "position": {
        "contractSize": 1.0,
        "createdDate": "2025/07/17 08:54:31:000",
        "dealId": "DIAAAAUD3H53PAY",
        "dealSize": 10.0,
        "direction": "SELL",
        "limitLevel": 3310.334464,
        "openLevel": 3326.43,
        "currency": "GBP",
        "controlledRisk": false,
        "stopLevel": 3332.868214,
        "trailingStep": null,
        "trailingStopDistance": null,
        "limitedRiskPremium": null
      },
      "market": {
        "instrumentName": "Spot Gold",
        "expiry": "DFB",
        "epic": "CS.D.USCGC.TODAY.IP",
        "instrumentType": "CURRENCIES",
        "lotSize": 1.0,
        "high": 3352.43,
        "low": 3325.03,
        "percentageChange": -0.58,
        "netChange": -19.38,
        "bid": 3327.48,
        "offer": 3327.98,
        "updateTime": "09:04:50",
        "delayTime": 0,
        "streamingPricesAvailable": true,
        "marketStatus": "TRADEABLE",
        "scalingFactor": 1
      }
    }
  ]
}
[2025-07-17 09:04:54,121] DEBUG: Starting new HTTPS connection (1): demo-api.ig.com:443
[2025-07-17 09:04:54,257] DEBUG: https://demo-api.ig.com:443 "GET /gateway/deal/markets/CS.D.USCGC.TODAY.IP HTTP/1.1" 200 2029
[2025-07-17 09:04:57,282] DEBUG: Starting new HTTPS connection (1): demo-api.ig.com:443
[2025-07-17 09:04:57,384] DEBUG: https://demo-api.ig.com:443 "GET /gateway/deal/accounts HTTP/1.1" 200 557
[2025-07-17 09:04:57,388] INFO: Processing GC
[2025-07-17 09:04:57,388] CRITICAL: CRITICAL: get_prices method called
[2025-07-17 09:04:57,388] INFO: Fetching price data from URL: https://demo-api.ig.com/gateway/deal/prices/CS.D.USCGC.TODAY.IP/MINUTE_15/100
[2025-07-17 09:05:00,410] DEBUG: Starting new HTTPS connection (1): demo-api.ig.com:443
[2025-07-17 09:05:00,495] DEBUG: https://demo-api.ig.com:443 "GET /gateway/deal/prices/CS.D.USCGC.TODAY.IP/MINUTE_15/100 HTTP/1.1" 200 30391
[2025-07-17 09:05:00,508] DEBUG: Raw price data received (not logged to avoid repetition)
[2025-07-17 09:05:00,508] INFO: Processing price data for GC
[2025-07-17 09:05:00,508] INFO: Processed 100 price points for GC
[2025-07-17 09:05:00,526] DEBUG: Strategy datapoints: <equitiestradingbot.interfaces.market_history.MarketHistory object at 0x10f4c6710>
[2025-07-17 09:05:00,563] INFO: Breakout + Retest pattern detected (Bearish)
[2025-07-17 09:05:00,563] DEBUG: Signal for CS.D.USCGC.TODAY.IP skipped - last signal was 629 seconds ago
[2025-07-17 09:05:00,563] INFO: Skipping signal for CS.D.USCGC.TODAY.IP - within signal window
[2025-07-17 09:05:00,563] INFO: Intraday Gold Signal Generated: TradeDirection.SELL
[2025-07-17 09:05:00,563] INFO: Pattern: Price Action Pattern
[2025-07-17 09:05:00,563] INFO: Confidence Score: 20.0/100 (Low)
[2025-07-17 09:05:00,563] INFO:   EMA_ALIGNMENT: 1/5
[2025-07-17 09:05:00,564] INFO:   EMA_POSITION: 1/5
[2025-07-17 09:05:00,564] INFO:   VOLUME: 1/5
[2025-07-17 09:05:00,564] INFO: The is already an open position for the epic, skip trade
[2025-07-17 09:05:00,564] INFO: Starting to process market source
[2025-07-17 09:05:03,588] DEBUG: Starting new HTTPS connection (1): demo-api.ig.com:443
[2025-07-17 09:05:03,658] DEBUG: https://demo-api.ig.com:443 "GET /gateway/deal/positions HTTP/1.1" 200 680
[2025-07-17 09:05:03,659] DEBUG: Raw positions response: {
  "positions": [
    {
      "position": {
        "contractSize": 1.0,
        "createdDate": "2025/07/17 08:54:31:000",
        "dealId": "DIAAAAUD3H53PAY",
        "dealSize": 10.0,
        "direction": "SELL",
        "limitLevel": 3310.334464,
        "openLevel": 3326.43,
        "currency": "GBP",
        "controlledRisk": false,
        "stopLevel": 3332.868214,
        "trailingStep": null,
        "trailingStopDistance": null,
        "limitedRiskPremium": null
      },
      "market": {
        "instrumentName": "Spot Gold",
        "expiry": "DFB",
        "epic": "CS.D.USCGC.TODAY.IP",
        "instrumentType": "CURRENCIES",
        "lotSize": 1.0,
        "high": 3352.43,
        "low": 3325.03,
        "percentageChange": -0.58,
        "netChange": -19.58,
        "bid": 3327.28,
        "offer": 3327.78,
        "updateTime": "09:05:03",
        "delayTime": 0,
        "streamingPricesAvailable": true,
        "marketStatus": "TRADEABLE",
        "scalingFactor": 1
      }
    }
  ]
}
[2025-07-17 09:05:03,660] INFO: Open positions exist. Skipping new trade search.
[2025-07-17 09:05:03,660] INFO: Wait for 0.08 hours...
[2025-07-17 09:10:03,689] DEBUG: Starting new HTTPS connection (1): demo-api.ig.com:443
[2025-07-17 09:10:03,812] DEBUG: https://demo-api.ig.com:443 "GET /gateway/deal/positions HTTP/1.1" 200 679
[2025-07-17 09:10:03,814] DEBUG: Raw positions response: {
  "positions": [
    {
      "position": {
        "contractSize": 1.0,
        "createdDate": "2025/07/17 08:54:31:000",
        "dealId": "DIAAAAUD3H53PAY",
        "dealSize": 10.0,
        "direction": "SELL",
        "limitLevel": 3310.334464,
        "openLevel": 3326.43,
        "currency": "GBP",
        "controlledRisk": false,
        "stopLevel": 3332.868214,
        "trailingStep": null,
        "trailingStopDistance": null,
        "limitedRiskPremium": null
      },
      "market": {
        "instrumentName": "Spot Gold",
        "expiry": "DFB",
        "epic": "CS.D.USCGC.TODAY.IP",
        "instrumentType": "CURRENCIES",
        "lotSize": 1.0,
        "high": 3352.43,
        "low": 3325.03,
        "percentageChange": -0.58,
        "netChange": -19.3,
        "bid": 3327.56,
        "offer": 3328.06,
        "updateTime": "09:10:00",
        "delayTime": 0,
        "streamingPricesAvailable": true,
        "marketStatus": "TRADEABLE",
        "scalingFactor": 1
      }
    }
  ]
}
[2025-07-17 09:10:06,857] DEBUG: Starting new HTTPS connection (1): demo-api.ig.com:443
[2025-07-17 09:10:06,948] DEBUG: https://demo-api.ig.com:443 "GET /gateway/deal/markets/CS.D.USCGC.TODAY.IP HTTP/1.1" 200 2029
[2025-07-17 09:10:10,005] DEBUG: Starting new HTTPS connection (1): demo-api.ig.com:443
[2025-07-17 09:10:10,115] DEBUG: https://demo-api.ig.com:443 "GET /gateway/deal/accounts HTTP/1.1" 200 556
[2025-07-17 09:10:10,118] INFO: Processing GC
[2025-07-17 09:10:10,119] CRITICAL: CRITICAL: get_prices method called
[2025-07-17 09:10:10,119] INFO: Fetching price data from URL: https://demo-api.ig.com/gateway/deal/prices/CS.D.USCGC.TODAY.IP/MINUTE_15/100
[2025-07-17 09:10:13,160] DEBUG: Starting new HTTPS connection (1): demo-api.ig.com:443
[2025-07-17 09:10:13,255] DEBUG: https://demo-api.ig.com:443 "GET /gateway/deal/prices/CS.D.USCGC.TODAY.IP/MINUTE_15/100 HTTP/1.1" 200 30391
[2025-07-17 09:10:13,263] DEBUG: Raw price data received (not logged to avoid repetition)
[2025-07-17 09:10:13,263] INFO: Processing price data for GC
[2025-07-17 09:10:13,264] INFO: Processed 100 price points for GC
[2025-07-17 09:10:13,282] DEBUG: Strategy datapoints: <equitiestradingbot.interfaces.market_history.MarketHistory object at 0x10f60b230>
[2025-07-17 09:10:13,316] INFO: Breakout + Retest pattern detected (Bearish)
[2025-07-17 09:10:13,316] DEBUG: Signal for CS.D.USCGC.TODAY.IP skipped - last signal was 941 seconds ago
[2025-07-17 09:10:13,316] INFO: Skipping signal for CS.D.USCGC.TODAY.IP - within signal window
[2025-07-17 09:10:13,316] INFO: Intraday Gold Signal Generated: TradeDirection.SELL
[2025-07-17 09:10:13,316] INFO: Pattern: Price Action Pattern
[2025-07-17 09:10:13,316] INFO: Confidence Score: 24.0/100 (Low)
[2025-07-17 09:10:13,316] INFO:   EMA_ALIGNMENT: 1/5
[2025-07-17 09:10:13,316] INFO:   EMA_POSITION: 1/5
[2025-07-17 09:10:13,316] INFO:   VOLUME: 2/5
[2025-07-17 09:10:13,316] INFO: The is already an open position for the epic, skip trade
[2025-07-17 09:10:13,316] INFO: Starting to process market source
[2025-07-17 09:10:16,363] DEBUG: Starting new HTTPS connection (1): demo-api.ig.com:443
[2025-07-17 09:10:16,438] DEBUG: https://demo-api.ig.com:443 "GET /gateway/deal/positions HTTP/1.1" 200 679
[2025-07-17 09:10:16,440] DEBUG: Raw positions response: {
  "positions": [
    {
      "position": {
        "contractSize": 1.0,
        "createdDate": "2025/07/17 08:54:31:000",
        "dealId": "DIAAAAUD3H53PAY",
        "dealSize": 10.0,
        "direction": "SELL",
        "limitLevel": 3310.334464,
        "openLevel": 3326.43,
        "currency": "GBP",
        "controlledRisk": false,
        "stopLevel": 3332.868214,
        "trailingStep": null,
        "trailingStopDistance": null,
        "limitedRiskPremium": null
      },
      "market": {
        "instrumentName": "Spot Gold",
        "expiry": "DFB",
        "epic": "CS.D.USCGC.TODAY.IP",
        "instrumentType": "CURRENCIES",
        "lotSize": 1.0,
        "high": 3352.43,
        "low": 3325.03,
        "percentageChange": -0.58,
        "netChange": -19.3,
        "bid": 3327.56,
        "offer": 3328.06,
        "updateTime": "09:10:14",
        "delayTime": 0,
        "streamingPricesAvailable": true,
        "marketStatus": "TRADEABLE",
        "scalingFactor": 1
      }
    }
  ]
}
[2025-07-17 09:10:16,440] INFO: Open positions exist. Skipping new trade search.
[2025-07-17 09:10:16,440] INFO: Wait for 0.08 hours...
[2025-07-17 09:15:16,452] DEBUG: Starting new HTTPS connection (1): demo-api.ig.com:443
[2025-07-17 09:15:16,566] DEBUG: https://demo-api.ig.com:443 "GET /gateway/deal/positions HTTP/1.1" 200 678
[2025-07-17 09:15:16,568] DEBUG: Raw positions response: {
  "positions": [
    {
      "position": {
        "contractSize": 1.0,
        "createdDate": "2025/07/17 08:54:31:000",
        "dealId": "DIAAAAUD3H53PAY",
        "dealSize": 10.0,
        "direction": "SELL",
        "limitLevel": 3310.334464,
        "openLevel": 3326.43,
        "currency": "GBP",
        "controlledRisk": false,
        "stopLevel": 3332.868214,
        "trailingStep": null,
        "trailingStopDistance": null,
        "limitedRiskPremium": null
      },
      "market": {
        "instrumentName": "Spot Gold",
        "expiry": "DFB",
        "epic": "CS.D.USCGC.TODAY.IP",
        "instrumentType": "CURRENCIES",
        "lotSize": 1.0,
        "high": 3352.43,
        "low": 3325.03,
        "percentageChange": -0.53,
        "netChange": -17.65,
        "bid": 3329.2,
        "offer": 3329.7,
        "updateTime": "09:15:16",
        "delayTime": 0,
        "streamingPricesAvailable": true,
        "marketStatus": "TRADEABLE",
        "scalingFactor": 1
      }
    }
  ]
}
[2025-07-17 09:15:19,593] DEBUG: Starting new HTTPS connection (1): demo-api.ig.com:443
[2025-07-17 09:15:19,676] DEBUG: https://demo-api.ig.com:443 "GET /gateway/deal/markets/CS.D.USCGC.TODAY.IP HTTP/1.1" 200 2028
[2025-07-17 09:15:22,704] DEBUG: Starting new HTTPS connection (1): demo-api.ig.com:443
[2025-07-17 09:15:22,799] DEBUG: https://demo-api.ig.com:443 "GET /gateway/deal/accounts HTTP/1.1" 200 557
[2025-07-17 09:15:22,801] INFO: Processing GC
[2025-07-17 09:15:22,802] CRITICAL: CRITICAL: get_prices method called
[2025-07-17 09:15:22,802] INFO: Fetching price data from URL: https://demo-api.ig.com/gateway/deal/prices/CS.D.USCGC.TODAY.IP/MINUTE_15/100
[2025-07-17 09:15:25,829] DEBUG: Starting new HTTPS connection (1): demo-api.ig.com:443
[2025-07-17 09:15:25,945] DEBUG: https://demo-api.ig.com:443 "GET /gateway/deal/prices/CS.D.USCGC.TODAY.IP/MINUTE_15/100 HTTP/1.1" 200 30390
[2025-07-17 09:15:25,959] DEBUG: Raw price data received (not logged to avoid repetition)
[2025-07-17 09:15:25,959] INFO: Processing price data for GC
[2025-07-17 09:15:25,959] INFO: Processed 100 price points for GC
[2025-07-17 09:15:25,995] DEBUG: Strategy datapoints: <equitiestradingbot.interfaces.market_history.MarketHistory object at 0x102dcfce0>
[2025-07-17 09:15:26,039] INFO: Breakout + Retest pattern detected (Bearish)
[2025-07-17 09:15:26,040] DEBUG: Signal for CS.D.USCGC.TODAY.IP skipped - last signal was 1254 seconds ago
[2025-07-17 09:15:26,040] INFO: Skipping signal for CS.D.USCGC.TODAY.IP - within signal window
[2025-07-17 09:15:26,040] INFO: Intraday Gold Signal Generated: TradeDirection.SELL
[2025-07-17 09:15:26,040] INFO: Pattern: Price Action Pattern
[2025-07-17 09:15:26,040] INFO: Confidence Score: 20.0/100 (Low)
[2025-07-17 09:15:26,040] INFO:   EMA_ALIGNMENT: 1/5
[2025-07-17 09:15:26,040] INFO:   EMA_POSITION: 1/5
[2025-07-17 09:15:26,040] INFO:   VOLUME: 1/5
[2025-07-17 09:15:26,040] INFO: The is already an open position for the epic, skip trade
[2025-07-17 09:15:26,040] INFO: Starting to process market source
[2025-07-17 09:15:29,058] DEBUG: Starting new HTTPS connection (1): demo-api.ig.com:443
[2025-07-17 09:15:29,136] DEBUG: https://demo-api.ig.com:443 "GET /gateway/deal/positions HTTP/1.1" 200 680
[2025-07-17 09:15:29,138] DEBUG: Raw positions response: {
  "positions": [
    {
      "position": {
        "contractSize": 1.0,
        "createdDate": "2025/07/17 08:54:31:000",
        "dealId": "DIAAAAUD3H53PAY",
        "dealSize": 10.0,
        "direction": "SELL",
        "limitLevel": 3310.334464,
        "openLevel": 3326.43,
        "currency": "GBP",
        "controlledRisk": false,
        "stopLevel": 3332.868214,
        "trailingStep": null,
        "trailingStopDistance": null,
        "limitedRiskPremium": null
      },
      "market": {
        "instrumentName": "Spot Gold",
        "expiry": "DFB",
        "epic": "CS.D.USCGC.TODAY.IP",
        "instrumentType": "CURRENCIES",
        "lotSize": 1.0,
        "high": 3352.43,
        "low": 3325.03,
        "percentageChange": -0.53,
        "netChange": -17.88,
        "bid": 3329.08,
        "offer": 3329.38,
        "updateTime": "09:15:27",
        "delayTime": 0,
        "streamingPricesAvailable": true,
        "marketStatus": "TRADEABLE",
        "scalingFactor": 1
      }
    }
  ]
}
[2025-07-17 09:15:29,139] INFO: Open positions exist. Skipping new trade search.
[2025-07-17 09:15:29,139] INFO: Wait for 0.08 hours...
[2025-07-17 09:20:29,161] DEBUG: Starting new HTTPS connection (1): demo-api.ig.com:443
[2025-07-17 09:20:29,304] DEBUG: https://demo-api.ig.com:443 "GET /gateway/deal/positions HTTP/1.1" 200 679
[2025-07-17 09:20:29,306] DEBUG: Raw positions response: {
  "positions": [
    {
      "position": {
        "contractSize": 1.0,
        "createdDate": "2025/07/17 08:54:31:000",
        "dealId": "DIAAAAUD3H53PAY",
        "dealSize": 10.0,
        "direction": "SELL",
        "limitLevel": 3310.334464,
        "openLevel": 3326.43,
        "currency": "GBP",
        "controlledRisk": false,
        "stopLevel": 3332.868214,
        "trailingStep": null,
        "trailingStopDistance": null,
        "limitedRiskPremium": null
      },
      "market": {
        "instrumentName": "Spot Gold",
        "expiry": "DFB",
        "epic": "CS.D.USCGC.TODAY.IP",
        "instrumentType": "CURRENCIES",
        "lotSize": 1.0,
        "high": 3352.43,
        "low": 3325.03,
        "percentageChange": -0.5,
        "netChange": -16.57,
        "bid": 3330.29,
        "offer": 3330.79,
        "updateTime": "09:20:28",
        "delayTime": 0,
        "streamingPricesAvailable": true,
        "marketStatus": "TRADEABLE",
        "scalingFactor": 1
      }
    }
  ]
}
[2025-07-17 09:20:32,332] DEBUG: Starting new HTTPS connection (1): demo-api.ig.com:443
[2025-07-17 09:20:32,417] DEBUG: https://demo-api.ig.com:443 "GET /gateway/deal/markets/CS.D.USCGC.TODAY.IP HTTP/1.1" 200 2028
[2025-07-17 09:20:35,446] DEBUG: Starting new HTTPS connection (1): demo-api.ig.com:443
[2025-07-17 09:20:35,563] DEBUG: https://demo-api.ig.com:443 "GET /gateway/deal/accounts HTTP/1.1" 200 557
[2025-07-17 09:20:35,568] INFO: Processing GC
[2025-07-17 09:20:35,568] CRITICAL: CRITICAL: get_prices method called
[2025-07-17 09:20:35,568] INFO: Fetching price data from URL: https://demo-api.ig.com/gateway/deal/prices/CS.D.USCGC.TODAY.IP/MINUTE_15/100
[2025-07-17 09:20:38,619] DEBUG: Starting new HTTPS connection (1): demo-api.ig.com:443
[2025-07-17 09:20:38,744] DEBUG: https://demo-api.ig.com:443 "GET /gateway/deal/prices/CS.D.USCGC.TODAY.IP/MINUTE_15/100 HTTP/1.1" 200 30391
[2025-07-17 09:20:38,762] DEBUG: Raw price data received (not logged to avoid repetition)
[2025-07-17 09:20:38,762] INFO: Processing price data for GC
[2025-07-17 09:20:38,763] INFO: Processed 100 price points for GC
[2025-07-17 09:20:38,784] DEBUG: Strategy datapoints: <equitiestradingbot.interfaces.market_history.MarketHistory object at 0x10f69d6d0>
[2025-07-17 09:20:38,821] INFO: Breakout + Retest pattern detected (Bearish)
[2025-07-17 09:20:38,822] DEBUG: Signal for CS.D.USCGC.TODAY.IP skipped - last signal was 1567 seconds ago
[2025-07-17 09:20:38,822] INFO: Skipping signal for CS.D.USCGC.TODAY.IP - within signal window
[2025-07-17 09:20:38,822] INFO: Intraday Gold Signal Generated: TradeDirection.SELL
[2025-07-17 09:20:38,822] INFO: Pattern: Price Action Pattern
[2025-07-17 09:20:38,822] INFO: Confidence Score: 20.0/100 (Low)
[2025-07-17 09:20:38,822] INFO:   EMA_ALIGNMENT: 1/5
[2025-07-17 09:20:38,822] INFO:   EMA_POSITION: 1/5
[2025-07-17 09:20:38,822] INFO:   VOLUME: 1/5
[2025-07-17 09:20:38,822] INFO: The is already an open position for the epic, skip trade
[2025-07-17 09:20:38,822] INFO: Starting to process market source
[2025-07-17 09:20:41,851] DEBUG: Starting new HTTPS connection (1): demo-api.ig.com:443
[2025-07-17 09:20:41,930] DEBUG: https://demo-api.ig.com:443 "GET /gateway/deal/positions HTTP/1.1" 200 679
[2025-07-17 09:20:41,932] DEBUG: Raw positions response: {
  "positions": [
    {
      "position": {
        "contractSize": 1.0,
        "createdDate": "2025/07/17 08:54:31:000",
        "dealId": "DIAAAAUD3H53PAY",
        "dealSize": 10.0,
        "direction": "SELL",
        "limitLevel": 3310.334464,
        "openLevel": 3326.43,
        "currency": "GBP",
        "controlledRisk": false,
        "stopLevel": 3332.868214,
        "trailingStep": null,
        "trailingStopDistance": null,
        "limitedRiskPremium": null
      },
      "market": {
        "instrumentName": "Spot Gold",
        "expiry": "DFB",
        "epic": "CS.D.USCGC.TODAY.IP",
        "instrumentType": "CURRENCIES",
        "lotSize": 1.0,
        "high": 3352.43,
        "low": 3325.03,
        "percentageChange": -0.5,
        "netChange": -16.71,
        "bid": 3330.14,
        "offer": 3330.64,
        "updateTime": "09:20:41",
        "delayTime": 0,
        "streamingPricesAvailable": true,
        "marketStatus": "TRADEABLE",
        "scalingFactor": 1
      }
    }
  ]
}
[2025-07-17 09:20:41,932] INFO: Open positions exist. Skipping new trade search.
[2025-07-17 09:20:41,932] INFO: Wait for 0.08 hours...
