[2025-06-13 08:59:22,747] INFO: Initialising IGInterface...
[2025-06-13 08:59:22,747] INFO: Attempting authentication to URL: https://demo-api.ig.com/gateway/deal/session
[2025-06-13 08:59:22,747] INFO: Using API Key: 43c58bfd6f5ead3ac4d803d18f883db5857c9631
[2025-06-13 08:59:22,747] INFO: Using Account ID: Z5YISO
[2025-06-13 08:59:22,755] DEBUG: Starting new HTTPS connection (1): demo-api.ig.com:443
[2025-06-13 08:59:22,924] DEBUG: https://demo-api.ig.com:443 "POST /gateway/deal/session HTTP/1.1" 200 619
[2025-06-13 08:59:22,925] INFO: Successfully obtained authentication tokens
[2025-06-13 08:59:22,929] DEBUG: Starting new HTTPS connection (1): demo-api.ig.com:443
[2025-06-13 08:59:23,029] DEBUG: https://demo-api.ig.com:443 "PUT /gateway/deal/session HTTP/1.1" 412 56
[2025-06-13 08:59:23,032] INFO: Account is already set as default
[2025-06-13 08:59:23,032] INFO: Using stock interface: IGInterface
[2025-06-13 08:59:23,033] INFO: Advanced Momentum Strategy initialised
[2025-06-13 08:59:23,035] INFO: Advanced Momentum Strategy created
[2025-06-13 08:59:26,067] DEBUG: Starting new HTTPS connection (1): demo-api.ig.com:443
[2025-06-13 08:59:26,153] DEBUG: https://demo-api.ig.com:443 "GET /gateway/deal/positions HTTP/1.1" 200 16
[2025-06-13 08:59:26,155] DEBUG: Raw positions response: {
  "positions": []
}
[2025-06-13 08:59:26,156] INFO: Starting to process market source
[2025-06-13 08:59:29,186] DEBUG: Starting new HTTPS connection (1): demo-api.ig.com:443
[2025-06-13 08:59:29,265] DEBUG: https://demo-api.ig.com:443 "GET /gateway/deal/positions HTTP/1.1" 200 16
[2025-06-13 08:59:29,266] DEBUG: Raw positions response: {
  "positions": []
}
[2025-06-13 08:59:32,292] DEBUG: Starting new HTTPS connection (1): demo-api.ig.com:443
[2025-06-13 08:59:32,379] DEBUG: https://demo-api.ig.com:443 "GET /gateway/deal/markets/CS.D.USCGC.TODAY.IP HTTP/1.1" 200 2027
[2025-06-13 08:59:35,397] DEBUG: Starting new HTTPS connection (1): demo-api.ig.com:443
[2025-06-13 08:59:35,508] DEBUG: https://demo-api.ig.com:443 "GET /gateway/deal/accounts HTTP/1.1" 200 552
[2025-06-13 08:59:35,554] INFO: Processing GC
[2025-06-13 08:59:35,555] CRITICAL: CRITICAL: get_prices method called
[2025-06-13 08:59:35,555] INFO: Fetching price data from URL: https://demo-api.ig.com/gateway/deal/prices/CS.D.USCGC.TODAY.IP/MINUTE_15/52
[2025-06-13 08:59:38,581] DEBUG: Starting new HTTPS connection (1): demo-api.ig.com:443
[2025-06-13 08:59:38,694] DEBUG: https://demo-api.ig.com:443 "GET /gateway/deal/prices/CS.D.USCGC.TODAY.IP/MINUTE_15/52 HTTP/1.1" 200 15863
[2025-06-13 08:59:38,697] DEBUG: Raw price data: {
  "prices": [
    {
      "snapshotTime": "2025:06:12-19:00:00",
      "openPrice": {
        "bid": 3382.58,
        "ask": 3382.88,
        "lastTraded": null
      },
      "closePrice": {
        "bid": 3384.13,
        "ask": 3384.43,
        "lastTraded": null
      },
      "highPrice": {
        "bid": 3384.29,
        "ask": 3384.74,
        "lastTraded": null
      },
      "lowPrice": {
        "bid": 3381.7,
        "ask": 3382.04,
        "lastTraded": null
      },
      "lastTradedVolume": 738
    },
    {
      "snapshotTime": "2025:06:12-19:15:00",
      "openPrice": {
        "bid": 3384.23,
        "ask": 3384.53,
        "lastTraded": null
      },
      "closePrice": {
        "bid": 3382.88,
        "ask": 3383.18,
        "lastTraded": null
      },
      "highPrice": {
        "bid": 3384.91,
        "ask": 3385.25,
        "lastTraded": null
      },
      "lowPrice": {
        "bid": 3382.38,
        "ask": 3382.68,
        "lastTraded": null
      },
      "lastTradedVolume": 758
    },
    {
      "snapshotTime": "2025:06:12-19:30:00",
      "openPrice": {
        "bid": 3382.81,
        "ask": 3383.11,
        "lastTraded": null
      },
      "closePrice": {
        "bid": 3383.68,
        "ask": 3383.98,
        "lastTraded": null
      },
      "highPrice": {
        "bid": 3385.13,
        "ask": 3385.51,
        "lastTraded": null
      },
      "lowPrice": {
        "bid": 3382.68,
        "ask": 3383.03,
        "lastTraded": null
      },
      "lastTradedVolume": 680
    },
    {
      "snapshotTime": "2025:06:12-19:45:00",
      "openPrice": {
        "bid": 3383.66,
        "ask": 3383.96,
        "lastTraded": null
      },
      "closePrice": {
        "bid": 3385.9,
        "ask": 3386.2,
        "lastTraded": null
      },
      "highPrice": {
        "bid": 3386.28,
        "ask": 3386.58,
        "lastTraded": null
      },
      "lowPrice": {
        "bid": 3383.53,
        "ask": 3383.83,
        "lastTraded": null
      },
      "lastTradedVolume": 717
    },
    {
      "snapshotTime": "2025:06:12-20:00:00",
      "openPrice": {
        "bid": 3385.61,
        "ask": 3385.91,
        "lastTraded": null
      },
      "closePrice": {
        "bid": 3386.37,
        "ask": 3386.67,
        "lastTraded": null
      },
      "highPrice": {
        "bid": 3386.47,
        "ask": 3386.77,
        "lastTraded": null
      },
      "lowPrice": {
        "bid": 3384.74,
        "ask": 3385.04,
        "lastTraded": null
      },
      "lastTradedVolume": 798
    },
    {
      "snapshotTime": "2025:06:12-20:15:00",
      "openPrice": {
        "bid": 3386.33,
        "ask": 3386.63,
        "lastTraded": null
      },
      "closePrice": {
        "bid": 3386.83,
        "ask": 3387.13,
        "lastTraded": null
      },
      "highPrice": {
        "bid": 3387.03,
        "ask": 3387.33,
        "lastTraded": null
      },
      "lowPrice": {
        "bid": 3385.99,
        "ask": 3386.35,
        "lastTraded": null
      },
      "lastTradedVolume": 541
    },
    {
      "snapshotTime": "2025:06:12-20:30:00",
      "openPrice": {
        "bid": 3386.88,
        "ask": 3387.33,
        "lastTraded": null
      },
      "closePrice": {
        "bid": 3388.15,
        "ask": 3388.45,
        "lastTraded": null
      },
      "highPrice": {
        "bid": 3388.3,
        "ask": 3388.6,
        "lastTraded": null
      },
      "lowPrice": {
        "bid": 3386.06,
        "ask": 3386.36,
        "lastTraded": null
      },
      "lastTradedVolume": 715
    },
    {
      "snapshotTime": "2025:06:12-20:45:00",
      "openPrice": {
        "bid": 3388.21,
        "ask": 3388.51,
        "lastTraded": null
      },
      "closePrice": {
        "bid": 3388.17,
        "ask": 3388.47,
        "lastTraded": null
      },
      "highPrice": {
        "bid": 3389.19,
        "ask": 3389.69,
        "lastTraded": null
      },
      "lowPrice": {
        "bid": 3387.54,
        "ask": 3387.84,
        "lastTraded": null
      },
      "lastTradedVolume": 902
    },
    {
      "snapshotTime": "2025:06:12-21:00:00",
      "openPrice": {
        "bid": 3388.12,
        "ask": 3388.42,
        "lastTraded": null
      },
      "closePrice": {
        "bid": 3388.84,
        "ask": 3389.14,
        "lastTraded": null
      },
      "highPrice": {
        "bid": 3388.89,
        "ask": 3389.19,
        "lastTraded": null
      },
      "lowPrice": {
        "bid": 3387.73,
        "ask": 3388.06,
        "lastTraded": null
      },
      "lastTradedVolume": 524
    },
    {
      "snapshotTime": "2025:06:12-21:15:00",
      "openPrice": {
        "bid": 3388.81,
        "ask": 3389.11,
        "lastTraded": null
      },
      "closePrice": {
        "bid": 3386.38,
        "ask": 3386.68,
        "lastTraded": null
      },
      "highPrice": {
        "bid": 3388.94,
        "ask": 3389.24,
        "lastTraded": null
      },
      "lowPrice": {
        "bid": 3385.67,
        "ask": 3385.97,
        "lastTraded": null
      },
      "lastTradedVolume": 523
    },
    {
      "snapshotTime": "2025:06:12-21:30:00",
      "openPrice": {
        "bid": 3386.48,
        "ask": 3386.78,
        "lastTraded": null
      },
      "closePrice": {
        "bid": 3386.08,
        "ask": 3386.38,
        "lastTraded": null
      },
      "highPrice": {
        "bid": 3386.58,
        "ask": 3386.92,
        "lastTraded": null
      },
      "lowPrice": {
        "bid": 3384.65,
        "ask": 3385.0,
        "lastTraded": null
      },
      "lastTradedVolume": 453
    },
    {
      "snapshotTime": "2025:06:12-21:45:00",
      "openPrice": {
        "bid": 3385.93,
        "ask": 3386.43,
        "lastTraded": null
      },
      "closePrice": {
        "bid": 3385.58,
        "ask": 3385.88,
        "lastTraded": null
      },
      "highPrice": {
        "bid": 3386.68,
        "ask": 3387.08,
        "lastTraded": null
      },
      "lowPrice": {
        "bid": 3385.25,
        "ask": 3385.75,
        "lastTraded": null
      },
      "lastTradedVolume": 299
    },
    {
      "snapshotTime": "2025:06:12-23:00:00",
      "openPrice": {
        "bid": 3385.9,
        "ask": 3386.4,
        "lastTraded": null
      },
      "closePrice": {
        "bid": 3382.43,
        "ask": 3382.93,
        "lastTraded": null
      },
      "highPrice": {
        "bid": 3386.1,
        "ask": 3386.42,
        "lastTraded": null
      },
      "lowPrice": {
        "bid": 3382.43,
        "ask": 3382.93,
        "lastTraded": null
      },
      "lastTradedVolume": 335
    },
    {
      "snapshotTime": "2025:06:12-23:15:00",
      "openPrice": {
        "bid": 3382.48,
        "ask": 3382.98,
        "lastTraded": null
      },
      "closePrice": {
        "bid": 3382.48,
        "ask": 3382.98,
        "lastTraded": null
      },
      "highPrice": {
        "bid": 3383.4,
        "ask": 3383.9,
        "lastTraded": null
      },
      "lowPrice": {
        "bid": 3380.8,
        "ask": 3381.13,
        "lastTraded": null
      },
      "lastTradedVolume": 425
    },
    {
      "snapshotTime": "2025:06:12-23:30:00",
      "openPrice": {
        "bid": 3382.83,
        "ask": 3383.33,
        "lastTraded": null
      },
      "closePrice": {
        "bid": 3381.55,
        "ask": 3382.05,
        "lastTraded": null
      },
      "highPrice": {
        "bid": 3383.13,
        "ask": 3383.43,
        "lastTraded": null
      },
      "lowPrice": {
        "bid": 3379.63,
        "ask": 3380.03,
        "lastTraded": null
      },
      "lastTradedVolume": 458
    },
    {
      "snapshotTime": "2025:06:12-23:45:00",
      "openPrice": {
        "bid": 3381.7,
        "ask": 3382.0,
        "lastTraded": null
      },
      "closePrice": {
        "bid": 3383.43,
        "ask": 3383.73,
        "lastTraded": null
      },
      "highPrice": {
        "bid": 3384.61,
        "ask": 3385.02,
        "lastTraded": null
      },
      "lowPrice": {
        "bid": 3381.45,
        "ask": 3381.8,
        "lastTraded": null
      },
      "lastTradedVolume": 439
    },
    {
      "snapshotTime": "2025:06:13-00:00:00",
      "openPrice": {
        "bid": 3383.33,
        "ask": 3383.83,
        "lastTraded": null
      },
      "closePrice": {
        "bid": 3384.53,
        "ask": 3385.03,
        "lastTraded": null
      },
      "highPrice": {
        "bid": 3384.58,
        "ask": 3385.03,
        "lastTraded": null
      },
      "lowPrice": {
        "bid": 3382.53,
        "ask": 3383.03,
        "lastTraded": null
      },
      "lastTradedVolume": 447
    },
    {
      "snapshotTime": "2025:06:13-00:15:00",
      "openPrice": {
        "bid": 3384.43,
        "ask": 3384.93,
        "lastTraded": null
      },
      "closePrice": {
        "bid": 3383.48,
        "ask": 3383.98,
        "lastTraded": null
      },
      "highPrice": {
        "bid": 3385.28,
        "ask": 3385.68,
        "lastTraded": null
      },
      "lowPrice": {
        "bid": 3383.31,
        "ask": 3383.75,
        "lastTraded": null
      },
      "lastTradedVolume": 492
    },
    {
      "snapshotTime": "2025:06:13-00:30:00",
      "openPrice": {
        "bid": 3383.73,
        "ask": 3384.03,
        "lastTraded": null
      },
      "closePrice": {
        "bid": 3387.3,
        "ask": 3387.8,
        "lastTraded": null
      },
      "highPrice": {
        "bid": 3387.38,
        "ask": 3387.8,
        "lastTraded": null
      },
      "lowPrice": {
        "bid": 3382.98,
        "ask": 3383.33,
        "lastTraded": null
      },
      "lastTradedVolume": 500
    },
    {
      "snapshotTime": "2025:06:13-00:45:00",
      "openPrice": {
        "bid": 3387.25,
        "ask": 3387.75,
        "lastTraded": null
      },
      "closePrice": {
        "bid": 3395.9,
        "ask": 3396.2,
        "lastTraded": null
      },
      "highPrice": {
        "bid": 3396.25,
        "ask": 3396.55,
        "lastTraded": null
      },
      "lowPrice": {
        "bid": 3386.6,
        "ask": 3387.1,
        "lastTraded": null
      },
      "lastTradedVolume": 1055
    },
    {
      "snapshotTime": "2025:06:13-01:00:00",
      "openPrice": {
        "bid": 3395.7,
        "ask": 3396.0,
        "lastTraded": null
      },
      "closePrice": {
        "bid": 3401.59,
        "ask": 3402.09,
        "lastTraded": null
      },
      "highPrice": {
        "bid": 3412.03,
        "ask": 3412.53,
        "lastTraded": null
      },
      "lowPrice": {
        "bid": 3391.6,
        "ask": 3392.1,
        "lastTraded": null
      },
      "lastTradedVolume": 1988
    },
    {
      "snapshotTime": "2025:06:13-01:15:00",
      "openPrice": {
        "bid": 3401.93,
        "ask": 3402.43,
        "lastTraded": null
      },
      "closePrice": {
        "bid": 3413.55,
        "ask": 3414.05,
        "lastTraded": null
      },
      "highPrice": {
        "bid": 3414.39,
        "ask": 3414.89,
        "lastTraded": null
      },
      "lowPrice": {
        "bid": 3399.85,
        "ask": 3400.35,
        "lastTraded": null
      },
      "lastTradedVolume": 1691
    },
    {
      "snapshotTime": "2025:06:13-01:30:00",
      "openPrice": {
        "bid": 3413.5,
        "ask": 3414.0,
        "lastTraded": null
      },
      "closePrice": {
        "bid": 3406.38,
        "ask": 3406.88,
        "lastTraded": null
      },
      "highPrice": {
        "bid": 3416.77,
        "ask": 3417.27,
        "lastTraded": null
      },
      "lowPrice": {
        "bid": 3403.38,
        "ask": 3403.88,
        "lastTraded": null
      },
      "lastTradedVolume": 1737
    },
    {
      "snapshotTime": "2025:06:13-01:45:00",
      "openPrice": {
        "bid": 3406.48,
        "ask": 3406.98,
        "lastTraded": null
      },
      "closePrice": {
        "bid": 3415.98,
        "ask": 3416.48,
        "lastTraded": null
      },
      "highPrice": {
        "bid": 3419.83,
        "ask": 3420.33,
        "lastTraded": null
      },
      "lowPrice": {
        "bid": 3406.38,
        "ask": 3406.88,
        "lastTraded": null
      },
      "lastTradedVolume": 1695
    },
    {
      "snapshotTime": "2025:06:13-02:00:00",
      "openPrice": {
        "bid": 3416.53,
        "ask": 3417.03,
        "lastTraded": null
      },
      "closePrice": {
        "bid": 3425.33,
        "ask": 3425.83,
        "lastTraded": null
      },
      "highPrice": {
        "bid": 3425.38,
        "ask": 3425.88,
        "lastTraded": null
      },
      "lowPrice": {
        "bid": 3413.63,
        "ask": 3414.13,
        "lastTraded": null
      },
      "lastTradedVolume": 1755
    },
    {
      "snapshotTime": "2025:06:13-02:15:00",
      "openPrice": {
        "bid": 3425.53,
        "ask": 3426.03,
        "lastTraded": null
      },
      "closePrice": {
        "bid": 3429.43,
        "ask": 3429.93,
        "lastTraded": null
      },
      "highPrice": {
        "bid": 3430.1,
        "ask": 3430.63,
        "lastTraded": null
      },
      "lowPrice": {
        "bid": 3422.18,
        "ask": 3422.68,
        "lastTraded": null
      },
      "lastTradedVolume": 1572
    },
    {
      "snapshotTime": "2025:06:13-02:30:00",
      "openPrice": {
        "bid": 3429.6,
        "ask": 3430.1,
        "lastTraded": null
      },
      "closePrice": {
        "bid": 3429.68,
        "ask": 3430.18,
        "lastTraded": null
      },
      "highPrice": {
        "bid": 3430.78,
        "ask": 3431.28,
        "lastTraded": null
      },
      "lowPrice": {
        "bid": 3424.3,
        "ask": 3424.8,
        "lastTraded": null
      },
      "lastTradedVolume": 1433
    },
    {
      "snapshotTime": "2025:06:13-02:45:00",
      "openPrice": {
        "bid": 3429.53,
        "ask": 3430.03,
        "lastTraded": null
      },
      "closePrice": {
        "bid": 3427.5,
        "ask": 3427.8,
        "lastTraded": null
      },
      "highPrice": {
        "bid": 3433.18,
        "ask": 3433.48,
        "lastTraded": null
      },
      "lowPrice": {
        "bid": 3422.63,
        "ask": 3422.93,
        "lastTraded": null
      },
      "lastTradedVolume": 1640
    },
    {
      "snapshotTime": "2025:06:13-03:00:00",
      "openPrice": {
        "bid": 3427.16,
        "ask": 3427.46,
        "lastTraded": null
      },
      "closePrice": {
        "bid": 3429.63,
        "ask": 3430.13,
        "lastTraded": null
      },
      "highPrice": {
        "bid": 3431.88,
        "ask": 3432.23,
        "lastTraded": null
      },
      "lowPrice": {
        "bid": 3424.58,
        "ask": 3425.08,
        "lastTraded": null
      },
      "lastTradedVolume": 1574
    },
    {
      "snapshotTime": "2025:06:13-03:15:00",
      "openPrice": {
        "bid": 3429.58,
        "ask": 3430.08,
        "lastTraded": null
      },
      "closePrice": {
        "bid": 3432.78,
        "ask": 3433.28,
        "lastTraded": null
      },
      "highPrice": {
        "bid": 3435.86,
        "ask": 3436.29,
        "lastTraded": null
      },
      "lowPrice": {
        "bid": 3429.15,
        "ask": 3429.55,
        "lastTraded": null
      },
      "lastTradedVolume": 1287
    },
    {
      "snapshotTime": "2025:06:13-03:30:00",
      "openPrice": {
        "bid": 3432.43,
        "ask": 3432.93,
        "lastTraded": null
      },
      "closePrice": {
        "bid": 3438.08,
        "ask": 3438.38,
        "lastTraded": null
      },
      "highPrice": {
        "bid": 3439.98,
        "ask": 3440.48,
        "lastTraded": null
      },
      "lowPrice": {
        "bid": 3431.28,
        "ask": 3431.59,
        "lastTraded": null
      },
      "lastTradedVolume": 2065
    },
    {
      "snapshotTime": "2025:06:13-03:45:00",
      "openPrice": {
        "bid": 3437.98,
        "ask": 3438.28,
        "lastTraded": null
      },
      "closePrice": {
        "bid": 3441.18,
        "ask": 3441.48,
        "lastTraded": null
      },
      "highPrice": {
        "bid": 3444.08,
        "ask": 3444.53,
        "lastTraded": null
      },
      "lowPrice": {
        "bid": 3435.93,
        "ask": 3436.43,
        "lastTraded": null
      },
      "lastTradedVolume": 1928
    },
    {
      "snapshotTime": "2025:06:13-04:00:00",
      "openPrice": {
        "bid": 3441.08,
        "ask": 3441.58,
        "lastTraded": null
      },
      "closePrice": {
        "bid": 3431.43,
        "ask": 3431.93,
        "lastTraded": null
      },
      "highPrice": {
        "bid": 3444.33,
        "ask": 3444.63,
        "lastTraded": null
      },
      "lowPrice": {
        "bid": 3430.83,
        "ask": 3431.33,
        "lastTraded": null
      },
      "lastTradedVolume": 1873
    },
    {
      "snapshotTime": "2025:06:13-04:15:00",
      "openPrice": {
        "bid": 3431.53,
        "ask": 3432.03,
        "lastTraded": null
      },
      "closePrice": {
        "bid": 3430.23,
        "ask": 3430.73,
        "lastTraded": null
      },
      "highPrice": {
        "bid": 3432.36,
        "ask": 3432.75,
        "lastTraded": null
      },
      "lowPrice": {
        "bid": 3423.63,
        "ask": 3424.05,
        "lastTraded": null
      },
      "lastTradedVolume": 2078
    },
    {
      "snapshotTime": "2025:06:13-04:30:00",
      "openPrice": {
        "bid": 3430.0,
        "ask": 3430.5,
        "lastTraded": null
      },
      "closePrice": {
        "bid": 3429.93,
        "ask": 3430.43,
        "lastTraded": null
      },
      "highPrice": {
        "bid": 3430.38,
        "ask": 3430.88,
        "lastTraded": null
      },
      "lowPrice": {
        "bid": 3425.78,
        "ask": 3426.28,
        "lastTraded": null
      },
      "lastTradedVolume": 1397
    },
    {
      "snapshotTime": "2025:06:13-04:45:00",
      "openPrice": {
        "bid": 3429.88,
        "ask": 3430.38,
        "lastTraded": null
      },
      "closePrice": {
        "bid": 3425.45,
        "ask": 3425.95,
        "lastTraded": null
      },
      "highPrice": {
        "bid": 3431.7,
        "ask": 3432.03,
        "lastTraded": null
      },
      "lowPrice": {
        "bid": 3425.21,
        "ask": 3425.71,
        "lastTraded": null
      },
      "lastTradedVolume": 977
    },
    {
      "snapshotTime": "2025:06:13-05:00:00",
      "openPrice": {
        "bid": 3425.4,
        "ask": 3425.9,
        "lastTraded": null
      },
      "closePrice": {
        "bid": 3427.73,
        "ask": 3428.23,
        "lastTraded": null
      },
      "highPrice": {
        "bid": 3429.7,
        "ask": 3430.15,
        "lastTraded": null
      },
      "lowPrice": {
        "bid": 3422.93,
        "ask": 3423.23,
        "lastTraded": null
      },
      "lastTradedVolume": 1085
    },
    {
      "snapshotTime": "2025:06:13-05:15:00",
      "openPrice": {
        "bid": 3427.98,
        "ask": 3428.48,
        "lastTraded": null
      },
      "closePrice": {
        "bid": 3427.08,
        "ask": 3427.58,
        "lastTraded": null
      },
      "highPrice": {
        "bid": 3430.2,
        "ask": 3430.6,
        "lastTraded": null
      },
      "lowPrice": {
        "bid": 3426.03,
        "ask": 3426.33,
        "lastTraded": null
      },
      "lastTradedVolume": 884
    },
    {
      "snapshotTime": "2025:06:13-05:30:00",
      "openPrice": {
        "bid": 3427.13,
        "ask": 3427.43,
        "lastTraded": null
      },
      "closePrice": {
        "bid": 3428.3,
        "ask": 3428.8,
        "lastTraded": null
      },
      "highPrice": {
        "bid": 3429.43,
        "ask": 3429.93,
        "lastTraded": null
      },
      "lowPrice": {
        "bid": 3425.43,
        "ask": 3425.8,
        "lastTraded": null
      },
      "lastTradedVolume": 834
    },
    {
      "snapshotTime": "2025:06:13-05:45:00",
      "openPrice": {
        "bid": 3428.25,
        "ask": 3428.75,
        "lastTraded": null
      },
      "closePrice": {
        "bid": 3425.08,
        "ask": 3425.58,
        "lastTraded": null
      },
      "highPrice": {
        "bid": 3429.15,
        "ask": 3429.65,
        "lastTraded": null
      },
      "lowPrice": {
        "bid": 3424.58,
        "ask": 3425.08,
        "lastTraded": null
      },
      "lastTradedVolume": 632
    },
    {
      "snapshotTime": "2025:06:13-06:00:00",
      "openPrice": {
        "bid": 3425.05,
        "ask": 3425.55,
        "lastTraded": null
      },
      "closePrice": {
        "bid": 3425.13,
        "ask": 3425.43,
        "lastTraded": null
      },
      "highPrice": {
        "bid": 3428.73,
        "ask": 3429.08,
        "lastTraded": null
      },
      "lowPrice": {
        "bid": 3422.48,
        "ask": 3422.78,
        "lastTraded": null
      },
      "lastTradedVolume": 1042
    },
    {
      "snapshotTime": "2025:06:13-06:15:00",
      "openPrice": {
        "bid": 3424.88,
        "ask": 3425.38,
        "lastTraded": null
      },
      "closePrice": {
        "bid": 3419.55,
        "ask": 3420.05,
        "lastTraded": null
      },
      "highPrice": {
        "bid": 3427.83,
        "ask": 3428.28,
        "lastTraded": null
      },
      "lowPrice": {
        "bid": 3418.33,
        "ask": 3418.68,
        "lastTraded": null
      },
      "lastTradedVolume": 1151
    },
    {
      "snapshotTime": "2025:06:13-06:30:00",
      "openPrice": {
        "bid": 3419.95,
        "ask": 3420.45,
        "lastTraded": null
      },
      "closePrice": {
        "bid": 3423.4,
        "ask": 3423.9,
        "lastTraded": null
      },
      "highPrice": {
        "bid": 3424.7,
        "ask": 3425.05,
        "lastTraded": null
      },
      "lowPrice": {
        "bid": 3417.95,
        "ask": 3418.25,
        "lastTraded": null
      },
      "lastTradedVolume": 1476
    },
    {
      "snapshotTime": "2025:06:13-06:45:00",
      "openPrice": {
        "bid": 3423.55,
        "ask": 3423.85,
        "lastTraded": null
      },
      "closePrice": {
        "bid": 3426.08,
        "ask": 3426.38,
        "lastTraded": null
      },
      "highPrice": {
        "bid": 3426.55,
        "ask": 3426.85,
        "lastTraded": null
      },
      "lowPrice": {
        "bid": 3422.28,
        "ask": 3422.78,
        "lastTraded": null
      },
      "lastTradedVolume": 1181
    },
    {
      "snapshotTime": "2025:06:13-07:00:00",
      "openPrice": {
        "bid": 3426.1,
        "ask": 3426.4,
        "lastTraded": null
      },
      "closePrice": {
        "bid": 3422.13,
        "ask": 3422.43,
        "lastTraded": null
      },
      "highPrice": {
        "bid": 3427.63,
        "ask": 3427.93,
        "lastTraded": null
      },
      "lowPrice": {
        "bid": 3422.13,
        "ask": 3422.43,
        "lastTraded": null
      },
      "lastTradedVolume": 1376
    },
    {
      "snapshotTime": "2025:06:13-07:15:00",
      "openPrice": {
        "bid": 3422.18,
        "ask": 3422.48,
        "lastTraded": null
      },
      "closePrice": {
        "bid": 3425.24,
        "ask": 3425.54,
        "lastTraded": null
      },
      "highPrice": {
        "bid": 3425.35,
        "ask": 3425.65,
        "lastTraded": null
      },
      "lowPrice": {
        "bid": 3419.98,
        "ask": 3420.28,
        "lastTraded": null
      },
      "lastTradedVolume": 1309
    },
    {
      "snapshotTime": "2025:06:13-07:30:00",
      "openPrice": {
        "bid": 3425.5,
        "ask": 3425.8,
        "lastTraded": null
      },
      "closePrice": {
        "bid": 3418.83,
        "ask": 3419.33,
        "lastTraded": null
      },
      "highPrice": {
        "bid": 3428.55,
        "ask": 3428.85,
        "lastTraded": null
      },
      "lowPrice": {
        "bid": 3418.13,
        "ask": 3418.58,
        "lastTraded": null
      },
      "lastTradedVolume": 1437
    },
    {
      "snapshotTime": "2025:06:13-07:45:00",
      "openPrice": {
        "bid": 3418.53,
        "ask": 3419.03,
        "lastTraded": null
      },
      "closePrice": {
        "bid": 3416.28,
        "ask": 3416.78,
        "lastTraded": null
      },
      "highPrice": {
        "bid": 3419.1,
        "ask": 3419.55,
        "lastTraded": null
      },
      "lowPrice": {
        "bid": 3408.35,
        "ask": 3408.73,
        "lastTraded": null
      },
      "lastTradedVolume": 1997
    },
    {
      "snapshotTime": "2025:06:13-08:00:00",
      "openPrice": {
        "bid": 3416.18,
        "ask": 3416.68,
        "lastTraded": null
      },
      "closePrice": {
        "bid": 3412.9,
        "ask": 3413.4,
        "lastTraded": null
      },
      "highPrice": {
        "bid": 3417.65,
        "ask": 3417.95,
        "lastTraded": null
      },
      "lowPrice": {
        "bid": 3407.83,
        "ask": 3408.13,
        "lastTraded": null
      },
      "lastTradedVolume": 1544
    },
    {
      "snapshotTime": "2025:06:13-08:15:00",
      "openPrice": {
        "bid": 3412.7,
        "ask": 3413.2,
        "lastTraded": null
      },
      "closePrice": {
        "bid": 3416.08,
        "ask": 3416.58,
        "lastTraded": null
      },
      "highPrice": {
        "bid": 3418.0,
        "ask": 3418.37,
        "lastTraded": null
      },
      "lowPrice": {
        "bid": 3412.08,
        "ask": 3412.58,
        "lastTraded": null
      },
      "lastTradedVolume": 1328
    },
    {
      "snapshotTime": "2025:06:13-08:30:00",
      "openPrice": {
        "bid": 3416.03,
        "ask": 3416.53,
        "lastTraded": null
      },
      "closePrice": {
        "bid": 3416.18,
        "ask": 3416.68,
        "lastTraded": null
      },
      "highPrice": {
        "bid": 3418.93,
        "ask": 3419.33,
        "lastTraded": null
      },
      "lowPrice": {
        "bid": 3414.93,
        "ask": 3415.25,
        "lastTraded": null
      },
      "lastTradedVolume": 1201
    },
    {
      "snapshotTime": "2025:06:13-08:45:00",
      "openPrice": {
        "bid": 3416.13,
        "ask": 3416.63,
        "lastTraded": null
      },
      "closePrice": {
        "bid": 3415.58,
        "ask": 3415.88,
        "lastTraded": null
      },
      "highPrice": {
        "bid": 3418.49,
        "ask": 3418.98,
        "lastTraded": null
      },
      "lowPrice": {
        "bid": 3413.97,
        "ask": 3414.43,
        "lastTraded": null
      },
      "lastTradedVolume": 1046
    }
  ],
  "instrumentType": "CURRENCIES",
  "allowance": {
    "remainingAllowance": 9376,
    "totalAllowance": 10000,
    "allowanceExpiry": 448056
  }
}
[2025-06-13 08:59:38,697] INFO: Processing price data for GC
[2025-06-13 08:59:38,697] INFO: Processed 52 price points for GC
[2025-06-13 08:59:38,701] DEBUG: Strategy datapoints: <equitiestradingbot.interfaces.market_history.MarketHistory object at 0x109e1b0e0>
[2025-06-13 08:59:38,708] INFO: MACD Calculation Details:
[2025-06-13 08:59:38,708] INFO:   Fast EMA (12): 3419.12872
[2025-06-13 08:59:38,709] INFO:   Slow EMA (26): 3418.76050
[2025-06-13 08:59:38,709] INFO:   MACD Line: 0.36822
[2025-06-13 08:59:38,709] INFO:   Signal Line: 2.68373
[2025-06-13 08:59:38,709] INFO:   Histogram: -2.31552
[2025-06-13 08:59:38,709] INFO:   Previous MACD: 0.75900
[2025-06-13 08:59:38,709] INFO:   Previous Signal: 3.26261
[2025-06-13 08:59:38,709] INFO:   MACD Cross Status: No Cross
[2025-06-13 08:59:38,709] INFO:   MACD Zero Line Status: Above Zero
[2025-06-13 08:59:38,722] INFO: Trade Analysis for CS.D.USCGC.TODAY.IP:
[2025-06-13 08:59:38,722] INFO: Latest Price: 3415.58000
[2025-06-13 08:59:38,722] INFO: 50 EMA: 3412.37476
[2025-06-13 08:59:38,723] INFO: 200 EMA: 3395.10966
[2025-06-13 08:59:38,723] INFO: MACD: 0.36822 (Signal: 2.68373)
[2025-06-13 08:59:38,723] INFO: RSI: 35.58
[2025-06-13 08:59:38,723] INFO: ADX: 55.82
[2025-06-13 08:59:38,723] INFO: Volume: 1046 (MA: 1315)
[2025-06-13 08:59:38,723] INFO: Checking for LONG signal...
[2025-06-13 08:59:38,723] INFO:   - EMA trend structure met
[2025-06-13 08:59:38,723] INFO:   - MACD conditions not met (required: above signal line and above zero)
[2025-06-13 08:59:38,723] INFO: Checking for SHORT signal...
[2025-06-13 08:59:38,723] INFO:   - EMA trend structure not met
[2025-06-13 08:59:38,723] INFO: No trade signal generated. Conditions not met:
[2025-06-13 08:59:38,723] INFO:   - EMA trend structure not met (required for short)
[2025-06-13 08:59:38,723] INFO:   - MACD conditions not met (required for long)
[2025-06-13 08:59:38,723] INFO:   - MACD conditions not met (required for short)
[2025-06-13 08:59:41,754] DEBUG: Starting new HTTPS connection (1): demo-api.ig.com:443
[2025-06-13 08:59:41,835] DEBUG: https://demo-api.ig.com:443 "GET /gateway/deal/markets/ HTTP/1.1" 500 77
[2025-06-13 08:59:41,837] ERROR: HTTP request returned 500
[2025-06-13 08:59:41,837] INFO: Finished processing all markets in the source
[2025-06-13 08:59:41,837] INFO: Resetting MarketProvider
[2025-06-13 08:59:41,839] INFO: Wait for 0.50 hours...
[2025-06-13 09:29:41,910] DEBUG: Starting new HTTPS connection (1): demo-api.ig.com:443
[2025-06-13 09:29:42,062] DEBUG: https://demo-api.ig.com:443 "GET /gateway/deal/positions HTTP/1.1" 200 16
[2025-06-13 09:29:42,067] DEBUG: Raw positions response: {
  "positions": []
}
[2025-06-13 09:29:42,067] INFO: Starting to process market source
[2025-06-13 09:29:45,134] DEBUG: Starting new HTTPS connection (1): demo-api.ig.com:443
[2025-06-13 09:29:45,216] DEBUG: https://demo-api.ig.com:443 "GET /gateway/deal/positions HTTP/1.1" 200 16
[2025-06-13 09:29:45,219] DEBUG: Raw positions response: {
  "positions": []
}
[2025-06-13 09:29:48,254] DEBUG: Starting new HTTPS connection (1): demo-api.ig.com:443
[2025-06-13 09:29:48,355] DEBUG: https://demo-api.ig.com:443 "GET /gateway/deal/markets/CS.D.USCGC.TODAY.IP HTTP/1.1" 200 2026
[2025-06-13 09:29:51,407] DEBUG: Starting new HTTPS connection (1): demo-api.ig.com:443
[2025-06-13 09:29:51,510] DEBUG: https://demo-api.ig.com:443 "GET /gateway/deal/accounts HTTP/1.1" 200 552
[2025-06-13 09:29:51,582] INFO: Processing GC
[2025-06-13 09:29:51,583] CRITICAL: CRITICAL: get_prices method called
[2025-06-13 09:29:51,583] INFO: Fetching price data from URL: https://demo-api.ig.com/gateway/deal/prices/CS.D.USCGC.TODAY.IP/MINUTE_15/52
[2025-06-13 09:29:54,627] DEBUG: Starting new HTTPS connection (1): demo-api.ig.com:443
[2025-06-13 09:29:54,718] DEBUG: https://demo-api.ig.com:443 "GET /gateway/deal/prices/CS.D.USCGC.TODAY.IP/MINUTE_15/52 HTTP/1.1" 200 15865
[2025-06-13 09:29:54,721] DEBUG: Raw price data received (not logged to avoid repetition)
[2025-06-13 09:29:54,721] INFO: Processing price data for GC
[2025-06-13 09:29:54,722] INFO: Processed 52 price points for GC
[2025-06-13 09:29:54,726] DEBUG: Strategy datapoints: <equitiestradingbot.interfaces.market_history.MarketHistory object at 0x109dc5d10>
[2025-06-13 09:29:54,734] INFO: MACD Calculation Details:
[2025-06-13 09:29:54,735] INFO:   Fast EMA (12): 3420.16714
[2025-06-13 09:29:54,735] INFO:   Slow EMA (26): 3419.31845
[2025-06-13 09:29:54,736] INFO:   MACD Line: 0.84869
[2025-06-13 09:29:54,736] INFO:   Signal Line: 1.97776
[2025-06-13 09:29:54,736] INFO:   Histogram: -1.12907
[2025-06-13 09:29:54,736] INFO:   Previous MACD: 0.56909
[2025-06-13 09:29:54,736] INFO:   Previous Signal: 2.26002
[2025-06-13 09:29:54,736] INFO:   MACD Cross Status: No Cross
[2025-06-13 09:29:54,736] INFO:   MACD Zero Line Status: Above Zero
[2025-06-13 09:29:54,749] INFO: Trade Analysis for CS.D.USCGC.TODAY.IP:
[2025-06-13 09:29:54,749] INFO: Latest Price: 3423.58000
[2025-06-13 09:29:54,749] INFO: 50 EMA: 3413.11770
[2025-06-13 09:29:54,749] INFO: 200 EMA: 3395.39513
[2025-06-13 09:29:54,749] INFO: MACD: 0.84869 (Signal: 1.97776)
[2025-06-13 09:29:54,749] INFO: RSI: 48.33
[2025-06-13 09:29:54,750] INFO: ADX: 64.54
[2025-06-13 09:29:54,750] INFO: Volume: 1196 (MA: 1283)
[2025-06-13 09:29:54,750] INFO: Checking for LONG signal...
[2025-06-13 09:29:54,750] INFO:   - EMA trend structure met
[2025-06-13 09:29:54,750] INFO:   - MACD conditions not met (required: above signal line and above zero)
[2025-06-13 09:29:54,750] INFO: Checking for SHORT signal...
[2025-06-13 09:29:54,750] INFO:   - EMA trend structure not met
[2025-06-13 09:29:54,750] INFO: No trade signal generated. Conditions not met:
[2025-06-13 09:29:54,750] INFO:   - EMA trend structure not met (required for short)
[2025-06-13 09:29:54,750] INFO:   - MACD conditions not met (required for long)
[2025-06-13 09:29:54,750] INFO:   - MACD conditions not met (required for short)
[2025-06-13 09:29:57,786] DEBUG: Starting new HTTPS connection (1): demo-api.ig.com:443
[2025-06-13 09:29:57,867] DEBUG: https://demo-api.ig.com:443 "GET /gateway/deal/markets/ HTTP/1.1" 500 77
[2025-06-13 09:29:57,869] ERROR: HTTP request returned 500
[2025-06-13 09:29:57,869] INFO: Finished processing all markets in the source
[2025-06-13 09:29:57,869] INFO: Resetting MarketProvider
[2025-06-13 09:29:57,871] INFO: Wait for 0.50 hours...
[2025-06-13 09:59:57,944] DEBUG: Starting new HTTPS connection (1): demo-api.ig.com:443
[2025-06-13 09:59:58,090] DEBUG: https://demo-api.ig.com:443 "GET /gateway/deal/positions HTTP/1.1" 200 16
[2025-06-13 09:59:58,093] DEBUG: Raw positions response: {
  "positions": []
}
[2025-06-13 09:59:58,093] INFO: Starting to process market source
[2025-06-13 10:00:01,147] DEBUG: Starting new HTTPS connection (1): demo-api.ig.com:443
[2025-06-13 10:00:01,288] DEBUG: https://demo-api.ig.com:443 "GET /gateway/deal/positions HTTP/1.1" 200 16
[2025-06-13 10:00:01,292] DEBUG: Raw positions response: {
  "positions": []
}
[2025-06-13 10:00:04,353] DEBUG: Starting new HTTPS connection (1): demo-api.ig.com:443
[2025-06-13 10:00:04,440] DEBUG: https://demo-api.ig.com:443 "GET /gateway/deal/markets/CS.D.USCGC.TODAY.IP HTTP/1.1" 200 2027
[2025-06-13 10:00:07,488] DEBUG: Starting new HTTPS connection (1): demo-api.ig.com:443
[2025-06-13 10:00:07,598] DEBUG: https://demo-api.ig.com:443 "GET /gateway/deal/accounts HTTP/1.1" 200 552
[2025-06-13 10:00:07,685] INFO: Processing GC
[2025-06-13 10:00:07,685] CRITICAL: CRITICAL: get_prices method called
[2025-06-13 10:00:07,685] INFO: Fetching price data from URL: https://demo-api.ig.com/gateway/deal/prices/CS.D.USCGC.TODAY.IP/MINUTE_15/52
[2025-06-13 10:00:10,744] DEBUG: Starting new HTTPS connection (1): demo-api.ig.com:443
[2025-06-13 10:00:10,836] DEBUG: https://demo-api.ig.com:443 "GET /gateway/deal/prices/CS.D.USCGC.TODAY.IP/MINUTE_15/52 HTTP/1.1" 200 15864
[2025-06-13 10:00:10,840] DEBUG: Raw price data received (not logged to avoid repetition)
[2025-06-13 10:00:10,841] INFO: Processing price data for GC
[2025-06-13 10:00:10,841] INFO: Processed 52 price points for GC
[2025-06-13 10:00:10,846] DEBUG: Strategy datapoints: <equitiestradingbot.interfaces.market_history.MarketHistory object at 0x109dc5810>
[2025-06-13 10:00:10,855] INFO: MACD Calculation Details:
[2025-06-13 10:00:10,856] INFO:   Fast EMA (12): 3421.76326
[2025-06-13 10:00:10,856] INFO:   Slow EMA (26): 3420.37496
[2025-06-13 10:00:10,856] INFO:   MACD Line: 1.38830
[2025-06-13 10:00:10,856] INFO:   Signal Line: 1.56874
[2025-06-13 10:00:10,856] INFO:   Histogram: -0.18043
[2025-06-13 10:00:10,856] INFO:   Previous MACD: 1.22581
[2025-06-13 10:00:10,856] INFO:   Previous Signal: 1.61384
[2025-06-13 10:00:10,856] INFO:   MACD Cross Status: No Cross
[2025-06-13 10:00:10,856] INFO:   MACD Zero Line Status: Above Zero
[2025-06-13 10:00:10,868] INFO: Trade Analysis for CS.D.USCGC.TODAY.IP:
[2025-06-13 10:00:10,868] INFO: Latest Price: 3424.45000
[2025-06-13 10:00:10,868] INFO: 50 EMA: 3414.73927
[2025-06-13 10:00:10,868] INFO: 200 EMA: 3398.08964
[2025-06-13 10:00:10,868] INFO: MACD: 1.38830 (Signal: 1.56874)
[2025-06-13 10:00:10,868] INFO: RSI: 51.45
[2025-06-13 10:00:10,868] INFO: ADX: 78.83
[2025-06-13 10:00:10,868] INFO: Volume: 5 (MA: 982)
[2025-06-13 10:00:10,868] INFO: Checking for LONG signal...
[2025-06-13 10:00:10,868] INFO:   - EMA trend structure met
[2025-06-13 10:00:10,868] INFO:   - MACD conditions not met (required: above signal line and above zero)
[2025-06-13 10:00:10,868] INFO: Checking for SHORT signal...
[2025-06-13 10:00:10,868] INFO:   - EMA trend structure not met
[2025-06-13 10:00:10,868] INFO: No trade signal generated. Conditions not met:
[2025-06-13 10:00:10,868] INFO:   - EMA trend structure not met (required for short)
[2025-06-13 10:00:10,868] INFO:   - MACD conditions not met (required for long)
[2025-06-13 10:00:10,868] INFO:   - MACD conditions not met (required for short)
[2025-06-13 10:00:13,928] DEBUG: Starting new HTTPS connection (1): demo-api.ig.com:443
[2025-06-13 10:00:14,000] DEBUG: https://demo-api.ig.com:443 "GET /gateway/deal/markets/ HTTP/1.1" 500 77
[2025-06-13 10:00:14,001] ERROR: HTTP request returned 500
[2025-06-13 10:00:14,001] INFO: Finished processing all markets in the source
[2025-06-13 10:00:14,001] INFO: Resetting MarketProvider
[2025-06-13 10:00:14,003] INFO: Wait for 0.50 hours...
[2025-06-13 10:34:49,128] DEBUG: Starting new HTTPS connection (1): demo-api.ig.com:443
[2025-06-13 10:34:49,271] DEBUG: https://demo-api.ig.com:443 "GET /gateway/deal/positions HTTP/1.1" 200 16
[2025-06-13 10:34:49,274] DEBUG: Raw positions response: {
  "positions": []
}
[2025-06-13 10:34:49,274] INFO: Starting to process market source
[2025-06-13 10:34:52,317] DEBUG: Starting new HTTPS connection (1): demo-api.ig.com:443
[2025-06-13 10:34:52,421] DEBUG: https://demo-api.ig.com:443 "GET /gateway/deal/positions HTTP/1.1" 200 16
[2025-06-13 10:34:52,422] DEBUG: Raw positions response: {
  "positions": []
}
[2025-06-13 10:34:55,459] DEBUG: Starting new HTTPS connection (1): demo-api.ig.com:443
[2025-06-13 10:34:55,575] DEBUG: https://demo-api.ig.com:443 "GET /gateway/deal/markets/CS.D.USCGC.TODAY.IP HTTP/1.1" 200 2024
[2025-06-13 10:34:58,600] DEBUG: Starting new HTTPS connection (1): demo-api.ig.com:443
[2025-06-13 10:34:58,729] DEBUG: https://demo-api.ig.com:443 "GET /gateway/deal/accounts HTTP/1.1" 200 552
[2025-06-13 10:34:58,815] INFO: Processing GC
[2025-06-13 10:34:58,816] CRITICAL: CRITICAL: get_prices method called
[2025-06-13 10:34:58,816] INFO: Fetching price data from URL: https://demo-api.ig.com/gateway/deal/prices/CS.D.USCGC.TODAY.IP/MINUTE_15/52
[2025-06-13 10:35:01,854] DEBUG: Starting new HTTPS connection (1): demo-api.ig.com:443
[2025-06-13 10:35:01,950] DEBUG: https://demo-api.ig.com:443 "GET /gateway/deal/prices/CS.D.USCGC.TODAY.IP/MINUTE_15/52 HTTP/1.1" 200 15868
[2025-06-13 10:35:01,957] DEBUG: Raw price data received (not logged to avoid repetition)
[2025-06-13 10:35:01,958] INFO: Processing price data for GC
[2025-06-13 10:35:01,958] INFO: Processed 52 price points for GC
[2025-06-13 10:35:01,966] DEBUG: Strategy datapoints: <equitiestradingbot.interfaces.market_history.MarketHistory object at 0x100d7fce0>
[2025-06-13 10:35:01,976] INFO: MACD Calculation Details:
[2025-06-13 10:35:01,976] INFO:   Fast EMA (12): 3421.98089
[2025-06-13 10:35:01,976] INFO:   Slow EMA (26): 3420.70604
[2025-06-13 10:35:01,976] INFO:   MACD Line: 1.27485
[2025-06-13 10:35:01,976] INFO:   Signal Line: 1.44773
[2025-06-13 10:35:01,976] INFO:   Histogram: -0.17288
[2025-06-13 10:35:01,976] INFO:   Previous MACD: 1.31075
[2025-06-13 10:35:01,976] INFO:   Previous Signal: 1.49095
[2025-06-13 10:35:01,976] INFO:   MACD Cross Status: No Cross
[2025-06-13 10:35:01,976] INFO:   MACD Zero Line Status: Above Zero
[2025-06-13 10:35:01,986] INFO: Trade Analysis for CS.D.USCGC.TODAY.IP:
[2025-06-13 10:35:01,986] INFO: Latest Price: 3422.63000
[2025-06-13 10:35:01,986] INFO: 50 EMA: 3415.50002
[2025-06-13 10:35:01,986] INFO: 200 EMA: 3399.36272
[2025-06-13 10:35:01,986] INFO: MACD: 1.27485 (Signal: 1.44773)
[2025-06-13 10:35:01,986] INFO: RSI: 50.75
[2025-06-13 10:35:01,986] INFO: ADX: 59.89
[2025-06-13 10:35:01,986] INFO: Volume: 463 (MA: 1071)
[2025-06-13 10:35:01,986] INFO: Checking for LONG signal...
[2025-06-13 10:35:01,986] INFO:   - EMA trend structure met
[2025-06-13 10:35:01,986] INFO:   - MACD conditions not met (required: above signal line and above zero)
[2025-06-13 10:35:01,986] INFO: Checking for SHORT signal...
[2025-06-13 10:35:01,987] INFO:   - EMA trend structure not met
[2025-06-13 10:35:01,987] INFO: No trade signal generated. Conditions not met:
[2025-06-13 10:35:01,987] INFO:   - EMA trend structure not met (required for short)
[2025-06-13 10:35:01,987] INFO:   - MACD conditions not met (required for long)
[2025-06-13 10:35:01,987] INFO:   - MACD conditions not met (required for short)
[2025-06-13 10:35:05,022] DEBUG: Starting new HTTPS connection (1): demo-api.ig.com:443
[2025-06-13 10:35:05,098] DEBUG: https://demo-api.ig.com:443 "GET /gateway/deal/markets/ HTTP/1.1" 500 77
[2025-06-13 10:35:05,099] ERROR: HTTP request returned 500
[2025-06-13 10:35:05,099] INFO: Finished processing all markets in the source
[2025-06-13 10:35:05,099] INFO: Resetting MarketProvider
[2025-06-13 10:35:05,101] INFO: Wait for 0.50 hours...
[2025-06-13 11:05:05,210] DEBUG: Starting new HTTPS connection (1): demo-api.ig.com:443
[2025-06-13 11:05:05,350] DEBUG: https://demo-api.ig.com:443 "GET /gateway/deal/positions HTTP/1.1" 200 16
[2025-06-13 11:05:05,355] DEBUG: Raw positions response: {
  "positions": []
}
[2025-06-13 11:05:05,355] INFO: Starting to process market source
[2025-06-13 11:05:08,439] DEBUG: Starting new HTTPS connection (1): demo-api.ig.com:443
[2025-06-13 11:05:08,566] DEBUG: https://demo-api.ig.com:443 "GET /gateway/deal/positions HTTP/1.1" 200 16
[2025-06-13 11:05:08,570] DEBUG: Raw positions response: {
  "positions": []
}
[2025-06-13 11:05:11,607] DEBUG: Starting new HTTPS connection (1): demo-api.ig.com:443
[2025-06-13 11:05:11,748] DEBUG: https://demo-api.ig.com:443 "GET /gateway/deal/markets/CS.D.USCGC.TODAY.IP HTTP/1.1" 200 2025
[2025-06-13 11:05:14,796] DEBUG: Starting new HTTPS connection (1): demo-api.ig.com:443
[2025-06-13 11:05:14,912] DEBUG: https://demo-api.ig.com:443 "GET /gateway/deal/accounts HTTP/1.1" 200 552
[2025-06-13 11:05:15,032] INFO: Processing GC
[2025-06-13 11:05:15,033] CRITICAL: CRITICAL: get_prices method called
[2025-06-13 11:05:15,033] INFO: Fetching price data from URL: https://demo-api.ig.com/gateway/deal/prices/CS.D.USCGC.TODAY.IP/MINUTE_15/52
[2025-06-13 11:05:18,082] DEBUG: Starting new HTTPS connection (1): demo-api.ig.com:443
[2025-06-13 11:05:18,224] DEBUG: https://demo-api.ig.com:443 "GET /gateway/deal/prices/CS.D.USCGC.TODAY.IP/MINUTE_15/52 HTTP/1.1" 200 15870
[2025-06-13 11:05:18,229] DEBUG: Raw price data received (not logged to avoid repetition)
[2025-06-13 11:05:18,229] INFO: Processing price data for GC
[2025-06-13 11:05:18,229] INFO: Processed 52 price points for GC
[2025-06-13 11:05:18,249] DEBUG: Strategy datapoints: <equitiestradingbot.interfaces.market_history.MarketHistory object at 0x100d7fce0>
[2025-06-13 11:05:18,259] INFO: MACD Calculation Details:
[2025-06-13 11:05:18,259] INFO:   Fast EMA (12): 3422.98314
[2025-06-13 11:05:18,259] INFO:   Slow EMA (26): 3421.35530
[2025-06-13 11:05:18,259] INFO:   MACD Line: 1.62784
[2025-06-13 11:05:18,259] INFO:   Signal Line: 1.52101
[2025-06-13 11:05:18,259] INFO:   Histogram: 0.10683
[2025-06-13 11:05:18,259] INFO:   Previous MACD: 1.42748
[2025-06-13 11:05:18,259] INFO:   Previous Signal: 1.49431
[2025-06-13 11:05:18,259] INFO:   MACD Cross Status: Crossed Up
[2025-06-13 11:05:18,259] INFO:   MACD Zero Line Status: Above Zero
[2025-06-13 11:05:18,270] INFO: Trade Analysis for CS.D.USCGC.TODAY.IP:
[2025-06-13 11:05:18,270] INFO: Latest Price: 3426.23000
[2025-06-13 11:05:18,270] INFO: 50 EMA: 3416.04106
[2025-06-13 11:05:18,270] INFO: 200 EMA: 3398.81176
[2025-06-13 11:05:18,270] INFO: MACD: 1.62784 (Signal: 1.52101)
[2025-06-13 11:05:18,270] INFO: RSI: 63.57
[2025-06-13 11:05:18,270] INFO: ADX: 34.85
[2025-06-13 11:05:18,270] INFO: Volume: 462 (MA: 1056)
[2025-06-13 11:05:18,270] INFO: Checking for LONG signal...
[2025-06-13 11:05:18,271] INFO:   - EMA trend structure met
[2025-06-13 11:05:18,271] INFO:   - MACD conditions met (above signal line and above zero)
[2025-06-13 11:05:18,271] INFO:   - RSI condition met
[2025-06-13 11:05:18,271] INFO:   - ADX condition met (above 20)
[2025-06-13 11:05:18,271] INFO:   - Squeeze momentum condition met
[2025-06-13 11:05:18,271] INFO:   - Additional conditions met: 3/3
[2025-06-13 11:05:18,275] INFO: Preparing to send Telegram message of length 222 characters
[2025-06-13 11:05:18,275] DEBUG: Message content: 🚨 <b>Trade Signal Alert</b> 🚨

Market: <b>CS.D.USCGC.TODAY.IP</b>
Direction: <b>LONG</b>
Entry Price: <b>3426.23000</b>
Take Profit: <b>3448.11929</b>
Stop Loss: <b>3417.47429</b>

Confidence Score:
<b>66.0/100 (High)</b>

[2025-06-13 11:05:18,277] DEBUG: Starting new HTTPS connection (1): api.telegram.org:443
[2025-06-13 11:05:18,539] DEBUG: https://api.telegram.org:443 "POST /bot7806024626:AAEiTW341jUnxa6sEyZDFU8UXcqTIw4eJhU/sendMessage HTTP/1.1" 200 719
[2025-06-13 11:05:18,547] INFO: Recorded new signal for CS.D.USCGC.TODAY.IP
[2025-06-13 11:05:18,548] INFO: Attempting to place trade with data: {
  "direction": "BUY",
  "epic": "CS.D.USCGC.TODAY.IP",
  "limitLevel": 3448.1192857142855,
  "orderType": "MARKET",
  "size": 10,
  "stopLevel": 3417.4742857142855,
  "forceOpen": true,
  "expiry": "DFB",
  "guaranteedStop": false,
  "currencyCode": "GBP"
}
[2025-06-13 11:05:18,550] DEBUG: Starting new HTTPS connection (1): demo-api.ig.com:443
[2025-06-13 11:05:18,641] DEBUG: https://demo-api.ig.com:443 "POST /gateway/deal/positions/otc HTTP/1.1" 200 35
[2025-06-13 11:05:21,194] DEBUG: Starting new HTTPS connection (1): demo-api.ig.com:443
[2025-06-13 11:05:21,373] DEBUG: https://demo-api.ig.com:443 "GET /gateway/deal/confirms/7PHRLND8C58TYN7 HTTP/1.1" 200 474
[2025-06-13 11:05:21,375] INFO: Order confirmation response: {
  "date": "2025-06-13T10:05:18.68",
  "status": "OPEN",
  "reason": "SUCCESS",
  "dealStatus": "ACCEPTED",
  "epic": "CS.D.USCGC.TODAY.IP",
  "expiry": "DFB",
  "dealReference": "7PHRLND8C58TYN7",
  "dealId": "DIAAAAT4FZZ58A7",
  "affectedDeals": [
    {
      "dealId": "DIAAAAT4FZZ58A7",
      "status": "OPENED"
    }
  ],
  "level": 3426.73,
  "size": 10.0,
  "direction": "BUY",
  "stopLevel": 3417.4744,
  "limitLevel": 3448.1194,
  "stopDistance": null,
  "limitDistance": null,
  "guaranteedStop": false,
  "trailingStop": false,
  "profit": null,
  "profitCurrency": null
}
[2025-06-13 11:05:21,376] INFO: Order BUY for CS.D.USCGC.TODAY.IP confirmed with limit=3448.1192857142855 and stop=3417.4742857142855
[2025-06-13 11:05:24,418] DEBUG: Starting new HTTPS connection (1): demo-api.ig.com:443
[2025-06-13 11:05:24,529] DEBUG: https://demo-api.ig.com:443 "GET /gateway/deal/markets/ HTTP/1.1" 500 77
[2025-06-13 11:05:24,531] ERROR: HTTP request returned 500
[2025-06-13 11:05:24,531] INFO: Finished processing all markets in the source
[2025-06-13 11:05:24,531] INFO: Resetting MarketProvider
[2025-06-13 11:05:24,534] INFO: Wait for 0.50 hours...
[2025-06-13 11:35:24,582] DEBUG: Starting new HTTPS connection (1): demo-api.ig.com:443
[2025-06-13 11:35:24,736] DEBUG: https://demo-api.ig.com:443 "GET /gateway/deal/positions HTTP/1.1" 200 16
[2025-06-13 11:35:24,739] DEBUG: Raw positions response: {
  "positions": []
}
[2025-06-13 11:35:24,739] INFO: Starting to process market source
[2025-06-13 11:35:27,779] DEBUG: Starting new HTTPS connection (1): demo-api.ig.com:443
[2025-06-13 11:35:27,868] DEBUG: https://demo-api.ig.com:443 "GET /gateway/deal/positions HTTP/1.1" 200 16
[2025-06-13 11:35:27,873] DEBUG: Raw positions response: {
  "positions": []
}
[2025-06-13 11:35:30,899] DEBUG: Starting new HTTPS connection (1): demo-api.ig.com:443
[2025-06-13 11:35:31,008] DEBUG: https://demo-api.ig.com:443 "GET /gateway/deal/markets/CS.D.USCGC.TODAY.IP HTTP/1.1" 200 2028
[2025-06-13 11:35:34,037] DEBUG: Starting new HTTPS connection (1): demo-api.ig.com:443
[2025-06-13 11:35:34,159] DEBUG: https://demo-api.ig.com:443 "GET /gateway/deal/accounts HTTP/1.1" 200 552
[2025-06-13 11:35:34,246] INFO: Processing GC
[2025-06-13 11:35:34,247] CRITICAL: CRITICAL: get_prices method called
[2025-06-13 11:35:34,247] INFO: Fetching price data from URL: https://demo-api.ig.com/gateway/deal/prices/CS.D.USCGC.TODAY.IP/MINUTE_15/52
[2025-06-13 11:35:37,272] DEBUG: Starting new HTTPS connection (1): demo-api.ig.com:443
[2025-06-13 11:35:37,369] DEBUG: https://demo-api.ig.com:443 "GET /gateway/deal/prices/CS.D.USCGC.TODAY.IP/MINUTE_15/52 HTTP/1.1" 200 15872
[2025-06-13 11:35:37,372] DEBUG: Raw price data received (not logged to avoid repetition)
[2025-06-13 11:35:37,373] INFO: Processing price data for GC
[2025-06-13 11:35:37,373] INFO: Processed 52 price points for GC
[2025-06-13 11:35:37,377] DEBUG: Strategy datapoints: <equitiestradingbot.interfaces.market_history.MarketHistory object at 0x109e8ca70>
[2025-06-13 11:35:37,387] INFO: MACD Calculation Details:
[2025-06-13 11:35:37,387] INFO:   Fast EMA (12): 3421.20983
[2025-06-13 11:35:37,388] INFO:   Slow EMA (26): 3420.64778
[2025-06-13 11:35:37,388] INFO:   MACD Line: 0.56205
[2025-06-13 11:35:37,388] INFO:   Signal Line: 1.20570
[2025-06-13 11:35:37,388] INFO:   Histogram: -0.64365
[2025-06-13 11:35:37,388] INFO:   Previous MACD: 1.05602
[2025-06-13 11:35:37,388] INFO:   Previous Signal: 1.36661
[2025-06-13 11:35:37,388] INFO:   MACD Cross Status: No Cross
[2025-06-13 11:35:37,388] INFO:   MACD Zero Line Status: Above Zero
[2025-06-13 11:35:37,402] INFO: Trade Analysis for CS.D.USCGC.TODAY.IP:
[2025-06-13 11:35:37,402] INFO: Latest Price: 3416.80000
[2025-06-13 11:35:37,402] INFO: 50 EMA: 3415.96883
[2025-06-13 11:35:37,402] INFO: 200 EMA: 3398.68389
[2025-06-13 11:35:37,402] INFO: MACD: 0.56205 (Signal: 1.20570)
[2025-06-13 11:35:37,402] INFO: RSI: 56.29
[2025-06-13 11:35:37,402] INFO: ADX: 28.87
[2025-06-13 11:35:37,402] INFO: Volume: 537 (MA: 1133)
[2025-06-13 11:35:37,402] INFO: Checking for LONG signal...
[2025-06-13 11:35:37,402] INFO:   - EMA trend structure met
[2025-06-13 11:35:37,402] INFO:   - MACD conditions not met (required: above signal line and above zero)
[2025-06-13 11:35:37,402] INFO: Checking for SHORT signal...
[2025-06-13 11:35:37,403] INFO:   - EMA trend structure not met
[2025-06-13 11:35:37,403] INFO: No trade signal generated. Conditions not met:
[2025-06-13 11:35:37,403] INFO:   - EMA trend structure not met (required for short)
[2025-06-13 11:35:37,403] INFO:   - MACD conditions not met (required for long)
[2025-06-13 11:35:37,403] INFO:   - MACD conditions not met (required for short)
[2025-06-13 11:35:40,430] DEBUG: Starting new HTTPS connection (1): demo-api.ig.com:443
[2025-06-13 11:35:40,507] DEBUG: https://demo-api.ig.com:443 "GET /gateway/deal/markets/ HTTP/1.1" 500 77
[2025-06-13 11:35:40,510] ERROR: HTTP request returned 500
[2025-06-13 11:35:40,510] INFO: Finished processing all markets in the source
[2025-06-13 11:35:40,511] INFO: Resetting MarketProvider
[2025-06-13 11:35:40,512] INFO: Wait for 0.50 hours...
