[2025-07-06 23:27:39,983] INFO: Initialising IGInterface...
[2025-07-06 23:27:39,983] INFO: Attempting authentication to URL: https://demo-api.ig.com/gateway/deal/session
[2025-07-06 23:27:39,983] INFO: Using API Key: 43c58bfd6f5ead3ac4d803d18f883db5857c9631
[2025-07-06 23:27:39,983] INFO: Using Account ID: Z5YISO
[2025-07-06 23:27:39,991] DEBUG: Starting new HTTPS connection (1): demo-api.ig.com:443
[2025-07-06 23:27:40,160] DEBUG: https://demo-api.ig.com:443 "POST /gateway/deal/session HTTP/1.1" 200 619
[2025-07-06 23:27:40,160] INFO: Successfully obtained authentication tokens
[2025-07-06 23:27:40,161] DEBUG: Starting new HTTPS connection (1): demo-api.ig.com:443
[2025-07-06 23:27:40,251] DEBUG: https://demo-api.ig.com:443 "PUT /gateway/deal/session HTTP/1.1" 412 56
[2025-07-06 23:27:40,252] INFO: Account is already set as default
[2025-07-06 23:27:40,253] INFO: Using stock interface: IGInterface
[2025-07-06 23:27:40,253] INFO: Intraday Gold Strategy configuration loaded successfully
[2025-07-06 23:27:40,253] INFO: Intraday Gold Strategy initialised
[2025-07-06 23:27:40,254] INFO: Intraday Gold Strategy configuration loaded successfully
[2025-07-06 23:27:40,254] INFO: Performing a single iteration of the market source
[2025-07-06 23:27:43,270] DEBUG: Starting new HTTPS connection (1): demo-api.ig.com:443
[2025-07-06 23:27:43,353] DEBUG: https://demo-api.ig.com:443 "GET /gateway/deal/positions HTTP/1.1" 200 16
[2025-07-06 23:27:43,353] DEBUG: Raw positions response: {
  "positions": []
}
[2025-07-06 23:27:43,354] INFO: Starting to process market source
[2025-07-06 23:27:46,382] DEBUG: Starting new HTTPS connection (1): demo-api.ig.com:443
[2025-07-06 23:27:46,459] DEBUG: https://demo-api.ig.com:443 "GET /gateway/deal/positions HTTP/1.1" 200 16
[2025-07-06 23:27:46,461] DEBUG: Raw positions response: {
  "positions": []
}
[2025-07-06 23:27:49,490] DEBUG: Starting new HTTPS connection (1): demo-api.ig.com:443
[2025-07-06 23:27:49,581] DEBUG: https://demo-api.ig.com:443 "GET /gateway/deal/markets/CS.D.USCGC.TODAY.IP HTTP/1.1" 200 2030
[2025-07-06 23:27:52,613] DEBUG: Starting new HTTPS connection (1): demo-api.ig.com:443
[2025-07-06 23:27:52,783] DEBUG: https://demo-api.ig.com:443 "GET /gateway/deal/accounts HTTP/1.1" 200 552
[2025-07-06 23:27:52,788] INFO: Processing GC
[2025-07-06 23:27:52,789] CRITICAL: CRITICAL: get_prices method called
[2025-07-06 23:27:52,789] INFO: Fetching price data from URL: https://demo-api.ig.com/gateway/deal/prices/CS.D.USCGC.TODAY.IP/MINUTE_5/100
[2025-07-06 23:27:55,812] DEBUG: Starting new HTTPS connection (1): demo-api.ig.com:443
[2025-07-06 23:27:55,908] DEBUG: https://demo-api.ig.com:443 "GET /gateway/deal/prices/CS.D.USCGC.TODAY.IP/MINUTE_5/100 HTTP/1.1" 200 30325
[2025-07-06 23:27:55,922] DEBUG: Raw price data: {
  "prices": [
    {
      "snapshotTime": "2025:07:04-10:10:00",
      "openPrice": {
        "bid": 3340.07,
        "ask": 3340.57,
        "lastTraded": null
      },
      "closePrice": {
        "bid": 3339.72,
        "ask": 3340.22,
        "lastTraded": null
      },
      "highPrice": {
        "bid": 3340.63,
        "ask": 3341.13,
        "lastTraded": null
      },
      "lowPrice": {
        "bid": 3339.26,
        "ask": 3339.76,
        "lastTraded": null
      },
      "lastTradedVolume": 149
    },
    {
      "snapshotTime": "2025:07:04-10:15:00",
      "openPrice": {
        "bid": 3339.66,
        "ask": 3340.16,
        "lastTraded": null
      },
      "closePrice": {
        "bid": 3341.59,
        "ask": 3342.09,
        "lastTraded": null
      },
      "highPrice": {
        "bid": 3341.81,
        "ask": 3342.31,
        "lastTraded": null
      },
      "lowPrice": {
        "bid": 3339.66,
        "ask": 3340.16,
        "lastTraded": null
      },
      "lastTradedVolume": 209
    },
    {
      "snapshotTime": "2025:07:04-10:20:00",
      "openPrice": {
        "bid": 3341.64,
        "ask": 3342.14,
        "lastTraded": null
      },
      "closePrice": {
        "bid": 3339.05,
        "ask": 3339.55,
        "lastTraded": null
      },
      "highPrice": {
        "bid": 3341.95,
        "ask": 3342.45,
        "lastTraded": null
      },
      "lowPrice": {
        "bid": 3339.05,
        "ask": 3339.55,
        "lastTraded": null
      },
      "lastTradedVolume": 217
    },
    {
      "snapshotTime": "2025:07:04-10:25:00",
      "openPrice": {
        "bid": 3339.08,
        "ask": 3339.58,
        "lastTraded": null
      },
      "closePrice": {
        "bid": 3338.09,
        "ask": 3338.59,
        "lastTraded": null
      },
      "highPrice": {
        "bid": 3339.38,
        "ask": 3339.88,
        "lastTraded": null
      },
      "lowPrice": {
        "bid": 3338.07,
        "ask": 3338.57,
        "lastTraded": null
      },
      "lastTradedVolume": 233
    },
    {
      "snapshotTime": "2025:07:04-10:30:00",
      "openPrice": {
        "bid": 3338.05,
        "ask": 3338.55,
        "lastTraded": null
      },
      "closePrice": {
        "bid": 3334.82,
        "ask": 3335.32,
        "lastTraded": null
      },
      "highPrice": {
        "bid": 3338.44,
        "ask": 3338.94,
        "lastTraded": null
      },
      "lowPrice": {
        "bid": 3333.67,
        "ask": 3334.17,
        "lastTraded": null
      },
      "lastTradedVolume": 476
    },
    {
      "snapshotTime": "2025:07:04-10:35:00",
      "openPrice": {
        "bid": 3334.8,
        "ask": 3335.3,
        "lastTraded": null
      },
      "closePrice": {
        "bid": 3333.83,
        "ask": 3334.33,
        "lastTraded": null
      },
      "highPrice": {
        "bid": 3335.86,
        "ask": 3336.36,
        "lastTraded": null
      },
      "lowPrice": {
        "bid": 3332.84,
        "ask": 3333.34,
        "lastTraded": null
      },
      "lastTradedVolume": 387
    },
    {
      "snapshotTime": "2025:07:04-10:40:00",
      "openPrice": {
        "bid": 3333.85,
        "ask": 3334.35,
        "lastTraded": null
      },
      "closePrice": {
        "bid": 3334.25,
        "ask": 3334.75,
        "lastTraded": null
      },
      "highPrice": {
        "bid": 3335.26,
        "ask": 3335.76,
        "lastTraded": null
      },
      "lowPrice": {
        "bid": 3332.98,
        "ask": 3333.48,
        "lastTraded": null
      },
      "lastTradedVolume": 360
    },
    {
      "snapshotTime": "2025:07:04-10:45:00",
      "openPrice": {
        "bid": 3334.22,
        "ask": 3334.72,
        "lastTraded": null
      },
      "closePrice": {
        "bid": 3335.82,
        "ask": 3336.32,
        "lastTraded": null
      },
      "highPrice": {
        "bid": 3335.87,
        "ask": 3336.37,
        "lastTraded": null
      },
      "lowPrice": {
        "bid": 3333.71,
        "ask": 3334.21,
        "lastTraded": null
      },
      "lastTradedVolume": 257
    },
    {
      "snapshotTime": "2025:07:04-10:50:00",
      "openPrice": {
        "bid": 3335.84,
        "ask": 3336.34,
        "lastTraded": null
      },
      "closePrice": {
        "bid": 3336.34,
        "ask": 3336.84,
        "lastTraded": null
      },
      "highPrice": {
        "bid": 3336.78,
        "ask": 3337.28,
        "lastTraded": null
      },
      "lowPrice": {
        "bid": 3335.41,
        "ask": 3335.91,
        "lastTraded": null
      },
      "lastTradedVolume": 173
    },
    {
      "snapshotTime": "2025:07:04-10:55:00",
      "openPrice": {
        "bid": 3336.15,
        "ask": 3336.65,
        "lastTraded": null
      },
      "closePrice": {
        "bid": 3334.3,
        "ask": 3334.8,
        "lastTraded": null
      },
      "highPrice": {
        "bid": 3336.2,
        "ask": 3336.7,
        "lastTraded": null
      },
      "lowPrice": {
        "bid": 3334.3,
        "ask": 3334.8,
        "lastTraded": null
      },
      "lastTradedVolume": 165
    },
    {
      "snapshotTime": "2025:07:04-11:00:00",
      "openPrice": {
        "bid": 3334.16,
        "ask": 3334.66,
        "lastTraded": null
      },
      "closePrice": {
        "bid": 3334.77,
        "ask": 3335.27,
        "lastTraded": null
      },
      "highPrice": {
        "bid": 3335.26,
        "ask": 3335.76,
        "lastTraded": null
      },
      "lowPrice": {
        "bid": 3334.0,
        "ask": 3334.5,
        "lastTraded": null
      },
      "lastTradedVolume": 159
    },
    {
      "snapshotTime": "2025:07:04-11:05:00",
      "openPrice": {
        "bid": 3334.84,
        "ask": 3335.34,
        "lastTraded": null
      },
      "closePrice": {
        "bid": 3334.78,
        "ask": 3335.28,
        "lastTraded": null
      },
      "highPrice": {
        "bid": 3335.49,
        "ask": 3335.99,
        "lastTraded": null
      },
      "lowPrice": {
        "bid": 3334.16,
        "ask": 3334.66,
        "lastTraded": null
      },
      "lastTradedVolume": 189
    },
    {
      "snapshotTime": "2025:07:04-11:10:00",
      "openPrice": {
        "bid": 3334.57,
        "ask": 3335.07,
        "lastTraded": null
      },
      "closePrice": {
        "bid": 3334.9,
        "ask": 3335.4,
        "lastTraded": null
      },
      "highPrice": {
        "bid": 3335.72,
        "ask": 3336.22,
        "lastTraded": null
      },
      "lowPrice": {
        "bid": 3334.05,
        "ask": 3334.55,
        "lastTraded": null
      },
      "lastTradedVolume": 132
    },
    {
      "snapshotTime": "2025:07:04-11:15:00",
      "openPrice": {
        "bid": 3334.86,
        "ask": 3335.36,
        "lastTraded": null
      },
      "closePrice": {
        "bid": 3335.61,
        "ask": 3336.11,
        "lastTraded": null
      },
      "highPrice": {
        "bid": 3335.66,
        "ask": 3336.16,
        "lastTraded": null
      },
      "lowPrice": {
        "bid": 3334.78,
        "ask": 3335.28,
        "lastTraded": null
      },
      "lastTradedVolume": 127
    },
    {
      "snapshotTime": "2025:07:04-11:20:00",
      "openPrice": {
        "bid": 3335.29,
        "ask": 3335.79,
        "lastTraded": null
      },
      "closePrice": {
        "bid": 3333.58,
        "ask": 3334.08,
        "lastTraded": null
      },
      "highPrice": {
        "bid": 3336.12,
        "ask": 3336.62,
        "lastTraded": null
      },
      "lowPrice": {
        "bid": 3333.33,
        "ask": 3333.83,
        "lastTraded": null
      },
      "lastTradedVolume": 233
    },
    {
      "snapshotTime": "2025:07:04-11:25:00",
      "openPrice": {
        "bid": 3333.55,
        "ask": 3334.05,
        "lastTraded": null
      },
      "closePrice": {
        "bid": 3334.16,
        "ask": 3334.66,
        "lastTraded": null
      },
      "highPrice": {
        "bid": 3335.09,
        "ask": 3335.59,
        "lastTraded": null
      },
      "lowPrice": {
        "bid": 3333.17,
        "ask": 3333.67,
        "lastTraded": null
      },
      "lastTradedVolume": 202
    },
    {
      "snapshotTime": "2025:07:04-11:30:00",
      "openPrice": {
        "bid": 3334.21,
        "ask": 3334.71,
        "lastTraded": null
      },
      "closePrice": {
        "bid": 3335.28,
        "ask": 3335.78,
        "lastTraded": null
      },
      "highPrice": {
        "bid": 3335.45,
        "ask": 3335.95,
        "lastTraded": null
      },
      "lowPrice": {
        "bid": 3333.55,
        "ask": 3334.05,
        "lastTraded": null
      },
      "lastTradedVolume": 168
    },
    {
      "snapshotTime": "2025:07:04-11:35:00",
      "openPrice": {
        "bid": 3335.33,
        "ask": 3335.83,
        "lastTraded": null
      },
      "closePrice": {
        "bid": 3334.32,
        "ask": 3334.82,
        "lastTraded": null
      },
      "highPrice": {
        "bid": 3335.62,
        "ask": 3336.12,
        "lastTraded": null
      },
      "lowPrice": {
        "bid": 3334.31,
        "ask": 3334.81,
        "lastTraded": null
      },
      "lastTradedVolume": 168
    },
    {
      "snapshotTime": "2025:07:04-11:40:00",
      "openPrice": {
        "bid": 3334.05,
        "ask": 3334.55,
        "lastTraded": null
      },
      "closePrice": {
        "bid": 3334.24,
        "ask": 3334.74,
        "lastTraded": null
      },
      "highPrice": {
        "bid": 3334.28,
        "ask": 3334.78,
        "lastTraded": null
      },
      "lowPrice": {
        "bid": 3331.27,
        "ask": 3331.77,
        "lastTraded": null
      },
      "lastTradedVolume": 359
    },
    {
      "snapshotTime": "2025:07:04-11:45:00",
      "openPrice": {
        "bid": 3334.15,
        "ask": 3334.65,
        "lastTraded": null
      },
      "closePrice": {
        "bid": 3337.07,
        "ask": 3337.57,
        "lastTraded": null
      },
      "highPrice": {
        "bid": 3337.29,
        "ask": 3337.79,
        "lastTraded": null
      },
      "lowPrice": {
        "bid": 3333.92,
        "ask": 3334.42,
        "lastTraded": null
      },
      "lastTradedVolume": 233
    },
    {
      "snapshotTime": "2025:07:04-11:50:00",
      "openPrice": {
        "bid": 3337.12,
        "ask": 3337.62,
        "lastTraded": null
      },
      "closePrice": {
        "bid": 3336.16,
        "ask": 3336.66,
        "lastTraded": null
      },
      "highPrice": {
        "bid": 3337.88,
        "ask": 3338.38,
        "lastTraded": null
      },
      "lowPrice": {
        "bid": 3335.84,
        "ask": 3336.34,
        "lastTraded": null
      },
      "lastTradedVolume": 240
    },
    {
      "snapshotTime": "2025:07:04-11:55:00",
      "openPrice": {
        "bid": 3336.11,
        "ask": 3336.61,
        "lastTraded": null
      },
      "closePrice": {
        "bid": 3336.64,
        "ask": 3337.14,
        "lastTraded": null
      },
      "highPrice": {
        "bid": 3337.39,
        "ask": 3337.89,
        "lastTraded": null
      },
      "lowPrice": {
        "bid": 3335.98,
        "ask": 3336.48,
        "lastTraded": null
      },
      "lastTradedVolume": 167
    },
    {
      "snapshotTime": "2025:07:04-12:00:00",
      "openPrice": {
        "bid": 3336.69,
        "ask": 3337.19,
        "lastTraded": null
      },
      "closePrice": {
        "bid": 3335.97,
        "ask": 3336.47,
        "lastTraded": null
      },
      "highPrice": {
        "bid": 3336.77,
        "ask": 3337.27,
        "lastTraded": null
      },
      "lowPrice": {
        "bid": 3335.81,
        "ask": 3336.31,
        "lastTraded": null
      },
      "lastTradedVolume": 133
    },
    {
      "snapshotTime": "2025:07:04-12:05:00",
      "openPrice": {
        "bid": 3335.91,
        "ask": 3336.41,
        "lastTraded": null
      },
      "closePrice": {
        "bid": 3336.38,
        "ask": 3336.88,
        "lastTraded": null
      },
      "highPrice": {
        "bid": 3336.58,
        "ask": 3337.08,
        "lastTraded": null
      },
      "lowPrice": {
        "bid": 3335.01,
        "ask": 3335.51,
        "lastTraded": null
      },
      "lastTradedVolume": 239
    },
    {
      "snapshotTime": "2025:07:04-12:10:00",
      "openPrice": {
        "bid": 3336.37,
        "ask": 3336.87,
        "lastTraded": null
      },
      "closePrice": {
        "bid": 3335.55,
        "ask": 3336.05,
        "lastTraded": null
      },
      "highPrice": {
        "bid": 3336.8,
        "ask": 3337.3,
        "lastTraded": null
      },
      "lowPrice": {
        "bid": 3335.19,
        "ask": 3335.69,
        "lastTraded": null
      },
      "lastTradedVolume": 164
    },
    {
      "snapshotTime": "2025:07:04-12:15:00",
      "openPrice": {
        "bid": 3335.5,
        "ask": 3336.0,
        "lastTraded": null
      },
      "closePrice": {
        "bid": 3336.82,
        "ask": 3337.32,
        "lastTraded": null
      },
      "highPrice": {
        "bid": 3337.27,
        "ask": 3337.77,
        "lastTraded": null
      },
      "lowPrice": {
        "bid": 3335.45,
        "ask": 3335.95,
        "lastTraded": null
      },
      "lastTradedVolume": 182
    },
    {
      "snapshotTime": "2025:07:04-12:20:00",
      "openPrice": {
        "bid": 3336.91,
        "ask": 3337.41,
        "lastTraded": null
      },
      "closePrice": {
        "bid": 3336.23,
        "ask": 3336.73,
        "lastTraded": null
      },
      "highPrice": {
        "bid": 3336.97,
        "ask": 3337.47,
        "lastTraded": null
      },
      "lowPrice": {
        "bid": 3334.97,
        "ask": 3335.47,
        "lastTraded": null
      },
      "lastTradedVolume": 239
    },
    {
      "snapshotTime": "2025:07:04-12:25:00",
      "openPrice": {
        "bid": 3336.08,
        "ask": 3336.58,
        "lastTraded": null
      },
      "closePrice": {
        "bid": 3337.08,
        "ask": 3337.58,
        "lastTraded": null
      },
      "highPrice": {
        "bid": 3337.17,
        "ask": 3337.67,
        "lastTraded": null
      },
      "lowPrice": {
        "bid": 3336.02,
        "ask": 3336.52,
        "lastTraded": null
      },
      "lastTradedVolume": 124
    },
    {
      "snapshotTime": "2025:07:04-12:30:00",
      "openPrice": {
        "bid": 3337.07,
        "ask": 3337.57,
        "lastTraded": null
      },
      "closePrice": {
        "bid": 3336.64,
        "ask": 3337.14,
        "lastTraded": null
      },
      "highPrice": {
        "bid": 3337.33,
        "ask": 3337.83,
        "lastTraded": null
      },
      "lowPrice": {
        "bid": 3336.64,
        "ask": 3337.14,
        "lastTraded": null
      },
      "lastTradedVolume": 101
    },
    {
      "snapshotTime": "2025:07:04-12:35:00",
      "openPrice": {
        "bid": 3336.72,
        "ask": 3337.22,
        "lastTraded": null
      },
      "closePrice": {
        "bid": 3337.54,
        "ask": 3338.04,
        "lastTraded": null
      },
      "highPrice": {
        "bid": 3337.67,
        "ask": 3338.17,
        "lastTraded": null
      },
      "lowPrice": {
        "bid": 3336.47,
        "ask": 3336.97,
        "lastTraded": null
      },
      "lastTradedVolume": 131
    },
    {
      "snapshotTime": "2025:07:04-12:40:00",
      "openPrice": {
        "bid": 3337.61,
        "ask": 3338.11,
        "lastTraded": null
      },
      "closePrice": {
        "bid": 3336.41,
        "ask": 3336.91,
        "lastTraded": null
      },
      "highPrice": {
        "bid": 3337.61,
        "ask": 3338.11,
        "lastTraded": null
      },
      "lowPrice": {
        "bid": 3336.03,
        "ask": 3336.53,
        "lastTraded": null
      },
      "lastTradedVolume": 120
    },
    {
      "snapshotTime": "2025:07:04-12:45:00",
      "openPrice": {
        "bid": 3336.35,
        "ask": 3336.85,
        "lastTraded": null
      },
      "closePrice": {
        "bid": 3335.72,
        "ask": 3336.22,
        "lastTraded": null
      },
      "highPrice": {
        "bid": 3336.35,
        "ask": 3336.85,
        "lastTraded": null
      },
      "lowPrice": {
        "bid": 3334.69,
        "ask": 3335.19,
        "lastTraded": null
      },
      "lastTradedVolume": 148
    },
    {
      "snapshotTime": "2025:07:04-12:50:00",
      "openPrice": {
        "bid": 3335.65,
        "ask": 3336.15,
        "lastTraded": null
      },
      "closePrice": {
        "bid": 3335.9,
        "ask": 3336.4,
        "lastTraded": null
      },
      "highPrice": {
        "bid": 3336.97,
        "ask": 3337.47,
        "lastTraded": null
      },
      "lowPrice": {
        "bid": 3335.53,
        "ask": 3336.03,
        "lastTraded": null
      },
      "lastTradedVolume": 143
    },
    {
      "snapshotTime": "2025:07:04-12:55:00",
      "openPrice": {
        "bid": 3335.81,
        "ask": 3336.31,
        "lastTraded": null
      },
      "closePrice": {
        "bid": 3334.52,
        "ask": 3335.02,
        "lastTraded": null
      },
      "highPrice": {
        "bid": 3336.34,
        "ask": 3336.84,
        "lastTraded": null
      },
      "lowPrice": {
        "bid": 3334.19,
        "ask": 3334.69,
        "lastTraded": null
      },
      "lastTradedVolume": 177
    },
    {
      "snapshotTime": "2025:07:04-13:00:00",
      "openPrice": {
        "bid": 3334.45,
        "ask": 3334.95,
        "lastTraded": null
      },
      "closePrice": {
        "bid": 3334.9,
        "ask": 3335.4,
        "lastTraded": null
      },
      "highPrice": {
        "bid": 3335.39,
        "ask": 3335.89,
        "lastTraded": null
      },
      "lowPrice": {
        "bid": 3333.6,
        "ask": 3334.1,
        "lastTraded": null
      },
      "lastTradedVolume": 201
    },
    {
      "snapshotTime": "2025:07:04-13:05:00",
      "openPrice": {
        "bid": 3334.86,
        "ask": 3335.36,
        "lastTraded": null
      },
      "closePrice": {
        "bid": 3336.83,
        "ask": 3337.33,
        "lastTraded": null
      },
      "highPrice": {
        "bid": 3336.93,
        "ask": 3337.43,
        "lastTraded": null
      },
      "lowPrice": {
        "bid": 3334.45,
        "ask": 3334.95,
        "lastTraded": null
      },
      "lastTradedVolume": 331
    },
    {
      "snapshotTime": "2025:07:04-13:10:00",
      "openPrice": {
        "bid": 3336.96,
        "ask": 3337.46,
        "lastTraded": null
      },
      "closePrice": {
        "bid": 3336.39,
        "ask": 3336.89,
        "lastTraded": null
      },
      "highPrice": {
        "bid": 3337.63,
        "ask": 3338.13,
        "lastTraded": null
      },
      "lowPrice": {
        "bid": 3336.15,
        "ask": 3336.65,
        "lastTraded": null
      },
      "lastTradedVolume": 234
    },
    {
      "snapshotTime": "2025:07:04-13:15:00",
      "openPrice": {
        "bid": 3336.41,
        "ask": 3336.91,
        "lastTraded": null
      },
      "closePrice": {
        "bid": 3335.86,
        "ask": 3336.36,
        "lastTraded": null
      },
      "highPrice": {
        "bid": 3337.09,
        "ask": 3337.59,
        "lastTraded": null
      },
      "lowPrice": {
        "bid": 3335.45,
        "ask": 3335.95,
        "lastTraded": null
      },
      "lastTradedVolume": 234
    },
    {
      "snapshotTime": "2025:07:04-13:20:00",
      "openPrice": {
        "bid": 3335.9,
        "ask": 3336.4,
        "lastTraded": null
      },
      "closePrice": {
        "bid": 3334.81,
        "ask": 3335.31,
        "lastTraded": null
      },
      "highPrice": {
        "bid": 3336.57,
        "ask": 3337.07,
        "lastTraded": null
      },
      "lowPrice": {
        "bid": 3334.57,
        "ask": 3335.07,
        "lastTraded": null
      },
      "lastTradedVolume": 268
    },
    {
      "snapshotTime": "2025:07:04-13:25:00",
      "openPrice": {
        "bid": 3334.69,
        "ask": 3335.19,
        "lastTraded": null
      },
      "closePrice": {
        "bid": 3334.95,
        "ask": 3335.45,
        "lastTraded": null
      },
      "highPrice": {
        "bid": 3335.58,
        "ask": 3336.08,
        "lastTraded": null
      },
      "lowPrice": {
        "bid": 3333.96,
        "ask": 3334.46,
        "lastTraded": null
      },
      "lastTradedVolume": 237
    },
    {
      "snapshotTime": "2025:07:04-13:30:00",
      "openPrice": {
        "bid": 3335.05,
        "ask": 3335.55,
        "lastTraded": null
      },
      "closePrice": {
        "bid": 3335.6,
        "ask": 3336.1,
        "lastTraded": null
      },
      "highPrice": {
        "bid": 3336.79,
        "ask": 3337.29,
        "lastTraded": null
      },
      "lowPrice": {
        "bid": 3334.78,
        "ask": 3335.28,
        "lastTraded": null
      },
      "lastTradedVolume": 201
    },
    {
      "snapshotTime": "2025:07:04-13:35:00",
      "openPrice": {
        "bid": 3335.64,
        "ask": 3336.14,
        "lastTraded": null
      },
      "closePrice": {
        "bid": 3333.21,
        "ask": 3333.71,
        "lastTraded": null
      },
      "highPrice": {
        "bid": 3335.93,
        "ask": 3336.43,
        "lastTraded": null
      },
      "lowPrice": {
        "bid": 3333.12,
        "ask": 3333.62,
        "lastTraded": null
      },
      "lastTradedVolume": 190
    },
    {
      "snapshotTime": "2025:07:04-13:40:00",
      "openPrice": {
        "bid": 3333.18,
        "ask": 3333.68,
        "lastTraded": null
      },
      "closePrice": {
        "bid": 3332.76,
        "ask": 3333.26,
        "lastTraded": null
      },
      "highPrice": {
        "bid": 3333.52,
        "ask": 3334.02,
        "lastTraded": null
      },
      "lowPrice": {
        "bid": 3331.91,
        "ask": 3332.41,
        "lastTraded": null
      },
      "lastTradedVolume": 292
    },
    {
      "snapshotTime": "2025:07:04-13:45:00",
      "openPrice": {
        "bid": 3332.66,
        "ask": 3333.16,
        "lastTraded": null
      },
      "closePrice": {
        "bid": 3333.31,
        "ask": 3333.81,
        "lastTraded": null
      },
      "highPrice": {
        "bid": 3333.41,
        "ask": 3333.91,
        "lastTraded": null
      },
      "lowPrice": {
        "bid": 3331.19,
        "ask": 3331.69,
        "lastTraded": null
      },
      "lastTradedVolume": 344
    },
    {
      "snapshotTime": "2025:07:04-13:50:00",
      "openPrice": {
        "bid": 3333.37,
        "ask": 3333.87,
        "lastTraded": null
      },
      "closePrice": {
        "bid": 3333.84,
        "ask": 3334.34,
        "lastTraded": null
      },
      "highPrice": {
        "bid": 3335.1,
        "ask": 3335.6,
        "lastTraded": null
      },
      "lowPrice": {
        "bid": 3333.31,
        "ask": 3333.81,
        "lastTraded": null
      },
      "lastTradedVolume": 347
    },
    {
      "snapshotTime": "2025:07:04-13:55:00",
      "openPrice": {
        "bid": 3333.77,
        "ask": 3334.27,
        "lastTraded": null
      },
      "closePrice": {
        "bid": 3333.78,
        "ask": 3334.28,
        "lastTraded": null
      },
      "highPrice": {
        "bid": 3334.53,
        "ask": 3335.03,
        "lastTraded": null
      },
      "lowPrice": {
        "bid": 3333.51,
        "ask": 3334.01,
        "lastTraded": null
      },
      "lastTradedVolume": 183
    },
    {
      "snapshotTime": "2025:07:04-14:00:00",
      "openPrice": {
        "bid": 3333.65,
        "ask": 3334.15,
        "lastTraded": null
      },
      "closePrice": {
        "bid": 3332.48,
        "ask": 3332.98,
        "lastTraded": null
      },
      "highPrice": {
        "bid": 3333.94,
        "ask": 3334.44,
        "lastTraded": null
      },
      "lowPrice": {
        "bid": 3332.08,
        "ask": 3332.58,
        "lastTraded": null
      },
      "lastTradedVolume": 352
    },
    {
      "snapshotTime": "2025:07:04-14:05:00",
      "openPrice": {
        "bid": 3332.51,
        "ask": 3333.01,
        "lastTraded": null
      },
      "closePrice": {
        "bid": 3335.16,
        "ask": 3335.66,
        "lastTraded": null
      },
      "highPrice": {
        "bid": 3335.44,
        "ask": 3335.94,
        "lastTraded": null
      },
      "lowPrice": {
        "bid": 3332.5,
        "ask": 3333.0,
        "lastTraded": null
      },
      "lastTradedVolume": 312
    },
    {
      "snapshotTime": "2025:07:04-14:10:00",
      "openPrice": {
        "bid": 3335.17,
        "ask": 3335.67,
        "lastTraded": null
      },
      "closePrice": {
        "bid": 3333.51,
        "ask": 3334.01,
        "lastTraded": null
      },
      "highPrice": {
        "bid": 3335.52,
        "ask": 3336.02,
        "lastTraded": null
      },
      "lowPrice": {
        "bid": 3333.18,
        "ask": 3333.68,
        "lastTraded": null
      },
      "lastTradedVolume": 362
    },
    {
      "snapshotTime": "2025:07:04-14:15:00",
      "openPrice": {
        "bid": 3333.49,
        "ask": 3333.99,
        "lastTraded": null
      },
      "closePrice": {
        "bid": 3334.24,
        "ask": 3334.74,
        "lastTraded": null
      },
      "highPrice": {
        "bid": 3334.3,
        "ask": 3334.8,
        "lastTraded": null
      },
      "lowPrice": {
        "bid": 3333.03,
        "ask": 3333.53,
        "lastTraded": null
      },
      "lastTradedVolume": 269
    },
    {
      "snapshotTime": "2025:07:04-14:20:00",
      "openPrice": {
        "bid": 3334.29,
        "ask": 3334.79,
        "lastTraded": null
      },
      "closePrice": {
        "bid": 3334.28,
        "ask": 3334.78,
        "lastTraded": null
      },
      "highPrice": {
        "bid": 3334.73,
        "ask": 3335.23,
        "lastTraded": null
      },
      "lowPrice": {
        "bid": 3333.5,
        "ask": 3334.0,
        "lastTraded": null
      },
      "lastTradedVolume": 215
    },
    {
      "snapshotTime": "2025:07:04-14:25:00",
      "openPrice": {
        "bid": 3334.27,
        "ask": 3334.77,
        "lastTraded": null
      },
      "closePrice": {
        "bid": 3333.89,
        "ask": 3334.39,
        "lastTraded": null
      },
      "highPrice": {
        "bid": 3334.32,
        "ask": 3334.82,
        "lastTraded": null
      },
      "lowPrice": {
        "bid": 3333.2,
        "ask": 3333.7,
        "lastTraded": null
      },
      "lastTradedVolume": 175
    },
    {
      "snapshotTime": "2025:07:04-14:30:00",
      "openPrice": {
        "bid": 3333.96,
        "ask": 3334.46,
        "lastTraded": null
      },
      "closePrice": {
        "bid": 3334.25,
        "ask": 3334.75,
        "lastTraded": null
      },
      "highPrice": {
        "bid": 3334.76,
        "ask": 3335.26,
        "lastTraded": null
      },
      "lowPrice": {
        "bid": 3333.61,
        "ask": 3334.11,
        "lastTraded": null
      },
      "lastTradedVolume": 261
    },
    {
      "snapshotTime": "2025:07:04-14:35:00",
      "openPrice": {
        "bid": 3334.3,
        "ask": 3334.8,
        "lastTraded": null
      },
      "closePrice": {
        "bid": 3335.54,
        "ask": 3336.04,
        "lastTraded": null
      },
      "highPrice": {
        "bid": 3335.67,
        "ask": 3336.17,
        "lastTraded": null
      },
      "lowPrice": {
        "bid": 3333.96,
        "ask": 3334.46,
        "lastTraded": null
      },
      "lastTradedVolume": 342
    },
    {
      "snapshotTime": "2025:07:04-14:40:00",
      "openPrice": {
        "bid": 3335.59,
        "ask": 3336.09,
        "lastTraded": null
      },
      "closePrice": {
        "bid": 3337.59,
        "ask": 3338.09,
        "lastTraded": null
      },
      "highPrice": {
        "bid": 3337.59,
        "ask": 3338.09,
        "lastTraded": null
      },
      "lowPrice": {
        "bid": 3335.39,
        "ask": 3335.89,
        "lastTraded": null
      },
      "lastTradedVolume": 266
    },
    {
      "snapshotTime": "2025:07:04-14:45:00",
      "openPrice": {
        "bid": 3337.51,
        "ask": 3338.01,
        "lastTraded": null
      },
      "closePrice": {
        "bid": 3337.34,
        "ask": 3337.84,
        "lastTraded": null
      },
      "highPrice": {
        "bid": 3337.88,
        "ask": 3338.38,
        "lastTraded": null
      },
      "lowPrice": {
        "bid": 3336.44,
        "ask": 3336.94,
        "lastTraded": null
      },
      "lastTradedVolume": 334
    },
    {
      "snapshotTime": "2025:07:04-14:50:00",
      "openPrice": {
        "bid": 3337.26,
        "ask": 3337.76,
        "lastTraded": null
      },
      "closePrice": {
        "bid": 3334.55,
        "ask": 3335.05,
        "lastTraded": null
      },
      "highPrice": {
        "bid": 3337.69,
        "ask": 3338.19,
        "lastTraded": null
      },
      "lowPrice": {
        "bid": 3334.46,
        "ask": 3334.96,
        "lastTraded": null
      },
      "lastTradedVolume": 398
    },
    {
      "snapshotTime": "2025:07:04-14:55:00",
      "openPrice": {
        "bid": 3334.51,
        "ask": 3335.01,
        "lastTraded": null
      },
      "closePrice": {
        "bid": 3333.74,
        "ask": 3334.24,
        "lastTraded": null
      },
      "highPrice": {
        "bid": 3336.47,
        "ask": 3336.97,
        "lastTraded": null
      },
      "lowPrice": {
        "bid": 3333.44,
        "ask": 3333.94,
        "lastTraded": null
      },
      "lastTradedVolume": 478
    },
    {
      "snapshotTime": "2025:07:04-15:00:00",
      "openPrice": {
        "bid": 3333.66,
        "ask": 3334.16,
        "lastTraded": null
      },
      "closePrice": {
        "bid": 3333.18,
        "ask": 3333.68,
        "lastTraded": null
      },
      "highPrice": {
        "bid": 3333.77,
        "ask": 3334.27,
        "lastTraded": null
      },
      "lowPrice": {
        "bid": 3331.93,
        "ask": 3332.43,
        "lastTraded": null
      },
      "lastTradedVolume": 425
    },
    {
      "snapshotTime": "2025:07:04-15:05:00",
      "openPrice": {
        "bid": 3333.22,
        "ask": 3333.72,
        "lastTraded": null
      },
      "closePrice": {
        "bid": 3332.74,
        "ask": 3333.24,
        "lastTraded": null
      },
      "highPrice": {
        "bid": 3333.96,
        "ask": 3334.46,
        "lastTraded": null
      },
      "lowPrice": {
        "bid": 3332.14,
        "ask": 3332.64,
        "lastTraded": null
      },
      "lastTradedVolume": 337
    },
    {
      "snapshotTime": "2025:07:04-15:10:00",
      "openPrice": {
        "bid": 3332.77,
        "ask": 3333.27,
        "lastTraded": null
      },
      "closePrice": {
        "bid": 3331.47,
        "ask": 3331.97,
        "lastTraded": null
      },
      "highPrice": {
        "bid": 3332.99,
        "ask": 3333.49,
        "lastTraded": null
      },
      "lowPrice": {
        "bid": 3331.4,
        "ask": 3331.9,
        "lastTraded": null
      },
      "lastTradedVolume": 314
    },
    {
      "snapshotTime": "2025:07:04-15:15:00",
      "openPrice": {
        "bid": 3331.44,
        "ask": 3331.94,
        "lastTraded": null
      },
      "closePrice": {
        "bid": 3331.58,
        "ask": 3332.08,
        "lastTraded": null
      },
      "highPrice": {
        "bid": 3332.62,
        "ask": 3333.12,
        "lastTraded": null
      },
      "lowPrice": {
        "bid": 3331.26,
        "ask": 3331.76,
        "lastTraded": null
      },
      "lastTradedVolume": 280
    },
    {
      "snapshotTime": "2025:07:04-15:20:00",
      "openPrice": {
        "bid": 3331.86,
        "ask": 3332.36,
        "lastTraded": null
      },
      "closePrice": {
        "bid": 3333.28,
        "ask": 3333.78,
        "lastTraded": null
      },
      "highPrice": {
        "bid": 3333.57,
        "ask": 3334.07,
        "lastTraded": null
      },
      "lowPrice": {
        "bid": 3331.86,
        "ask": 3332.36,
        "lastTraded": null
      },
      "lastTradedVolume": 223
    },
    {
      "snapshotTime": "2025:07:04-15:25:00",
      "openPrice": {
        "bid": 3333.26,
        "ask": 3333.76,
        "lastTraded": null
      },
      "closePrice": {
        "bid": 3333.6,
        "ask": 3334.1,
        "lastTraded": null
      },
      "highPrice": {
        "bid": 3334.0,
        "ask": 3334.5,
        "lastTraded": null
      },
      "lowPrice": {
        "bid": 3333.2,
        "ask": 3333.7,
        "lastTraded": null
      },
      "lastTradedVolume": 124
    },
    {
      "snapshotTime": "2025:07:04-15:30:00",
      "openPrice": {
        "bid": 3333.53,
        "ask": 3334.03,
        "lastTraded": null
      },
      "closePrice": {
        "bid": 3332.45,
        "ask": 3332.95,
        "lastTraded": null
      },
      "highPrice": {
        "bid": 3333.92,
        "ask": 3334.42,
        "lastTraded": null
      },
      "lowPrice": {
        "bid": 3331.89,
        "ask": 3332.39,
        "lastTraded": null
      },
      "lastTradedVolume": 166
    },
    {
      "snapshotTime": "2025:07:04-15:35:00",
      "openPrice": {
        "bid": 3332.36,
        "ask": 3332.86,
        "lastTraded": null
      },
      "closePrice": {
        "bid": 3332.07,
        "ask": 3332.57,
        "lastTraded": null
      },
      "highPrice": {
        "bid": 3332.85,
        "ask": 3333.35,
        "lastTraded": null
      },
      "lowPrice": {
        "bid": 3331.11,
        "ask": 3331.61,
        "lastTraded": null
      },
      "lastTradedVolume": 191
    },
    {
      "snapshotTime": "2025:07:04-15:40:00",
      "openPrice": {
        "bid": 3332.01,
        "ask": 3332.51,
        "lastTraded": null
      },
      "closePrice": {
        "bid": 3331.36,
        "ask": 3331.86,
        "lastTraded": null
      },
      "highPrice": {
        "bid": 3332.31,
        "ask": 3332.81,
        "lastTraded": null
      },
      "lowPrice": {
        "bid": 3330.83,
        "ask": 3331.33,
        "lastTraded": null
      },
      "lastTradedVolume": 239
    },
    {
      "snapshotTime": "2025:07:04-15:45:00",
      "openPrice": {
        "bid": 3331.39,
        "ask": 3331.89,
        "lastTraded": null
      },
      "closePrice": {
        "bid": 3331.38,
        "ask": 3331.88,
        "lastTraded": null
      },
      "highPrice": {
        "bid": 3331.57,
        "ask": 3332.07,
        "lastTraded": null
      },
      "lowPrice": {
        "bid": 3330.68,
        "ask": 3331.18,
        "lastTraded": null
      },
      "lastTradedVolume": 200
    },
    {
      "snapshotTime": "2025:07:04-15:50:00",
      "openPrice": {
        "bid": 3331.34,
        "ask": 3331.84,
        "lastTraded": null
      },
      "closePrice": {
        "bid": 3332.57,
        "ask": 3333.07,
        "lastTraded": null
      },
      "highPrice": {
        "bid": 3332.59,
        "ask": 3333.09,
        "lastTraded": null
      },
      "lowPrice": {
        "bid": 3331.34,
        "ask": 3331.84,
        "lastTraded": null
      },
      "lastTradedVolume": 190
    },
    {
      "snapshotTime": "2025:07:04-15:55:00",
      "openPrice": {
        "bid": 3332.59,
        "ask": 3333.09,
        "lastTraded": null
      },
      "closePrice": {
        "bid": 3333.09,
        "ask": 3333.59,
        "lastTraded": null
      },
      "highPrice": {
        "bid": 3333.59,
        "ask": 3334.09,
        "lastTraded": null
      },
      "lowPrice": {
        "bid": 3332.51,
        "ask": 3333.01,
        "lastTraded": null
      },
      "lastTradedVolume": 190
    },
    {
      "snapshotTime": "2025:07:04-16:00:00",
      "openPrice": {
        "bid": 3333.19,
        "ask": 3333.69,
        "lastTraded": null
      },
      "closePrice": {
        "bid": 3333.17,
        "ask": 3333.67,
        "lastTraded": null
      },
      "highPrice": {
        "bid": 3333.75,
        "ask": 3334.25,
        "lastTraded": null
      },
      "lowPrice": {
        "bid": 3332.74,
        "ask": 3333.24,
        "lastTraded": null
      },
      "lastTradedVolume": 186
    },
    {
      "snapshotTime": "2025:07:04-16:05:00",
      "openPrice": {
        "bid": 3333.02,
        "ask": 3333.52,
        "lastTraded": null
      },
      "closePrice": {
        "bid": 3331.88,
        "ask": 3332.38,
        "lastTraded": null
      },
      "highPrice": {
        "bid": 3333.05,
        "ask": 3333.55,
        "lastTraded": null
      },
      "lowPrice": {
        "bid": 3331.88,
        "ask": 3332.38,
        "lastTraded": null
      },
      "lastTradedVolume": 169
    },
    {
      "snapshotTime": "2025:07:04-16:10:00",
      "openPrice": {
        "bid": 3331.85,
        "ask": 3332.35,
        "lastTraded": null
      },
      "closePrice": {
        "bid": 3332.74,
        "ask": 3333.24,
        "lastTraded": null
      },
      "highPrice": {
        "bid": 3333.15,
        "ask": 3333.65,
        "lastTraded": null
      },
      "lowPrice": {
        "bid": 3331.48,
        "ask": 3331.98,
        "lastTraded": null
      },
      "lastTradedVolume": 150
    },
    {
      "snapshotTime": "2025:07:04-16:15:00",
      "openPrice": {
        "bid": 3332.82,
        "ask": 3333.32,
        "lastTraded": null
      },
      "closePrice": {
        "bid": 3332.58,
        "ask": 3333.08,
        "lastTraded": null
      },
      "highPrice": {
        "bid": 3333.04,
        "ask": 3333.54,
        "lastTraded": null
      },
      "lowPrice": {
        "bid": 3332.43,
        "ask": 3332.93,
        "lastTraded": null
      },
      "lastTradedVolume": 92
    },
    {
      "snapshotTime": "2025:07:04-16:20:00",
      "openPrice": {
        "bid": 3332.52,
        "ask": 3333.02,
        "lastTraded": null
      },
      "closePrice": {
        "bid": 3332.5,
        "ask": 3333.0,
        "lastTraded": null
      },
      "highPrice": {
        "bid": 3332.71,
        "ask": 3333.21,
        "lastTraded": null
      },
      "lowPrice": {
        "bid": 3331.82,
        "ask": 3332.32,
        "lastTraded": null
      },
      "lastTradedVolume": 85
    },
    {
      "snapshotTime": "2025:07:04-16:25:00",
      "openPrice": {
        "bid": 3332.54,
        "ask": 3333.04,
        "lastTraded": null
      },
      "closePrice": {
        "bid": 3332.07,
        "ask": 3332.57,
        "lastTraded": null
      },
      "highPrice": {
        "bid": 3332.72,
        "ask": 3333.22,
        "lastTraded": null
      },
      "lowPrice": {
        "bid": 3331.79,
        "ask": 3332.29,
        "lastTraded": null
      },
      "lastTradedVolume": 160
    },
    {
      "snapshotTime": "2025:07:04-16:30:00",
      "openPrice": {
        "bid": 3332.19,
        "ask": 3332.69,
        "lastTraded": null
      },
      "closePrice": {
        "bid": 3331.57,
        "ask": 3332.07,
        "lastTraded": null
      },
      "highPrice": {
        "bid": 3332.39,
        "ask": 3332.89,
        "lastTraded": null
      },
      "lowPrice": {
        "bid": 3330.65,
        "ask": 3331.15,
        "lastTraded": null
      },
      "lastTradedVolume": 167
    },
    {
      "snapshotTime": "2025:07:04-16:35:00",
      "openPrice": {
        "bid": 3331.45,
        "ask": 3331.95,
        "lastTraded": null
      },
      "closePrice": {
        "bid": 3331.95,
        "ask": 3332.45,
        "lastTraded": null
      },
      "highPrice": {
        "bid": 3332.07,
        "ask": 3332.57,
        "lastTraded": null
      },
      "lowPrice": {
        "bid": 3331.45,
        "ask": 3331.95,
        "lastTraded": null
      },
      "lastTradedVolume": 141
    },
    {
      "snapshotTime": "2025:07:04-16:40:00",
      "openPrice": {
        "bid": 3331.86,
        "ask": 3332.36,
        "lastTraded": null
      },
      "closePrice": {
        "bid": 3332.91,
        "ask": 3333.41,
        "lastTraded": null
      },
      "highPrice": {
        "bid": 3332.94,
        "ask": 3333.44,
        "lastTraded": null
      },
      "lowPrice": {
        "bid": 3331.52,
        "ask": 3332.02,
        "lastTraded": null
      },
      "lastTradedVolume": 87
    },
    {
      "snapshotTime": "2025:07:04-16:45:00",
      "openPrice": {
        "bid": 3332.89,
        "ask": 3333.39,
        "lastTraded": null
      },
      "closePrice": {
        "bid": 3332.78,
        "ask": 3333.28,
        "lastTraded": null
      },
      "highPrice": {
        "bid": 3333.26,
        "ask": 3333.76,
        "lastTraded": null
      },
      "lowPrice": {
        "bid": 3332.66,
        "ask": 3333.16,
        "lastTraded": null
      },
      "lastTradedVolume": 113
    },
    {
      "snapshotTime": "2025:07:04-16:50:00",
      "openPrice": {
        "bid": 3332.74,
        "ask": 3333.24,
        "lastTraded": null
      },
      "closePrice": {
        "bid": 3332.48,
        "ask": 3332.98,
        "lastTraded": null
      },
      "highPrice": {
        "bid": 3333.14,
        "ask": 3333.64,
        "lastTraded": null
      },
      "lowPrice": {
        "bid": 3332.48,
        "ask": 3332.98,
        "lastTraded": null
      },
      "lastTradedVolume": 102
    },
    {
      "snapshotTime": "2025:07:04-16:55:00",
      "openPrice": {
        "bid": 3332.42,
        "ask": 3332.92,
        "lastTraded": null
      },
      "closePrice": {
        "bid": 3332.2,
        "ask": 3332.7,
        "lastTraded": null
      },
      "highPrice": {
        "bid": 3332.45,
        "ask": 3332.95,
        "lastTraded": null
      },
      "lowPrice": {
        "bid": 3331.91,
        "ask": 3332.41,
        "lastTraded": null
      },
      "lastTradedVolume": 99
    },
    {
      "snapshotTime": "2025:07:04-17:00:00",
      "openPrice": {
        "bid": 3332.13,
        "ask": 3332.63,
        "lastTraded": null
      },
      "closePrice": {
        "bid": 3332.94,
        "ask": 3333.44,
        "lastTraded": null
      },
      "highPrice": {
        "bid": 3333.09,
        "ask": 3333.59,
        "lastTraded": null
      },
      "lowPrice": {
        "bid": 3332.11,
        "ask": 3332.61,
        "lastTraded": null
      },
      "lastTradedVolume": 124
    },
    {
      "snapshotTime": "2025:07:04-17:05:00",
      "openPrice": {
        "bid": 3332.96,
        "ask": 3333.46,
        "lastTraded": null
      },
      "closePrice": {
        "bid": 3332.51,
        "ask": 3333.01,
        "lastTraded": null
      },
      "highPrice": {
        "bid": 3333.33,
        "ask": 3333.83,
        "lastTraded": null
      },
      "lowPrice": {
        "bid": 3332.37,
        "ask": 3332.87,
        "lastTraded": null
      },
      "lastTradedVolume": 114
    },
    {
      "snapshotTime": "2025:07:04-17:10:00",
      "openPrice": {
        "bid": 3332.48,
        "ask": 3332.98,
        "lastTraded": null
      },
      "closePrice": {
        "bid": 3332.81,
        "ask": 3333.31,
        "lastTraded": null
      },
      "highPrice": {
        "bid": 3333.19,
        "ask": 3333.69,
        "lastTraded": null
      },
      "lowPrice": {
        "bid": 3332.42,
        "ask": 3332.92,
        "lastTraded": null
      },
      "lastTradedVolume": 113
    },
    {
      "snapshotTime": "2025:07:04-17:15:00",
      "openPrice": {
        "bid": 3332.74,
        "ask": 3333.24,
        "lastTraded": null
      },
      "closePrice": {
        "bid": 3333.35,
        "ask": 3333.85,
        "lastTraded": null
      },
      "highPrice": {
        "bid": 3333.35,
        "ask": 3333.85,
        "lastTraded": null
      },
      "lowPrice": {
        "bid": 3332.62,
        "ask": 3333.12,
        "lastTraded": null
      },
      "lastTradedVolume": 117
    },
    {
      "snapshotTime": "2025:07:04-17:20:00",
      "openPrice": {
        "bid": 3333.28,
        "ask": 3333.78,
        "lastTraded": null
      },
      "closePrice": {
        "bid": 3333.74,
        "ask": 3334.24,
        "lastTraded": null
      },
      "highPrice": {
        "bid": 3334.09,
        "ask": 3334.59,
        "lastTraded": null
      },
      "lowPrice": {
        "bid": 3332.68,
        "ask": 3333.18,
        "lastTraded": null
      },
      "lastTradedVolume": 153
    },
    {
      "snapshotTime": "2025:07:04-17:25:00",
      "openPrice": {
        "bid": 3333.66,
        "ask": 3334.16,
        "lastTraded": null
      },
      "closePrice": {
        "bid": 3333.65,
        "ask": 3334.15,
        "lastTraded": null
      },
      "highPrice": {
        "bid": 3333.83,
        "ask": 3334.33,
        "lastTraded": null
      },
      "lowPrice": {
        "bid": 3333.23,
        "ask": 3333.73,
        "lastTraded": null
      },
      "lastTradedVolume": 94
    },
    {
      "snapshotTime": "2025:07:04-17:30:00",
      "openPrice": {
        "bid": 3333.71,
        "ask": 3334.21,
        "lastTraded": null
      },
      "closePrice": {
        "bid": 3334.15,
        "ask": 3334.65,
        "lastTraded": null
      },
      "highPrice": {
        "bid": 3334.74,
        "ask": 3335.24,
        "lastTraded": null
      },
      "lowPrice": {
        "bid": 3333.63,
        "ask": 3334.13,
        "lastTraded": null
      },
      "lastTradedVolume": 113
    },
    {
      "snapshotTime": "2025:07:04-17:35:00",
      "openPrice": {
        "bid": 3334.13,
        "ask": 3334.63,
        "lastTraded": null
      },
      "closePrice": {
        "bid": 3335.44,
        "ask": 3335.94,
        "lastTraded": null
      },
      "highPrice": {
        "bid": 3335.62,
        "ask": 3336.12,
        "lastTraded": null
      },
      "lowPrice": {
        "bid": 3334.07,
        "ask": 3334.57,
        "lastTraded": null
      },
      "lastTradedVolume": 135
    },
    {
      "snapshotTime": "2025:07:04-17:40:00",
      "openPrice": {
        "bid": 3335.38,
        "ask": 3335.88,
        "lastTraded": null
      },
      "closePrice": {
        "bid": 3334.8,
        "ask": 3335.3,
        "lastTraded": null
      },
      "highPrice": {
        "bid": 3335.75,
        "ask": 3336.25,
        "lastTraded": null
      },
      "lowPrice": {
        "bid": 3334.67,
        "ask": 3335.17,
        "lastTraded": null
      },
      "lastTradedVolume": 116
    },
    {
      "snapshotTime": "2025:07:04-17:45:00",
      "openPrice": {
        "bid": 3334.77,
        "ask": 3335.27,
        "lastTraded": null
      },
      "closePrice": {
        "bid": 3336.47,
        "ask": 3336.97,
        "lastTraded": null
      },
      "highPrice": {
        "bid": 3336.5,
        "ask": 3337.0,
        "lastTraded": null
      },
      "lowPrice": {
        "bid": 3334.61,
        "ask": 3335.11,
        "lastTraded": null
      },
      "lastTradedVolume": 160
    },
    {
      "snapshotTime": "2025:07:04-17:50:00",
      "openPrice": {
        "bid": 3336.49,
        "ask": 3336.99,
        "lastTraded": null
      },
      "closePrice": {
        "bid": 3336.65,
        "ask": 3337.15,
        "lastTraded": null
      },
      "highPrice": {
        "bid": 3336.8,
        "ask": 3337.3,
        "lastTraded": null
      },
      "lowPrice": {
        "bid": 3335.92,
        "ask": 3336.42,
        "lastTraded": null
      },
      "lastTradedVolume": 101
    },
    {
      "snapshotTime": "2025:07:04-17:55:00",
      "openPrice": {
        "bid": 3336.56,
        "ask": 3337.06,
        "lastTraded": null
      },
      "closePrice": {
        "bid": 3336.66,
        "ask": 3337.16,
        "lastTraded": null
      },
      "highPrice": {
        "bid": 3337.16,
        "ask": 3337.66,
        "lastTraded": null
      },
      "lowPrice": {
        "bid": 3336.0,
        "ask": 3336.5,
        "lastTraded": null
      },
      "lastTradedVolume": 101
    },
    {
      "snapshotTime": "2025:07:06-23:00:00",
      "openPrice": {
        "bid": 3337.23,
        "ask": 3337.73,
        "lastTraded": null
      },
      "closePrice": {
        "bid": 3341.33,
        "ask": 3341.83,
        "lastTraded": null
      },
      "highPrice": {
        "bid": 3342.55,
        "ask": 3343.76,
        "lastTraded": null
      },
      "lowPrice": {
        "bid": 3336.65,
        "ask": 3337.15,
        "lastTraded": null
      },
      "lastTradedVolume": 320
    },
    {
      "snapshotTime": "2025:07:06-23:05:00",
      "openPrice": {
        "bid": 3341.28,
        "ask": 3341.78,
        "lastTraded": null
      },
      "closePrice": {
        "bid": 3337.95,
        "ask": 3338.45,
        "lastTraded": null
      },
      "highPrice": {
        "bid": 3341.88,
        "ask": 3342.38,
        "lastTraded": null
      },
      "lowPrice": {
        "bid": 3335.7,
        "ask": 3336.2,
        "lastTraded": null
      },
      "lastTradedVolume": 284
    },
    {
      "snapshotTime": "2025:07:06-23:10:00",
      "openPrice": {
        "bid": 3337.9,
        "ask": 3338.4,
        "lastTraded": null
      },
      "closePrice": {
        "bid": 3338.18,
        "ask": 3338.68,
        "lastTraded": null
      },
      "highPrice": {
        "bid": 3338.8,
        "ask": 3339.15,
        "lastTraded": null
      },
      "lowPrice": {
        "bid": 3336.73,
        "ask": 3337.23,
        "lastTraded": null
      },
      "lastTradedVolume": 188
    },
    {
      "snapshotTime": "2025:07:06-23:15:00",
      "openPrice": {
        "bid": 3338.03,
        "ask": 3338.53,
        "lastTraded": null
      },
      "closePrice": {
        "bid": 3335.08,
        "ask": 3335.58,
        "lastTraded": null
      },
      "highPrice": {
        "bid": 3338.03,
        "ask": 3338.53,
        "lastTraded": null
      },
      "lowPrice": {
        "bid": 3335.08,
        "ask": 3335.43,
        "lastTraded": null
      },
      "lastTradedVolume": 170
    },
    {
      "snapshotTime": "2025:07:06-23:20:00",
      "openPrice": {
        "bid": 3334.88,
        "ask": 3335.38,
        "lastTraded": null
      },
      "closePrice": {
        "bid": 3333.73,
        "ask": 3334.03,
        "lastTraded": null
      },
      "highPrice": {
        "bid": 3335.48,
        "ask": 3335.98,
        "lastTraded": null
      },
      "lowPrice": {
        "bid": 3333.28,
        "ask": 3333.63,
        "lastTraded": null
      },
      "lastTradedVolume": 205
    },
    {
      "snapshotTime": "2025:07:06-23:25:00",
      "openPrice": {
        "bid": 3333.58,
        "ask": 3334.08,
        "lastTraded": null
      },
      "closePrice": {
        "bid": 3334.15,
        "ask": 3334.65,
        "lastTraded": null
      },
      "highPrice": {
        "bid": 3334.38,
        "ask": 3334.88,
        "lastTraded": null
      },
      "lowPrice": {
        "bid": 3332.98,
        "ask": 3333.38,
        "lastTraded": null
      },
      "lastTradedVolume": 122
    }
  ],
  "instrumentType": "CURRENCIES",
  "allowance": {
    "remainingAllowance": 7144,
    "totalAllowance": 10000,
    "allowanceExpiry": 383711
  }
}
[2025-07-06 23:27:55,922] INFO: Processing price data for GC
[2025-07-06 23:27:55,923] INFO: Processed 100 price points for GC
[2025-07-06 23:27:55,942] DEBUG: Strategy datapoints: <equitiestradingbot.interfaces.market_history.MarketHistory object at 0x10d777380>
[2025-07-06 23:27:55,942] ERROR: Error in find_trade_signal: 'MarketHistory' object has no attribute 'to_dataframe'
[2025-07-06 23:27:58,969] DEBUG: Starting new HTTPS connection (1): demo-api.ig.com:443
[2025-07-06 23:27:59,040] DEBUG: https://demo-api.ig.com:443 "GET /gateway/deal/markets/ HTTP/1.1" 500 77
[2025-07-06 23:27:59,041] ERROR: HTTP request returned 500
[2025-07-06 23:27:59,041] INFO: Finished processing all markets in the source
[2025-07-06 23:27:59,041] INFO: Resetting MarketProvider
[2025-07-06 23:27:59,043] INFO: Wait for 0.08 hours...
