[2025-05-22 14:01:33,054] INFO: Initialising IGInterface...
[2025-05-22 14:01:33,059] DEBUG: Starting new HTTPS connection (1): demo-api.ig.com:443
[2025-05-22 14:01:33,396] DEBUG: https://demo-api.ig.com:443 "POST /gateway/deal/session HTTP/1.1" 200 619
[2025-05-22 14:01:33,400] DEBUG: Starting new HTTPS connection (1): demo-api.ig.com:443
[2025-05-22 14:01:33,591] DEBUG: https://demo-api.ig.com:443 "PUT /gateway/deal/session HTTP/1.1" 412 56
[2025-05-22 14:01:33,593] INFO: Account is already set as default
[2025-05-22 14:01:33,593] INFO: Using stock interface: IGInterface
[2025-05-22 14:01:33,593] INFO: Advanced Momentum Strategy initialised
[2025-05-22 14:01:33,593] INFO: Advanced Momentum Strategy created
[2025-05-22 14:01:33,594] INFO: Performing a single iteration of the market source
[2025-05-22 14:01:36,121] DEBUG: Starting new HTTPS connection (1): demo-api.ig.com:443
[2025-05-22 14:01:36,319] DEBUG: https://demo-api.ig.com:443 "GET /gateway/deal/positions HTTP/1.1" 200 16
[2025-05-22 14:01:36,322] DEBUG: Raw positions response: {
  "positions": []
}
[2025-05-22 14:01:36,322] INFO: Starting to process market source
[2025-05-22 14:01:39,349] DEBUG: Starting new HTTPS connection (1): demo-api.ig.com:443
[2025-05-22 14:01:39,552] DEBUG: https://demo-api.ig.com:443 "GET /gateway/deal/markets/CS.D.USCGC.TODAY.IP HTTP/1.1" 200 2027
[2025-05-22 14:01:42,587] DEBUG: Starting new HTTPS connection (1): demo-api.ig.com:443
[2025-05-22 14:01:42,782] DEBUG: https://demo-api.ig.com:443 "GET /gateway/deal/positions HTTP/1.1" 200 16
[2025-05-22 14:01:42,785] DEBUG: Raw positions response: {
  "positions": []
}
[2025-05-22 14:01:45,807] DEBUG: Starting new HTTPS connection (1): demo-api.ig.com:443
[2025-05-22 14:01:46,087] DEBUG: https://demo-api.ig.com:443 "GET /gateway/deal/accounts HTTP/1.1" 200 552
[2025-05-22 14:01:46,130] INFO: Processing GC
[2025-05-22 14:01:46,130] CRITICAL: CRITICAL: get_prices method called
[2025-05-22 14:01:46,130] INFO: Fetching price data from URL: https://demo-api.ig.com/gateway/deal/prices/CS.D.USCGC.TODAY.IP/MINUTE_15/52
[2025-05-22 14:01:49,151] DEBUG: Starting new HTTPS connection (1): demo-api.ig.com:443
[2025-05-22 14:01:49,351] DEBUG: https://demo-api.ig.com:443 "GET /gateway/deal/prices/CS.D.USCGC.TODAY.IP/MINUTE_15/52 HTTP/1.1" 200 15878
[2025-05-22 14:01:49,369] DEBUG: Raw price data: {
  "prices": [
    {
      "snapshotTime": "2025:05:22-01:15:00",
      "openPrice": {
        "bid": 3323.5,
        "ask": 3324.0,
        "lastTraded": null
      },
      "closePrice": {
        "bid": 3320.18,
        "ask": 3320.68,
        "lastTraded": null
      },
      "highPrice": {
        "bid": 3323.98,
        "ask": 3324.48,
        "lastTraded": null
      },
      "lowPrice": {
        "bid": 3319.33,
        "ask": 3319.63,
        "lastTraded": null
      },
      "lastTradedVolume": 1117
    },
    {
      "snapshotTime": "2025:05:22-01:30:00",
      "openPrice": {
        "bid": 3320.43,
        "ask": 3320.93,
        "lastTraded": null
      },
      "closePrice": {
        "bid": 3323.45,
        "ask": 3323.95,
        "lastTraded": null
      },
      "highPrice": {
        "bid": 3323.58,
        "ask": 3324.08,
        "lastTraded": null
      },
      "lowPrice": {
        "bid": 3319.63,
        "ask": 3320.13,
        "lastTraded": null
      },
      "lastTradedVolume": 931
    },
    {
      "snapshotTime": "2025:05:22-01:45:00",
      "openPrice": {
        "bid": 3323.39,
        "ask": 3323.89,
        "lastTraded": null
      },
      "closePrice": {
        "bid": 3323.57,
        "ask": 3324.07,
        "lastTraded": null
      },
      "highPrice": {
        "bid": 3325.45,
        "ask": 3325.93,
        "lastTraded": null
      },
      "lowPrice": {
        "bid": 3320.9,
        "ask": 3321.25,
        "lastTraded": null
      },
      "lastTradedVolume": 1339
    },
    {
      "snapshotTime": "2025:05:22-02:00:00",
      "openPrice": {
        "bid": 3323.58,
        "ask": 3324.08,
        "lastTraded": null
      },
      "closePrice": {
        "bid": 3327.03,
        "ask": 3327.53,
        "lastTraded": null
      },
      "highPrice": {
        "bid": 3329.84,
        "ask": 3330.19,
        "lastTraded": null
      },
      "lowPrice": {
        "bid": 3320.33,
        "ask": 3320.69,
        "lastTraded": null
      },
      "lastTradedVolume": 2840
    },
    {
      "snapshotTime": "2025:05:22-02:15:00",
      "openPrice": {
        "bid": 3327.08,
        "ask": 3327.58,
        "lastTraded": null
      },
      "closePrice": {
        "bid": 3338.23,
        "ask": 3338.53,
        "lastTraded": null
      },
      "highPrice": {
        "bid": 3338.93,
        "ask": 3339.4,
        "lastTraded": null
      },
      "lowPrice": {
        "bid": 3325.58,
        "ask": 3325.88,
        "lastTraded": null
      },
      "lastTradedVolume": 2576
    },
    {
      "snapshotTime": "2025:05:22-02:30:00",
      "openPrice": {
        "bid": 3338.33,
        "ask": 3338.63,
        "lastTraded": null
      },
      "closePrice": {
        "bid": 3342.73,
        "ask": 3343.03,
        "lastTraded": null
      },
      "highPrice": {
        "bid": 3342.73,
        "ask": 3343.23,
        "lastTraded": null
      },
      "lowPrice": {
        "bid": 3336.18,
        "ask": 3336.48,
        "lastTraded": null
      },
      "lastTradedVolume": 2270
    },
    {
      "snapshotTime": "2025:05:22-02:45:00",
      "openPrice": {
        "bid": 3342.63,
        "ask": 3342.93,
        "lastTraded": null
      },
      "closePrice": {
        "bid": 3338.03,
        "ask": 3338.33,
        "lastTraded": null
      },
      "highPrice": {
        "bid": 3342.83,
        "ask": 3343.18,
        "lastTraded": null
      },
      "lowPrice": {
        "bid": 3337.27,
        "ask": 3337.63,
        "lastTraded": null
      },
      "lastTradedVolume": 2031
    },
    {
      "snapshotTime": "2025:05:22-03:00:00",
      "openPrice": {
        "bid": 3338.08,
        "ask": 3338.38,
        "lastTraded": null
      },
      "closePrice": {
        "bid": 3340.19,
        "ask": 3340.69,
        "lastTraded": null
      },
      "highPrice": {
        "bid": 3341.23,
        "ask": 3341.53,
        "lastTraded": null
      },
      "lowPrice": {
        "bid": 3336.43,
        "ask": 3336.78,
        "lastTraded": null
      },
      "lastTradedVolume": 1848
    },
    {
      "snapshotTime": "2025:05:22-03:15:00",
      "openPrice": {
        "bid": 3340.17,
        "ask": 3340.67,
        "lastTraded": null
      },
      "closePrice": {
        "bid": 3337.2,
        "ask": 3337.7,
        "lastTraded": null
      },
      "highPrice": {
        "bid": 3340.44,
        "ask": 3340.94,
        "lastTraded": null
      },
      "lowPrice": {
        "bid": 3336.53,
        "ask": 3336.83,
        "lastTraded": null
      },
      "lastTradedVolume": 1491
    },
    {
      "snapshotTime": "2025:05:22-03:30:00",
      "openPrice": {
        "bid": 3337.1,
        "ask": 3337.6,
        "lastTraded": null
      },
      "closePrice": {
        "bid": 3343.48,
        "ask": 3343.78,
        "lastTraded": null
      },
      "highPrice": {
        "bid": 3343.65,
        "ask": 3344.0,
        "lastTraded": null
      },
      "lowPrice": {
        "bid": 3336.98,
        "ask": 3337.48,
        "lastTraded": null
      },
      "lastTradedVolume": 1476
    },
    {
      "snapshotTime": "2025:05:22-03:45:00",
      "openPrice": {
        "bid": 3343.33,
        "ask": 3343.63,
        "lastTraded": null
      },
      "closePrice": {
        "bid": 3341.03,
        "ask": 3341.33,
        "lastTraded": null
      },
      "highPrice": {
        "bid": 3344.65,
        "ask": 3345.08,
        "lastTraded": null
      },
      "lowPrice": {
        "bid": 3339.37,
        "ask": 3339.75,
        "lastTraded": null
      },
      "lastTradedVolume": 1604
    },
    {
      "snapshotTime": "2025:05:22-04:00:00",
      "openPrice": {
        "bid": 3341.02,
        "ask": 3341.32,
        "lastTraded": null
      },
      "closePrice": {
        "bid": 3342.18,
        "ask": 3342.68,
        "lastTraded": null
      },
      "highPrice": {
        "bid": 3343.78,
        "ask": 3344.18,
        "lastTraded": null
      },
      "lowPrice": {
        "bid": 3338.4,
        "ask": 3338.7,
        "lastTraded": null
      },
      "lastTradedVolume": 1585
    },
    {
      "snapshotTime": "2025:05:22-04:15:00",
      "openPrice": {
        "bid": 3342.15,
        "ask": 3342.65,
        "lastTraded": null
      },
      "closePrice": {
        "bid": 3340.13,
        "ask": 3340.43,
        "lastTraded": null
      },
      "highPrice": {
        "bid": 3345.33,
        "ask": 3345.83,
        "lastTraded": null
      },
      "lowPrice": {
        "bid": 3340.03,
        "ask": 3340.43,
        "lastTraded": null
      },
      "lastTradedVolume": 1380
    },
    {
      "snapshotTime": "2025:05:22-04:30:00",
      "openPrice": {
        "bid": 3340.18,
        "ask": 3340.48,
        "lastTraded": null
      },
      "closePrice": {
        "bid": 3339.28,
        "ask": 3339.78,
        "lastTraded": null
      },
      "highPrice": {
        "bid": 3340.58,
        "ask": 3341.03,
        "lastTraded": null
      },
      "lowPrice": {
        "bid": 3337.71,
        "ask": 3338.01,
        "lastTraded": null
      },
      "lastTradedVolume": 904
    },
    {
      "snapshotTime": "2025:05:22-04:45:00",
      "openPrice": {
        "bid": 3339.38,
        "ask": 3339.88,
        "lastTraded": null
      },
      "closePrice": {
        "bid": 3335.25,
        "ask": 3335.75,
        "lastTraded": null
      },
      "highPrice": {
        "bid": 3339.38,
        "ask": 3339.88,
        "lastTraded": null
      },
      "lowPrice": {
        "bid": 3334.83,
        "ask": 3335.13,
        "lastTraded": null
      },
      "lastTradedVolume": 1029
    },
    {
      "snapshotTime": "2025:05:22-05:00:00",
      "openPrice": {
        "bid": 3335.28,
        "ask": 3335.78,
        "lastTraded": null
      },
      "closePrice": {
        "bid": 3335.13,
        "ask": 3335.43,
        "lastTraded": null
      },
      "highPrice": {
        "bid": 3336.4,
        "ask": 3336.7,
        "lastTraded": null
      },
      "lowPrice": {
        "bid": 3332.61,
        "ask": 3332.92,
        "lastTraded": null
      },
      "lastTradedVolume": 1092
    },
    {
      "snapshotTime": "2025:05:22-05:15:00",
      "openPrice": {
        "bid": 3335.08,
        "ask": 3335.58,
        "lastTraded": null
      },
      "closePrice": {
        "bid": 3336.69,
        "ask": 3337.19,
        "lastTraded": null
      },
      "highPrice": {
        "bid": 3337.18,
        "ask": 3337.48,
        "lastTraded": null
      },
      "lowPrice": {
        "bid": 3334.81,
        "ask": 3335.31,
        "lastTraded": null
      },
      "lastTradedVolume": 642
    },
    {
      "snapshotTime": "2025:05:22-05:30:00",
      "openPrice": {
        "bid": 3336.68,
        "ask": 3337.18,
        "lastTraded": null
      },
      "closePrice": {
        "bid": 3336.42,
        "ask": 3336.92,
        "lastTraded": null
      },
      "highPrice": {
        "bid": 3337.82,
        "ask": 3338.13,
        "lastTraded": null
      },
      "lowPrice": {
        "bid": 3334.93,
        "ask": 3335.33,
        "lastTraded": null
      },
      "lastTradedVolume": 1155
    },
    {
      "snapshotTime": "2025:05:22-05:45:00",
      "openPrice": {
        "bid": 3336.47,
        "ask": 3336.97,
        "lastTraded": null
      },
      "closePrice": {
        "bid": 3338.52,
        "ask": 3338.82,
        "lastTraded": null
      },
      "highPrice": {
        "bid": 3338.92,
        "ask": 3339.42,
        "lastTraded": null
      },
      "lowPrice": {
        "bid": 3336.16,
        "ask": 3336.61,
        "lastTraded": null
      },
      "lastTradedVolume": 906
    },
    {
      "snapshotTime": "2025:05:22-06:00:00",
      "openPrice": {
        "bid": 3338.61,
        "ask": 3338.91,
        "lastTraded": null
      },
      "closePrice": {
        "bid": 3336.53,
        "ask": 3336.83,
        "lastTraded": null
      },
      "highPrice": {
        "bid": 3339.29,
        "ask": 3339.79,
        "lastTraded": null
      },
      "lowPrice": {
        "bid": 3336.24,
        "ask": 3336.54,
        "lastTraded": null
      },
      "lastTradedVolume": 707
    },
    {
      "snapshotTime": "2025:05:22-06:15:00",
      "openPrice": {
        "bid": 3336.48,
        "ask": 3336.98,
        "lastTraded": null
      },
      "closePrice": {
        "bid": 3337.73,
        "ask": 3338.03,
        "lastTraded": null
      },
      "highPrice": {
        "bid": 3338.83,
        "ask": 3339.13,
        "lastTraded": null
      },
      "lowPrice": {
        "bid": 3336.04,
        "ask": 3336.34,
        "lastTraded": null
      },
      "lastTradedVolume": 627
    },
    {
      "snapshotTime": "2025:05:22-06:30:00",
      "openPrice": {
        "bid": 3337.68,
        "ask": 3337.98,
        "lastTraded": null
      },
      "closePrice": {
        "bid": 3335.83,
        "ask": 3336.33,
        "lastTraded": null
      },
      "highPrice": {
        "bid": 3339.28,
        "ask": 3339.58,
        "lastTraded": null
      },
      "lowPrice": {
        "bid": 3335.43,
        "ask": 3335.73,
        "lastTraded": null
      },
      "lastTradedVolume": 1285
    },
    {
      "snapshotTime": "2025:05:22-06:45:00",
      "openPrice": {
        "bid": 3335.88,
        "ask": 3336.18,
        "lastTraded": null
      },
      "closePrice": {
        "bid": 3332.33,
        "ask": 3332.63,
        "lastTraded": null
      },
      "highPrice": {
        "bid": 3335.88,
        "ask": 3336.23,
        "lastTraded": null
      },
      "lowPrice": {
        "bid": 3326.23,
        "ask": 3326.53,
        "lastTraded": null
      },
      "lastTradedVolume": 2309
    },
    {
      "snapshotTime": "2025:05:22-07:00:00",
      "openPrice": {
        "bid": 3332.28,
        "ask": 3332.58,
        "lastTraded": null
      },
      "closePrice": {
        "bid": 3333.1,
        "ask": 3333.6,
        "lastTraded": null
      },
      "highPrice": {
        "bid": 3335.61,
        "ask": 3335.91,
        "lastTraded": null
      },
      "lowPrice": {
        "bid": 3332.28,
        "ask": 3332.58,
        "lastTraded": null
      },
      "lastTradedVolume": 1627
    },
    {
      "snapshotTime": "2025:05:22-07:15:00",
      "openPrice": {
        "bid": 3333.2,
        "ask": 3333.7,
        "lastTraded": null
      },
      "closePrice": {
        "bid": 3331.58,
        "ask": 3332.08,
        "lastTraded": null
      },
      "highPrice": {
        "bid": 3333.75,
        "ask": 3334.25,
        "lastTraded": null
      },
      "lowPrice": {
        "bid": 3327.53,
        "ask": 3327.83,
        "lastTraded": null
      },
      "lastTradedVolume": 1601
    },
    {
      "snapshotTime": "2025:05:22-07:30:00",
      "openPrice": {
        "bid": 3331.53,
        "ask": 3332.03,
        "lastTraded": null
      },
      "closePrice": {
        "bid": 3330.78,
        "ask": 3331.28,
        "lastTraded": null
      },
      "highPrice": {
        "bid": 3333.28,
        "ask": 3333.68,
        "lastTraded": null
      },
      "lowPrice": {
        "bid": 3328.93,
        "ask": 3329.23,
        "lastTraded": null
      },
      "lastTradedVolume": 1466
    },
    {
      "snapshotTime": "2025:05:22-07:45:00",
      "openPrice": {
        "bid": 3330.88,
        "ask": 3331.38,
        "lastTraded": null
      },
      "closePrice": {
        "bid": 3326.43,
        "ask": 3326.73,
        "lastTraded": null
      },
      "highPrice": {
        "bid": 3331.93,
        "ask": 3332.43,
        "lastTraded": null
      },
      "lowPrice": {
        "bid": 3325.45,
        "ask": 3325.75,
        "lastTraded": null
      },
      "lastTradedVolume": 1494
    },
    {
      "snapshotTime": "2025:05:22-08:00:00",
      "openPrice": {
        "bid": 3326.48,
        "ask": 3326.78,
        "lastTraded": null
      },
      "closePrice": {
        "bid": 3325.43,
        "ask": 3325.93,
        "lastTraded": null
      },
      "highPrice": {
        "bid": 3327.53,
        "ask": 3327.85,
        "lastTraded": null
      },
      "lowPrice": {
        "bid": 3324.0,
        "ask": 3324.3,
        "lastTraded": null
      },
      "lastTradedVolume": 1490
    },
    {
      "snapshotTime": "2025:05:22-08:15:00",
      "openPrice": {
        "bid": 3325.34,
        "ask": 3325.84,
        "lastTraded": null
      },
      "closePrice": {
        "bid": 3329.78,
        "ask": 3330.08,
        "lastTraded": null
      },
      "highPrice": {
        "bid": 3331.15,
        "ask": 3331.57,
        "lastTraded": null
      },
      "lowPrice": {
        "bid": 3322.38,
        "ask": 3322.78,
        "lastTraded": null
      },
      "lastTradedVolume": 1743
    },
    {
      "snapshotTime": "2025:05:22-08:30:00",
      "openPrice": {
        "bid": 3329.88,
        "ask": 3330.18,
        "lastTraded": null
      },
      "closePrice": {
        "bid": 3328.08,
        "ask": 3328.38,
        "lastTraded": null
      },
      "highPrice": {
        "bid": 3330.33,
        "ask": 3330.83,
        "lastTraded": null
      },
      "lowPrice": {
        "bid": 3325.59,
        "ask": 3326.09,
        "lastTraded": null
      },
      "lastTradedVolume": 2381
    },
    {
      "snapshotTime": "2025:05:22-08:45:00",
      "openPrice": {
        "bid": 3327.98,
        "ask": 3328.48,
        "lastTraded": null
      },
      "closePrice": {
        "bid": 3327.48,
        "ask": 3327.78,
        "lastTraded": null
      },
      "highPrice": {
        "bid": 3330.63,
        "ask": 3330.93,
        "lastTraded": null
      },
      "lowPrice": {
        "bid": 3327.13,
        "ask": 3327.43,
        "lastTraded": null
      },
      "lastTradedVolume": 1109
    },
    {
      "snapshotTime": "2025:05:22-09:00:00",
      "openPrice": {
        "bid": 3327.61,
        "ask": 3327.91,
        "lastTraded": null
      },
      "closePrice": {
        "bid": 3326.78,
        "ask": 3327.28,
        "lastTraded": null
      },
      "highPrice": {
        "bid": 3329.82,
        "ask": 3330.22,
        "lastTraded": null
      },
      "lowPrice": {
        "bid": 3325.5,
        "ask": 3325.8,
        "lastTraded": null
      },
      "lastTradedVolume": 2150
    },
    {
      "snapshotTime": "2025:05:22-09:15:00",
      "openPrice": {
        "bid": 3326.79,
        "ask": 3327.29,
        "lastTraded": null
      },
      "closePrice": {
        "bid": 3318.58,
        "ask": 3318.88,
        "lastTraded": null
      },
      "highPrice": {
        "bid": 3326.79,
        "ask": 3327.29,
        "lastTraded": null
      },
      "lowPrice": {
        "bid": 3317.66,
        "ask": 3317.96,
        "lastTraded": null
      },
      "lastTradedVolume": 2185
    },
    {
      "snapshotTime": "2025:05:22-09:30:00",
      "openPrice": {
        "bid": 3318.63,
        "ask": 3318.93,
        "lastTraded": null
      },
      "closePrice": {
        "bid": 3314.75,
        "ask": 3315.25,
        "lastTraded": null
      },
      "highPrice": {
        "bid": 3318.68,
        "ask": 3318.98,
        "lastTraded": null
      },
      "lowPrice": {
        "bid": 3311.06,
        "ask": 3311.36,
        "lastTraded": null
      },
      "lastTradedVolume": 2506
    },
    {
      "snapshotTime": "2025:05:22-09:45:00",
      "openPrice": {
        "bid": 3314.7,
        "ask": 3315.2,
        "lastTraded": null
      },
      "closePrice": {
        "bid": 3311.08,
        "ask": 3311.58,
        "lastTraded": null
      },
      "highPrice": {
        "bid": 3315.43,
        "ask": 3315.9,
        "lastTraded": null
      },
      "lowPrice": {
        "bid": 3310.03,
        "ask": 3310.38,
        "lastTraded": null
      },
      "lastTradedVolume": 1810
    },
    {
      "snapshotTime": "2025:05:22-10:00:00",
      "openPrice": {
        "bid": 3310.93,
        "ask": 3311.43,
        "lastTraded": null
      },
      "closePrice": {
        "bid": 3311.15,
        "ask": 3311.45,
        "lastTraded": null
      },
      "highPrice": {
        "bid": 3313.7,
        "ask": 3314.2,
        "lastTraded": null
      },
      "lowPrice": {
        "bid": 3306.8,
        "ask": 3307.1,
        "lastTraded": null
      },
      "lastTradedVolume": 2265
    },
    {
      "snapshotTime": "2025:05:22-10:15:00",
      "openPrice": {
        "bid": 3311.0,
        "ask": 3311.3,
        "lastTraded": null
      },
      "closePrice": {
        "bid": 3306.4,
        "ask": 3306.9,
        "lastTraded": null
      },
      "highPrice": {
        "bid": 3311.0,
        "ask": 3311.45,
        "lastTraded": null
      },
      "lowPrice": {
        "bid": 3304.31,
        "ask": 3304.67,
        "lastTraded": null
      },
      "lastTradedVolume": 1955
    },
    {
      "snapshotTime": "2025:05:22-10:30:00",
      "openPrice": {
        "bid": 3306.35,
        "ask": 3306.85,
        "lastTraded": null
      },
      "closePrice": {
        "bid": 3308.23,
        "ask": 3308.73,
        "lastTraded": null
      },
      "highPrice": {
        "bid": 3309.73,
        "ask": 3310.08,
        "lastTraded": null
      },
      "lowPrice": {
        "bid": 3305.93,
        "ask": 3306.39,
        "lastTraded": null
      },
      "lastTradedVolume": 1417
    },
    {
      "snapshotTime": "2025:05:22-10:45:00",
      "openPrice": {
        "bid": 3308.13,
        "ask": 3308.63,
        "lastTraded": null
      },
      "closePrice": {
        "bid": 3304.58,
        "ask": 3305.08,
        "lastTraded": null
      },
      "highPrice": {
        "bid": 3309.88,
        "ask": 3310.18,
        "lastTraded": null
      },
      "lowPrice": {
        "bid": 3304.08,
        "ask": 3304.46,
        "lastTraded": null
      },
      "lastTradedVolume": 1279
    },
    {
      "snapshotTime": "2025:05:22-11:00:00",
      "openPrice": {
        "bid": 3304.43,
        "ask": 3304.93,
        "lastTraded": null
      },
      "closePrice": {
        "bid": 3304.65,
        "ask": 3305.15,
        "lastTraded": null
      },
      "highPrice": {
        "bid": 3307.48,
        "ask": 3307.83,
        "lastTraded": null
      },
      "lowPrice": {
        "bid": 3301.48,
        "ask": 3301.78,
        "lastTraded": null
      },
      "lastTradedVolume": 1509
    },
    {
      "snapshotTime": "2025:05:22-11:15:00",
      "openPrice": {
        "bid": 3304.61,
        "ask": 3305.11,
        "lastTraded": null
      },
      "closePrice": {
        "bid": 3299.18,
        "ask": 3299.68,
        "lastTraded": null
      },
      "highPrice": {
        "bid": 3305.38,
        "ask": 3305.68,
        "lastTraded": null
      },
      "lowPrice": {
        "bid": 3298.52,
        "ask": 3298.82,
        "lastTraded": null
      },
      "lastTradedVolume": 1675
    },
    {
      "snapshotTime": "2025:05:22-11:30:00",
      "openPrice": {
        "bid": 3298.75,
        "ask": 3299.25,
        "lastTraded": null
      },
      "closePrice": {
        "bid": 3299.13,
        "ask": 3299.63,
        "lastTraded": null
      },
      "highPrice": {
        "bid": 3299.73,
        "ask": 3300.08,
        "lastTraded": null
      },
      "lowPrice": {
        "bid": 3290.58,
        "ask": 3290.88,
        "lastTraded": null
      },
      "lastTradedVolume": 2039
    },
    {
      "snapshotTime": "2025:05:22-11:45:00",
      "openPrice": {
        "bid": 3299.23,
        "ask": 3299.73,
        "lastTraded": null
      },
      "closePrice": {
        "bid": 3289.5,
        "ask": 3290.0,
        "lastTraded": null
      },
      "highPrice": {
        "bid": 3300.53,
        "ask": 3300.93,
        "lastTraded": null
      },
      "lowPrice": {
        "bid": 3288.35,
        "ask": 3288.78,
        "lastTraded": null
      },
      "lastTradedVolume": 2714
    },
    {
      "snapshotTime": "2025:05:22-12:00:00",
      "openPrice": {
        "bid": 3289.4,
        "ask": 3289.9,
        "lastTraded": null
      },
      "closePrice": {
        "bid": 3292.97,
        "ask": 3293.47,
        "lastTraded": null
      },
      "highPrice": {
        "bid": 3293.6,
        "ask": 3294.1,
        "lastTraded": null
      },
      "lowPrice": {
        "bid": 3282.83,
        "ask": 3283.28,
        "lastTraded": null
      },
      "lastTradedVolume": 2883
    },
    {
      "snapshotTime": "2025:05:22-12:15:00",
      "openPrice": {
        "bid": 3292.96,
        "ask": 3293.46,
        "lastTraded": null
      },
      "closePrice": {
        "bid": 3294.58,
        "ask": 3295.08,
        "lastTraded": null
      },
      "highPrice": {
        "bid": 3296.8,
        "ask": 3297.1,
        "lastTraded": null
      },
      "lowPrice": {
        "bid": 3291.43,
        "ask": 3291.93,
        "lastTraded": null
      },
      "lastTradedVolume": 2135
    },
    {
      "snapshotTime": "2025:05:22-12:30:00",
      "openPrice": {
        "bid": 3294.48,
        "ask": 3294.98,
        "lastTraded": null
      },
      "closePrice": {
        "bid": 3299.98,
        "ask": 3300.28,
        "lastTraded": null
      },
      "highPrice": {
        "bid": 3300.58,
        "ask": 3300.88,
        "lastTraded": null
      },
      "lowPrice": {
        "bid": 3291.33,
        "ask": 3291.63,
        "lastTraded": null
      },
      "lastTradedVolume": 2004
    },
    {
      "snapshotTime": "2025:05:22-12:45:00",
      "openPrice": {
        "bid": 3299.88,
        "ask": 3300.18,
        "lastTraded": null
      },
      "closePrice": {
        "bid": 3314.28,
        "ask": 3314.58,
        "lastTraded": null
      },
      "highPrice": {
        "bid": 3314.63,
        "ask": 3315.05,
        "lastTraded": null
      },
      "lowPrice": {
        "bid": 3298.6,
        "ask": 3299.1,
        "lastTraded": null
      },
      "lastTradedVolume": 2798
    },
    {
      "snapshotTime": "2025:05:22-13:00:00",
      "openPrice": {
        "bid": 3314.13,
        "ask": 3314.43,
        "lastTraded": null
      },
      "closePrice": {
        "bid": 3307.03,
        "ask": 3307.53,
        "lastTraded": null
      },
      "highPrice": {
        "bid": 3314.46,
        "ask": 3314.85,
        "lastTraded": null
      },
      "lowPrice": {
        "bid": 3305.74,
        "ask": 3306.08,
        "lastTraded": null
      },
      "lastTradedVolume": 2812
    },
    {
      "snapshotTime": "2025:05:22-13:15:00",
      "openPrice": {
        "bid": 3307.23,
        "ask": 3307.73,
        "lastTraded": null
      },
      "closePrice": {
        "bid": 3310.4,
        "ask": 3310.9,
        "lastTraded": null
      },
      "highPrice": {
        "bid": 3312.58,
        "ask": 3312.88,
        "lastTraded": null
      },
      "lowPrice": {
        "bid": 3305.43,
        "ask": 3305.73,
        "lastTraded": null
      },
      "lastTradedVolume": 2122
    },
    {
      "snapshotTime": "2025:05:22-13:30:00",
      "openPrice": {
        "bid": 3311.35,
        "ask": 3311.85,
        "lastTraded": null
      },
      "closePrice": {
        "bid": 3306.7,
        "ask": 3307.0,
        "lastTraded": null
      },
      "highPrice": {
        "bid": 3311.45,
        "ask": 3312.6,
        "lastTraded": null
      },
      "lowPrice": {
        "bid": 3302.68,
        "ask": 3302.98,
        "lastTraded": null
      },
      "lastTradedVolume": 2880
    },
    {
      "snapshotTime": "2025:05:22-13:45:00",
      "openPrice": {
        "bid": 3306.89,
        "ask": 3307.19,
        "lastTraded": null
      },
      "closePrice": {
        "bid": 3304.04,
        "ask": 3304.34,
        "lastTraded": null
      },
      "highPrice": {
        "bid": 3307.98,
        "ask": 3308.35,
        "lastTraded": null
      },
      "lowPrice": {
        "bid": 3300.7,
        "ask": 3301.2,
        "lastTraded": null
      },
      "lastTradedVolume": 2394
    },
    {
      "snapshotTime": "2025:05:22-14:00:00",
      "openPrice": {
        "bid": 3304.33,
        "ask": 3304.63,
        "lastTraded": null
      },
      "closePrice": {
        "bid": 3309.47,
        "ask": 3309.77,
        "lastTraded": null
      },
      "highPrice": {
        "bid": 3310.15,
        "ask": 3310.45,
        "lastTraded": null
      },
      "lowPrice": {
        "bid": 3304.33,
        "ask": 3304.63,
        "lastTraded": null
      },
      "lastTradedVolume": 633
    }
  ],
  "instrumentType": "CURRENCIES",
  "allowance": {
    "remainingAllowance": 8052,
    "totalAllowance": 10000,
    "allowanceExpiry": 75672
  }
}
[2025-05-22 14:01:49,370] INFO: Processing price data for GC
[2025-05-22 14:01:49,371] INFO: Processed 52 price points for GC
[2025-05-22 14:01:49,373] DEBUG: Strategy datapoints: <equitiestradingbot.interfaces.market_history.MarketHistory object at 0x117a03770>
[2025-05-22 14:01:49,386] INFO: Trade Analysis for CS.D.USCGC.TODAY.IP:
[2025-05-22 14:01:49,386] INFO: Latest Price: 3309.47000
[2025-05-22 14:01:49,386] INFO: MACD: -4.36583 (Signal: -6.07977)
[2025-05-22 14:01:49,386] INFO: RSI: 50.94
[2025-05-22 14:01:49,386] INFO: ADX: 62.18
[2025-05-22 14:01:49,386] INFO: Volume: 633 (MA: 2076)
[2025-05-22 14:01:49,386] INFO: Checking for LONG signal...
[2025-05-22 14:01:49,386] INFO:   - RSI condition met
[2025-05-22 14:01:49,386] INFO:   - ADX condition met (above 20)
[2025-05-22 14:01:49,386] INFO:   - Squeeze momentum condition met
[2025-05-22 14:01:49,386] INFO:   - Conditions met: 3/5
[2025-05-22 14:01:49,386] INFO: LONG Signal Generated:
[2025-05-22 14:01:49,386] INFO:   - Price above SMA
[2025-05-22 14:01:49,386] INFO:   - MACD crossed up
[2025-05-22 14:01:49,386] INFO:   - RSI above 50
[2025-05-22 14:01:49,386] INFO:   - Volume above EMA
[2025-05-22 14:01:49,386] INFO:   - ADX conditions met
[2025-05-22 14:01:49,387] INFO: Attempting to place trade with data: {
  "direction": "BUY",
  "epic": "CS.D.USCGC.TODAY.IP",
  "limitLevel": 3341.4628571428575,
  "orderType": "MARKET",
  "size": 10,
  "stopLevel": 3296.6728571428566,
  "forceOpen": true,
  "expiry": "DFB",
  "guaranteedStop": false,
  "currencyCode": "GBP"
}
[2025-05-22 14:01:49,387] DEBUG: Starting new HTTPS connection (1): demo-api.ig.com:443
[2025-05-22 14:01:49,575] DEBUG: https://demo-api.ig.com:443 "POST /gateway/deal/positions/otc HTTP/1.1" 200 35
[2025-05-22 14:01:52,608] DEBUG: Starting new HTTPS connection (1): demo-api.ig.com:443
[2025-05-22 14:01:52,807] DEBUG: https://demo-api.ig.com:443 "GET /gateway/deal/confirms/Q4VUYTSVT3QTYPT HTTP/1.1" 200 474
[2025-05-22 14:01:52,810] INFO: Order confirmation response: {
  "date": "2025-05-22T13:01:49.664",
  "status": "OPEN",
  "reason": "SUCCESS",
  "dealStatus": "ACCEPTED",
  "epic": "CS.D.USCGC.TODAY.IP",
  "expiry": "DFB",
  "dealReference": "Q4VUYTSVT3QTYPT",
  "dealId": "DIAAAATWQ3LJKAD",
  "affectedDeals": [
    {
      "dealId": "DIAAAATWQ3LJKAD",
      "status": "OPENED"
    }
  ],
  "level": 3309.74,
  "size": 10.0,
  "direction": "BUY",
  "stopLevel": 3296.6729,
  "limitLevel": 3341.463,
  "stopDistance": null,
  "limitDistance": null,
  "guaranteedStop": false,
  "trailingStop": false,
  "profit": null,
  "profitCurrency": null
}
[2025-05-22 14:01:52,810] INFO: Order BUY for CS.D.USCGC.TODAY.IP confirmed with limit=3341.4628571428575 and stop=3296.6728571428566
[2025-05-22 14:01:52,811] INFO: Starting to process market source
[2025-05-22 14:01:55,842] DEBUG: Starting new HTTPS connection (1): demo-api.ig.com:443
[2025-05-22 14:01:56,033] DEBUG: https://demo-api.ig.com:443 "GET /gateway/deal/markets/ HTTP/1.1" 500 77
[2025-05-22 14:01:56,035] ERROR: HTTP request returned 500
