[2025-05-21 17:29:30,516] INFO: Initialising IGInterface...
[2025-05-21 17:29:30,535] DEBUG: Starting new HTTPS connection (1): demo-api.ig.com:443
[2025-05-21 17:29:30,704] DEBUG: https://demo-api.ig.com:443 "POST /gateway/deal/session HTTP/1.1" 200 619
[2025-05-21 17:29:30,706] DEBUG: Starting new HTTPS connection (1): demo-api.ig.com:443
[2025-05-21 17:29:30,791] DEBUG: https://demo-api.ig.com:443 "PUT /gateway/deal/session HTTP/1.1" 412 56
[2025-05-21 17:29:30,792] INFO: Account is already set as default
[2025-05-21 17:29:30,793] INFO: Using stock interface: IGInterface
[2025-05-21 17:29:30,793] INFO: Advanced Momentum Strategy initialised
[2025-05-21 17:29:30,793] INFO: Advanced Momentum Strategy created
[2025-05-21 17:29:30,794] INFO: Performing a single iteration of the market source
[2025-05-21 17:29:33,817] DEBUG: Starting new HTTPS connection (1): demo-api.ig.com:443
[2025-05-21 17:29:33,908] DEBUG: https://demo-api.ig.com:443 "GET /gateway/deal/positions HTTP/1.1" 200 16
[2025-05-21 17:29:33,911] DEBUG: Raw positions response: {
  "positions": []
}
[2025-05-21 17:29:33,911] INFO: Starting to process market source
[2025-05-21 17:29:36,939] DEBUG: Starting new HTTPS connection (1): demo-api.ig.com:443
[2025-05-21 17:29:37,025] DEBUG: https://demo-api.ig.com:443 "GET /gateway/deal/markets/CS.D.USCGC.TODAY.IP HTTP/1.1" 200 2027
[2025-05-21 17:29:40,054] DEBUG: Starting new HTTPS connection (1): demo-api.ig.com:443
[2025-05-21 17:29:40,132] DEBUG: https://demo-api.ig.com:443 "GET /gateway/deal/positions HTTP/1.1" 200 16
[2025-05-21 17:29:40,134] DEBUG: Raw positions response: {
  "positions": []
}
[2025-05-21 17:29:43,169] DEBUG: Starting new HTTPS connection (1): demo-api.ig.com:443
[2025-05-21 17:29:43,264] DEBUG: https://demo-api.ig.com:443 "GET /gateway/deal/accounts HTTP/1.1" 200 552
[2025-05-21 17:29:43,315] INFO: Processing GC
[2025-05-21 17:29:43,315] CRITICAL: CRITICAL: get_prices method called
[2025-05-21 17:29:43,315] INFO: Fetching price data from URL: https://demo-api.ig.com/gateway/deal/prices/CS.D.USCGC.TODAY.IP/MINUTE_15/52
[2025-05-21 17:29:46,348] DEBUG: Starting new HTTPS connection (1): demo-api.ig.com:443
[2025-05-21 17:29:46,470] DEBUG: https://demo-api.ig.com:443 "GET /gateway/deal/prices/CS.D.USCGC.TODAY.IP/MINUTE_15/52 HTTP/1.1" 200 15876
[2025-05-21 17:29:46,474] DEBUG: Raw price data: {
  "prices": [
    {
      "snapshotTime": "2025:05:21-04:30:00",
      "openPrice": {
        "bid": 3307.8,
        "ask": 3308.3,
        "lastTraded": null
      },
      "closePrice": {
        "bid": 3307.13,
        "ask": 3307.43,
        "lastTraded": null
      },
      "highPrice": {
        "bid": 3308.37,
        "ask": 3308.87,
        "lastTraded": null
      },
      "lowPrice": {
        "bid": 3305.49,
        "ask": 3305.93,
        "lastTraded": null
      },
      "lastTradedVolume": 895
    },
    {
      "snapshotTime": "2025:05:21-04:45:00",
      "openPrice": {
        "bid": 3307.03,
        "ask": 3307.53,
        "lastTraded": null
      },
      "closePrice": {
        "bid": 3307.45,
        "ask": 3307.95,
        "lastTraded": null
      },
      "highPrice": {
        "bid": 3309.63,
        "ask": 3309.98,
        "lastTraded": null
      },
      "lowPrice": {
        "bid": 3305.45,
        "ask": 3305.95,
        "lastTraded": null
      },
      "lastTradedVolume": 847
    },
    {
      "snapshotTime": "2025:05:21-05:00:00",
      "openPrice": {
        "bid": 3307.4,
        "ask": 3307.9,
        "lastTraded": null
      },
      "closePrice": {
        "bid": 3305.08,
        "ask": 3305.38,
        "lastTraded": null
      },
      "highPrice": {
        "bid": 3308.21,
        "ask": 3308.71,
        "lastTraded": null
      },
      "lowPrice": {
        "bid": 3304.0,
        "ask": 3304.38,
        "lastTraded": null
      },
      "lastTradedVolume": 667
    },
    {
      "snapshotTime": "2025:05:21-05:15:00",
      "openPrice": {
        "bid": 3304.98,
        "ask": 3305.28,
        "lastTraded": null
      },
      "closePrice": {
        "bid": 3304.05,
        "ask": 3304.55,
        "lastTraded": null
      },
      "highPrice": {
        "bid": 3306.94,
        "ask": 3307.37,
        "lastTraded": null
      },
      "lowPrice": {
        "bid": 3302.55,
        "ask": 3303.0,
        "lastTraded": null
      },
      "lastTradedVolume": 623
    },
    {
      "snapshotTime": "2025:05:21-05:30:00",
      "openPrice": {
        "bid": 3304.15,
        "ask": 3304.65,
        "lastTraded": null
      },
      "closePrice": {
        "bid": 3304.55,
        "ask": 3305.05,
        "lastTraded": null
      },
      "highPrice": {
        "bid": 3306.35,
        "ask": 3306.85,
        "lastTraded": null
      },
      "lowPrice": {
        "bid": 3301.9,
        "ask": 3302.4,
        "lastTraded": null
      },
      "lastTradedVolume": 728
    },
    {
      "snapshotTime": "2025:05:21-05:45:00",
      "openPrice": {
        "bid": 3304.65,
        "ask": 3305.15,
        "lastTraded": null
      },
      "closePrice": {
        "bid": 3302.0,
        "ask": 3302.5,
        "lastTraded": null
      },
      "highPrice": {
        "bid": 3306.05,
        "ask": 3306.45,
        "lastTraded": null
      },
      "lowPrice": {
        "bid": 3301.13,
        "ask": 3301.43,
        "lastTraded": null
      },
      "lastTradedVolume": 606
    },
    {
      "snapshotTime": "2025:05:21-06:00:00",
      "openPrice": {
        "bid": 3301.9,
        "ask": 3302.4,
        "lastTraded": null
      },
      "closePrice": {
        "bid": 3299.83,
        "ask": 3300.13,
        "lastTraded": null
      },
      "highPrice": {
        "bid": 3302.0,
        "ask": 3302.5,
        "lastTraded": null
      },
      "lowPrice": {
        "bid": 3298.35,
        "ask": 3298.65,
        "lastTraded": null
      },
      "lastTradedVolume": 784
    },
    {
      "snapshotTime": "2025:05:21-06:15:00",
      "openPrice": {
        "bid": 3299.65,
        "ask": 3299.95,
        "lastTraded": null
      },
      "closePrice": {
        "bid": 3302.5,
        "ask": 3303.0,
        "lastTraded": null
      },
      "highPrice": {
        "bid": 3302.95,
        "ask": 3303.25,
        "lastTraded": null
      },
      "lowPrice": {
        "bid": 3298.8,
        "ask": 3299.3,
        "lastTraded": null
      },
      "lastTradedVolume": 663
    },
    {
      "snapshotTime": "2025:05:21-06:30:00",
      "openPrice": {
        "bid": 3302.65,
        "ask": 3303.15,
        "lastTraded": null
      },
      "closePrice": {
        "bid": 3312.38,
        "ask": 3312.88,
        "lastTraded": null
      },
      "highPrice": {
        "bid": 3313.15,
        "ask": 3313.45,
        "lastTraded": null
      },
      "lowPrice": {
        "bid": 3300.28,
        "ask": 3300.69,
        "lastTraded": null
      },
      "lastTradedVolume": 1776
    },
    {
      "snapshotTime": "2025:05:21-06:45:00",
      "openPrice": {
        "bid": 3312.48,
        "ask": 3312.98,
        "lastTraded": null
      },
      "closePrice": {
        "bid": 3316.18,
        "ask": 3316.68,
        "lastTraded": null
      },
      "highPrice": {
        "bid": 3319.58,
        "ask": 3319.98,
        "lastTraded": null
      },
      "lowPrice": {
        "bid": 3310.8,
        "ask": 3311.3,
        "lastTraded": null
      },
      "lastTradedVolume": 2051
    },
    {
      "snapshotTime": "2025:05:21-07:00:00",
      "openPrice": {
        "bid": 3316.23,
        "ask": 3316.53,
        "lastTraded": null
      },
      "closePrice": {
        "bid": 3314.4,
        "ask": 3314.9,
        "lastTraded": null
      },
      "highPrice": {
        "bid": 3317.18,
        "ask": 3317.68,
        "lastTraded": null
      },
      "lowPrice": {
        "bid": 3310.78,
        "ask": 3311.08,
        "lastTraded": null
      },
      "lastTradedVolume": 1730
    },
    {
      "snapshotTime": "2025:05:21-07:15:00",
      "openPrice": {
        "bid": 3314.6,
        "ask": 3315.1,
        "lastTraded": null
      },
      "closePrice": {
        "bid": 3318.6,
        "ask": 3319.1,
        "lastTraded": null
      },
      "highPrice": {
        "bid": 3318.6,
        "ask": 3319.1,
        "lastTraded": null
      },
      "lowPrice": {
        "bid": 3312.43,
        "ask": 3312.73,
        "lastTraded": null
      },
      "lastTradedVolume": 1670
    },
    {
      "snapshotTime": "2025:05:21-07:30:00",
      "openPrice": {
        "bid": 3318.7,
        "ask": 3319.2,
        "lastTraded": null
      },
      "closePrice": {
        "bid": 3319.08,
        "ask": 3319.58,
        "lastTraded": null
      },
      "highPrice": {
        "bid": 3320.22,
        "ask": 3320.61,
        "lastTraded": null
      },
      "lowPrice": {
        "bid": 3315.05,
        "ask": 3315.55,
        "lastTraded": null
      },
      "lastTradedVolume": 1872
    },
    {
      "snapshotTime": "2025:05:21-07:45:00",
      "openPrice": {
        "bid": 3319.15,
        "ask": 3319.65,
        "lastTraded": null
      },
      "closePrice": {
        "bid": 3319.9,
        "ask": 3320.4,
        "lastTraded": null
      },
      "highPrice": {
        "bid": 3320.54,
        "ask": 3320.84,
        "lastTraded": null
      },
      "lowPrice": {
        "bid": 3316.25,
        "ask": 3316.55,
        "lastTraded": null
      },
      "lastTradedVolume": 1658
    },
    {
      "snapshotTime": "2025:05:21-08:00:00",
      "openPrice": {
        "bid": 3319.88,
        "ask": 3320.38,
        "lastTraded": null
      },
      "closePrice": {
        "bid": 3311.53,
        "ask": 3311.83,
        "lastTraded": null
      },
      "highPrice": {
        "bid": 3319.88,
        "ask": 3320.38,
        "lastTraded": null
      },
      "lowPrice": {
        "bid": 3311.13,
        "ask": 3311.53,
        "lastTraded": null
      },
      "lastTradedVolume": 1821
    },
    {
      "snapshotTime": "2025:05:21-08:15:00",
      "openPrice": {
        "bid": 3311.58,
        "ask": 3311.88,
        "lastTraded": null
      },
      "closePrice": {
        "bid": 3312.45,
        "ask": 3312.95,
        "lastTraded": null
      },
      "highPrice": {
        "bid": 3313.55,
        "ask": 3314.05,
        "lastTraded": null
      },
      "lowPrice": {
        "bid": 3308.1,
        "ask": 3308.4,
        "lastTraded": null
      },
      "lastTradedVolume": 1793
    },
    {
      "snapshotTime": "2025:05:21-08:30:00",
      "openPrice": {
        "bid": 3312.35,
        "ask": 3312.85,
        "lastTraded": null
      },
      "closePrice": {
        "bid": 3314.45,
        "ask": 3314.95,
        "lastTraded": null
      },
      "highPrice": {
        "bid": 3315.17,
        "ask": 3315.65,
        "lastTraded": null
      },
      "lowPrice": {
        "bid": 3311.08,
        "ask": 3311.53,
        "lastTraded": null
      },
      "lastTradedVolume": 1168
    },
    {
      "snapshotTime": "2025:05:21-08:45:00",
      "openPrice": {
        "bid": 3314.25,
        "ask": 3314.75,
        "lastTraded": null
      },
      "closePrice": {
        "bid": 3309.78,
        "ask": 3310.08,
        "lastTraded": null
      },
      "highPrice": {
        "bid": 3314.25,
        "ask": 3314.75,
        "lastTraded": null
      },
      "lowPrice": {
        "bid": 3307.73,
        "ask": 3308.03,
        "lastTraded": null
      },
      "lastTradedVolume": 1502
    },
    {
      "snapshotTime": "2025:05:21-09:00:00",
      "openPrice": {
        "bid": 3309.98,
        "ask": 3310.28,
        "lastTraded": null
      },
      "closePrice": {
        "bid": 3305.1,
        "ask": 3305.6,
        "lastTraded": null
      },
      "highPrice": {
        "bid": 3311.07,
        "ask": 3311.37,
        "lastTraded": null
      },
      "lowPrice": {
        "bid": 3303.8,
        "ask": 3304.28,
        "lastTraded": null
      },
      "lastTradedVolume": 1393
    },
    {
      "snapshotTime": "2025:05:21-09:15:00",
      "openPrice": {
        "bid": 3305.05,
        "ask": 3305.55,
        "lastTraded": null
      },
      "closePrice": {
        "bid": 3306.85,
        "ask": 3307.35,
        "lastTraded": null
      },
      "highPrice": {
        "bid": 3309.68,
        "ask": 3310.18,
        "lastTraded": null
      },
      "lowPrice": {
        "bid": 3304.33,
        "ask": 3304.63,
        "lastTraded": null
      },
      "lastTradedVolume": 1205
    },
    {
      "snapshotTime": "2025:05:21-09:30:00",
      "openPrice": {
        "bid": 3306.93,
        "ask": 3307.43,
        "lastTraded": null
      },
      "closePrice": {
        "bid": 3309.02,
        "ask": 3309.32,
        "lastTraded": null
      },
      "highPrice": {
        "bid": 3312.2,
        "ask": 3312.63,
        "lastTraded": null
      },
      "lowPrice": {
        "bid": 3305.45,
        "ask": 3305.95,
        "lastTraded": null
      },
      "lastTradedVolume": 1276
    },
    {
      "snapshotTime": "2025:05:21-09:45:00",
      "openPrice": {
        "bid": 3308.87,
        "ask": 3309.17,
        "lastTraded": null
      },
      "closePrice": {
        "bid": 3308.38,
        "ask": 3308.68,
        "lastTraded": null
      },
      "highPrice": {
        "bid": 3310.43,
        "ask": 3310.93,
        "lastTraded": null
      },
      "lowPrice": {
        "bid": 3307.73,
        "ask": 3308.18,
        "lastTraded": null
      },
      "lastTradedVolume": 1092
    },
    {
      "snapshotTime": "2025:05:21-10:00:00",
      "openPrice": {
        "bid": 3308.53,
        "ask": 3308.83,
        "lastTraded": null
      },
      "closePrice": {
        "bid": 3307.58,
        "ask": 3307.88,
        "lastTraded": null
      },
      "highPrice": {
        "bid": 3311.24,
        "ask": 3311.74,
        "lastTraded": null
      },
      "lowPrice": {
        "bid": 3306.9,
        "ask": 3307.3,
        "lastTraded": null
      },
      "lastTradedVolume": 1049
    },
    {
      "snapshotTime": "2025:05:21-10:15:00",
      "openPrice": {
        "bid": 3307.43,
        "ask": 3307.93,
        "lastTraded": null
      },
      "closePrice": {
        "bid": 3310.55,
        "ask": 3311.05,
        "lastTraded": null
      },
      "highPrice": {
        "bid": 3311.93,
        "ask": 3312.33,
        "lastTraded": null
      },
      "lowPrice": {
        "bid": 3307.23,
        "ask": 3307.73,
        "lastTraded": null
      },
      "lastTradedVolume": 929
    },
    {
      "snapshotTime": "2025:05:21-10:30:00",
      "openPrice": {
        "bid": 3310.7,
        "ask": 3311.2,
        "lastTraded": null
      },
      "closePrice": {
        "bid": 3307.48,
        "ask": 3307.78,
        "lastTraded": null
      },
      "highPrice": {
        "bid": 3312.18,
        "ask": 3312.68,
        "lastTraded": null
      },
      "lowPrice": {
        "bid": 3307.44,
        "ask": 3307.78,
        "lastTraded": null
      },
      "lastTradedVolume": 1188
    },
    {
      "snapshotTime": "2025:05:21-10:45:00",
      "openPrice": {
        "bid": 3307.33,
        "ask": 3307.83,
        "lastTraded": null
      },
      "closePrice": {
        "bid": 3313.4,
        "ask": 3313.9,
        "lastTraded": null
      },
      "highPrice": {
        "bid": 3313.45,
        "ask": 3313.9,
        "lastTraded": null
      },
      "lowPrice": {
        "bid": 3306.93,
        "ask": 3307.35,
        "lastTraded": null
      },
      "lastTradedVolume": 1033
    },
    {
      "snapshotTime": "2025:05:21-11:00:00",
      "openPrice": {
        "bid": 3313.45,
        "ask": 3313.95,
        "lastTraded": null
      },
      "closePrice": {
        "bid": 3311.18,
        "ask": 3311.68,
        "lastTraded": null
      },
      "highPrice": {
        "bid": 3314.08,
        "ask": 3314.38,
        "lastTraded": null
      },
      "lowPrice": {
        "bid": 3310.58,
        "ask": 3310.98,
        "lastTraded": null
      },
      "lastTradedVolume": 990
    },
    {
      "snapshotTime": "2025:05:21-11:15:00",
      "openPrice": {
        "bid": 3311.33,
        "ask": 3311.83,
        "lastTraded": null
      },
      "closePrice": {
        "bid": 3316.25,
        "ask": 3316.75,
        "lastTraded": null
      },
      "highPrice": {
        "bid": 3317.73,
        "ask": 3318.08,
        "lastTraded": null
      },
      "lowPrice": {
        "bid": 3310.83,
        "ask": 3311.28,
        "lastTraded": null
      },
      "lastTradedVolume": 1280
    },
    {
      "snapshotTime": "2025:05:21-11:30:00",
      "openPrice": {
        "bid": 3316.3,
        "ask": 3316.55,
        "lastTraded": null
      },
      "closePrice": {
        "bid": 3310.98,
        "ask": 3311.28,
        "lastTraded": null
      },
      "highPrice": {
        "bid": 3318.24,
        "ask": 3318.55,
        "lastTraded": null
      },
      "lowPrice": {
        "bid": 3310.88,
        "ask": 3311.28,
        "lastTraded": null
      },
      "lastTradedVolume": 1594
    },
    {
      "snapshotTime": "2025:05:21-11:45:00",
      "openPrice": {
        "bid": 3311.03,
        "ask": 3311.33,
        "lastTraded": null
      },
      "closePrice": {
        "bid": 3311.73,
        "ask": 3312.03,
        "lastTraded": null
      },
      "highPrice": {
        "bid": 3312.29,
        "ask": 3312.68,
        "lastTraded": null
      },
      "lowPrice": {
        "bid": 3308.5,
        "ask": 3309.0,
        "lastTraded": null
      },
      "lastTradedVolume": 1417
    },
    {
      "snapshotTime": "2025:05:21-12:00:00",
      "openPrice": {
        "bid": 3311.93,
        "ask": 3312.23,
        "lastTraded": null
      },
      "closePrice": {
        "bid": 3309.65,
        "ask": 3310.15,
        "lastTraded": null
      },
      "highPrice": {
        "bid": 3316.33,
        "ask": 3316.63,
        "lastTraded": null
      },
      "lowPrice": {
        "bid": 3308.38,
        "ask": 3308.8,
        "lastTraded": null
      },
      "lastTradedVolume": 1503
    },
    {
      "snapshotTime": "2025:05:21-12:15:00",
      "openPrice": {
        "bid": 3309.8,
        "ask": 3310.3,
        "lastTraded": null
      },
      "closePrice": {
        "bid": 3312.4,
        "ask": 3312.9,
        "lastTraded": null
      },
      "highPrice": {
        "bid": 3312.4,
        "ask": 3312.9,
        "lastTraded": null
      },
      "lowPrice": {
        "bid": 3309.2,
        "ask": 3309.63,
        "lastTraded": null
      },
      "lastTradedVolume": 1087
    },
    {
      "snapshotTime": "2025:05:21-12:30:00",
      "openPrice": {
        "bid": 3312.5,
        "ask": 3313.0,
        "lastTraded": null
      },
      "closePrice": {
        "bid": 3307.63,
        "ask": 3308.13,
        "lastTraded": null
      },
      "highPrice": {
        "bid": 3312.98,
        "ask": 3313.28,
        "lastTraded": null
      },
      "lowPrice": {
        "bid": 3306.46,
        "ask": 3306.96,
        "lastTraded": null
      },
      "lastTradedVolume": 1361
    },
    {
      "snapshotTime": "2025:05:21-12:45:00",
      "openPrice": {
        "bid": 3307.66,
        "ask": 3308.16,
        "lastTraded": null
      },
      "closePrice": {
        "bid": 3311.13,
        "ask": 3311.43,
        "lastTraded": null
      },
      "highPrice": {
        "bid": 3312.35,
        "ask": 3312.75,
        "lastTraded": null
      },
      "lowPrice": {
        "bid": 3306.33,
        "ask": 3306.83,
        "lastTraded": null
      },
      "lastTradedVolume": 1544
    },
    {
      "snapshotTime": "2025:05:21-13:00:00",
      "openPrice": {
        "bid": 3311.16,
        "ask": 3311.46,
        "lastTraded": null
      },
      "closePrice": {
        "bid": 3309.58,
        "ask": 3309.88,
        "lastTraded": null
      },
      "highPrice": {
        "bid": 3312.55,
        "ask": 3312.95,
        "lastTraded": null
      },
      "lowPrice": {
        "bid": 3307.83,
        "ask": 3308.13,
        "lastTraded": null
      },
      "lastTradedVolume": 2047
    },
    {
      "snapshotTime": "2025:05:21-13:15:00",
      "openPrice": {
        "bid": 3309.77,
        "ask": 3310.07,
        "lastTraded": null
      },
      "closePrice": {
        "bid": 3295.69,
        "ask": 3296.19,
        "lastTraded": null
      },
      "highPrice": {
        "bid": 3311.45,
        "ask": 3311.9,
        "lastTraded": null
      },
      "lowPrice": {
        "bid": 3290.68,
        "ask": 3290.98,
        "lastTraded": null
      },
      "lastTradedVolume": 2825
    },
    {
      "snapshotTime": "2025:05:21-13:30:00",
      "openPrice": {
        "bid": 3295.71,
        "ask": 3296.21,
        "lastTraded": null
      },
      "closePrice": {
        "bid": 3298.78,
        "ask": 3299.08,
        "lastTraded": null
      },
      "highPrice": {
        "bid": 3299.44,
        "ask": 3299.74,
        "lastTraded": null
      },
      "lowPrice": {
        "bid": 3290.78,
        "ask": 3291.08,
        "lastTraded": null
      },
      "lastTradedVolume": 3279
    },
    {
      "snapshotTime": "2025:05:21-13:45:00",
      "openPrice": {
        "bid": 3298.83,
        "ask": 3299.13,
        "lastTraded": null
      },
      "closePrice": {
        "bid": 3302.58,
        "ask": 3302.88,
        "lastTraded": null
      },
      "highPrice": {
        "bid": 3304.09,
        "ask": 3304.44,
        "lastTraded": null
      },
      "lowPrice": {
        "bid": 3297.15,
        "ask": 3297.45,
        "lastTraded": null
      },
      "lastTradedVolume": 2031
    },
    {
      "snapshotTime": "2025:05:21-14:00:00",
      "openPrice": {
        "bid": 3302.63,
        "ask": 3302.93,
        "lastTraded": null
      },
      "closePrice": {
        "bid": 3305.6,
        "ask": 3305.9,
        "lastTraded": null
      },
      "highPrice": {
        "bid": 3306.13,
        "ask": 3306.53,
        "lastTraded": null
      },
      "lowPrice": {
        "bid": 3299.68,
        "ask": 3300.08,
        "lastTraded": null
      },
      "lastTradedVolume": 2719
    },
    {
      "snapshotTime": "2025:05:21-14:15:00",
      "openPrice": {
        "bid": 3305.55,
        "ask": 3305.85,
        "lastTraded": null
      },
      "closePrice": {
        "bid": 3304.25,
        "ask": 3304.75,
        "lastTraded": null
      },
      "highPrice": {
        "bid": 3307.38,
        "ask": 3307.7,
        "lastTraded": null
      },
      "lowPrice": {
        "bid": 3300.3,
        "ask": 3300.73,
        "lastTraded": null
      },
      "lastTradedVolume": 2305
    },
    {
      "snapshotTime": "2025:05:21-14:30:00",
      "openPrice": {
        "bid": 3304.35,
        "ask": 3304.85,
        "lastTraded": null
      },
      "closePrice": {
        "bid": 3304.98,
        "ask": 3305.28,
        "lastTraded": null
      },
      "highPrice": {
        "bid": 3309.45,
        "ask": 3309.95,
        "lastTraded": null
      },
      "lowPrice": {
        "bid": 3301.13,
        "ask": 3301.43,
        "lastTraded": null
      },
      "lastTradedVolume": 3064
    },
    {
      "snapshotTime": "2025:05:21-14:45:00",
      "openPrice": {
        "bid": 3304.94,
        "ask": 3305.44,
        "lastTraded": null
      },
      "closePrice": {
        "bid": 3303.53,
        "ask": 3303.83,
        "lastTraded": null
      },
      "highPrice": {
        "bid": 3306.33,
        "ask": 3306.73,
        "lastTraded": null
      },
      "lowPrice": {
        "bid": 3295.23,
        "ask": 3295.53,
        "lastTraded": null
      },
      "lastTradedVolume": 3329
    },
    {
      "snapshotTime": "2025:05:21-15:00:00",
      "openPrice": {
        "bid": 3303.48,
        "ask": 3303.78,
        "lastTraded": null
      },
      "closePrice": {
        "bid": 3298.68,
        "ask": 3298.98,
        "lastTraded": null
      },
      "highPrice": {
        "bid": 3303.9,
        "ask": 3304.2,
        "lastTraded": null
      },
      "lowPrice": {
        "bid": 3295.14,
        "ask": 3295.55,
        "lastTraded": null
      },
      "lastTradedVolume": 3399
    },
    {
      "snapshotTime": "2025:05:21-15:15:00",
      "openPrice": {
        "bid": 3298.53,
        "ask": 3298.83,
        "lastTraded": null
      },
      "closePrice": {
        "bid": 3306.18,
        "ask": 3306.48,
        "lastTraded": null
      },
      "highPrice": {
        "bid": 3307.48,
        "ask": 3307.81,
        "lastTraded": null
      },
      "lowPrice": {
        "bid": 3298.08,
        "ask": 3298.43,
        "lastTraded": null
      },
      "lastTradedVolume": 2262
    },
    {
      "snapshotTime": "2025:05:21-15:30:00",
      "openPrice": {
        "bid": 3305.98,
        "ask": 3306.28,
        "lastTraded": null
      },
      "closePrice": {
        "bid": 3303.3,
        "ask": 3303.6,
        "lastTraded": null
      },
      "highPrice": {
        "bid": 3306.03,
        "ask": 3306.5,
        "lastTraded": null
      },
      "lowPrice": {
        "bid": 3301.74,
        "ask": 3302.09,
        "lastTraded": null
      },
      "lastTradedVolume": 1917
    },
    {
      "snapshotTime": "2025:05:21-15:45:00",
      "openPrice": {
        "bid": 3303.38,
        "ask": 3303.68,
        "lastTraded": null
      },
      "closePrice": {
        "bid": 3304.21,
        "ask": 3304.71,
        "lastTraded": null
      },
      "highPrice": {
        "bid": 3307.71,
        "ask": 3308.01,
        "lastTraded": null
      },
      "lowPrice": {
        "bid": 3301.63,
        "ask": 3301.93,
        "lastTraded": null
      },
      "lastTradedVolume": 2129
    },
    {
      "snapshotTime": "2025:05:21-16:00:00",
      "openPrice": {
        "bid": 3304.2,
        "ask": 3304.7,
        "lastTraded": null
      },
      "closePrice": {
        "bid": 3312.08,
        "ask": 3312.38,
        "lastTraded": null
      },
      "highPrice": {
        "bid": 3313.2,
        "ask": 3313.58,
        "lastTraded": null
      },
      "lowPrice": {
        "bid": 3303.5,
        "ask": 3303.81,
        "lastTraded": null
      },
      "lastTradedVolume": 2320
    },
    {
      "snapshotTime": "2025:05:21-16:15:00",
      "openPrice": {
        "bid": 3312.15,
        "ask": 3312.45,
        "lastTraded": null
      },
      "closePrice": {
        "bid": 3311.5,
        "ask": 3312.0,
        "lastTraded": null
      },
      "highPrice": {
        "bid": 3315.15,
        "ask": 3315.51,
        "lastTraded": null
      },
      "lowPrice": {
        "bid": 3310.66,
        "ask": 3310.99,
        "lastTraded": null
      },
      "lastTradedVolume": 2238
    },
    {
      "snapshotTime": "2025:05:21-16:30:00",
      "openPrice": {
        "bid": 3311.6,
        "ask": 3312.1,
        "lastTraded": null
      },
      "closePrice": {
        "bid": 3311.98,
        "ask": 3312.28,
        "lastTraded": null
      },
      "highPrice": {
        "bid": 3313.33,
        "ask": 3313.68,
        "lastTraded": null
      },
      "lowPrice": {
        "bid": 3308.81,
        "ask": 3309.21,
        "lastTraded": null
      },
      "lastTradedVolume": 1653
    },
    {
      "snapshotTime": "2025:05:21-16:45:00",
      "openPrice": {
        "bid": 3312.03,
        "ask": 3312.33,
        "lastTraded": null
      },
      "closePrice": {
        "bid": 3311.85,
        "ask": 3312.15,
        "lastTraded": null
      },
      "highPrice": {
        "bid": 3313.83,
        "ask": 3314.17,
        "lastTraded": null
      },
      "lowPrice": {
        "bid": 3310.68,
        "ask": 3311.08,
        "lastTraded": null
      },
      "lastTradedVolume": 1159
    },
    {
      "snapshotTime": "2025:05:21-17:00:00",
      "openPrice": {
        "bid": 3311.9,
        "ask": 3312.2,
        "lastTraded": null
      },
      "closePrice": {
        "bid": 3312.48,
        "ask": 3312.78,
        "lastTraded": null
      },
      "highPrice": {
        "bid": 3314.58,
        "ask": 3314.93,
        "lastTraded": null
      },
      "lowPrice": {
        "bid": 3310.0,
        "ask": 3310.43,
        "lastTraded": null
      },
      "lastTradedVolume": 1322
    },
    {
      "snapshotTime": "2025:05:21-17:15:00",
      "openPrice": {
        "bid": 3312.58,
        "ask": 3312.88,
        "lastTraded": null
      },
      "closePrice": {
        "bid": 3309.83,
        "ask": 3310.33,
        "lastTraded": null
      },
      "highPrice": {
        "bid": 3313.58,
        "ask": 3313.88,
        "lastTraded": null
      },
      "lowPrice": {
        "bid": 3309.34,
        "ask": 3309.67,
        "lastTraded": null
      },
      "lastTradedVolume": 1260
    }
  ],
  "instrumentType": "CURRENCIES",
  "allowance": {
    "remainingAllowance": 8312,
    "totalAllowance": 10000,
    "allowanceExpiry": 149595
  }
}
[2025-05-21 17:29:46,474] INFO: Processing price data for GC
[2025-05-21 17:29:46,474] INFO: Processed 52 price points for GC
[2025-05-21 17:29:46,477] DEBUG: Strategy datapoints: <equitiestradingbot.interfaces.market_history.MarketHistory object at 0x10d207770>
[2025-05-21 17:29:46,496] INFO: Trade Analysis for CS.D.USCGC.TODAY.IP:
[2025-05-21 17:29:46,496] INFO: Latest Price: 3309.83000
[2025-05-21 17:29:46,496] INFO: MACD: 0.77399 (Signal: -0.18564)
[2025-05-21 17:29:46,496] INFO: RSI: 60.35
[2025-05-21 17:29:46,496] INFO: ADX: 56.82
[2025-05-21 17:29:46,496] INFO: Volume: 1260 (MA: 1792)
[2025-05-21 17:29:46,496] INFO:   - RSI condition met
[2025-05-21 17:29:46,496] INFO:   - ADX condition met (above 20)
[2025-05-21 17:29:46,496] INFO:   - Squeeze momentum condition met
[2025-05-21 17:29:46,496] INFO:   - Conditions met: 3/5
[2025-05-21 17:29:46,496] INFO: LONG Signal Generated:
[2025-05-21 17:29:46,496] INFO:   - Price above SMA
[2025-05-21 17:29:46,496] INFO:   - MACD crossed up
[2025-05-21 17:29:46,496] INFO:   - RSI above 50
[2025-05-21 17:29:46,496] INFO:   - Volume above EMA
[2025-05-21 17:29:46,496] INFO:   - ADX conditions met
[2025-05-21 17:29:46,496] INFO: Attempting to place trade with data: {
  "direction": "BUY",
  "epic": "CS.D.USCGC.TODAY.IP",
  "limitLevel": 3334.5558928571427,
  "orderType": "MARKET",
  "size": 10,
  "stopLevel": 3299.9396428571426,
  "forceOpen": true,
  "expiry": "DFB",
  "guaranteedStop": false,
  "currencyCode": "GBP"
}
[2025-05-21 17:29:46,497] DEBUG: Starting new HTTPS connection (1): demo-api.ig.com:443
[2025-05-21 17:29:46,599] DEBUG: https://demo-api.ig.com:443 "POST /gateway/deal/positions/otc HTTP/1.1" 200 35
[2025-05-21 17:29:49,624] DEBUG: Starting new HTTPS connection (1): demo-api.ig.com:443
[2025-05-21 17:29:49,714] DEBUG: https://demo-api.ig.com:443 "GET /gateway/deal/confirms/E3R934YHSBQTYPT HTTP/1.1" 200 473
[2025-05-21 17:29:49,715] INFO: Order confirmation response: {
  "date": "2025-05-21T16:29:46.62",
  "status": "OPEN",
  "reason": "SUCCESS",
  "dealStatus": "ACCEPTED",
  "epic": "CS.D.USCGC.TODAY.IP",
  "expiry": "DFB",
  "dealReference": "E3R934YHSBQTYPT",
  "dealId": "DIAAAATWGEQCKAS",
  "affectedDeals": [
    {
      "dealId": "DIAAAATWGEQCKAS",
      "status": "OPENED"
    }
  ],
  "level": 3310.23,
  "size": 10.0,
  "direction": "BUY",
  "stopLevel": 3299.9397,
  "limitLevel": 3334.556,
  "stopDistance": null,
  "limitDistance": null,
  "guaranteedStop": false,
  "trailingStop": false,
  "profit": null,
  "profitCurrency": null
}
[2025-05-21 17:29:49,716] INFO: Order BUY for CS.D.USCGC.TODAY.IP confirmed with limit=3334.5558928571427 and stop=3299.9396428571426
[2025-05-21 17:29:49,716] INFO: Starting to process market source
[2025-05-21 17:29:52,735] DEBUG: Starting new HTTPS connection (1): demo-api.ig.com:443
[2025-05-21 17:29:52,815] DEBUG: https://demo-api.ig.com:443 "GET /gateway/deal/markets/ HTTP/1.1" 500 77
[2025-05-21 17:29:52,816] ERROR: HTTP request returned 500
