[2025-05-06 13:43:04,710] INFO: Logging to file: /Users/e1/Documents/equitiestradingbot/log/trading_bot_2025-05-06T13_43_04_710511.log
[2025-05-06 13:43:04,710] INFO: Initialising IGInterface...
[2025-05-06 13:43:04,716] DEBUG: Starting new HTTPS connection (1): demo-api.ig.com:443
[2025-05-06 13:43:05,071] DEBUG: https://demo-api.ig.com:443 "POST /gateway/deal/session HTTP/1.1" 200 616
[2025-05-06 13:43:05,074] DEBUG: Starting new HTTPS connection (1): demo-api.ig.com:443
[2025-05-06 13:43:05,286] DEBUG: https://demo-api.ig.com:443 "PUT /gateway/deal/session HTTP/1.1" 412 56
[2025-05-06 13:43:05,287] INFO: Account is already set as default
[2025-05-06 13:43:05,287] INFO: Using stock interface: IGInterface
[2025-05-06 13:43:05,287] INFO: Simple MACD strategy initialised.
[2025-05-06 13:43:07,811] DEBUG: Starting new HTTPS connection (1): demo-api.ig.com:443
[2025-05-06 13:43:08,005] DEBUG: https://demo-api.ig.com:443 "GET /gateway/deal/positions HTTP/1.1" 200 775
[2025-05-06 13:43:08,005] DEBUG: Raw positions response: {
  "positions": [
    {
      "position": {
        "contractSize": 1.0,
        "createdDate": "2025/05/05 15:42:23:000",
        "createdDateUTC": "2025-05-05T14:42:23",
        "dealId": "DIAAAATPC7GKAAX",
        "dealReference": "RPG9J2A1JTGEBAA3H",
        "size": 10.0,
        "direction": "BUY",
        "limitLevel": 3403.15,
        "level": 3313.15,
        "currency": "GBP",
        "controlledRisk": false,
        "stopLevel": 3268.15,
        "trailingStep": null,
        "trailingStopDistance": null,
        "limitedRiskPremium": null
      },
      "market": {
        "instrumentName": "Spot Gold (\u00a31 Contract)",
        "expiry": "-",
        "epic": "CS.D.CFPGOLD.CFP.IP",
        "instrumentType": "CURRENCIES",
        "lotSize": 1.0,
        "high": 3392.68,
        "low": 3323.0,
        "percentageChange": 1.71,
        "netChange": 56.89,
        "bid": 3390.93,
        "offer": 3391.43,
        "updateTime": "13:43:08",
        "updateTimeUTC": "12:43:08",
        "delayTime": 0,
        "streamingPricesAvailable": true,
        "marketStatus": "TRADEABLE",
        "scalingFactor": 1
      }
    }
  ]
}
[2025-05-06 13:43:11,027] DEBUG: Starting new HTTPS connection (1): demo-api.ig.com:443
[2025-05-06 13:43:11,340] DEBUG: https://demo-api.ig.com:443 "GET /gateway/deal/markets/CS.D.CFPGOLD.CFP.IP HTTP/1.1" 200 1768
[2025-05-06 13:43:11,341] ERROR: Generic exception caught: 'minNoramlStopOrLimitDistance'
[2025-05-06 13:43:11,345] ERROR: Traceback (most recent call last):
  File "/Users/e1/Documents/equitiestradingbot/equitiestradingbot/tradingbot.py", line 119, in start
    self.process_open_positions()
    ~~~~~~~~~~~~~~~~~~~~~~~~~~~^^
  File "/Users/e1/Documents/equitiestradingbot/equitiestradingbot/tradingbot.py", line 162, in process_open_positions
    market = self.market_provider.get_market_from_epic(epic)
  File "/Users/e1/Documents/equitiestradingbot/equitiestradingbot/components/market_provider.py", line 65, in get_market_from_epic
    return self._create_market(epic)
           ~~~~~~~~~~~~~~~~~~~^^^^^^
  File "/Users/e1/Documents/equitiestradingbot/equitiestradingbot/components/market_provider.py", line 217, in _create_market
    market = self.broker.get_market_info(epic_id)
  File "/Users/e1/Documents/equitiestradingbot/equitiestradingbot/components/broker/broker.py", line 70, in get_market_info
    return self.account_ifc.get_market_info(market_id)
           ~~~~~~~~~~~~~~~~~~~~~~~~~~~~~~~~^^^^^^^^^^^
  File "/Users/e1/Documents/equitiestradingbot/equitiestradingbot/components/broker/ig_interface.py", line 206, in get_market_info
    market.stop_distance_min = info["dealingRules"]["minNoramlStopOrLimitDistance"][
                               ~~~~~~~~~~~~~~~~~~~~^^^^^^^^^^^^^^^^^^^^^^^^^^^^^^^^
KeyError: 'minNoramlStopOrLimitDistance'

[2025-05-06 13:43:14,368] DEBUG: Starting new HTTPS connection (1): demo-api.ig.com:443
[2025-05-06 13:43:14,617] DEBUG: https://demo-api.ig.com:443 "GET /gateway/deal/positions HTTP/1.1" 200 775
[2025-05-06 13:43:14,617] DEBUG: Raw positions response: {
  "positions": [
    {
      "position": {
        "contractSize": 1.0,
        "createdDate": "2025/05/05 15:42:23:000",
        "createdDateUTC": "2025-05-05T14:42:23",
        "dealId": "DIAAAATPC7GKAAX",
        "dealReference": "RPG9J2A1JTGEBAA3H",
        "size": 10.0,
        "direction": "BUY",
        "limitLevel": 3403.15,
        "level": 3313.15,
        "currency": "GBP",
        "controlledRisk": false,
        "stopLevel": 3268.15,
        "trailingStep": null,
        "trailingStopDistance": null,
        "limitedRiskPremium": null
      },
      "market": {
        "instrumentName": "Spot Gold (\u00a31 Contract)",
        "expiry": "-",
        "epic": "CS.D.CFPGOLD.CFP.IP",
        "instrumentType": "CURRENCIES",
        "lotSize": 1.0,
        "high": 3392.68,
        "low": 3323.0,
        "percentageChange": 1.71,
        "netChange": 56.99,
        "bid": 3391.03,
        "offer": 3391.53,
        "updateTime": "13:43:15",
        "updateTimeUTC": "12:43:15",
        "delayTime": 0,
        "streamingPricesAvailable": true,
        "marketStatus": "TRADEABLE",
        "scalingFactor": 1
      }
    }
  ]
}
[2025-05-06 13:43:17,644] DEBUG: Starting new HTTPS connection (1): demo-api.ig.com:443
[2025-05-06 13:43:17,803] DEBUG: https://demo-api.ig.com:443 "GET /gateway/deal/markets/CS.D.CFPGOLD.CFP.IP HTTP/1.1" 200 1768
[2025-05-06 13:43:17,805] ERROR: Generic exception caught: 'minNoramlStopOrLimitDistance'
[2025-05-06 13:43:17,806] ERROR: Traceback (most recent call last):
  File "/Users/e1/Documents/equitiestradingbot/equitiestradingbot/tradingbot.py", line 119, in start
    self.process_open_positions()
    ~~~~~~~~~~~~~~~~~~~~~~~~~~~^^
  File "/Users/e1/Documents/equitiestradingbot/equitiestradingbot/tradingbot.py", line 162, in process_open_positions
    market = self.market_provider.get_market_from_epic(epic)
  File "/Users/e1/Documents/equitiestradingbot/equitiestradingbot/components/market_provider.py", line 65, in get_market_from_epic
    return self._create_market(epic)
           ~~~~~~~~~~~~~~~~~~~^^^^^^
  File "/Users/e1/Documents/equitiestradingbot/equitiestradingbot/components/market_provider.py", line 217, in _create_market
    market = self.broker.get_market_info(epic_id)
  File "/Users/e1/Documents/equitiestradingbot/equitiestradingbot/components/broker/broker.py", line 70, in get_market_info
    return self.account_ifc.get_market_info(market_id)
           ~~~~~~~~~~~~~~~~~~~~~~~~~~~~~~~~^^^^^^^^^^^
  File "/Users/e1/Documents/equitiestradingbot/equitiestradingbot/components/broker/ig_interface.py", line 206, in get_market_info
    market.stop_distance_min = info["dealingRules"]["minNoramlStopOrLimitDistance"][
                               ~~~~~~~~~~~~~~~~~~~~^^^^^^^^^^^^^^^^^^^^^^^^^^^^^^^^
KeyError: 'minNoramlStopOrLimitDistance'

[2025-05-06 13:43:20,835] DEBUG: Starting new HTTPS connection (1): demo-api.ig.com:443
[2025-05-06 13:43:22,580] DEBUG: https://demo-api.ig.com:443 "GET /gateway/deal/positions HTTP/1.1" 200 775
[2025-05-06 13:43:22,582] DEBUG: Raw positions response: {
  "positions": [
    {
      "position": {
        "contractSize": 1.0,
        "createdDate": "2025/05/05 15:42:23:000",
        "createdDateUTC": "2025-05-05T14:42:23",
        "dealId": "DIAAAATPC7GKAAX",
        "dealReference": "RPG9J2A1JTGEBAA3H",
        "size": 10.0,
        "direction": "BUY",
        "limitLevel": 3403.15,
        "level": 3313.15,
        "currency": "GBP",
        "controlledRisk": false,
        "stopLevel": 3268.15,
        "trailingStep": null,
        "trailingStopDistance": null,
        "limitedRiskPremium": null
      },
      "market": {
        "instrumentName": "Spot Gold (\u00a31 Contract)",
        "expiry": "-",
        "epic": "CS.D.CFPGOLD.CFP.IP",
        "instrumentType": "CURRENCIES",
        "lotSize": 1.0,
        "high": 3392.68,
        "low": 3323.0,
        "percentageChange": 1.69,
        "netChange": 56.51,
        "bid": 3390.55,
        "offer": 3391.05,
        "updateTime": "13:43:22",
        "updateTimeUTC": "12:43:22",
        "delayTime": 0,
        "streamingPricesAvailable": true,
        "marketStatus": "TRADEABLE",
        "scalingFactor": 1
      }
    }
  ]
}
[2025-05-06 13:43:24,096] DEBUG: Starting new HTTPS connection (1): demo-api.ig.com:443
