[2025-05-20 17:25:50,969] INFO: Initialising IGInterface...
[2025-05-20 17:25:50,981] DEBUG: Starting new HTTPS connection (1): demo-api.ig.com:443
[2025-05-20 17:25:51,147] DEBUG: https://demo-api.ig.com:443 "POST /gateway/deal/session HTTP/1.1" 200 615
[2025-05-20 17:25:51,149] DEBUG: Starting new HTTPS connection (1): demo-api.ig.com:443
[2025-05-20 17:25:51,228] DEBUG: https://demo-api.ig.com:443 "PUT /gateway/deal/session HTTP/1.1" 412 56
[2025-05-20 17:25:51,228] INFO: Account is already set as default
[2025-05-20 17:25:51,229] INFO: Using stock interface: IGInterface
[2025-05-20 17:25:51,229] INFO: Advanced Momentum Strategy initialised
[2025-05-20 17:25:51,229] INFO: Advanced Momentum Strategy created
[2025-05-20 17:25:51,229] INFO: Performing a single iteration of the market source
[2025-05-20 17:25:54,260] DEBUG: Starting new HTTPS connection (1): demo-api.ig.com:443
[2025-05-20 17:25:54,343] DEBUG: https://demo-api.ig.com:443 "GET /gateway/deal/positions HTTP/1.1" 200 16
[2025-05-20 17:25:54,345] DEBUG: Raw positions response: {
  "positions": []
}
[2025-05-20 17:25:54,345] INFO: Starting to process market source
[2025-05-20 17:25:57,379] DEBUG: Starting new HTTPS connection (1): demo-api.ig.com:443
[2025-05-20 17:25:57,469] DEBUG: https://demo-api.ig.com:443 "GET /gateway/deal/markets/CS.D.USCGC.TODAY.IP HTTP/1.1" 200 2029
[2025-05-20 17:26:00,498] DEBUG: Starting new HTTPS connection (1): demo-api.ig.com:443
[2025-05-20 17:26:00,577] DEBUG: https://demo-api.ig.com:443 "GET /gateway/deal/positions HTTP/1.1" 200 16
[2025-05-20 17:26:00,578] DEBUG: Raw positions response: {
  "positions": []
}
[2025-05-20 17:26:03,609] DEBUG: Starting new HTTPS connection (1): demo-api.ig.com:443
[2025-05-20 17:26:03,712] DEBUG: https://demo-api.ig.com:443 "GET /gateway/deal/accounts HTTP/1.1" 200 548
[2025-05-20 17:26:03,751] INFO: Processing GC
[2025-05-20 17:26:03,751] CRITICAL: CRITICAL: get_prices method called
[2025-05-20 17:26:03,751] INFO: Fetching price data from URL: https://demo-api.ig.com/gateway/deal/prices/CS.D.USCGC.TODAY.IP/MINUTE_15/52
[2025-05-20 17:26:06,774] DEBUG: Starting new HTTPS connection (1): demo-api.ig.com:443
[2025-05-20 17:26:06,885] DEBUG: https://demo-api.ig.com:443 "GET /gateway/deal/prices/CS.D.USCGC.TODAY.IP/MINUTE_15/52 HTTP/1.1" 200 15875
[2025-05-20 17:26:06,886] DEBUG: Raw price data: {
  "prices": [
    {
      "snapshotTime": "2025:05:20-04:30:00",
      "openPrice": {
        "bid": 3212.73,
        "ask": 3213.03,
        "lastTraded": null
      },
      "closePrice": {
        "bid": 3211.68,
        "ask": 3212.18,
        "lastTraded": null
      },
      "highPrice": {
        "bid": 3213.55,
        "ask": 3214.05,
        "lastTraded": null
      },
      "lowPrice": {
        "bid": 3206.93,
        "ask": 3207.38,
        "lastTraded": null
      },
      "lastTradedVolume": 1418
    },
    {
      "snapshotTime": "2025:05:20-04:45:00",
      "openPrice": {
        "bid": 3211.83,
        "ask": 3212.13,
        "lastTraded": null
      },
      "closePrice": {
        "bid": 3211.3,
        "ask": 3211.8,
        "lastTraded": null
      },
      "highPrice": {
        "bid": 3213.68,
        "ask": 3214.08,
        "lastTraded": null
      },
      "lowPrice": {
        "bid": 3210.53,
        "ask": 3211.03,
        "lastTraded": null
      },
      "lastTradedVolume": 578
    },
    {
      "snapshotTime": "2025:05:20-05:00:00",
      "openPrice": {
        "bid": 3211.45,
        "ask": 3211.95,
        "lastTraded": null
      },
      "closePrice": {
        "bid": 3213.13,
        "ask": 3213.63,
        "lastTraded": null
      },
      "highPrice": {
        "bid": 3214.0,
        "ask": 3214.5,
        "lastTraded": null
      },
      "lowPrice": {
        "bid": 3211.2,
        "ask": 3211.7,
        "lastTraded": null
      },
      "lastTradedVolume": 563
    },
    {
      "snapshotTime": "2025:05:20-05:15:00",
      "openPrice": {
        "bid": 3213.08,
        "ask": 3213.58,
        "lastTraded": null
      },
      "closePrice": {
        "bid": 3212.85,
        "ask": 3213.35,
        "lastTraded": null
      },
      "highPrice": {
        "bid": 3214.86,
        "ask": 3215.36,
        "lastTraded": null
      },
      "lowPrice": {
        "bid": 3211.05,
        "ask": 3211.55,
        "lastTraded": null
      },
      "lastTradedVolume": 820
    },
    {
      "snapshotTime": "2025:05:20-05:30:00",
      "openPrice": {
        "bid": 3212.8,
        "ask": 3213.3,
        "lastTraded": null
      },
      "closePrice": {
        "bid": 3212.6,
        "ask": 3213.1,
        "lastTraded": null
      },
      "highPrice": {
        "bid": 3213.75,
        "ask": 3214.23,
        "lastTraded": null
      },
      "lowPrice": {
        "bid": 3211.06,
        "ask": 3211.53,
        "lastTraded": null
      },
      "lastTradedVolume": 747
    },
    {
      "snapshotTime": "2025:05:20-05:45:00",
      "openPrice": {
        "bid": 3212.9,
        "ask": 3213.4,
        "lastTraded": null
      },
      "closePrice": {
        "bid": 3217.08,
        "ask": 3217.58,
        "lastTraded": null
      },
      "highPrice": {
        "bid": 3217.94,
        "ask": 3218.33,
        "lastTraded": null
      },
      "lowPrice": {
        "bid": 3212.5,
        "ask": 3213.0,
        "lastTraded": null
      },
      "lastTradedVolume": 754
    },
    {
      "snapshotTime": "2025:05:20-06:00:00",
      "openPrice": {
        "bid": 3216.93,
        "ask": 3217.43,
        "lastTraded": null
      },
      "closePrice": {
        "bid": 3214.98,
        "ask": 3215.28,
        "lastTraded": null
      },
      "highPrice": {
        "bid": 3219.7,
        "ask": 3220.2,
        "lastTraded": null
      },
      "lowPrice": {
        "bid": 3214.16,
        "ask": 3214.66,
        "lastTraded": null
      },
      "lastTradedVolume": 1159
    },
    {
      "snapshotTime": "2025:05:20-06:15:00",
      "openPrice": {
        "bid": 3215.08,
        "ask": 3215.58,
        "lastTraded": null
      },
      "closePrice": {
        "bid": 3215.33,
        "ask": 3215.83,
        "lastTraded": null
      },
      "highPrice": {
        "bid": 3216.7,
        "ask": 3217.2,
        "lastTraded": null
      },
      "lowPrice": {
        "bid": 3213.73,
        "ask": 3214.23,
        "lastTraded": null
      },
      "lastTradedVolume": 759
    },
    {
      "snapshotTime": "2025:05:20-06:30:00",
      "openPrice": {
        "bid": 3215.43,
        "ask": 3215.93,
        "lastTraded": null
      },
      "closePrice": {
        "bid": 3211.48,
        "ask": 3211.98,
        "lastTraded": null
      },
      "highPrice": {
        "bid": 3218.43,
        "ask": 3218.93,
        "lastTraded": null
      },
      "lowPrice": {
        "bid": 3210.21,
        "ask": 3210.63,
        "lastTraded": null
      },
      "lastTradedVolume": 1592
    },
    {
      "snapshotTime": "2025:05:20-06:45:00",
      "openPrice": {
        "bid": 3211.38,
        "ask": 3211.88,
        "lastTraded": null
      },
      "closePrice": {
        "bid": 3213.76,
        "ask": 3214.06,
        "lastTraded": null
      },
      "highPrice": {
        "bid": 3214.18,
        "ask": 3214.65,
        "lastTraded": null
      },
      "lowPrice": {
        "bid": 3209.73,
        "ask": 3210.15,
        "lastTraded": null
      },
      "lastTradedVolume": 1399
    },
    {
      "snapshotTime": "2025:05:20-07:00:00",
      "openPrice": {
        "bid": 3213.12,
        "ask": 3213.42,
        "lastTraded": null
      },
      "closePrice": {
        "bid": 3216.6,
        "ask": 3217.1,
        "lastTraded": null
      },
      "highPrice": {
        "bid": 3218.3,
        "ask": 3218.6,
        "lastTraded": null
      },
      "lowPrice": {
        "bid": 3209.2,
        "ask": 3209.7,
        "lastTraded": null
      },
      "lastTradedVolume": 1719
    },
    {
      "snapshotTime": "2025:05:20-07:15:00",
      "openPrice": {
        "bid": 3216.65,
        "ask": 3217.15,
        "lastTraded": null
      },
      "closePrice": {
        "bid": 3215.2,
        "ask": 3215.5,
        "lastTraded": null
      },
      "highPrice": {
        "bid": 3219.23,
        "ask": 3219.53,
        "lastTraded": null
      },
      "lowPrice": {
        "bid": 3213.29,
        "ask": 3213.68,
        "lastTraded": null
      },
      "lastTradedVolume": 1555
    },
    {
      "snapshotTime": "2025:05:20-07:30:00",
      "openPrice": {
        "bid": 3215.18,
        "ask": 3215.48,
        "lastTraded": null
      },
      "closePrice": {
        "bid": 3210.07,
        "ask": 3210.37,
        "lastTraded": null
      },
      "highPrice": {
        "bid": 3215.41,
        "ask": 3215.84,
        "lastTraded": null
      },
      "lowPrice": {
        "bid": 3208.63,
        "ask": 3209.13,
        "lastTraded": null
      },
      "lastTradedVolume": 1644
    },
    {
      "snapshotTime": "2025:05:20-07:45:00",
      "openPrice": {
        "bid": 3209.8,
        "ask": 3210.3,
        "lastTraded": null
      },
      "closePrice": {
        "bid": 3209.58,
        "ask": 3210.08,
        "lastTraded": null
      },
      "highPrice": {
        "bid": 3210.77,
        "ask": 3211.25,
        "lastTraded": null
      },
      "lowPrice": {
        "bid": 3208.55,
        "ask": 3208.94,
        "lastTraded": null
      },
      "lastTradedVolume": 1425
    },
    {
      "snapshotTime": "2025:05:20-08:00:00",
      "openPrice": {
        "bid": 3209.54,
        "ask": 3209.84,
        "lastTraded": null
      },
      "closePrice": {
        "bid": 3210.3,
        "ask": 3210.8,
        "lastTraded": null
      },
      "highPrice": {
        "bid": 3212.88,
        "ask": 3213.38,
        "lastTraded": null
      },
      "lowPrice": {
        "bid": 3207.83,
        "ask": 3208.13,
        "lastTraded": null
      },
      "lastTradedVolume": 1320
    },
    {
      "snapshotTime": "2025:05:20-08:15:00",
      "openPrice": {
        "bid": 3210.4,
        "ask": 3210.9,
        "lastTraded": null
      },
      "closePrice": {
        "bid": 3215.8,
        "ask": 3216.3,
        "lastTraded": null
      },
      "highPrice": {
        "bid": 3217.28,
        "ask": 3217.58,
        "lastTraded": null
      },
      "lowPrice": {
        "bid": 3210.28,
        "ask": 3210.78,
        "lastTraded": null
      },
      "lastTradedVolume": 1188
    },
    {
      "snapshotTime": "2025:05:20-08:30:00",
      "openPrice": {
        "bid": 3215.85,
        "ask": 3216.35,
        "lastTraded": null
      },
      "closePrice": {
        "bid": 3222.35,
        "ask": 3222.65,
        "lastTraded": null
      },
      "highPrice": {
        "bid": 3223.68,
        "ask": 3224.08,
        "lastTraded": null
      },
      "lowPrice": {
        "bid": 3214.5,
        "ask": 3215.0,
        "lastTraded": null
      },
      "lastTradedVolume": 1475
    },
    {
      "snapshotTime": "2025:05:20-08:45:00",
      "openPrice": {
        "bid": 3222.3,
        "ask": 3222.6,
        "lastTraded": null
      },
      "closePrice": {
        "bid": 3222.67,
        "ask": 3223.17,
        "lastTraded": null
      },
      "highPrice": {
        "bid": 3225.38,
        "ask": 3225.68,
        "lastTraded": null
      },
      "lowPrice": {
        "bid": 3220.11,
        "ask": 3220.41,
        "lastTraded": null
      },
      "lastTradedVolume": 1341
    },
    {
      "snapshotTime": "2025:05:20-09:00:00",
      "openPrice": {
        "bid": 3222.55,
        "ask": 3223.05,
        "lastTraded": null
      },
      "closePrice": {
        "bid": 3220.23,
        "ask": 3220.53,
        "lastTraded": null
      },
      "highPrice": {
        "bid": 3224.34,
        "ask": 3224.64,
        "lastTraded": null
      },
      "lowPrice": {
        "bid": 3218.98,
        "ask": 3219.43,
        "lastTraded": null
      },
      "lastTradedVolume": 1143
    },
    {
      "snapshotTime": "2025:05:20-09:15:00",
      "openPrice": {
        "bid": 3220.43,
        "ask": 3220.73,
        "lastTraded": null
      },
      "closePrice": {
        "bid": 3222.13,
        "ask": 3222.43,
        "lastTraded": null
      },
      "highPrice": {
        "bid": 3222.55,
        "ask": 3222.85,
        "lastTraded": null
      },
      "lowPrice": {
        "bid": 3218.23,
        "ask": 3218.53,
        "lastTraded": null
      },
      "lastTradedVolume": 1022
    },
    {
      "snapshotTime": "2025:05:20-09:30:00",
      "openPrice": {
        "bid": 3222.03,
        "ask": 3222.33,
        "lastTraded": null
      },
      "closePrice": {
        "bid": 3227.6,
        "ask": 3228.1,
        "lastTraded": null
      },
      "highPrice": {
        "bid": 3228.56,
        "ask": 3228.86,
        "lastTraded": null
      },
      "lowPrice": {
        "bid": 3222.03,
        "ask": 3222.33,
        "lastTraded": null
      },
      "lastTradedVolume": 1614
    },
    {
      "snapshotTime": "2025:05:20-09:45:00",
      "openPrice": {
        "bid": 3227.65,
        "ask": 3228.15,
        "lastTraded": null
      },
      "closePrice": {
        "bid": 3235.8,
        "ask": 3236.1,
        "lastTraded": null
      },
      "highPrice": {
        "bid": 3235.82,
        "ask": 3236.12,
        "lastTraded": null
      },
      "lowPrice": {
        "bid": 3227.65,
        "ask": 3228.13,
        "lastTraded": null
      },
      "lastTradedVolume": 1504
    },
    {
      "snapshotTime": "2025:05:20-10:00:00",
      "openPrice": {
        "bid": 3235.83,
        "ask": 3236.13,
        "lastTraded": null
      },
      "closePrice": {
        "bid": 3233.18,
        "ask": 3233.68,
        "lastTraded": null
      },
      "highPrice": {
        "bid": 3237.62,
        "ask": 3237.92,
        "lastTraded": null
      },
      "lowPrice": {
        "bid": 3230.36,
        "ask": 3230.74,
        "lastTraded": null
      },
      "lastTradedVolume": 2197
    },
    {
      "snapshotTime": "2025:05:20-10:15:00",
      "openPrice": {
        "bid": 3233.26,
        "ask": 3233.76,
        "lastTraded": null
      },
      "closePrice": {
        "bid": 3235.96,
        "ask": 3236.46,
        "lastTraded": null
      },
      "highPrice": {
        "bid": 3239.33,
        "ask": 3239.63,
        "lastTraded": null
      },
      "lowPrice": {
        "bid": 3233.18,
        "ask": 3233.55,
        "lastTraded": null
      },
      "lastTradedVolume": 1411
    },
    {
      "snapshotTime": "2025:05:20-10:30:00",
      "openPrice": {
        "bid": 3235.85,
        "ask": 3236.35,
        "lastTraded": null
      },
      "closePrice": {
        "bid": 3234.84,
        "ask": 3235.34,
        "lastTraded": null
      },
      "highPrice": {
        "bid": 3238.63,
        "ask": 3238.96,
        "lastTraded": null
      },
      "lowPrice": {
        "bid": 3232.92,
        "ask": 3233.37,
        "lastTraded": null
      },
      "lastTradedVolume": 1740
    },
    {
      "snapshotTime": "2025:05:20-10:45:00",
      "openPrice": {
        "bid": 3234.79,
        "ask": 3235.29,
        "lastTraded": null
      },
      "closePrice": {
        "bid": 3236.22,
        "ask": 3236.72,
        "lastTraded": null
      },
      "highPrice": {
        "bid": 3236.8,
        "ask": 3237.3,
        "lastTraded": null
      },
      "lowPrice": {
        "bid": 3233.52,
        "ask": 3234.02,
        "lastTraded": null
      },
      "lastTradedVolume": 938
    },
    {
      "snapshotTime": "2025:05:20-11:00:00",
      "openPrice": {
        "bid": 3236.18,
        "ask": 3236.68,
        "lastTraded": null
      },
      "closePrice": {
        "bid": 3233.98,
        "ask": 3234.48,
        "lastTraded": null
      },
      "highPrice": {
        "bid": 3236.67,
        "ask": 3237.17,
        "lastTraded": null
      },
      "lowPrice": {
        "bid": 3232.15,
        "ask": 3232.55,
        "lastTraded": null
      },
      "lastTradedVolume": 954
    },
    {
      "snapshotTime": "2025:05:20-11:15:00",
      "openPrice": {
        "bid": 3234.03,
        "ask": 3234.53,
        "lastTraded": null
      },
      "closePrice": {
        "bid": 3233.23,
        "ask": 3233.73,
        "lastTraded": null
      },
      "highPrice": {
        "bid": 3234.63,
        "ask": 3235.08,
        "lastTraded": null
      },
      "lowPrice": {
        "bid": 3231.76,
        "ask": 3232.16,
        "lastTraded": null
      },
      "lastTradedVolume": 777
    },
    {
      "snapshotTime": "2025:05:20-11:30:00",
      "openPrice": {
        "bid": 3233.29,
        "ask": 3233.79,
        "lastTraded": null
      },
      "closePrice": {
        "bid": 3235.86,
        "ask": 3236.36,
        "lastTraded": null
      },
      "highPrice": {
        "bid": 3236.39,
        "ask": 3236.77,
        "lastTraded": null
      },
      "lowPrice": {
        "bid": 3232.74,
        "ask": 3233.24,
        "lastTraded": null
      },
      "lastTradedVolume": 753
    },
    {
      "snapshotTime": "2025:05:20-11:45:00",
      "openPrice": {
        "bid": 3235.85,
        "ask": 3236.35,
        "lastTraded": null
      },
      "closePrice": {
        "bid": 3235.27,
        "ask": 3235.57,
        "lastTraded": null
      },
      "highPrice": {
        "bid": 3238.17,
        "ask": 3238.67,
        "lastTraded": null
      },
      "lowPrice": {
        "bid": 3234.92,
        "ask": 3235.32,
        "lastTraded": null
      },
      "lastTradedVolume": 1170
    },
    {
      "snapshotTime": "2025:05:20-12:00:00",
      "openPrice": {
        "bid": 3235.35,
        "ask": 3235.65,
        "lastTraded": null
      },
      "closePrice": {
        "bid": 3237.97,
        "ask": 3238.47,
        "lastTraded": null
      },
      "highPrice": {
        "bid": 3238.66,
        "ask": 3238.96,
        "lastTraded": null
      },
      "lowPrice": {
        "bid": 3235.06,
        "ask": 3235.54,
        "lastTraded": null
      },
      "lastTradedVolume": 1079
    },
    {
      "snapshotTime": "2025:05:20-12:15:00",
      "openPrice": {
        "bid": 3237.98,
        "ask": 3238.48,
        "lastTraded": null
      },
      "closePrice": {
        "bid": 3239.61,
        "ask": 3240.11,
        "lastTraded": null
      },
      "highPrice": {
        "bid": 3240.63,
        "ask": 3240.96,
        "lastTraded": null
      },
      "lowPrice": {
        "bid": 3237.3,
        "ask": 3237.6,
        "lastTraded": null
      },
      "lastTradedVolume": 1016
    },
    {
      "snapshotTime": "2025:05:20-12:30:00",
      "openPrice": {
        "bid": 3239.51,
        "ask": 3240.01,
        "lastTraded": null
      },
      "closePrice": {
        "bid": 3238.78,
        "ask": 3239.08,
        "lastTraded": null
      },
      "highPrice": {
        "bid": 3241.18,
        "ask": 3241.48,
        "lastTraded": null
      },
      "lowPrice": {
        "bid": 3236.96,
        "ask": 3237.46,
        "lastTraded": null
      },
      "lastTradedVolume": 1187
    },
    {
      "snapshotTime": "2025:05:20-12:45:00",
      "openPrice": {
        "bid": 3238.77,
        "ask": 3239.07,
        "lastTraded": null
      },
      "closePrice": {
        "bid": 3241.21,
        "ask": 3241.51,
        "lastTraded": null
      },
      "highPrice": {
        "bid": 3241.51,
        "ask": 3241.81,
        "lastTraded": null
      },
      "lowPrice": {
        "bid": 3238.11,
        "ask": 3238.42,
        "lastTraded": null
      },
      "lastTradedVolume": 1196
    },
    {
      "snapshotTime": "2025:05:20-13:00:00",
      "openPrice": {
        "bid": 3241.13,
        "ask": 3241.43,
        "lastTraded": null
      },
      "closePrice": {
        "bid": 3236.3,
        "ask": 3236.8,
        "lastTraded": null
      },
      "highPrice": {
        "bid": 3241.99,
        "ask": 3242.35,
        "lastTraded": null
      },
      "lowPrice": {
        "bid": 3235.96,
        "ask": 3236.27,
        "lastTraded": null
      },
      "lastTradedVolume": 1447
    },
    {
      "snapshotTime": "2025:05:20-13:15:00",
      "openPrice": {
        "bid": 3236.34,
        "ask": 3236.64,
        "lastTraded": null
      },
      "closePrice": {
        "bid": 3241.32,
        "ask": 3241.62,
        "lastTraded": null
      },
      "highPrice": {
        "bid": 3241.48,
        "ask": 3241.93,
        "lastTraded": null
      },
      "lowPrice": {
        "bid": 3234.25,
        "ask": 3234.74,
        "lastTraded": null
      },
      "lastTradedVolume": 1802
    },
    {
      "snapshotTime": "2025:05:20-13:30:00",
      "openPrice": {
        "bid": 3241.33,
        "ask": 3241.63,
        "lastTraded": null
      },
      "closePrice": {
        "bid": 3245.89,
        "ask": 3246.39,
        "lastTraded": null
      },
      "highPrice": {
        "bid": 3250.52,
        "ask": 3250.82,
        "lastTraded": null
      },
      "lowPrice": {
        "bid": 3241.28,
        "ask": 3241.58,
        "lastTraded": null
      },
      "lastTradedVolume": 2639
    },
    {
      "snapshotTime": "2025:05:20-13:45:00",
      "openPrice": {
        "bid": 3245.93,
        "ask": 3246.43,
        "lastTraded": null
      },
      "closePrice": {
        "bid": 3242.78,
        "ask": 3243.08,
        "lastTraded": null
      },
      "highPrice": {
        "bid": 3247.5,
        "ask": 3248.0,
        "lastTraded": null
      },
      "lowPrice": {
        "bid": 3240.58,
        "ask": 3241.05,
        "lastTraded": null
      },
      "lastTradedVolume": 1989
    },
    {
      "snapshotTime": "2025:05:20-14:00:00",
      "openPrice": {
        "bid": 3242.23,
        "ask": 3242.53,
        "lastTraded": null
      },
      "closePrice": {
        "bid": 3236.3,
        "ask": 3236.8,
        "lastTraded": null
      },
      "highPrice": {
        "bid": 3242.38,
        "ask": 3242.68,
        "lastTraded": null
      },
      "lowPrice": {
        "bid": 3232.89,
        "ask": 3233.19,
        "lastTraded": null
      },
      "lastTradedVolume": 2975
    },
    {
      "snapshotTime": "2025:05:20-14:15:00",
      "openPrice": {
        "bid": 3236.51,
        "ask": 3237.01,
        "lastTraded": null
      },
      "closePrice": {
        "bid": 3237.01,
        "ask": 3237.31,
        "lastTraded": null
      },
      "highPrice": {
        "bid": 3238.94,
        "ask": 3239.34,
        "lastTraded": null
      },
      "lowPrice": {
        "bid": 3234.85,
        "ask": 3235.2,
        "lastTraded": null
      },
      "lastTradedVolume": 1717
    },
    {
      "snapshotTime": "2025:05:20-14:30:00",
      "openPrice": {
        "bid": 3237.03,
        "ask": 3237.33,
        "lastTraded": null
      },
      "closePrice": {
        "bid": 3241.42,
        "ask": 3241.72,
        "lastTraded": null
      },
      "highPrice": {
        "bid": 3245.39,
        "ask": 3245.69,
        "lastTraded": null
      },
      "lowPrice": {
        "bid": 3236.58,
        "ask": 3236.88,
        "lastTraded": null
      },
      "lastTradedVolume": 2940
    },
    {
      "snapshotTime": "2025:05:20-14:45:00",
      "openPrice": {
        "bid": 3241.48,
        "ask": 3241.78,
        "lastTraded": null
      },
      "closePrice": {
        "bid": 3261.1,
        "ask": 3261.4,
        "lastTraded": null
      },
      "highPrice": {
        "bid": 3261.68,
        "ask": 3261.98,
        "lastTraded": null
      },
      "lowPrice": {
        "bid": 3241.29,
        "ask": 3241.59,
        "lastTraded": null
      },
      "lastTradedVolume": 3269
    },
    {
      "snapshotTime": "2025:05:20-15:00:00",
      "openPrice": {
        "bid": 3261.18,
        "ask": 3261.48,
        "lastTraded": null
      },
      "closePrice": {
        "bid": 3278.44,
        "ask": 3278.74,
        "lastTraded": null
      },
      "highPrice": {
        "bid": 3281.09,
        "ask": 3281.55,
        "lastTraded": null
      },
      "lowPrice": {
        "bid": 3260.6,
        "ask": 3260.9,
        "lastTraded": null
      },
      "lastTradedVolume": 4684
    },
    {
      "snapshotTime": "2025:05:20-15:15:00",
      "openPrice": {
        "bid": 3278.49,
        "ask": 3278.79,
        "lastTraded": null
      },
      "closePrice": {
        "bid": 3279.89,
        "ask": 3280.19,
        "lastTraded": null
      },
      "highPrice": {
        "bid": 3285.83,
        "ask": 3286.13,
        "lastTraded": null
      },
      "lowPrice": {
        "bid": 3276.13,
        "ask": 3276.43,
        "lastTraded": null
      },
      "lastTradedVolume": 4652
    },
    {
      "snapshotTime": "2025:05:20-15:30:00",
      "openPrice": {
        "bid": 3279.88,
        "ask": 3280.18,
        "lastTraded": null
      },
      "closePrice": {
        "bid": 3281.65,
        "ask": 3281.95,
        "lastTraded": null
      },
      "highPrice": {
        "bid": 3285.19,
        "ask": 3285.51,
        "lastTraded": null
      },
      "lowPrice": {
        "bid": 3274.27,
        "ask": 3274.66,
        "lastTraded": null
      },
      "lastTradedVolume": 4035
    },
    {
      "snapshotTime": "2025:05:20-15:45:00",
      "openPrice": {
        "bid": 3281.75,
        "ask": 3282.05,
        "lastTraded": null
      },
      "closePrice": {
        "bid": 3282.3,
        "ask": 3282.8,
        "lastTraded": null
      },
      "highPrice": {
        "bid": 3284.03,
        "ask": 3284.33,
        "lastTraded": null
      },
      "lowPrice": {
        "bid": 3279.24,
        "ask": 3279.54,
        "lastTraded": null
      },
      "lastTradedVolume": 2487
    },
    {
      "snapshotTime": "2025:05:20-16:00:00",
      "openPrice": {
        "bid": 3282.35,
        "ask": 3282.85,
        "lastTraded": null
      },
      "closePrice": {
        "bid": 3279.15,
        "ask": 3279.45,
        "lastTraded": null
      },
      "highPrice": {
        "bid": 3283.51,
        "ask": 3283.95,
        "lastTraded": null
      },
      "lowPrice": {
        "bid": 3273.33,
        "ask": 3273.63,
        "lastTraded": null
      },
      "lastTradedVolume": 3271
    },
    {
      "snapshotTime": "2025:05:20-16:15:00",
      "openPrice": {
        "bid": 3279.05,
        "ask": 3279.35,
        "lastTraded": null
      },
      "closePrice": {
        "bid": 3277.78,
        "ask": 3278.28,
        "lastTraded": null
      },
      "highPrice": {
        "bid": 3282.49,
        "ask": 3282.79,
        "lastTraded": null
      },
      "lowPrice": {
        "bid": 3276.34,
        "ask": 3276.64,
        "lastTraded": null
      },
      "lastTradedVolume": 2482
    },
    {
      "snapshotTime": "2025:05:20-16:30:00",
      "openPrice": {
        "bid": 3277.85,
        "ask": 3278.35,
        "lastTraded": null
      },
      "closePrice": {
        "bid": 3280.33,
        "ask": 3280.83,
        "lastTraded": null
      },
      "highPrice": {
        "bid": 3281.01,
        "ask": 3281.38,
        "lastTraded": null
      },
      "lowPrice": {
        "bid": 3276.17,
        "ask": 3276.51,
        "lastTraded": null
      },
      "lastTradedVolume": 1358
    },
    {
      "snapshotTime": "2025:05:20-16:45:00",
      "openPrice": {
        "bid": 3280.38,
        "ask": 3280.63,
        "lastTraded": null
      },
      "closePrice": {
        "bid": 3277.08,
        "ask": 3277.58,
        "lastTraded": null
      },
      "highPrice": {
        "bid": 3281.5,
        "ask": 3281.83,
        "lastTraded": null
      },
      "lowPrice": {
        "bid": 3276.13,
        "ask": 3276.43,
        "lastTraded": null
      },
      "lastTradedVolume": 1338
    },
    {
      "snapshotTime": "2025:05:20-17:00:00",
      "openPrice": {
        "bid": 3277.0,
        "ask": 3277.5,
        "lastTraded": null
      },
      "closePrice": {
        "bid": 3280.88,
        "ask": 3281.18,
        "lastTraded": null
      },
      "highPrice": {
        "bid": 3282.45,
        "ask": 3282.8,
        "lastTraded": null
      },
      "lowPrice": {
        "bid": 3276.99,
        "ask": 3277.45,
        "lastTraded": null
      },
      "lastTradedVolume": 1184
    },
    {
      "snapshotTime": "2025:05:20-17:15:00",
      "openPrice": {
        "bid": 3280.7,
        "ask": 3281.2,
        "lastTraded": null
      },
      "closePrice": {
        "bid": 3279.06,
        "ask": 3279.56,
        "lastTraded": null
      },
      "highPrice": {
        "bid": 3282.43,
        "ask": 3282.83,
        "lastTraded": null
      },
      "lowPrice": {
        "bid": 3278.67,
        "ask": 3278.97,
        "lastTraded": null
      },
      "lastTradedVolume": 733
    }
  ],
  "instrumentType": "CURRENCIES",
  "allowance": {
    "remainingAllowance": 8572,
    "totalAllowance": 10000,
    "allowanceExpiry": 236214
  }
}
[2025-05-20 17:26:06,886] INFO: Processing price data for GC
[2025-05-20 17:26:06,886] INFO: Processed 52 price points for GC
[2025-05-20 17:26:06,889] DEBUG: Strategy datapoints: <equitiestradingbot.interfaces.market_history.MarketHistory object at 0x140b07770>
[2025-05-20 17:26:06,901] INFO: Trade Analysis for CS.D.USCGC.TODAY.IP:
[2025-05-20 17:26:06,901] INFO: Latest Price: 3279.06000
[2025-05-20 17:26:06,901] INFO: MACD: 13.16894 (Signal: 12.41935)
[2025-05-20 17:26:06,901] INFO: RSI: 76.51
[2025-05-20 17:26:06,901] INFO: ADX: 69.17
[2025-05-20 17:26:06,901] INFO: Volume: 733 (MA: 1958)
[2025-05-20 17:26:06,902] INFO:   - RSI condition met
[2025-05-20 17:26:06,902] INFO:   - ADX condition met (above 20)
[2025-05-20 17:26:06,902] INFO:   - Conditions met: 2/5
[2025-05-20 17:26:06,902] INFO: LONG Signal Generated:
[2025-05-20 17:26:06,902] INFO:   - Price above SMA
[2025-05-20 17:26:06,902] INFO:   - MACD crossed up
[2025-05-20 17:26:06,902] INFO:   - RSI above 50
[2025-05-20 17:26:06,902] INFO:   - Volume above EMA
[2025-05-20 17:26:06,902] INFO:   - ADX conditions met
[2025-05-20 17:26:06,902] ERROR: Error finding trade signal for CS.D.USCGC.TODAY.IP: Type Tuple cannot be instantiated; use tuple() instead
[2025-05-20 17:26:06,902] ERROR: DataFrame columns: ['high', 'low', 'close', 'volume', 'ema_fast', 'ema_slow', 'macd', 'signal', 'histogram', 'rsi', 'sma', 'volume_ma', 'tr', 'atr', 'plus_dm', 'minus_dm', 'plus_di', 'minus_di', 'dx', 'adx', 'bb_middle', 'bb_std', 'bb_upper', 'bb_lower', 'kc_tr', 'kc_middle', 'kc_upper', 'kc_lower', 'squeeze_on', 'squeeze_momentum']
[2025-05-20 17:26:06,911] ERROR: DataFrame head:
                        high      low    close  volume  ...  kc_upper  kc_lower  squeeze_on  squeeze_momentum
date                                                    ...                                                  
2025:05:20-04:30:00  3213.55  3206.93  3211.68  1418.0  ...       NaN       NaN       False                 0
2025:05:20-04:45:00  3213.68  3210.53  3211.30   578.0  ...       NaN       NaN       False                 0
2025:05:20-05:00:00  3214.00  3211.20  3213.13   563.0  ...       NaN       NaN       False                 0
2025:05:20-05:15:00  3214.86  3211.05  3212.85   820.0  ...       NaN       NaN       False                 0
2025:05:20-05:30:00  3213.75  3211.06  3212.60   747.0  ...       NaN       NaN       False                 0

[5 rows x 30 columns]
[2025-05-20 17:26:06,911] INFO: Starting to process market source
[2025-05-20 17:26:09,941] DEBUG: Starting new HTTPS connection (1): demo-api.ig.com:443
[2025-05-20 17:26:10,017] DEBUG: https://demo-api.ig.com:443 "GET /gateway/deal/markets/ HTTP/1.1" 500 77
[2025-05-20 17:26:10,017] ERROR: HTTP request returned 500
