[2025-07-08 11:31:47,567] INFO: Initialising IGInterface...
[2025-07-08 11:31:47,567] INFO: Attempting authentication to URL: https://demo-api.ig.com/gateway/deal/session
[2025-07-08 11:31:47,567] INFO: Using API Key: 43c58bfd6f5ead3ac4d803d18f883db5857c9631
[2025-07-08 11:31:47,568] INFO: Using Account ID: Z5YISO
[2025-07-08 11:31:47,573] DEBUG: Starting new HTTPS connection (1): demo-api.ig.com:443
[2025-07-08 11:31:47,748] DEBUG: https://demo-api.ig.com:443 "POST /gateway/deal/session HTTP/1.1" 200 622
[2025-07-08 11:31:47,749] INFO: Successfully obtained authentication tokens
[2025-07-08 11:31:47,750] DEBUG: Starting new HTTPS connection (1): demo-api.ig.com:443
[2025-07-08 11:31:47,835] DEBUG: https://demo-api.ig.com:443 "PUT /gateway/deal/session HTTP/1.1" 412 56
[2025-07-08 11:31:47,836] INFO: Account is already set as default
[2025-07-08 11:31:47,837] INFO: Using stock interface: IGInterface
[2025-07-08 11:31:47,837] INFO: Intraday Gold Strategy configuration loaded successfully
[2025-07-08 11:31:47,837] INFO: Intraday Gold Strategy initialised
[2025-07-08 11:31:47,838] INFO: Intraday Gold Strategy configuration loaded successfully
[2025-07-08 11:31:50,876] DEBUG: Starting new HTTPS connection (1): demo-api.ig.com:443
[2025-07-08 11:31:50,964] DEBUG: https://demo-api.ig.com:443 "GET /gateway/deal/positions HTTP/1.1" 200 679
[2025-07-08 11:31:50,968] DEBUG: Raw positions response: {
  "positions": [
    {
      "position": {
        "contractSize": 1.0,
        "createdDate": "2025/07/08 09:07:36:000",
        "dealId": "DIAAAAUA5CWPDA5",
        "dealSize": 10.0,
        "direction": "SELL",
        "limitLevel": 3319.415714,
        "openLevel": 3327.18,
        "currency": "GBP",
        "controlledRisk": false,
        "stopLevel": 3330.837143,
        "trailingStep": null,
        "trailingStopDistance": null,
        "limitedRiskPremium": null
      },
      "market": {
        "instrumentName": "Spot Gold",
        "expiry": "DFB",
        "epic": "CS.D.USCGC.TODAY.IP",
        "instrumentType": "CURRENCIES",
        "lotSize": 1.0,
        "high": 3346.18,
        "low": 3320.43,
        "percentageChange": -0.4,
        "netChange": -13.22,
        "bid": 3323.48,
        "offer": 3323.78,
        "updateTime": "11:31:50",
        "delayTime": 0,
        "streamingPricesAvailable": true,
        "marketStatus": "TRADEABLE",
        "scalingFactor": 1
      }
    }
  ]
}
[2025-07-08 11:31:53,992] DEBUG: Starting new HTTPS connection (1): demo-api.ig.com:443
[2025-07-08 11:31:54,105] DEBUG: https://demo-api.ig.com:443 "GET /gateway/deal/markets/CS.D.USCGC.TODAY.IP HTTP/1.1" 200 2026
[2025-07-08 11:31:57,125] DEBUG: Starting new HTTPS connection (1): demo-api.ig.com:443
[2025-07-08 11:31:57,271] DEBUG: https://demo-api.ig.com:443 "GET /gateway/deal/accounts HTTP/1.1" 200 555
[2025-07-08 11:31:57,273] INFO: Processing GC
[2025-07-08 11:31:57,273] CRITICAL: CRITICAL: get_prices method called
[2025-07-08 11:31:57,273] INFO: Fetching price data from URL: https://demo-api.ig.com/gateway/deal/prices/CS.D.USCGC.TODAY.IP/MINUTE_15/100
[2025-07-08 11:32:00,439] DEBUG: Starting new HTTPS connection (1): demo-api.ig.com:443
[2025-07-08 11:32:00,552] DEBUG: https://demo-api.ig.com:443 "GET /gateway/deal/prices/CS.D.USCGC.TODAY.IP/MINUTE_15/100 HTTP/1.1" 200 30382
[2025-07-08 11:32:00,652] DEBUG: Raw price data: {
  "prices": [
    {
      "snapshotTime": "2025:07:07-09:45:00",
      "openPrice": {
        "bid": 3310.18,
        "ask": 3310.68,
        "lastTraded": null
      },
      "closePrice": {
        "bid": 3310.1,
        "ask": 3310.4,
        "lastTraded": null
      },
      "highPrice": {
        "bid": 3310.88,
        "ask": 3311.2,
        "lastTraded": null
      },
      "lowPrice": {
        "bid": 3308.28,
        "ask": 3308.63,
        "lastTraded": null
      },
      "lastTradedVolume": 933
    },
    {
      "snapshotTime": "2025:07:07-10:00:00",
      "openPrice": {
        "bid": 3309.84,
        "ask": 3310.34,
        "lastTraded": null
      },
      "closePrice": {
        "bid": 3310.13,
        "ask": 3310.43,
        "lastTraded": null
      },
      "highPrice": {
        "bid": 3311.88,
        "ask": 3312.18,
        "lastTraded": null
      },
      "lowPrice": {
        "bid": 3309.55,
        "ask": 3309.88,
        "lastTraded": null
      },
      "lastTradedVolume": 1164
    },
    {
      "snapshotTime": "2025:07:07-10:15:00",
      "openPrice": {
        "bid": 3310.08,
        "ask": 3310.38,
        "lastTraded": null
      },
      "closePrice": {
        "bid": 3307.54,
        "ask": 3307.84,
        "lastTraded": null
      },
      "highPrice": {
        "bid": 3310.58,
        "ask": 3310.88,
        "lastTraded": null
      },
      "lowPrice": {
        "bid": 3307.53,
        "ask": 3307.83,
        "lastTraded": null
      },
      "lastTradedVolume": 861
    },
    {
      "snapshotTime": "2025:07:07-10:30:00",
      "openPrice": {
        "bid": 3307.53,
        "ask": 3307.83,
        "lastTraded": null
      },
      "closePrice": {
        "bid": 3309.05,
        "ask": 3309.35,
        "lastTraded": null
      },
      "highPrice": {
        "bid": 3309.5,
        "ask": 3309.95,
        "lastTraded": null
      },
      "lowPrice": {
        "bid": 3305.96,
        "ask": 3306.35,
        "lastTraded": null
      },
      "lastTradedVolume": 1192
    },
    {
      "snapshotTime": "2025:07:07-10:45:00",
      "openPrice": {
        "bid": 3308.86,
        "ask": 3309.36,
        "lastTraded": null
      },
      "closePrice": {
        "bid": 3308.85,
        "ask": 3309.35,
        "lastTraded": null
      },
      "highPrice": {
        "bid": 3310.47,
        "ask": 3310.77,
        "lastTraded": null
      },
      "lowPrice": {
        "bid": 3307.38,
        "ask": 3307.68,
        "lastTraded": null
      },
      "lastTradedVolume": 1202
    },
    {
      "snapshotTime": "2025:07:07-11:00:00",
      "openPrice": {
        "bid": 3308.78,
        "ask": 3309.28,
        "lastTraded": null
      },
      "closePrice": {
        "bid": 3309.7,
        "ask": 3310.0,
        "lastTraded": null
      },
      "highPrice": {
        "bid": 3310.18,
        "ask": 3310.58,
        "lastTraded": null
      },
      "lowPrice": {
        "bid": 3307.65,
        "ask": 3308.05,
        "lastTraded": null
      },
      "lastTradedVolume": 854
    },
    {
      "snapshotTime": "2025:07:07-11:15:00",
      "openPrice": {
        "bid": 3309.47,
        "ask": 3309.77,
        "lastTraded": null
      },
      "closePrice": {
        "bid": 3308.23,
        "ask": 3308.53,
        "lastTraded": null
      },
      "highPrice": {
        "bid": 3310.61,
        "ask": 3310.95,
        "lastTraded": null
      },
      "lowPrice": {
        "bid": 3307.88,
        "ask": 3308.33,
        "lastTraded": null
      },
      "lastTradedVolume": 1001
    },
    {
      "snapshotTime": "2025:07:07-11:30:00",
      "openPrice": {
        "bid": 3308.28,
        "ask": 3308.58,
        "lastTraded": null
      },
      "closePrice": {
        "bid": 3298.33,
        "ask": 3298.83,
        "lastTraded": null
      },
      "highPrice": {
        "bid": 3308.75,
        "ask": 3309.05,
        "lastTraded": null
      },
      "lowPrice": {
        "bid": 3297.38,
        "ask": 3297.68,
        "lastTraded": null
      },
      "lastTradedVolume": 1987
    },
    {
      "snapshotTime": "2025:07:07-11:45:00",
      "openPrice": {
        "bid": 3298.11,
        "ask": 3298.61,
        "lastTraded": null
      },
      "closePrice": {
        "bid": 3302.01,
        "ask": 3302.31,
        "lastTraded": null
      },
      "highPrice": {
        "bid": 3304.03,
        "ask": 3304.43,
        "lastTraded": null
      },
      "lowPrice": {
        "bid": 3296.36,
        "ask": 3296.66,
        "lastTraded": null
      },
      "lastTradedVolume": 1694
    },
    {
      "snapshotTime": "2025:07:07-12:00:00",
      "openPrice": {
        "bid": 3302.03,
        "ask": 3302.33,
        "lastTraded": null
      },
      "closePrice": {
        "bid": 3304.35,
        "ask": 3304.85,
        "lastTraded": null
      },
      "highPrice": {
        "bid": 3307.52,
        "ask": 3307.82,
        "lastTraded": null
      },
      "lowPrice": {
        "bid": 3299.83,
        "ask": 3300.33,
        "lastTraded": null
      },
      "lastTradedVolume": 1945
    },
    {
      "snapshotTime": "2025:07:07-12:15:00",
      "openPrice": {
        "bid": 3304.42,
        "ask": 3304.72,
        "lastTraded": null
      },
      "closePrice": {
        "bid": 3302.25,
        "ask": 3302.55,
        "lastTraded": null
      },
      "highPrice": {
        "bid": 3305.23,
        "ask": 3305.53,
        "lastTraded": null
      },
      "lowPrice": {
        "bid": 3301.38,
        "ask": 3301.73,
        "lastTraded": null
      },
      "lastTradedVolume": 1115
    },
    {
      "snapshotTime": "2025:07:07-12:30:00",
      "openPrice": {
        "bid": 3302.2,
        "ask": 3302.5,
        "lastTraded": null
      },
      "closePrice": {
        "bid": 3300.83,
        "ask": 3301.13,
        "lastTraded": null
      },
      "highPrice": {
        "bid": 3303.15,
        "ask": 3303.45,
        "lastTraded": null
      },
      "lowPrice": {
        "bid": 3299.62,
        "ask": 3300.02,
        "lastTraded": null
      },
      "lastTradedVolume": 1280
    },
    {
      "snapshotTime": "2025:07:07-12:45:00",
      "openPrice": {
        "bid": 3300.72,
        "ask": 3301.22,
        "lastTraded": null
      },
      "closePrice": {
        "bid": 3301.88,
        "ask": 3302.18,
        "lastTraded": null
      },
      "highPrice": {
        "bid": 3305.78,
        "ask": 3306.08,
        "lastTraded": null
      },
      "lowPrice": {
        "bid": 3300.17,
        "ask": 3300.53,
        "lastTraded": null
      },
      "lastTradedVolume": 2102
    },
    {
      "snapshotTime": "2025:07:07-13:00:00",
      "openPrice": {
        "bid": 3301.78,
        "ask": 3302.08,
        "lastTraded": null
      },
      "closePrice": {
        "bid": 3302.86,
        "ask": 3303.16,
        "lastTraded": null
      },
      "highPrice": {
        "bid": 3304.61,
        "ask": 3304.91,
        "lastTraded": null
      },
      "lowPrice": {
        "bid": 3301.54,
        "ask": 3301.89,
        "lastTraded": null
      },
      "lastTradedVolume": 1465
    },
    {
      "snapshotTime": "2025:07:07-13:15:00",
      "openPrice": {
        "bid": 3302.91,
        "ask": 3303.21,
        "lastTraded": null
      },
      "closePrice": {
        "bid": 3302.73,
        "ask": 3303.03,
        "lastTraded": null
      },
      "highPrice": {
        "bid": 3307.8,
        "ask": 3308.1,
        "lastTraded": null
      },
      "lowPrice": {
        "bid": 3300.39,
        "ask": 3300.8,
        "lastTraded": null
      },
      "lastTradedVolume": 2279
    },
    {
      "snapshotTime": "2025:07:07-13:30:00",
      "openPrice": {
        "bid": 3302.69,
        "ask": 3302.99,
        "lastTraded": null
      },
      "closePrice": {
        "bid": 3307.9,
        "ask": 3308.2,
        "lastTraded": null
      },
      "highPrice": {
        "bid": 3310.64,
        "ask": 3310.94,
        "lastTraded": null
      },
      "lowPrice": {
        "bid": 3302.06,
        "ask": 3302.36,
        "lastTraded": null
      },
      "lastTradedVolume": 1943
    },
    {
      "snapshotTime": "2025:07:07-13:45:00",
      "openPrice": {
        "bid": 3307.85,
        "ask": 3308.15,
        "lastTraded": null
      },
      "closePrice": {
        "bid": 3309.49,
        "ask": 3309.79,
        "lastTraded": null
      },
      "highPrice": {
        "bid": 3312.53,
        "ask": 3312.83,
        "lastTraded": null
      },
      "lowPrice": {
        "bid": 3307.7,
        "ask": 3308.0,
        "lastTraded": null
      },
      "lastTradedVolume": 2086
    },
    {
      "snapshotTime": "2025:07:07-14:00:00",
      "openPrice": {
        "bid": 3309.48,
        "ask": 3309.78,
        "lastTraded": null
      },
      "closePrice": {
        "bid": 3307.43,
        "ask": 3307.73,
        "lastTraded": null
      },
      "highPrice": {
        "bid": 3311.21,
        "ask": 3311.51,
        "lastTraded": null
      },
      "lowPrice": {
        "bid": 3306.58,
        "ask": 3306.93,
        "lastTraded": null
      },
      "lastTradedVolume": 1537
    },
    {
      "snapshotTime": "2025:07:07-14:15:00",
      "openPrice": {
        "bid": 3307.33,
        "ask": 3307.83,
        "lastTraded": null
      },
      "closePrice": {
        "bid": 3311.59,
        "ask": 3311.89,
        "lastTraded": null
      },
      "highPrice": {
        "bid": 3312.4,
        "ask": 3312.75,
        "lastTraded": null
      },
      "lowPrice": {
        "bid": 3307.08,
        "ask": 3307.48,
        "lastTraded": null
      },
      "lastTradedVolume": 1269
    },
    {
      "snapshotTime": "2025:07:07-14:30:00",
      "openPrice": {
        "bid": 3311.65,
        "ask": 3311.95,
        "lastTraded": null
      },
      "closePrice": {
        "bid": 3311.25,
        "ask": 3311.75,
        "lastTraded": null
      },
      "highPrice": {
        "bid": 3312.08,
        "ask": 3312.38,
        "lastTraded": null
      },
      "lowPrice": {
        "bid": 3306.1,
        "ask": 3306.4,
        "lastTraded": null
      },
      "lastTradedVolume": 2706
    },
    {
      "snapshotTime": "2025:07:07-14:45:00",
      "openPrice": {
        "bid": 3311.28,
        "ask": 3311.78,
        "lastTraded": null
      },
      "closePrice": {
        "bid": 3316.32,
        "ask": 3316.62,
        "lastTraded": null
      },
      "highPrice": {
        "bid": 3317.03,
        "ask": 3317.39,
        "lastTraded": null
      },
      "lowPrice": {
        "bid": 3310.03,
        "ask": 3310.33,
        "lastTraded": null
      },
      "lastTradedVolume": 2478
    },
    {
      "snapshotTime": "2025:07:07-15:00:00",
      "openPrice": {
        "bid": 3316.53,
        "ask": 3316.83,
        "lastTraded": null
      },
      "closePrice": {
        "bid": 3316.98,
        "ask": 3317.28,
        "lastTraded": null
      },
      "highPrice": {
        "bid": 3318.67,
        "ask": 3319.02,
        "lastTraded": null
      },
      "lowPrice": {
        "bid": 3313.11,
        "ask": 3313.43,
        "lastTraded": null
      },
      "lastTradedVolume": 2138
    },
    {
      "snapshotTime": "2025:07:07-15:15:00",
      "openPrice": {
        "bid": 3316.99,
        "ask": 3317.29,
        "lastTraded": null
      },
      "closePrice": {
        "bid": 3314.39,
        "ask": 3314.69,
        "lastTraded": null
      },
      "highPrice": {
        "bid": 3319.03,
        "ask": 3319.43,
        "lastTraded": null
      },
      "lowPrice": {
        "bid": 3314.08,
        "ask": 3314.41,
        "lastTraded": null
      },
      "lastTradedVolume": 1685
    },
    {
      "snapshotTime": "2025:07:07-15:30:00",
      "openPrice": {
        "bid": 3314.58,
        "ask": 3314.88,
        "lastTraded": null
      },
      "closePrice": {
        "bid": 3319.33,
        "ask": 3319.83,
        "lastTraded": null
      },
      "highPrice": {
        "bid": 3319.82,
        "ask": 3320.18,
        "lastTraded": null
      },
      "lowPrice": {
        "bid": 3314.14,
        "ask": 3314.54,
        "lastTraded": null
      },
      "lastTradedVolume": 1333
    },
    {
      "snapshotTime": "2025:07:07-15:45:00",
      "openPrice": {
        "bid": 3319.43,
        "ask": 3319.93,
        "lastTraded": null
      },
      "closePrice": {
        "bid": 3317.89,
        "ask": 3318.19,
        "lastTraded": null
      },
      "highPrice": {
        "bid": 3321.32,
        "ask": 3321.68,
        "lastTraded": null
      },
      "lowPrice": {
        "bid": 3317.65,
        "ask": 3317.98,
        "lastTraded": null
      },
      "lastTradedVolume": 1458
    },
    {
      "snapshotTime": "2025:07:07-16:00:00",
      "openPrice": {
        "bid": 3317.79,
        "ask": 3318.29,
        "lastTraded": null
      },
      "closePrice": {
        "bid": 3318.78,
        "ask": 3319.08,
        "lastTraded": null
      },
      "highPrice": {
        "bid": 3319.63,
        "ask": 3319.93,
        "lastTraded": null
      },
      "lowPrice": {
        "bid": 3315.98,
        "ask": 3316.33,
        "lastTraded": null
      },
      "lastTradedVolume": 1023
    },
    {
      "snapshotTime": "2025:07:07-16:15:00",
      "openPrice": {
        "bid": 3318.83,
        "ask": 3319.13,
        "lastTraded": null
      },
      "closePrice": {
        "bid": 3318.58,
        "ask": 3318.88,
        "lastTraded": null
      },
      "highPrice": {
        "bid": 3320.08,
        "ask": 3320.43,
        "lastTraded": null
      },
      "lowPrice": {
        "bid": 3317.22,
        "ask": 3317.58,
        "lastTraded": null
      },
      "lastTradedVolume": 899
    },
    {
      "snapshotTime": "2025:07:07-16:30:00",
      "openPrice": {
        "bid": 3318.73,
        "ask": 3319.03,
        "lastTraded": null
      },
      "closePrice": {
        "bid": 3320.93,
        "ask": 3321.23,
        "lastTraded": null
      },
      "highPrice": {
        "bid": 3321.38,
        "ask": 3321.68,
        "lastTraded": null
      },
      "lowPrice": {
        "bid": 3318.73,
        "ask": 3319.03,
        "lastTraded": null
      },
      "lastTradedVolume": 1050
    },
    {
      "snapshotTime": "2025:07:07-16:45:00",
      "openPrice": {
        "bid": 3321.08,
        "ask": 3321.38,
        "lastTraded": null
      },
      "closePrice": {
        "bid": 3320.78,
        "ask": 3321.08,
        "lastTraded": null
      },
      "highPrice": {
        "bid": 3321.92,
        "ask": 3322.22,
        "lastTraded": null
      },
      "lowPrice": {
        "bid": 3320.33,
        "ask": 3320.63,
        "lastTraded": null
      },
      "lastTradedVolume": 909
    },
    {
      "snapshotTime": "2025:07:07-17:00:00",
      "openPrice": {
        "bid": 3320.77,
        "ask": 3321.07,
        "lastTraded": null
      },
      "closePrice": {
        "bid": 3322.65,
        "ask": 3322.95,
        "lastTraded": null
      },
      "highPrice": {
        "bid": 3322.88,
        "ask": 3323.18,
        "lastTraded": null
      },
      "lowPrice": {
        "bid": 3319.98,
        "ask": 3320.28,
        "lastTraded": null
      },
      "lastTradedVolume": 1206
    },
    {
      "snapshotTime": "2025:07:07-17:15:00",
      "openPrice": {
        "bid": 3322.6,
        "ask": 3322.9,
        "lastTraded": null
      },
      "closePrice": {
        "bid": 3324.68,
        "ask": 3324.98,
        "lastTraded": null
      },
      "highPrice": {
        "bid": 3326.93,
        "ask": 3327.23,
        "lastTraded": null
      },
      "lowPrice": {
        "bid": 3321.22,
        "ask": 3321.52,
        "lastTraded": null
      },
      "lastTradedVolume": 2064
    },
    {
      "snapshotTime": "2025:07:07-17:30:00",
      "openPrice": {
        "bid": 3324.63,
        "ask": 3324.93,
        "lastTraded": null
      },
      "closePrice": {
        "bid": 3326.22,
        "ask": 3326.52,
        "lastTraded": null
      },
      "highPrice": {
        "bid": 3327.59,
        "ask": 3327.89,
        "lastTraded": null
      },
      "lowPrice": {
        "bid": 3323.48,
        "ask": 3323.78,
        "lastTraded": null
      },
      "lastTradedVolume": 1435
    },
    {
      "snapshotTime": "2025:07:07-17:45:00",
      "openPrice": {
        "bid": 3326.25,
        "ask": 3326.55,
        "lastTraded": null
      },
      "closePrice": {
        "bid": 3327.35,
        "ask": 3327.65,
        "lastTraded": null
      },
      "highPrice": {
        "bid": 3327.98,
        "ask": 3328.39,
        "lastTraded": null
      },
      "lowPrice": {
        "bid": 3325.5,
        "ask": 3325.8,
        "lastTraded": null
      },
      "lastTradedVolume": 1465
    },
    {
      "snapshotTime": "2025:07:07-18:00:00",
      "openPrice": {
        "bid": 3327.45,
        "ask": 3327.75,
        "lastTraded": null
      },
      "closePrice": {
        "bid": 3331.2,
        "ask": 3331.5,
        "lastTraded": null
      },
      "highPrice": {
        "bid": 3332.45,
        "ask": 3332.85,
        "lastTraded": null
      },
      "lowPrice": {
        "bid": 3327.2,
        "ask": 3327.58,
        "lastTraded": null
      },
      "lastTradedVolume": 1839
    },
    {
      "snapshotTime": "2025:07:07-18:15:00",
      "openPrice": {
        "bid": 3331.1,
        "ask": 3331.4,
        "lastTraded": null
      },
      "closePrice": {
        "bid": 3332.34,
        "ask": 3332.64,
        "lastTraded": null
      },
      "highPrice": {
        "bid": 3333.85,
        "ask": 3334.15,
        "lastTraded": null
      },
      "lowPrice": {
        "bid": 3331.08,
        "ask": 3331.38,
        "lastTraded": null
      },
      "lastTradedVolume": 1246
    },
    {
      "snapshotTime": "2025:07:07-18:30:00",
      "openPrice": {
        "bid": 3332.4,
        "ask": 3332.7,
        "lastTraded": null
      },
      "closePrice": {
        "bid": 3333.58,
        "ask": 3333.88,
        "lastTraded": null
      },
      "highPrice": {
        "bid": 3335.7,
        "ask": 3336.04,
        "lastTraded": null
      },
      "lowPrice": {
        "bid": 3330.45,
        "ask": 3330.75,
        "lastTraded": null
      },
      "lastTradedVolume": 1619
    },
    {
      "snapshotTime": "2025:07:07-18:45:00",
      "openPrice": {
        "bid": 3333.38,
        "ask": 3333.68,
        "lastTraded": null
      },
      "closePrice": {
        "bid": 3331.94,
        "ask": 3332.24,
        "lastTraded": null
      },
      "highPrice": {
        "bid": 3333.88,
        "ask": 3334.27,
        "lastTraded": null
      },
      "lowPrice": {
        "bid": 3331.83,
        "ask": 3332.22,
        "lastTraded": null
      },
      "lastTradedVolume": 1056
    },
    {
      "snapshotTime": "2025:07:07-19:00:00",
      "openPrice": {
        "bid": 3331.87,
        "ask": 3332.17,
        "lastTraded": null
      },
      "closePrice": {
        "bid": 3330.17,
        "ask": 3330.47,
        "lastTraded": null
      },
      "highPrice": {
        "bid": 3332.32,
        "ask": 3332.71,
        "lastTraded": null
      },
      "lowPrice": {
        "bid": 3328.85,
        "ask": 3329.15,
        "lastTraded": null
      },
      "lastTradedVolume": 1560
    },
    {
      "snapshotTime": "2025:07:07-19:15:00",
      "openPrice": {
        "bid": 3330.09,
        "ask": 3330.39,
        "lastTraded": null
      },
      "closePrice": {
        "bid": 3330.17,
        "ask": 3330.47,
        "lastTraded": null
      },
      "highPrice": {
        "bid": 3330.83,
        "ask": 3331.19,
        "lastTraded": null
      },
      "lowPrice": {
        "bid": 3328.45,
        "ask": 3328.75,
        "lastTraded": null
      },
      "lastTradedVolume": 1405
    },
    {
      "snapshotTime": "2025:07:07-19:30:00",
      "openPrice": {
        "bid": 3330.08,
        "ask": 3330.58,
        "lastTraded": null
      },
      "closePrice": {
        "bid": 3334.77,
        "ask": 3335.27,
        "lastTraded": null
      },
      "highPrice": {
        "bid": 3334.93,
        "ask": 3335.33,
        "lastTraded": null
      },
      "lowPrice": {
        "bid": 3330.08,
        "ask": 3330.38,
        "lastTraded": null
      },
      "lastTradedVolume": 1332
    },
    {
      "snapshotTime": "2025:07:07-19:45:00",
      "openPrice": {
        "bid": 3334.83,
        "ask": 3335.13,
        "lastTraded": null
      },
      "closePrice": {
        "bid": 3334.28,
        "ask": 3334.58,
        "lastTraded": null
      },
      "highPrice": {
        "bid": 3335.65,
        "ask": 3335.95,
        "lastTraded": null
      },
      "lowPrice": {
        "bid": 3332.83,
        "ask": 3333.23,
        "lastTraded": null
      },
      "lastTradedVolume": 1096
    },
    {
      "snapshotTime": "2025:07:07-20:00:00",
      "openPrice": {
        "bid": 3334.36,
        "ask": 3334.66,
        "lastTraded": null
      },
      "closePrice": {
        "bid": 3337.98,
        "ask": 3338.28,
        "lastTraded": null
      },
      "highPrice": {
        "bid": 3338.25,
        "ask": 3338.7,
        "lastTraded": null
      },
      "lowPrice": {
        "bid": 3334.08,
        "ask": 3334.57,
        "lastTraded": null
      },
      "lastTradedVolume": 1405
    },
    {
      "snapshotTime": "2025:07:07-20:15:00",
      "openPrice": {
        "bid": 3337.88,
        "ask": 3338.38,
        "lastTraded": null
      },
      "closePrice": {
        "bid": 3338.34,
        "ask": 3338.64,
        "lastTraded": null
      },
      "highPrice": {
        "bid": 3338.94,
        "ask": 3339.26,
        "lastTraded": null
      },
      "lowPrice": {
        "bid": 3336.3,
        "ask": 3336.68,
        "lastTraded": null
      },
      "lastTradedVolume": 1220
    },
    {
      "snapshotTime": "2025:07:07-20:30:00",
      "openPrice": {
        "bid": 3338.36,
        "ask": 3338.66,
        "lastTraded": null
      },
      "closePrice": {
        "bid": 3339.6,
        "ask": 3339.9,
        "lastTraded": null
      },
      "highPrice": {
        "bid": 3340.2,
        "ask": 3340.59,
        "lastTraded": null
      },
      "lowPrice": {
        "bid": 3337.28,
        "ask": 3337.58,
        "lastTraded": null
      },
      "lastTradedVolume": 1163
    },
    {
      "snapshotTime": "2025:07:07-20:45:00",
      "openPrice": {
        "bid": 3339.72,
        "ask": 3340.02,
        "lastTraded": null
      },
      "closePrice": {
        "bid": 3336.96,
        "ask": 3337.26,
        "lastTraded": null
      },
      "highPrice": {
        "bid": 3340.29,
        "ask": 3340.6,
        "lastTraded": null
      },
      "lowPrice": {
        "bid": 3336.37,
        "ask": 3336.67,
        "lastTraded": null
      },
      "lastTradedVolume": 1322
    },
    {
      "snapshotTime": "2025:07:07-21:00:00",
      "openPrice": {
        "bid": 3336.93,
        "ask": 3337.23,
        "lastTraded": null
      },
      "closePrice": {
        "bid": 3336.63,
        "ask": 3336.93,
        "lastTraded": null
      },
      "highPrice": {
        "bid": 3337.28,
        "ask": 3337.62,
        "lastTraded": null
      },
      "lowPrice": {
        "bid": 3335.3,
        "ask": 3335.6,
        "lastTraded": null
      },
      "lastTradedVolume": 776
    },
    {
      "snapshotTime": "2025:07:07-21:15:00",
      "openPrice": {
        "bid": 3336.74,
        "ask": 3337.04,
        "lastTraded": null
      },
      "closePrice": {
        "bid": 3336.35,
        "ask": 3336.65,
        "lastTraded": null
      },
      "highPrice": {
        "bid": 3337.17,
        "ask": 3337.67,
        "lastTraded": null
      },
      "lowPrice": {
        "bid": 3335.83,
        "ask": 3336.13,
        "lastTraded": null
      },
      "lastTradedVolume": 477
    },
    {
      "snapshotTime": "2025:07:07-21:30:00",
      "openPrice": {
        "bid": 3336.32,
        "ask": 3336.62,
        "lastTraded": null
      },
      "closePrice": {
        "bid": 3336.07,
        "ask": 3336.37,
        "lastTraded": null
      },
      "highPrice": {
        "bid": 3336.65,
        "ask": 3336.95,
        "lastTraded": null
      },
      "lowPrice": {
        "bid": 3335.57,
        "ask": 3335.87,
        "lastTraded": null
      },
      "lastTradedVolume": 288
    },
    {
      "snapshotTime": "2025:07:07-21:45:00",
      "openPrice": {
        "bid": 3336.09,
        "ask": 3336.39,
        "lastTraded": null
      },
      "closePrice": {
        "bid": 3336.69,
        "ask": 3336.99,
        "lastTraded": null
      },
      "highPrice": {
        "bid": 3337.91,
        "ask": 3338.21,
        "lastTraded": null
      },
      "lowPrice": {
        "bid": 3336.03,
        "ask": 3336.39,
        "lastTraded": null
      },
      "lastTradedVolume": 498
    },
    {
      "snapshotTime": "2025:07:07-23:00:00",
      "openPrice": {
        "bid": 3339.9,
        "ask": 3340.2,
        "lastTraded": null
      },
      "closePrice": {
        "bid": 3344.13,
        "ask": 3344.63,
        "lastTraded": null
      },
      "highPrice": {
        "bid": 3344.96,
        "ask": 3345.41,
        "lastTraded": null
      },
      "lowPrice": {
        "bid": 3339.68,
        "ask": 3340.18,
        "lastTraded": null
      },
      "lastTradedVolume": 547
    },
    {
      "snapshotTime": "2025:07:07-23:15:00",
      "openPrice": {
        "bid": 3344.03,
        "ask": 3344.53,
        "lastTraded": null
      },
      "closePrice": {
        "bid": 3342.0,
        "ask": 3342.5,
        "lastTraded": null
      },
      "highPrice": {
        "bid": 3345.78,
        "ask": 3346.18,
        "lastTraded": null
      },
      "lowPrice": {
        "bid": 3341.13,
        "ask": 3341.48,
        "lastTraded": null
      },
      "lastTradedVolume": 513
    },
    {
      "snapshotTime": "2025:07:07-23:30:00",
      "openPrice": {
        "bid": 3341.7,
        "ask": 3342.2,
        "lastTraded": null
      },
      "closePrice": {
        "bid": 3339.63,
        "ask": 3339.93,
        "lastTraded": null
      },
      "highPrice": {
        "bid": 3342.83,
        "ask": 3343.2,
        "lastTraded": null
      },
      "lowPrice": {
        "bid": 3339.53,
        "ask": 3339.83,
        "lastTraded": null
      },
      "lastTradedVolume": 369
    },
    {
      "snapshotTime": "2025:07:07-23:45:00",
      "openPrice": {
        "bid": 3339.68,
        "ask": 3340.13,
        "lastTraded": null
      },
      "closePrice": {
        "bid": 3339.73,
        "ask": 3340.03,
        "lastTraded": null
      },
      "highPrice": {
        "bid": 3340.88,
        "ask": 3341.23,
        "lastTraded": null
      },
      "lowPrice": {
        "bid": 3338.78,
        "ask": 3339.28,
        "lastTraded": null
      },
      "lastTradedVolume": 342
    },
    {
      "snapshotTime": "2025:07:08-00:00:00",
      "openPrice": {
        "bid": 3339.68,
        "ask": 3340.18,
        "lastTraded": null
      },
      "closePrice": {
        "bid": 3337.23,
        "ask": 3337.53,
        "lastTraded": null
      },
      "highPrice": {
        "bid": 3339.98,
        "ask": 3340.48,
        "lastTraded": null
      },
      "lowPrice": {
        "bid": 3335.08,
        "ask": 3335.5,
        "lastTraded": null
      },
      "lastTradedVolume": 476
    },
    {
      "snapshotTime": "2025:07:08-00:15:00",
      "openPrice": {
        "bid": 3337.08,
        "ask": 3337.58,
        "lastTraded": null
      },
      "closePrice": {
        "bid": 3336.03,
        "ask": 3336.53,
        "lastTraded": null
      },
      "highPrice": {
        "bid": 3337.48,
        "ask": 3337.93,
        "lastTraded": null
      },
      "lowPrice": {
        "bid": 3334.05,
        "ask": 3334.43,
        "lastTraded": null
      },
      "lastTradedVolume": 367
    },
    {
      "snapshotTime": "2025:07:08-00:30:00",
      "openPrice": {
        "bid": 3335.93,
        "ask": 3336.43,
        "lastTraded": null
      },
      "closePrice": {
        "bid": 3336.63,
        "ask": 3337.13,
        "lastTraded": null
      },
      "highPrice": {
        "bid": 3337.28,
        "ask": 3337.72,
        "lastTraded": null
      },
      "lowPrice": {
        "bid": 3335.43,
        "ask": 3335.93,
        "lastTraded": null
      },
      "lastTradedVolume": 262
    },
    {
      "snapshotTime": "2025:07:08-00:45:00",
      "openPrice": {
        "bid": 3336.48,
        "ask": 3336.98,
        "lastTraded": null
      },
      "closePrice": {
        "bid": 3334.58,
        "ask": 3334.88,
        "lastTraded": null
      },
      "highPrice": {
        "bid": 3336.78,
        "ask": 3337.28,
        "lastTraded": null
      },
      "lowPrice": {
        "bid": 3333.73,
        "ask": 3334.13,
        "lastTraded": null
      },
      "lastTradedVolume": 586
    },
    {
      "snapshotTime": "2025:07:08-01:00:00",
      "openPrice": {
        "bid": 3334.63,
        "ask": 3334.93,
        "lastTraded": null
      },
      "closePrice": {
        "bid": 3336.08,
        "ask": 3336.58,
        "lastTraded": null
      },
      "highPrice": {
        "bid": 3337.08,
        "ask": 3337.43,
        "lastTraded": null
      },
      "lowPrice": {
        "bid": 3332.83,
        "ask": 3333.13,
        "lastTraded": null
      },
      "lastTradedVolume": 1106
    },
    {
      "snapshotTime": "2025:07:08-01:15:00",
      "openPrice": {
        "bid": 3336.03,
        "ask": 3336.53,
        "lastTraded": null
      },
      "closePrice": {
        "bid": 3332.55,
        "ask": 3333.05,
        "lastTraded": null
      },
      "highPrice": {
        "bid": 3337.18,
        "ask": 3337.58,
        "lastTraded": null
      },
      "lowPrice": {
        "bid": 3331.68,
        "ask": 3332.08,
        "lastTraded": null
      },
      "lastTradedVolume": 1024
    },
    {
      "snapshotTime": "2025:07:08-01:30:00",
      "openPrice": {
        "bid": 3332.65,
        "ask": 3333.15,
        "lastTraded": null
      },
      "closePrice": {
        "bid": 3333.45,
        "ask": 3333.95,
        "lastTraded": null
      },
      "highPrice": {
        "bid": 3333.85,
        "ask": 3334.23,
        "lastTraded": null
      },
      "lowPrice": {
        "bid": 3331.03,
        "ask": 3331.34,
        "lastTraded": null
      },
      "lastTradedVolume": 1018
    },
    {
      "snapshotTime": "2025:07:08-01:45:00",
      "openPrice": {
        "bid": 3333.3,
        "ask": 3333.8,
        "lastTraded": null
      },
      "closePrice": {
        "bid": 3334.08,
        "ask": 3334.58,
        "lastTraded": null
      },
      "highPrice": {
        "bid": 3335.18,
        "ask": 3335.68,
        "lastTraded": null
      },
      "lowPrice": {
        "bid": 3332.68,
        "ask": 3333.08,
        "lastTraded": null
      },
      "lastTradedVolume": 686
    },
    {
      "snapshotTime": "2025:07:08-02:00:00",
      "openPrice": {
        "bid": 3333.93,
        "ask": 3334.23,
        "lastTraded": null
      },
      "closePrice": {
        "bid": 3331.33,
        "ask": 3331.63,
        "lastTraded": null
      },
      "highPrice": {
        "bid": 3335.53,
        "ask": 3335.83,
        "lastTraded": null
      },
      "lowPrice": {
        "bid": 3329.58,
        "ask": 3329.93,
        "lastTraded": null
      },
      "lastTradedVolume": 1364
    },
    {
      "snapshotTime": "2025:07:08-02:15:00",
      "openPrice": {
        "bid": 3331.38,
        "ask": 3331.68,
        "lastTraded": null
      },
      "closePrice": {
        "bid": 3333.9,
        "ask": 3334.2,
        "lastTraded": null
      },
      "highPrice": {
        "bid": 3335.29,
        "ask": 3335.59,
        "lastTraded": null
      },
      "lowPrice": {
        "bid": 3330.23,
        "ask": 3330.58,
        "lastTraded": null
      },
      "lastTradedVolume": 926
    },
    {
      "snapshotTime": "2025:07:08-02:30:00",
      "openPrice": {
        "bid": 3333.8,
        "ask": 3334.1,
        "lastTraded": null
      },
      "closePrice": {
        "bid": 3334.58,
        "ask": 3334.88,
        "lastTraded": null
      },
      "highPrice": {
        "bid": 3336.88,
        "ask": 3337.23,
        "lastTraded": null
      },
      "lowPrice": {
        "bid": 3332.25,
        "ask": 3332.58,
        "lastTraded": null
      },
      "lastTradedVolume": 1148
    },
    {
      "snapshotTime": "2025:07:08-02:45:00",
      "openPrice": {
        "bid": 3334.08,
        "ask": 3334.58,
        "lastTraded": null
      },
      "closePrice": {
        "bid": 3334.58,
        "ask": 3335.08,
        "lastTraded": null
      },
      "highPrice": {
        "bid": 3336.33,
        "ask": 3336.68,
        "lastTraded": null
      },
      "lowPrice": {
        "bid": 3332.23,
        "ask": 3332.53,
        "lastTraded": null
      },
      "lastTradedVolume": 1192
    },
    {
      "snapshotTime": "2025:07:08-03:00:00",
      "openPrice": {
        "bid": 3334.63,
        "ask": 3335.13,
        "lastTraded": null
      },
      "closePrice": {
        "bid": 3333.88,
        "ask": 3334.18,
        "lastTraded": null
      },
      "highPrice": {
        "bid": 3336.15,
        "ask": 3336.45,
        "lastTraded": null
      },
      "lowPrice": {
        "bid": 3332.7,
        "ask": 3333.0,
        "lastTraded": null
      },
      "lastTradedVolume": 893
    },
    {
      "snapshotTime": "2025:07:08-03:15:00",
      "openPrice": {
        "bid": 3333.83,
        "ask": 3334.13,
        "lastTraded": null
      },
      "closePrice": {
        "bid": 3335.83,
        "ask": 3336.13,
        "lastTraded": null
      },
      "highPrice": {
        "bid": 3336.13,
        "ask": 3336.43,
        "lastTraded": null
      },
      "lowPrice": {
        "bid": 3333.35,
        "ask": 3333.8,
        "lastTraded": null
      },
      "lastTradedVolume": 655
    },
    {
      "snapshotTime": "2025:07:08-03:30:00",
      "openPrice": {
        "bid": 3335.93,
        "ask": 3336.33,
        "lastTraded": null
      },
      "closePrice": {
        "bid": 3335.5,
        "ask": 3335.8,
        "lastTraded": null
      },
      "highPrice": {
        "bid": 3336.18,
        "ask": 3336.58,
        "lastTraded": null
      },
      "lowPrice": {
        "bid": 3333.43,
        "ask": 3333.93,
        "lastTraded": null
      },
      "lastTradedVolume": 681
    },
    {
      "snapshotTime": "2025:07:08-03:45:00",
      "openPrice": {
        "bid": 3335.6,
        "ask": 3335.9,
        "lastTraded": null
      },
      "closePrice": {
        "bid": 3334.33,
        "ask": 3334.83,
        "lastTraded": null
      },
      "highPrice": {
        "bid": 3337.98,
        "ask": 3338.28,
        "lastTraded": null
      },
      "lowPrice": {
        "bid": 3333.73,
        "ask": 3334.13,
        "lastTraded": null
      },
      "lastTradedVolume": 838
    },
    {
      "snapshotTime": "2025:07:08-04:00:00",
      "openPrice": {
        "bid": 3334.23,
        "ask": 3334.73,
        "lastTraded": null
      },
      "closePrice": {
        "bid": 3332.03,
        "ask": 3332.33,
        "lastTraded": null
      },
      "highPrice": {
        "bid": 3335.43,
        "ask": 3335.73,
        "lastTraded": null
      },
      "lowPrice": {
        "bid": 3330.96,
        "ask": 3331.46,
        "lastTraded": null
      },
      "lastTradedVolume": 685
    },
    {
      "snapshotTime": "2025:07:08-04:15:00",
      "openPrice": {
        "bid": 3331.98,
        "ask": 3332.28,
        "lastTraded": null
      },
      "closePrice": {
        "bid": 3331.58,
        "ask": 3331.88,
        "lastTraded": null
      },
      "highPrice": {
        "bid": 3332.08,
        "ask": 3332.43,
        "lastTraded": null
      },
      "lowPrice": {
        "bid": 3329.43,
        "ask": 3329.88,
        "lastTraded": null
      },
      "lastTradedVolume": 654
    },
    {
      "snapshotTime": "2025:07:08-04:30:00",
      "openPrice": {
        "bid": 3331.63,
        "ask": 3331.93,
        "lastTraded": null
      },
      "closePrice": {
        "bid": 3330.58,
        "ask": 3331.08,
        "lastTraded": null
      },
      "highPrice": {
        "bid": 3331.98,
        "ask": 3332.33,
        "lastTraded": null
      },
      "lowPrice": {
        "bid": 3330.53,
        "ask": 3330.91,
        "lastTraded": null
      },
      "lastTradedVolume": 336
    },
    {
      "snapshotTime": "2025:07:08-04:45:00",
      "openPrice": {
        "bid": 3330.73,
        "ask": 3331.23,
        "lastTraded": null
      },
      "closePrice": {
        "bid": 3331.38,
        "ask": 3331.88,
        "lastTraded": null
      },
      "highPrice": {
        "bid": 3333.03,
        "ask": 3333.53,
        "lastTraded": null
      },
      "lowPrice": {
        "bid": 3330.48,
        "ask": 3330.78,
        "lastTraded": null
      },
      "lastTradedVolume": 421
    },
    {
      "snapshotTime": "2025:07:08-05:00:00",
      "openPrice": {
        "bid": 3331.23,
        "ask": 3331.53,
        "lastTraded": null
      },
      "closePrice": {
        "bid": 3330.78,
        "ask": 3331.28,
        "lastTraded": null
      },
      "highPrice": {
        "bid": 3332.73,
        "ask": 3333.03,
        "lastTraded": null
      },
      "lowPrice": {
        "bid": 3329.83,
        "ask": 3330.29,
        "lastTraded": null
      },
      "lastTradedVolume": 366
    },
    {
      "snapshotTime": "2025:07:08-05:15:00",
      "openPrice": {
        "bid": 3330.83,
        "ask": 3331.33,
        "lastTraded": null
      },
      "closePrice": {
        "bid": 3329.68,
        "ask": 3330.18,
        "lastTraded": null
      },
      "highPrice": {
        "bid": 3331.15,
        "ask": 3331.65,
        "lastTraded": null
      },
      "lowPrice": {
        "bid": 3329.33,
        "ask": 3329.68,
        "lastTraded": null
      },
      "lastTradedVolume": 310
    },
    {
      "snapshotTime": "2025:07:08-05:30:00",
      "openPrice": {
        "bid": 3329.63,
        "ask": 3329.93,
        "lastTraded": null
      },
      "closePrice": {
        "bid": 3330.25,
        "ask": 3330.75,
        "lastTraded": null
      },
      "highPrice": {
        "bid": 3331.4,
        "ask": 3331.7,
        "lastTraded": null
      },
      "lowPrice": {
        "bid": 3329.18,
        "ask": 3329.48,
        "lastTraded": null
      },
      "lastTradedVolume": 769
    },
    {
      "snapshotTime": "2025:07:08-05:45:00",
      "openPrice": {
        "bid": 3330.4,
        "ask": 3330.9,
        "lastTraded": null
      },
      "closePrice": {
        "bid": 3329.5,
        "ask": 3329.8,
        "lastTraded": null
      },
      "highPrice": {
        "bid": 3330.55,
        "ask": 3331.05,
        "lastTraded": null
      },
      "lowPrice": {
        "bid": 3327.15,
        "ask": 3327.55,
        "lastTraded": null
      },
      "lastTradedVolume": 582
    },
    {
      "snapshotTime": "2025:07:08-06:00:00",
      "openPrice": {
        "bid": 3329.45,
        "ask": 3329.95,
        "lastTraded": null
      },
      "closePrice": {
        "bid": 3333.43,
        "ask": 3333.93,
        "lastTraded": null
      },
      "highPrice": {
        "bid": 3333.53,
        "ask": 3333.93,
        "lastTraded": null
      },
      "lowPrice": {
        "bid": 3329.35,
        "ask": 3329.75,
        "lastTraded": null
      },
      "lastTradedVolume": 561
    },
    {
      "snapshotTime": "2025:07:08-06:15:00",
      "openPrice": {
        "bid": 3333.48,
        "ask": 3333.98,
        "lastTraded": null
      },
      "closePrice": {
        "bid": 3335.58,
        "ask": 3335.88,
        "lastTraded": null
      },
      "highPrice": {
        "bid": 3336.43,
        "ask": 3336.83,
        "lastTraded": null
      },
      "lowPrice": {
        "bid": 3333.33,
        "ask": 3333.68,
        "lastTraded": null
      },
      "lastTradedVolume": 584
    },
    {
      "snapshotTime": "2025:07:08-06:30:00",
      "openPrice": {
        "bid": 3335.73,
        "ask": 3336.03,
        "lastTraded": null
      },
      "closePrice": {
        "bid": 3334.28,
        "ask": 3334.78,
        "lastTraded": null
      },
      "highPrice": {
        "bid": 3336.41,
        "ask": 3336.71,
        "lastTraded": null
      },
      "lowPrice": {
        "bid": 3334.01,
        "ask": 3334.43,
        "lastTraded": null
      },
      "lastTradedVolume": 835
    },
    {
      "snapshotTime": "2025:07:08-06:45:00",
      "openPrice": {
        "bid": 3334.33,
        "ask": 3334.83,
        "lastTraded": null
      },
      "closePrice": {
        "bid": 3333.91,
        "ask": 3334.41,
        "lastTraded": null
      },
      "highPrice": {
        "bid": 3335.95,
        "ask": 3336.45,
        "lastTraded": null
      },
      "lowPrice": {
        "bid": 3333.28,
        "ask": 3333.78,
        "lastTraded": null
      },
      "lastTradedVolume": 840
    },
    {
      "snapshotTime": "2025:07:08-07:00:00",
      "openPrice": {
        "bid": 3333.98,
        "ask": 3334.28,
        "lastTraded": null
      },
      "closePrice": {
        "bid": 3332.13,
        "ask": 3332.43,
        "lastTraded": null
      },
      "highPrice": {
        "bid": 3335.08,
        "ask": 3335.45,
        "lastTraded": null
      },
      "lowPrice": {
        "bid": 3331.06,
        "ask": 3331.43,
        "lastTraded": null
      },
      "lastTradedVolume": 1093
    },
    {
      "snapshotTime": "2025:07:08-07:15:00",
      "openPrice": {
        "bid": 3331.94,
        "ask": 3332.44,
        "lastTraded": null
      },
      "closePrice": {
        "bid": 3334.48,
        "ask": 3334.98,
        "lastTraded": null
      },
      "highPrice": {
        "bid": 3334.93,
        "ask": 3335.23,
        "lastTraded": null
      },
      "lowPrice": {
        "bid": 3330.73,
        "ask": 3331.03,
        "lastTraded": null
      },
      "lastTradedVolume": 817
    },
    {
      "snapshotTime": "2025:07:08-07:30:00",
      "openPrice": {
        "bid": 3334.68,
        "ask": 3335.03,
        "lastTraded": null
      },
      "closePrice": {
        "bid": 3333.93,
        "ask": 3334.43,
        "lastTraded": null
      },
      "highPrice": {
        "bid": 3334.93,
        "ask": 3335.28,
        "lastTraded": null
      },
      "lowPrice": {
        "bid": 3333.15,
        "ask": 3333.63,
        "lastTraded": null
      },
      "lastTradedVolume": 617
    },
    {
      "snapshotTime": "2025:07:08-07:45:00",
      "openPrice": {
        "bid": 3334.08,
        "ask": 3334.38,
        "lastTraded": null
      },
      "closePrice": {
        "bid": 3335.7,
        "ask": 3336.0,
        "lastTraded": null
      },
      "highPrice": {
        "bid": 3335.98,
        "ask": 3336.29,
        "lastTraded": null
      },
      "lowPrice": {
        "bid": 3332.46,
        "ask": 3332.93,
        "lastTraded": null
      },
      "lastTradedVolume": 795
    },
    {
      "snapshotTime": "2025:07:08-08:00:00",
      "openPrice": {
        "bid": 3335.71,
        "ask": 3336.01,
        "lastTraded": null
      },
      "closePrice": {
        "bid": 3337.88,
        "ask": 3338.18,
        "lastTraded": null
      },
      "highPrice": {
        "bid": 3339.48,
        "ask": 3339.88,
        "lastTraded": null
      },
      "lowPrice": {
        "bid": 3335.71,
        "ask": 3336.01,
        "lastTraded": null
      },
      "lastTradedVolume": 1046
    },
    {
      "snapshotTime": "2025:07:08-08:15:00",
      "openPrice": {
        "bid": 3337.83,
        "ask": 3338.13,
        "lastTraded": null
      },
      "closePrice": {
        "bid": 3332.98,
        "ask": 3333.28,
        "lastTraded": null
      },
      "highPrice": {
        "bid": 3338.28,
        "ask": 3338.68,
        "lastTraded": null
      },
      "lowPrice": {
        "bid": 3332.65,
        "ask": 3333.08,
        "lastTraded": null
      },
      "lastTradedVolume": 872
    },
    {
      "snapshotTime": "2025:07:08-08:30:00",
      "openPrice": {
        "bid": 3333.08,
        "ask": 3333.38,
        "lastTraded": null
      },
      "closePrice": {
        "bid": 3332.65,
        "ask": 3333.15,
        "lastTraded": null
      },
      "highPrice": {
        "bid": 3333.6,
        "ask": 3333.93,
        "lastTraded": null
      },
      "lowPrice": {
        "bid": 3330.3,
        "ask": 3330.75,
        "lastTraded": null
      },
      "lastTradedVolume": 767
    },
    {
      "snapshotTime": "2025:07:08-08:45:00",
      "openPrice": {
        "bid": 3332.55,
        "ask": 3333.05,
        "lastTraded": null
      },
      "closePrice": {
        "bid": 3333.72,
        "ask": 3334.22,
        "lastTraded": null
      },
      "highPrice": {
        "bid": 3335.4,
        "ask": 3335.75,
        "lastTraded": null
      },
      "lowPrice": {
        "bid": 3331.93,
        "ask": 3332.33,
        "lastTraded": null
      },
      "lastTradedVolume": 878
    },
    {
      "snapshotTime": "2025:07:08-09:00:00",
      "openPrice": {
        "bid": 3333.68,
        "ask": 3334.18,
        "lastTraded": null
      },
      "closePrice": {
        "bid": 3327.88,
        "ask": 3328.18,
        "lastTraded": null
      },
      "highPrice": {
        "bid": 3333.73,
        "ask": 3334.18,
        "lastTraded": null
      },
      "lowPrice": {
        "bid": 3325.88,
        "ask": 3326.3,
        "lastTraded": null
      },
      "lastTradedVolume": 1699
    },
    {
      "snapshotTime": "2025:07:08-09:15:00",
      "openPrice": {
        "bid": 3327.83,
        "ask": 3328.13,
        "lastTraded": null
      },
      "closePrice": {
        "bid": 3328.43,
        "ask": 3328.93,
        "lastTraded": null
      },
      "highPrice": {
        "bid": 3328.89,
        "ask": 3329.19,
        "lastTraded": null
      },
      "lowPrice": {
        "bid": 3324.4,
        "ask": 3324.7,
        "lastTraded": null
      },
      "lastTradedVolume": 1322
    },
    {
      "snapshotTime": "2025:07:08-09:30:00",
      "openPrice": {
        "bid": 3328.63,
        "ask": 3329.03,
        "lastTraded": null
      },
      "closePrice": {
        "bid": 3326.43,
        "ask": 3326.93,
        "lastTraded": null
      },
      "highPrice": {
        "bid": 3329.58,
        "ask": 3329.88,
        "lastTraded": null
      },
      "lowPrice": {
        "bid": 3325.48,
        "ask": 3325.83,
        "lastTraded": null
      },
      "lastTradedVolume": 1041
    },
    {
      "snapshotTime": "2025:07:08-09:45:00",
      "openPrice": {
        "bid": 3326.38,
        "ask": 3326.88,
        "lastTraded": null
      },
      "closePrice": {
        "bid": 3323.63,
        "ask": 3323.93,
        "lastTraded": null
      },
      "highPrice": {
        "bid": 3327.1,
        "ask": 3327.4,
        "lastTraded": null
      },
      "lowPrice": {
        "bid": 3323.17,
        "ask": 3323.5,
        "lastTraded": null
      },
      "lastTradedVolume": 1035
    },
    {
      "snapshotTime": "2025:07:08-10:00:00",
      "openPrice": {
        "bid": 3323.58,
        "ask": 3323.88,
        "lastTraded": null
      },
      "closePrice": {
        "bid": 3324.38,
        "ask": 3324.68,
        "lastTraded": null
      },
      "highPrice": {
        "bid": 3325.32,
        "ask": 3325.75,
        "lastTraded": null
      },
      "lowPrice": {
        "bid": 3322.75,
        "ask": 3323.13,
        "lastTraded": null
      },
      "lastTradedVolume": 856
    },
    {
      "snapshotTime": "2025:07:08-10:15:00",
      "openPrice": {
        "bid": 3323.98,
        "ask": 3324.28,
        "lastTraded": null
      },
      "closePrice": {
        "bid": 3324.63,
        "ask": 3325.13,
        "lastTraded": null
      },
      "highPrice": {
        "bid": 3326.68,
        "ask": 3327.08,
        "lastTraded": null
      },
      "lowPrice": {
        "bid": 3322.98,
        "ask": 3323.43,
        "lastTraded": null
      },
      "lastTradedVolume": 940
    },
    {
      "snapshotTime": "2025:07:08-10:30:00",
      "openPrice": {
        "bid": 3324.88,
        "ask": 3325.18,
        "lastTraded": null
      },
      "closePrice": {
        "bid": 3324.0,
        "ask": 3324.5,
        "lastTraded": null
      },
      "highPrice": {
        "bid": 3326.03,
        "ask": 3326.5,
        "lastTraded": null
      },
      "lowPrice": {
        "bid": 3321.55,
        "ask": 3321.98,
        "lastTraded": null
      },
      "lastTradedVolume": 923
    },
    {
      "snapshotTime": "2025:07:08-10:45:00",
      "openPrice": {
        "bid": 3323.9,
        "ask": 3324.4,
        "lastTraded": null
      },
      "closePrice": {
        "bid": 3321.83,
        "ask": 3322.33,
        "lastTraded": null
      },
      "highPrice": {
        "bid": 3324.6,
        "ask": 3325.1,
        "lastTraded": null
      },
      "lowPrice": {
        "bid": 3321.04,
        "ask": 3321.34,
        "lastTraded": null
      },
      "lastTradedVolume": 866
    },
    {
      "snapshotTime": "2025:07:08-11:00:00",
      "openPrice": {
        "bid": 3322.14,
        "ask": 3322.44,
        "lastTraded": null
      },
      "closePrice": {
        "bid": 3323.83,
        "ask": 3324.13,
        "lastTraded": null
      },
      "highPrice": {
        "bid": 3324.81,
        "ask": 3325.11,
        "lastTraded": null
      },
      "lowPrice": {
        "bid": 3321.68,
        "ask": 3322.03,
        "lastTraded": null
      },
      "lastTradedVolume": 666
    },
    {
      "snapshotTime": "2025:07:08-11:15:00",
      "openPrice": {
        "bid": 3323.78,
        "ask": 3324.08,
        "lastTraded": null
      },
      "closePrice": {
        "bid": 3323.18,
        "ask": 3323.68,
        "lastTraded": null
      },
      "highPrice": {
        "bid": 3324.03,
        "ask": 3324.43,
        "lastTraded": null
      },
      "lowPrice": {
        "bid": 3320.43,
        "ask": 3320.73,
        "lastTraded": null
      },
      "lastTradedVolume": 851
    },
    {
      "snapshotTime": "2025:07:08-11:30:00",
      "openPrice": {
        "bid": 3323.47,
        "ask": 3323.77,
        "lastTraded": null
      },
      "closePrice": {
        "bid": 3323.47,
        "ask": 3323.77,
        "lastTraded": null
      },
      "highPrice": {
        "bid": 3323.58,
        "ask": 3323.88,
        "lastTraded": null
      },
      "lowPrice": {
        "bid": 3322.53,
        "ask": 3322.83,
        "lastTraded": null
      },
      "lastTradedVolume": 109
    }
  ],
  "instrumentType": "CURRENCIES",
  "allowance": {
    "remainingAllowance": 3344,
    "totalAllowance": 10000,
    "allowanceExpiry": 253867
  }
}
[2025-07-08 11:32:00,667] INFO: Processing price data for GC
[2025-07-08 11:32:00,669] INFO: Processed 100 price points for GC
[2025-07-08 11:32:00,823] DEBUG: Strategy datapoints: <equitiestradingbot.interfaces.market_history.MarketHistory object at 0x114a8b380>
[2025-07-08 11:32:00,954] INFO: Breakout + Retest pattern detected (Bearish)
[2025-07-08 11:32:00,959] INFO: Preparing to send Telegram message of length 222 characters
[2025-07-08 11:32:00,959] DEBUG: Message content: 🚨 <b>Trade Signal Alert</b> 🚨

Market: <b>CS.D.USCGC.TODAY.IP</b>
Direction: <b>SHORT</b>
Entry Price: <b>3323.47000</b>
Take Profit: <b>3315.63286</b>
Stop Loss: <b>3327.38857</b>

Confidence Score:
<b>28.0/100 (Low)</b>

[2025-07-08 11:32:00,961] DEBUG: Starting new HTTPS connection (1): api.telegram.org:443
[2025-07-08 11:32:01,150] DEBUG: https://api.telegram.org:443 "POST /bot7806024626:AAEiTW341jUnxa6sEyZDFU8UXcqTIw4eJhU/sendMessage HTTP/1.1" 200 758
[2025-07-08 11:32:01,154] INFO: Recorded new signal for CS.D.USCGC.TODAY.IP
[2025-07-08 11:32:01,154] INFO: Intraday Gold Signal Generated: TradeDirection.SELL
[2025-07-08 11:32:01,154] INFO: Pattern: Price Action Pattern
[2025-07-08 11:32:01,154] INFO: Confidence Score: 28.0/100 (Low)
[2025-07-08 11:32:01,154] INFO:   EMA_ALIGNMENT: 1/5
[2025-07-08 11:32:01,154] INFO:   EMA_POSITION: 2/5
[2025-07-08 11:32:01,154] INFO:   VOLUME: 1/5
[2025-07-08 11:32:01,154] INFO: The is already an open position for the epic, skip trade
[2025-07-08 11:32:01,154] INFO: Starting to process market source
[2025-07-08 11:32:03,686] DEBUG: Starting new HTTPS connection (1): demo-api.ig.com:443
[2025-07-08 11:32:03,787] DEBUG: https://demo-api.ig.com:443 "GET /gateway/deal/positions HTTP/1.1" 200 679
[2025-07-08 11:32:03,792] DEBUG: Raw positions response: {
  "positions": [
    {
      "position": {
        "contractSize": 1.0,
        "createdDate": "2025/07/08 09:07:36:000",
        "dealId": "DIAAAAUA5CWPDA5",
        "dealSize": 10.0,
        "direction": "SELL",
        "limitLevel": 3319.415714,
        "openLevel": 3327.18,
        "currency": "GBP",
        "controlledRisk": false,
        "stopLevel": 3330.837143,
        "trailingStep": null,
        "trailingStopDistance": null,
        "limitedRiskPremium": null
      },
      "market": {
        "instrumentName": "Spot Gold",
        "expiry": "DFB",
        "epic": "CS.D.USCGC.TODAY.IP",
        "instrumentType": "CURRENCIES",
        "lotSize": 1.0,
        "high": 3346.18,
        "low": 3320.43,
        "percentageChange": -0.4,
        "netChange": -13.32,
        "bid": 3323.38,
        "offer": 3323.68,
        "updateTime": "11:32:03",
        "delayTime": 0,
        "streamingPricesAvailable": true,
        "marketStatus": "TRADEABLE",
        "scalingFactor": 1
      }
    }
  ]
}
[2025-07-08 11:32:03,794] INFO: Open positions exist. Skipping new trade search.
[2025-07-08 11:32:03,795] INFO: Wait for 0.08 hours...
[2025-07-08 11:37:04,008] DEBUG: Starting new HTTPS connection (1): demo-api.ig.com:443
[2025-07-08 11:37:04,197] DEBUG: https://demo-api.ig.com:443 "GET /gateway/deal/positions HTTP/1.1" 200 680
[2025-07-08 11:37:04,210] DEBUG: Raw positions response: {
  "positions": [
    {
      "position": {
        "contractSize": 1.0,
        "createdDate": "2025/07/08 09:07:36:000",
        "dealId": "DIAAAAUA5CWPDA5",
        "dealSize": 10.0,
        "direction": "SELL",
        "limitLevel": 3319.415714,
        "openLevel": 3327.18,
        "currency": "GBP",
        "controlledRisk": false,
        "stopLevel": 3330.837143,
        "trailingStep": null,
        "trailingStopDistance": null,
        "limitedRiskPremium": null
      },
      "market": {
        "instrumentName": "Spot Gold",
        "expiry": "DFB",
        "epic": "CS.D.USCGC.TODAY.IP",
        "instrumentType": "CURRENCIES",
        "lotSize": 1.0,
        "high": 3346.18,
        "low": 3320.43,
        "percentageChange": -0.33,
        "netChange": -10.85,
        "bid": 3325.84,
        "offer": 3326.14,
        "updateTime": "11:37:04",
        "delayTime": 0,
        "streamingPricesAvailable": true,
        "marketStatus": "TRADEABLE",
        "scalingFactor": 1
      }
    }
  ]
}
[2025-07-08 11:37:07,275] DEBUG: Starting new HTTPS connection (1): demo-api.ig.com:443
[2025-07-08 11:37:07,403] DEBUG: https://demo-api.ig.com:443 "GET /gateway/deal/markets/CS.D.USCGC.TODAY.IP HTTP/1.1" 200 2029
[2025-07-08 11:37:10,446] DEBUG: Starting new HTTPS connection (1): demo-api.ig.com:443
[2025-07-08 11:37:10,606] DEBUG: https://demo-api.ig.com:443 "GET /gateway/deal/accounts HTTP/1.1" 200 552
[2025-07-08 11:37:10,617] INFO: Processing GC
[2025-07-08 11:37:10,621] CRITICAL: CRITICAL: get_prices method called
[2025-07-08 11:37:10,621] INFO: Fetching price data from URL: https://demo-api.ig.com/gateway/deal/prices/CS.D.USCGC.TODAY.IP/MINUTE_15/100
[2025-07-08 11:37:13,655] DEBUG: Starting new HTTPS connection (1): demo-api.ig.com:443
[2025-07-08 11:37:13,756] DEBUG: https://demo-api.ig.com:443 "GET /gateway/deal/prices/CS.D.USCGC.TODAY.IP/MINUTE_15/100 HTTP/1.1" 200 30382
[2025-07-08 11:37:13,789] DEBUG: Raw price data received (not logged to avoid repetition)
[2025-07-08 11:37:13,790] INFO: Processing price data for GC
[2025-07-08 11:37:13,790] INFO: Processed 100 price points for GC
[2025-07-08 11:37:13,847] DEBUG: Strategy datapoints: <equitiestradingbot.interfaces.market_history.MarketHistory object at 0x1032aa350>
[2025-07-08 11:37:13,909] INFO: Starting to process market source
[2025-07-08 11:37:16,934] DEBUG: Starting new HTTPS connection (1): demo-api.ig.com:443
[2025-07-08 11:37:17,022] DEBUG: https://demo-api.ig.com:443 "GET /gateway/deal/positions HTTP/1.1" 200 680
[2025-07-08 11:37:17,023] DEBUG: Raw positions response: {
  "positions": [
    {
      "position": {
        "contractSize": 1.0,
        "createdDate": "2025/07/08 09:07:36:000",
        "dealId": "DIAAAAUA5CWPDA5",
        "dealSize": 10.0,
        "direction": "SELL",
        "limitLevel": 3319.415714,
        "openLevel": 3327.18,
        "currency": "GBP",
        "controlledRisk": false,
        "stopLevel": 3330.837143,
        "trailingStep": null,
        "trailingStopDistance": null,
        "limitedRiskPremium": null
      },
      "market": {
        "instrumentName": "Spot Gold",
        "expiry": "DFB",
        "epic": "CS.D.USCGC.TODAY.IP",
        "instrumentType": "CURRENCIES",
        "lotSize": 1.0,
        "high": 3346.18,
        "low": 3320.43,
        "percentageChange": -0.32,
        "netChange": -10.64,
        "bid": 3325.95,
        "offer": 3326.45,
        "updateTime": "11:37:15",
        "delayTime": 0,
        "streamingPricesAvailable": true,
        "marketStatus": "TRADEABLE",
        "scalingFactor": 1
      }
    }
  ]
}
[2025-07-08 11:37:17,023] INFO: Open positions exist. Skipping new trade search.
[2025-07-08 11:37:17,023] INFO: Wait for 0.08 hours...
[2025-07-08 11:42:17,039] DEBUG: Starting new HTTPS connection (1): demo-api.ig.com:443
[2025-07-08 11:42:17,144] DEBUG: https://demo-api.ig.com:443 "GET /gateway/deal/positions HTTP/1.1" 200 680
[2025-07-08 11:42:17,146] DEBUG: Raw positions response: {
  "positions": [
    {
      "position": {
        "contractSize": 1.0,
        "createdDate": "2025/07/08 09:07:36:000",
        "dealId": "DIAAAAUA5CWPDA5",
        "dealSize": 10.0,
        "direction": "SELL",
        "limitLevel": 3319.415714,
        "openLevel": 3327.18,
        "currency": "GBP",
        "controlledRisk": false,
        "stopLevel": 3330.837143,
        "trailingStep": null,
        "trailingStopDistance": null,
        "limitedRiskPremium": null
      },
      "market": {
        "instrumentName": "Spot Gold",
        "expiry": "DFB",
        "epic": "CS.D.USCGC.TODAY.IP",
        "instrumentType": "CURRENCIES",
        "lotSize": 1.0,
        "high": 3346.18,
        "low": 3320.43,
        "percentageChange": -0.35,
        "netChange": -11.52,
        "bid": 3325.18,
        "offer": 3325.48,
        "updateTime": "11:42:16",
        "delayTime": 0,
        "streamingPricesAvailable": true,
        "marketStatus": "TRADEABLE",
        "scalingFactor": 1
      }
    }
  ]
}
[2025-07-08 11:42:20,175] DEBUG: Starting new HTTPS connection (1): demo-api.ig.com:443
[2025-07-08 11:42:20,263] DEBUG: https://demo-api.ig.com:443 "GET /gateway/deal/markets/CS.D.USCGC.TODAY.IP HTTP/1.1" 200 2030
[2025-07-08 11:42:23,286] DEBUG: Starting new HTTPS connection (1): demo-api.ig.com:443
[2025-07-08 11:42:23,430] DEBUG: https://demo-api.ig.com:443 "GET /gateway/deal/accounts HTTP/1.1" 200 555
[2025-07-08 11:42:23,435] INFO: Processing GC
[2025-07-08 11:42:23,436] CRITICAL: CRITICAL: get_prices method called
[2025-07-08 11:42:23,436] INFO: Fetching price data from URL: https://demo-api.ig.com/gateway/deal/prices/CS.D.USCGC.TODAY.IP/MINUTE_15/100
[2025-07-08 11:42:26,462] DEBUG: Starting new HTTPS connection (1): demo-api.ig.com:443
[2025-07-08 11:42:26,554] DEBUG: https://demo-api.ig.com:443 "GET /gateway/deal/prices/CS.D.USCGC.TODAY.IP/MINUTE_15/100 HTTP/1.1" 200 30382
[2025-07-08 11:42:26,567] DEBUG: Raw price data received (not logged to avoid repetition)
[2025-07-08 11:42:26,567] INFO: Processing price data for GC
[2025-07-08 11:42:26,567] INFO: Processed 100 price points for GC
[2025-07-08 11:42:26,589] DEBUG: Strategy datapoints: <equitiestradingbot.interfaces.market_history.MarketHistory object at 0x1032aa350>
[2025-07-08 11:42:26,620] INFO: Breakout + Retest pattern detected (Bearish)
[2025-07-08 11:42:26,621] DEBUG: Signal for CS.D.USCGC.TODAY.IP skipped - last signal was 625 seconds ago
[2025-07-08 11:42:26,621] INFO: Skipping signal for CS.D.USCGC.TODAY.IP - within signal window
[2025-07-08 11:42:26,621] INFO: Intraday Gold Signal Generated: TradeDirection.SELL
[2025-07-08 11:42:26,621] INFO: Pattern: Price Action Pattern
[2025-07-08 11:42:26,621] INFO: Confidence Score: 32.0/100 (Low)
[2025-07-08 11:42:26,621] INFO:   EMA_ALIGNMENT: 1/5
[2025-07-08 11:42:26,621] INFO:   EMA_POSITION: 2/5
[2025-07-08 11:42:26,621] INFO:   VOLUME: 2/5
[2025-07-08 11:42:26,621] INFO: The is already an open position for the epic, skip trade
[2025-07-08 11:42:26,621] INFO: Starting to process market source
[2025-07-08 11:42:29,648] DEBUG: Starting new HTTPS connection (1): demo-api.ig.com:443
[2025-07-08 11:42:29,722] DEBUG: https://demo-api.ig.com:443 "GET /gateway/deal/positions HTTP/1.1" 200 680
[2025-07-08 11:42:29,724] DEBUG: Raw positions response: {
  "positions": [
    {
      "position": {
        "contractSize": 1.0,
        "createdDate": "2025/07/08 09:07:36:000",
        "dealId": "DIAAAAUA5CWPDA5",
        "dealSize": 10.0,
        "direction": "SELL",
        "limitLevel": 3319.415714,
        "openLevel": 3327.18,
        "currency": "GBP",
        "controlledRisk": false,
        "stopLevel": 3330.837143,
        "trailingStep": null,
        "trailingStopDistance": null,
        "limitedRiskPremium": null
      },
      "market": {
        "instrumentName": "Spot Gold",
        "expiry": "DFB",
        "epic": "CS.D.USCGC.TODAY.IP",
        "instrumentType": "CURRENCIES",
        "lotSize": 1.0,
        "high": 3346.18,
        "low": 3320.43,
        "percentageChange": -0.35,
        "netChange": -11.62,
        "bid": 3325.08,
        "offer": 3325.38,
        "updateTime": "11:42:28",
        "delayTime": 0,
        "streamingPricesAvailable": true,
        "marketStatus": "TRADEABLE",
        "scalingFactor": 1
      }
    }
  ]
}
[2025-07-08 11:42:29,724] INFO: Open positions exist. Skipping new trade search.
[2025-07-08 11:42:29,724] INFO: Wait for 0.08 hours...
[2025-07-08 11:47:29,749] DEBUG: Starting new HTTPS connection (1): demo-api.ig.com:443
[2025-07-08 11:47:29,859] DEBUG: https://demo-api.ig.com:443 "GET /gateway/deal/positions HTTP/1.1" 200 680
[2025-07-08 11:47:29,865] DEBUG: Raw positions response: {
  "positions": [
    {
      "position": {
        "contractSize": 1.0,
        "createdDate": "2025/07/08 09:07:36:000",
        "dealId": "DIAAAAUA5CWPDA5",
        "dealSize": 10.0,
        "direction": "SELL",
        "limitLevel": 3319.415714,
        "openLevel": 3327.18,
        "currency": "GBP",
        "controlledRisk": false,
        "stopLevel": 3330.837143,
        "trailingStep": null,
        "trailingStopDistance": null,
        "limitedRiskPremium": null
      },
      "market": {
        "instrumentName": "Spot Gold",
        "expiry": "DFB",
        "epic": "CS.D.USCGC.TODAY.IP",
        "instrumentType": "CURRENCIES",
        "lotSize": 1.0,
        "high": 3346.18,
        "low": 3320.43,
        "percentageChange": -0.33,
        "netChange": -10.97,
        "bid": 3325.73,
        "offer": 3326.03,
        "updateTime": "11:47:24",
        "delayTime": 0,
        "streamingPricesAvailable": true,
        "marketStatus": "TRADEABLE",
        "scalingFactor": 1
      }
    }
  ]
}
[2025-07-08 11:47:32,891] DEBUG: Starting new HTTPS connection (1): demo-api.ig.com:443
[2025-07-08 11:47:32,967] DEBUG: https://demo-api.ig.com:443 "GET /gateway/deal/markets/CS.D.USCGC.TODAY.IP HTTP/1.1" 200 2030
[2025-07-08 11:47:35,995] DEBUG: Starting new HTTPS connection (1): demo-api.ig.com:443
[2025-07-08 11:47:36,132] DEBUG: https://demo-api.ig.com:443 "GET /gateway/deal/accounts HTTP/1.1" 200 555
[2025-07-08 11:47:36,137] INFO: Processing GC
[2025-07-08 11:47:36,140] CRITICAL: CRITICAL: get_prices method called
[2025-07-08 11:47:36,140] INFO: Fetching price data from URL: https://demo-api.ig.com/gateway/deal/prices/CS.D.USCGC.TODAY.IP/MINUTE_15/100
[2025-07-08 11:47:39,167] DEBUG: Starting new HTTPS connection (1): demo-api.ig.com:443
[2025-07-08 11:47:39,270] DEBUG: https://demo-api.ig.com:443 "GET /gateway/deal/prices/CS.D.USCGC.TODAY.IP/MINUTE_15/100 HTTP/1.1" 200 30382
[2025-07-08 11:47:39,284] DEBUG: Raw price data received (not logged to avoid repetition)
[2025-07-08 11:47:39,284] INFO: Processing price data for GC
[2025-07-08 11:47:39,285] INFO: Processed 100 price points for GC
[2025-07-08 11:47:39,310] DEBUG: Strategy datapoints: <equitiestradingbot.interfaces.market_history.MarketHistory object at 0x1030f7ce0>
[2025-07-08 11:47:39,350] INFO: Starting to process market source
[2025-07-08 11:47:42,375] DEBUG: Starting new HTTPS connection (1): demo-api.ig.com:443
[2025-07-08 11:47:42,451] DEBUG: https://demo-api.ig.com:443 "GET /gateway/deal/positions HTTP/1.1" 200 680
[2025-07-08 11:47:42,453] DEBUG: Raw positions response: {
  "positions": [
    {
      "position": {
        "contractSize": 1.0,
        "createdDate": "2025/07/08 09:07:36:000",
        "dealId": "DIAAAAUA5CWPDA5",
        "dealSize": 10.0,
        "direction": "SELL",
        "limitLevel": 3319.415714,
        "openLevel": 3327.18,
        "currency": "GBP",
        "controlledRisk": false,
        "stopLevel": 3330.837143,
        "trailingStep": null,
        "trailingStopDistance": null,
        "limitedRiskPremium": null
      },
      "market": {
        "instrumentName": "Spot Gold",
        "expiry": "DFB",
        "epic": "CS.D.USCGC.TODAY.IP",
        "instrumentType": "CURRENCIES",
        "lotSize": 1.0,
        "high": 3346.18,
        "low": 3320.43,
        "percentageChange": -0.33,
        "netChange": -10.97,
        "bid": 3325.73,
        "offer": 3326.03,
        "updateTime": "11:47:24",
        "delayTime": 0,
        "streamingPricesAvailable": true,
        "marketStatus": "TRADEABLE",
        "scalingFactor": 1
      }
    }
  ]
}
[2025-07-08 11:47:42,453] INFO: Open positions exist. Skipping new trade search.
[2025-07-08 11:47:42,454] INFO: Wait for 0.08 hours...
[2025-07-08 11:52:42,486] DEBUG: Starting new HTTPS connection (1): demo-api.ig.com:443
[2025-07-08 11:52:42,595] DEBUG: https://demo-api.ig.com:443 "GET /gateway/deal/positions HTTP/1.1" 200 679
[2025-07-08 11:52:42,599] DEBUG: Raw positions response: {
  "positions": [
    {
      "position": {
        "contractSize": 1.0,
        "createdDate": "2025/07/08 09:07:36:000",
        "dealId": "DIAAAAUA5CWPDA5",
        "dealSize": 10.0,
        "direction": "SELL",
        "limitLevel": 3319.415714,
        "openLevel": 3327.18,
        "currency": "GBP",
        "controlledRisk": false,
        "stopLevel": 3330.837143,
        "trailingStep": null,
        "trailingStopDistance": null,
        "limitedRiskPremium": null
      },
      "market": {
        "instrumentName": "Spot Gold",
        "expiry": "DFB",
        "epic": "CS.D.USCGC.TODAY.IP",
        "instrumentType": "CURRENCIES",
        "lotSize": 1.0,
        "high": 3346.18,
        "low": 3320.43,
        "percentageChange": -0.3,
        "netChange": -10.07,
        "bid": 3326.63,
        "offer": 3326.93,
        "updateTime": "11:52:40",
        "delayTime": 0,
        "streamingPricesAvailable": true,
        "marketStatus": "TRADEABLE",
        "scalingFactor": 1
      }
    }
  ]
}
[2025-07-08 11:52:45,628] DEBUG: Starting new HTTPS connection (1): demo-api.ig.com:443
[2025-07-08 11:52:45,713] DEBUG: https://demo-api.ig.com:443 "GET /gateway/deal/markets/CS.D.USCGC.TODAY.IP HTTP/1.1" 200 2026
[2025-07-08 11:52:48,737] DEBUG: Starting new HTTPS connection (1): demo-api.ig.com:443
[2025-07-08 11:52:48,869] DEBUG: https://demo-api.ig.com:443 "GET /gateway/deal/accounts HTTP/1.1" 200 554
[2025-07-08 11:52:48,875] INFO: Processing GC
[2025-07-08 11:52:48,876] CRITICAL: CRITICAL: get_prices method called
[2025-07-08 11:52:48,876] INFO: Fetching price data from URL: https://demo-api.ig.com/gateway/deal/prices/CS.D.USCGC.TODAY.IP/MINUTE_15/100
[2025-07-08 11:52:51,908] DEBUG: Starting new HTTPS connection (1): demo-api.ig.com:443
[2025-07-08 11:52:52,004] DEBUG: https://demo-api.ig.com:443 "GET /gateway/deal/prices/CS.D.USCGC.TODAY.IP/MINUTE_15/100 HTTP/1.1" 200 30382
[2025-07-08 11:52:52,051] DEBUG: Raw price data received (not logged to avoid repetition)
[2025-07-08 11:52:52,051] INFO: Processing price data for GC
[2025-07-08 11:52:52,052] INFO: Processed 100 price points for GC
[2025-07-08 11:52:52,069] DEBUG: Strategy datapoints: <equitiestradingbot.interfaces.market_history.MarketHistory object at 0x1030f7ce0>
[2025-07-08 11:52:52,099] INFO: Starting to process market source
[2025-07-08 11:52:55,121] DEBUG: Starting new HTTPS connection (1): demo-api.ig.com:443
[2025-07-08 11:52:55,215] DEBUG: https://demo-api.ig.com:443 "GET /gateway/deal/positions HTTP/1.1" 200 679
[2025-07-08 11:52:55,217] DEBUG: Raw positions response: {
  "positions": [
    {
      "position": {
        "contractSize": 1.0,
        "createdDate": "2025/07/08 09:07:36:000",
        "dealId": "DIAAAAUA5CWPDA5",
        "dealSize": 10.0,
        "direction": "SELL",
        "limitLevel": 3319.415714,
        "openLevel": 3327.18,
        "currency": "GBP",
        "controlledRisk": false,
        "stopLevel": 3330.837143,
        "trailingStep": null,
        "trailingStopDistance": null,
        "limitedRiskPremium": null
      },
      "market": {
        "instrumentName": "Spot Gold",
        "expiry": "DFB",
        "epic": "CS.D.USCGC.TODAY.IP",
        "instrumentType": "CURRENCIES",
        "lotSize": 1.0,
        "high": 3346.18,
        "low": 3320.43,
        "percentageChange": -0.3,
        "netChange": -10.07,
        "bid": 3326.63,
        "offer": 3326.93,
        "updateTime": "11:52:51",
        "delayTime": 0,
        "streamingPricesAvailable": true,
        "marketStatus": "TRADEABLE",
        "scalingFactor": 1
      }
    }
  ]
}
[2025-07-08 11:52:55,217] INFO: Open positions exist. Skipping new trade search.
[2025-07-08 11:52:55,217] INFO: Wait for 0.08 hours...
[2025-07-08 11:57:55,241] DEBUG: Starting new HTTPS connection (1): demo-api.ig.com:443
[2025-07-08 11:57:55,348] DEBUG: https://demo-api.ig.com:443 "GET /gateway/deal/positions HTTP/1.1" 200 680
[2025-07-08 11:57:55,350] DEBUG: Raw positions response: {
  "positions": [
    {
      "position": {
        "contractSize": 1.0,
        "createdDate": "2025/07/08 09:07:36:000",
        "dealId": "DIAAAAUA5CWPDA5",
        "dealSize": 10.0,
        "direction": "SELL",
        "limitLevel": 3319.415714,
        "openLevel": 3327.18,
        "currency": "GBP",
        "controlledRisk": false,
        "stopLevel": 3330.837143,
        "trailingStep": null,
        "trailingStopDistance": null,
        "limitedRiskPremium": null
      },
      "market": {
        "instrumentName": "Spot Gold",
        "expiry": "DFB",
        "epic": "CS.D.USCGC.TODAY.IP",
        "instrumentType": "CURRENCIES",
        "lotSize": 1.0,
        "high": 3346.18,
        "low": 3320.43,
        "percentageChange": -0.36,
        "netChange": -12.04,
        "bid": 3324.56,
        "offer": 3325.06,
        "updateTime": "11:57:55",
        "delayTime": 0,
        "streamingPricesAvailable": true,
        "marketStatus": "TRADEABLE",
        "scalingFactor": 1
      }
    }
  ]
}
[2025-07-08 11:57:58,368] DEBUG: Starting new HTTPS connection (1): demo-api.ig.com:443
[2025-07-08 11:57:58,467] DEBUG: https://demo-api.ig.com:443 "GET /gateway/deal/markets/CS.D.USCGC.TODAY.IP HTTP/1.1" 200 2028
[2025-07-08 11:58:01,488] DEBUG: Starting new HTTPS connection (1): demo-api.ig.com:443
[2025-07-08 11:58:01,653] DEBUG: https://demo-api.ig.com:443 "GET /gateway/deal/accounts HTTP/1.1" 200 553
[2025-07-08 11:58:01,658] INFO: Processing GC
[2025-07-08 11:58:01,659] CRITICAL: CRITICAL: get_prices method called
[2025-07-08 11:58:01,659] INFO: Fetching price data from URL: https://demo-api.ig.com/gateway/deal/prices/CS.D.USCGC.TODAY.IP/MINUTE_15/100
[2025-07-08 11:58:04,683] DEBUG: Starting new HTTPS connection (1): demo-api.ig.com:443
[2025-07-08 11:58:04,791] DEBUG: https://demo-api.ig.com:443 "GET /gateway/deal/prices/CS.D.USCGC.TODAY.IP/MINUTE_15/100 HTTP/1.1" 200 30382
[2025-07-08 11:58:04,804] DEBUG: Raw price data received (not logged to avoid repetition)
[2025-07-08 11:58:04,804] INFO: Processing price data for GC
[2025-07-08 11:58:04,805] INFO: Processed 100 price points for GC
[2025-07-08 11:58:04,827] DEBUG: Strategy datapoints: <equitiestradingbot.interfaces.market_history.MarketHistory object at 0x114b056d0>
[2025-07-08 11:58:04,865] INFO: Breakout + Retest pattern detected (Bearish)
[2025-07-08 11:58:04,866] DEBUG: Signal for CS.D.USCGC.TODAY.IP skipped - last signal was 1564 seconds ago
[2025-07-08 11:58:04,866] INFO: Skipping signal for CS.D.USCGC.TODAY.IP - within signal window
[2025-07-08 11:58:04,866] INFO: Intraday Gold Signal Generated: TradeDirection.SELL
[2025-07-08 11:58:04,866] INFO: Pattern: Price Action Pattern
[2025-07-08 11:58:04,866] INFO: Confidence Score: 32.0/100 (Low)
[2025-07-08 11:58:04,866] INFO:   EMA_ALIGNMENT: 1/5
[2025-07-08 11:58:04,866] INFO:   EMA_POSITION: 2/5
[2025-07-08 11:58:04,866] INFO:   VOLUME: 2/5
[2025-07-08 11:58:04,866] INFO: The is already an open position for the epic, skip trade
[2025-07-08 11:58:04,866] INFO: Starting to process market source
[2025-07-08 11:58:07,888] DEBUG: Starting new HTTPS connection (1): demo-api.ig.com:443
[2025-07-08 11:58:07,971] DEBUG: https://demo-api.ig.com:443 "GET /gateway/deal/positions HTTP/1.1" 200 680
[2025-07-08 11:58:07,972] DEBUG: Raw positions response: {
  "positions": [
    {
      "position": {
        "contractSize": 1.0,
        "createdDate": "2025/07/08 09:07:36:000",
        "dealId": "DIAAAAUA5CWPDA5",
        "dealSize": 10.0,
        "direction": "SELL",
        "limitLevel": 3319.415714,
        "openLevel": 3327.18,
        "currency": "GBP",
        "controlledRisk": false,
        "stopLevel": 3330.837143,
        "trailingStep": null,
        "trailingStopDistance": null,
        "limitedRiskPremium": null
      },
      "market": {
        "instrumentName": "Spot Gold",
        "expiry": "DFB",
        "epic": "CS.D.USCGC.TODAY.IP",
        "instrumentType": "CURRENCIES",
        "lotSize": 1.0,
        "high": 3346.18,
        "low": 3320.43,
        "percentageChange": -0.36,
        "netChange": -12.01,
        "bid": 3324.68,
        "offer": 3324.98,
        "updateTime": "11:58:07",
        "delayTime": 0,
        "streamingPricesAvailable": true,
        "marketStatus": "TRADEABLE",
        "scalingFactor": 1
      }
    }
  ]
}
[2025-07-08 11:58:07,972] INFO: Open positions exist. Skipping new trade search.
[2025-07-08 11:58:07,972] INFO: Wait for 0.08 hours...
[2025-07-08 12:54:55,424] DEBUG: Starting new HTTPS connection (1): demo-api.ig.com:443
[2025-07-08 12:54:55,766] DEBUG: https://demo-api.ig.com:443 "GET /gateway/deal/positions HTTP/1.1" 200 680
[2025-07-08 12:54:55,773] DEBUG: Raw positions response: {
  "positions": [
    {
      "position": {
        "contractSize": 1.0,
        "createdDate": "2025/07/08 09:07:36:000",
        "dealId": "DIAAAAUA5CWPDA5",
        "dealSize": 10.0,
        "direction": "SELL",
        "limitLevel": 3319.415714,
        "openLevel": 3327.18,
        "currency": "GBP",
        "controlledRisk": false,
        "stopLevel": 3330.837143,
        "trailingStep": null,
        "trailingStopDistance": null,
        "limitedRiskPremium": null
      },
      "market": {
        "instrumentName": "Spot Gold",
        "expiry": "DFB",
        "epic": "CS.D.USCGC.TODAY.IP",
        "instrumentType": "CURRENCIES",
        "lotSize": 1.0,
        "high": 3346.18,
        "low": 3319.92,
        "percentageChange": -0.45,
        "netChange": -14.91,
        "bid": 3321.78,
        "offer": 3322.08,
        "updateTime": "12:54:54",
        "delayTime": 0,
        "streamingPricesAvailable": true,
        "marketStatus": "TRADEABLE",
        "scalingFactor": 1
      }
    }
  ]
}
[2025-07-08 12:54:58,798] DEBUG: Starting new HTTPS connection (1): demo-api.ig.com:443
[2025-07-08 12:54:59,013] DEBUG: https://demo-api.ig.com:443 "GET /gateway/deal/markets/CS.D.USCGC.TODAY.IP HTTP/1.1" 200 2029
[2025-07-08 12:55:02,040] DEBUG: Starting new HTTPS connection (1): demo-api.ig.com:443
[2025-07-08 12:55:02,285] DEBUG: https://demo-api.ig.com:443 "GET /gateway/deal/accounts HTTP/1.1" 200 555
[2025-07-08 12:55:02,292] INFO: Processing GC
[2025-07-08 12:55:02,293] CRITICAL: CRITICAL: get_prices method called
[2025-07-08 12:55:02,294] INFO: Fetching price data from URL: https://demo-api.ig.com/gateway/deal/prices/CS.D.USCGC.TODAY.IP/MINUTE_15/100
[2025-07-08 12:55:05,316] DEBUG: Starting new HTTPS connection (1): demo-api.ig.com:443
[2025-07-08 12:55:05,531] DEBUG: https://demo-api.ig.com:443 "GET /gateway/deal/prices/CS.D.USCGC.TODAY.IP/MINUTE_15/100 HTTP/1.1" 200 30379
[2025-07-08 12:55:05,570] DEBUG: Raw price data received (not logged to avoid repetition)
[2025-07-08 12:55:05,570] INFO: Processing price data for GC
[2025-07-08 12:55:05,571] INFO: Processed 100 price points for GC
[2025-07-08 12:55:05,599] DEBUG: Strategy datapoints: <equitiestradingbot.interfaces.market_history.MarketHistory object at 0x114a85ae0>
[2025-07-08 12:55:05,642] INFO: Breakout + Retest pattern detected (Bearish)
[2025-07-08 12:55:05,642] INFO: Preparing to send Telegram message of length 222 characters
[2025-07-08 12:55:05,642] DEBUG: Message content: 🚨 <b>Trade Signal Alert</b> 🚨

Market: <b>CS.D.USCGC.TODAY.IP</b>
Direction: <b>SHORT</b>
Entry Price: <b>3321.93000</b>
Take Profit: <b>3314.61429</b>
Stop Loss: <b>3325.58786</b>

Confidence Score:
<b>32.0/100 (Low)</b>

[2025-07-08 12:55:05,644] DEBUG: Starting new HTTPS connection (1): api.telegram.org:443
[2025-07-08 12:55:05,923] DEBUG: https://api.telegram.org:443 "POST /bot7806024626:AAEiTW341jUnxa6sEyZDFU8UXcqTIw4eJhU/sendMessage HTTP/1.1" 200 758
[2025-07-08 12:55:05,929] INFO: Recorded new signal for CS.D.USCGC.TODAY.IP
[2025-07-08 12:55:05,929] INFO: Intraday Gold Signal Generated: TradeDirection.SELL
[2025-07-08 12:55:05,930] INFO: Pattern: Price Action Pattern
[2025-07-08 12:55:05,930] INFO: Confidence Score: 32.0/100 (Low)
[2025-07-08 12:55:05,930] INFO:   EMA_ALIGNMENT: 1/5
[2025-07-08 12:55:05,930] INFO:   EMA_POSITION: 2/5
[2025-07-08 12:55:05,930] INFO:   VOLUME: 2/5
[2025-07-08 12:55:05,930] INFO: The is already an open position for the epic, skip trade
[2025-07-08 12:55:05,930] INFO: Starting to process market source
[2025-07-08 12:55:08,456] DEBUG: Starting new HTTPS connection (1): demo-api.ig.com:443
[2025-07-08 12:55:08,667] DEBUG: https://demo-api.ig.com:443 "GET /gateway/deal/positions HTTP/1.1" 200 680
[2025-07-08 12:55:08,669] DEBUG: Raw positions response: {
  "positions": [
    {
      "position": {
        "contractSize": 1.0,
        "createdDate": "2025/07/08 09:07:36:000",
        "dealId": "DIAAAAUA5CWPDA5",
        "dealSize": 10.0,
        "direction": "SELL",
        "limitLevel": 3319.415714,
        "openLevel": 3327.18,
        "currency": "GBP",
        "controlledRisk": false,
        "stopLevel": 3330.837143,
        "trailingStep": null,
        "trailingStopDistance": null,
        "limitedRiskPremium": null
      },
      "market": {
        "instrumentName": "Spot Gold",
        "expiry": "DFB",
        "epic": "CS.D.USCGC.TODAY.IP",
        "instrumentType": "CURRENCIES",
        "lotSize": 1.0,
        "high": 3346.18,
        "low": 3319.92,
        "percentageChange": -0.45,
        "netChange": -14.91,
        "bid": 3321.78,
        "offer": 3322.08,
        "updateTime": "12:55:07",
        "delayTime": 0,
        "streamingPricesAvailable": true,
        "marketStatus": "TRADEABLE",
        "scalingFactor": 1
      }
    }
  ]
}
[2025-07-08 12:55:08,669] INFO: Open positions exist. Skipping new trade search.
[2025-07-08 12:55:08,670] INFO: Wait for 0.08 hours...
[2025-07-08 13:00:08,697] DEBUG: Starting new HTTPS connection (1): demo-api.ig.com:443
[2025-07-08 13:00:08,979] DEBUG: https://demo-api.ig.com:443 "GET /gateway/deal/positions HTTP/1.1" 200 680
[2025-07-08 13:00:08,983] DEBUG: Raw positions response: {
  "positions": [
    {
      "position": {
        "contractSize": 1.0,
        "createdDate": "2025/07/08 09:07:36:000",
        "dealId": "DIAAAAUA5CWPDA5",
        "dealSize": 10.0,
        "direction": "SELL",
        "limitLevel": 3319.415714,
        "openLevel": 3327.18,
        "currency": "GBP",
        "controlledRisk": false,
        "stopLevel": 3330.837143,
        "trailingStep": null,
        "trailingStopDistance": null,
        "limitedRiskPremium": null
      },
      "market": {
        "instrumentName": "Spot Gold",
        "expiry": "DFB",
        "epic": "CS.D.USCGC.TODAY.IP",
        "instrumentType": "CURRENCIES",
        "lotSize": 1.0,
        "high": 3346.18,
        "low": 3319.92,
        "percentageChange": -0.35,
        "netChange": -11.72,
        "bid": 3324.98,
        "offer": 3325.28,
        "updateTime": "13:00:07",
        "delayTime": 0,
        "streamingPricesAvailable": true,
        "marketStatus": "TRADEABLE",
        "scalingFactor": 1
      }
    }
  ]
}
[2025-07-08 13:00:12,010] DEBUG: Starting new HTTPS connection (1): demo-api.ig.com:443
[2025-07-08 13:00:12,203] DEBUG: https://demo-api.ig.com:443 "GET /gateway/deal/markets/CS.D.USCGC.TODAY.IP HTTP/1.1" 200 2029
[2025-07-08 13:00:15,222] DEBUG: Starting new HTTPS connection (1): demo-api.ig.com:443
[2025-07-08 13:00:15,487] DEBUG: https://demo-api.ig.com:443 "GET /gateway/deal/accounts HTTP/1.1" 200 555
[2025-07-08 13:00:15,495] INFO: Processing GC
[2025-07-08 13:00:15,495] CRITICAL: CRITICAL: get_prices method called
[2025-07-08 13:00:15,496] INFO: Fetching price data from URL: https://demo-api.ig.com/gateway/deal/prices/CS.D.USCGC.TODAY.IP/MINUTE_15/100
[2025-07-08 13:00:18,518] DEBUG: Starting new HTTPS connection (1): demo-api.ig.com:443
[2025-07-08 13:00:18,732] DEBUG: https://demo-api.ig.com:443 "GET /gateway/deal/prices/CS.D.USCGC.TODAY.IP/MINUTE_15/100 HTTP/1.1" 200 30378
[2025-07-08 13:00:18,792] DEBUG: Raw price data received (not logged to avoid repetition)
[2025-07-08 13:00:18,792] INFO: Processing price data for GC
[2025-07-08 13:00:18,792] INFO: Processed 100 price points for GC
[2025-07-08 13:00:18,816] DEBUG: Strategy datapoints: <equitiestradingbot.interfaces.market_history.MarketHistory object at 0x114a859d0>
[2025-07-08 13:00:18,845] INFO: Starting to process market source
[2025-07-08 13:00:21,866] DEBUG: Starting new HTTPS connection (1): demo-api.ig.com:443
[2025-07-08 13:00:22,023] DEBUG: https://demo-api.ig.com:443 "GET /gateway/deal/positions HTTP/1.1" 200 680
[2025-07-08 13:00:22,026] DEBUG: Raw positions response: {
  "positions": [
    {
      "position": {
        "contractSize": 1.0,
        "createdDate": "2025/07/08 09:07:36:000",
        "dealId": "DIAAAAUA5CWPDA5",
        "dealSize": 10.0,
        "direction": "SELL",
        "limitLevel": 3319.415714,
        "openLevel": 3327.18,
        "currency": "GBP",
        "controlledRisk": false,
        "stopLevel": 3330.837143,
        "trailingStep": null,
        "trailingStopDistance": null,
        "limitedRiskPremium": null
      },
      "market": {
        "instrumentName": "Spot Gold",
        "expiry": "DFB",
        "epic": "CS.D.USCGC.TODAY.IP",
        "instrumentType": "CURRENCIES",
        "lotSize": 1.0,
        "high": 3346.18,
        "low": 3319.92,
        "percentageChange": -0.35,
        "netChange": -11.63,
        "bid": 3325.07,
        "offer": 3325.37,
        "updateTime": "13:00:21",
        "delayTime": 0,
        "streamingPricesAvailable": true,
        "marketStatus": "TRADEABLE",
        "scalingFactor": 1
      }
    }
  ]
}
[2025-07-08 13:00:22,027] INFO: Open positions exist. Skipping new trade search.
[2025-07-08 13:00:22,027] INFO: Wait for 0.08 hours...
[2025-07-08 13:05:22,069] DEBUG: Starting new HTTPS connection (1): demo-api.ig.com:443
[2025-07-08 13:05:22,315] DEBUG: https://demo-api.ig.com:443 "GET /gateway/deal/positions HTTP/1.1" 200 679
[2025-07-08 13:05:22,317] DEBUG: Raw positions response: {
  "positions": [
    {
      "position": {
        "contractSize": 1.0,
        "createdDate": "2025/07/08 09:07:36:000",
        "dealId": "DIAAAAUA5CWPDA5",
        "dealSize": 10.0,
        "direction": "SELL",
        "limitLevel": 3319.415714,
        "openLevel": 3327.18,
        "currency": "GBP",
        "controlledRisk": false,
        "stopLevel": 3330.837143,
        "trailingStep": null,
        "trailingStopDistance": null,
        "limitedRiskPremium": null
      },
      "market": {
        "instrumentName": "Spot Gold",
        "expiry": "DFB",
        "epic": "CS.D.USCGC.TODAY.IP",
        "instrumentType": "CURRENCIES",
        "lotSize": 1.0,
        "high": 3346.18,
        "low": 3319.92,
        "percentageChange": -0.27,
        "netChange": -9.16,
        "bid": 3327.43,
        "offer": 3327.93,
        "updateTime": "13:05:20",
        "delayTime": 0,
        "streamingPricesAvailable": true,
        "marketStatus": "TRADEABLE",
        "scalingFactor": 1
      }
    }
  ]
}
[2025-07-08 13:05:25,336] DEBUG: Starting new HTTPS connection (1): demo-api.ig.com:443
[2025-07-08 13:05:25,527] DEBUG: https://demo-api.ig.com:443 "GET /gateway/deal/markets/CS.D.USCGC.TODAY.IP HTTP/1.1" 200 2029
[2025-07-08 13:05:28,561] DEBUG: Starting new HTTPS connection (1): demo-api.ig.com:443
[2025-07-08 13:05:28,812] DEBUG: https://demo-api.ig.com:443 "GET /gateway/deal/accounts HTTP/1.1" 200 555
[2025-07-08 13:05:28,820] INFO: Processing GC
[2025-07-08 13:05:28,822] CRITICAL: CRITICAL: get_prices method called
[2025-07-08 13:05:28,822] INFO: Fetching price data from URL: https://demo-api.ig.com/gateway/deal/prices/CS.D.USCGC.TODAY.IP/MINUTE_15/100
[2025-07-08 13:05:31,847] DEBUG: Starting new HTTPS connection (1): demo-api.ig.com:443
[2025-07-08 13:05:32,056] DEBUG: https://demo-api.ig.com:443 "GET /gateway/deal/prices/CS.D.USCGC.TODAY.IP/MINUTE_15/100 HTTP/1.1" 200 30379
[2025-07-08 13:05:32,095] DEBUG: Raw price data received (not logged to avoid repetition)
[2025-07-08 13:05:32,096] INFO: Processing price data for GC
[2025-07-08 13:05:32,096] INFO: Processed 100 price points for GC
[2025-07-08 13:05:32,124] DEBUG: Strategy datapoints: <equitiestradingbot.interfaces.market_history.MarketHistory object at 0x114a4b850>
[2025-07-08 13:05:32,163] INFO: Starting to process market source
[2025-07-08 13:05:35,184] DEBUG: Starting new HTTPS connection (1): demo-api.ig.com:443
[2025-07-08 13:05:35,317] DEBUG: https://demo-api.ig.com:443 "GET /gateway/deal/positions HTTP/1.1" 200 679
[2025-07-08 13:05:35,318] DEBUG: Raw positions response: {
  "positions": [
    {
      "position": {
        "contractSize": 1.0,
        "createdDate": "2025/07/08 09:07:36:000",
        "dealId": "DIAAAAUA5CWPDA5",
        "dealSize": 10.0,
        "direction": "SELL",
        "limitLevel": 3319.415714,
        "openLevel": 3327.18,
        "currency": "GBP",
        "controlledRisk": false,
        "stopLevel": 3330.837143,
        "trailingStep": null,
        "trailingStopDistance": null,
        "limitedRiskPremium": null
      },
      "market": {
        "instrumentName": "Spot Gold",
        "expiry": "DFB",
        "epic": "CS.D.USCGC.TODAY.IP",
        "instrumentType": "CURRENCIES",
        "lotSize": 1.0,
        "high": 3346.18,
        "low": 3319.92,
        "percentageChange": -0.27,
        "netChange": -8.91,
        "bid": 3327.78,
        "offer": 3328.08,
        "updateTime": "13:05:35",
        "delayTime": 0,
        "streamingPricesAvailable": true,
        "marketStatus": "TRADEABLE",
        "scalingFactor": 1
      }
    }
  ]
}
[2025-07-08 13:05:35,318] INFO: Open positions exist. Skipping new trade search.
[2025-07-08 13:05:35,318] INFO: Wait for 0.08 hours...
